NOTE: Log file opened at  Tue, 3 Nov 2020 09:00:00.639
1                                                          The SAS System                            09:00 Tuesday, November 3, 2020

ERROR: The SAS System is executing on a processor (CPU) whose model name, 
       model number, and serial number are not included in the setinit data 
       used to initialize the SAS System library in use. This is permitted if 
       this processor is a designated backup processor for a licensed CPU.
For this site, the SAS system is licensed for the following CPU serial 
numbers:
Model  **EEDPA0* Serial Number +4
ERROR: The requested node name EEDPA0 does not match the actual node name 
ERSDPA0.
NOTE: Copyright (c) 2016 by SAS Institute Inc., Cary, NC, USA. 
NOTE: SAS (r) Proprietary Software 9.4 (TS1M6) 
      Licensed to ENERJISA -TOROSLAR - DATA MANAGEMENT ADV PROD., Site 70166440.
NOTE: This session is executing on the AIX 7.2 (AIX 64) platform.



NOTE: Analytical products:
      
      SAS/STAT 15.1
      SAS/ETS 15.1

ERROR: The SAS System is executing on a processor (CPU) whose model name, model number, and serial number are not included in the 
       setinit data used to initialize the SAS System library in use. This is permitted if this processor is a designated backup 
       processor for a licensed CPU.
For this site, the SAS system is licensed for the following CPU serial numbers:

Model  **EEDPA0* Serial Number +4
ERROR: The requested node name EEDPA0 does not match the actual node name ERSDPA0.

NOTE: Additional host information:

IBM AIX AIX 64 2 7 00C9C0374C00 

You are running SAS 9. Some SAS 8 files will be automatically converted 
by the V9 engine; others are incompatible.  Please see 
http://support.sas.com/rnd/migration/planning/platform/64bit.html

PROC MIGRATE will preserve current SAS file attributes and is 
recommended for converting all your SAS libraries from any 
SAS 8 release to SAS 9.  For details and examples, please see
http://support.sas.com/rnd/migration/index.html


This message is contained in the SAS news file, and is presented upon
initialization.  Edit the file "news" in the "misc/base" directory to
display site-specific news and information in the program log.
The command line option "-nonews" will prevent this display.




NOTE: SAS initialization used:
      real time           0.06 seconds
      cpu time            0.02 seconds
      
NOTE: This is a SPD 5.4  Engine 
      executing SAS (r) 9.4 (TS1M6) on the AIX platform.
NOTE: User sas(ACL Group ) connected to SPD(AIX) 5.4 server at 10.166.0.39.
2                                                          The SAS System                            09:00 Tuesday, November 3, 2020

NOTE: User sas(ACL Group ) connected to SPD(AIX) 5.4 server at 10.166.0.39.
NOTE: User sas(ACL Group ) connected to SPD(AIX) 5.4 server at 10.166.0.39.
NOTE: User sas(ACL Group ) connected to SPD(AIX) 5.4 server at 10.166.0.39.
NOTE: User sas(ACL Group ) connected to SPD(AIX) 5.4 server at 10.166.0.39.
NOTE: User sas(ACL Group ) connected to SPD(AIX) 5.4 server at 10.166.0.39.
NOTE: User sas(ACL Group ) connected to SPD(AIX) 5.4 server at 10.166.0.39.
NOTE: User sas(ACL Group ) connected to SPD(AIX) 5.4 server at 10.166.0.39.
NOTE: User sas(ACL Group ) connected to SPD(AIX) 5.4 server at 10.166.0.39.
NOTE: User sas(ACL Group ) connected to SPD(AIX) 5.4 server at 10.166.0.39.
NOTE: User sas(ACL Group ) connected to SPD(AIX) 5.4 server at 10.166.0.39.
NOTE: User sas(ACL Group ) connected to SPD(AIX) 5.4 server at 10.166.0.39.
NOTE: User sas(ACL Group ) connected to SPD(AIX) 5.4 server at 10.166.0.39.
NOTE: User sas(ACL Group ) connected to SPD(AIX) 5.4 server at 10.166.0.39.
NOTE: User sas(ACL Group ) connected to SPD(AIX) 5.4 server at 10.166.0.39.
NOTE: User sas(ACL Group ) connected to SPD(AIX) 5.4 server at 10.166.0.39.
NOTE: User sas(ACL Group ) connected to SPD(AIX) 5.4 server at 10.166.0.39.
NOTE: User sas(ACL Group ) connected to SPD(AIX) 5.4 server at 10.166.0.39.
NOTE: User sas(ACL Group ) connected to SPD(AIX) 5.4 server at 10.166.0.39.
NOTE: User sas(ACL Group ) connected to SPD(AIX) 5.4 server at 10.166.0.39.
NOTE: User sas(ACL Group ) connected to SPD(AIX) 5.4 server at 10.166.0.39.
NOTE: User sas(ACL Group ) connected to SPD(AIX) 5.4 server at 10.166.0.39.
NOTE: User sas(ACL Group ) connected to SPD(AIX) 5.4 server at 10.166.0.39.
NOTE: User sas(ACL Group ) connected to SPD(AIX) 5.4 server at 10.166.0.39.
NOTE: User sas(ACL Group ) connected to SPD(AIX) 5.4 server at 10.166.0.39.
NOTE: User sas(ACL Group ) connected to SPD(AIX) 5.4 server at 10.166.0.39.
NOTE: User sas(ACL Group ) connected to SPD(AIX) 5.4 server at 10.166.0.39.
NOTE: User sas(ACL Group ) connected to SPD(AIX) 5.4 server at 10.166.0.39.
NOTE: User sas(ACL Group ) connected to SPD(AIX) 5.4 server at 10.166.0.39.
NOTE: User sas(ACL Group ) connected to SPD(AIX) 5.4 server at 10.166.0.39.
NOTE: User sas(ACL Group ) connected to SPD(AIX) 5.4 server at 10.166.0.39.
NOTE: User sas(ACL Group ) connected to SPD(AIX) 5.4 server at 10.166.0.39.
NOTE: User sas(ACL Group ) connected to SPD(AIX) 5.4 server at 10.166.0.39.
NOTE: User sas(ACL Group ) connected to SPD(AIX) 5.4 server at 10.166.0.39.
NOTE: User sas(ACL Group ) connected to SPD(AIX) 5.4 server at 10.166.0.39.
NOTE: User sas(ACL Group ) connected to SPD(AIX) 5.4 server at 10.166.0.39.
NOTE: User sas(ACL Group ) connected to SPD(AIX) 5.4 server at 10.166.0.39.
NOTE: User sas(ACL Group ) connected to SPD(AIX) 5.4 server at 10.166.0.39.
NOTE: User sas(ACL Group ) connected to SPD(AIX) 5.4 server at 10.166.0.39.
NOTE: User sas(ACL Group ) connected to SPD(AIX) 5.4 server at 10.166.0.39.
NOTE: User sas(ACL Group ) connected to SPD(AIX) 5.4 server at 10.166.0.39.
NOTE: User sas(ACL Group ) connected to SPD(AIX) 5.4 server at 10.166.0.39.
NOTE: User sas(ACL Group ) connected to SPD(AIX) 5.4 server at 10.166.0.39.
NOTE: User sas(ACL Group ) connected to SPD(AIX) 5.4 server at 10.166.0.39.
NOTE: User sas(ACL Group ) connected to SPD(AIX) 5.4 server at 10.166.0.39.
NOTE: User sas(ACL Group ) connected to SPD(AIX) 5.4 server at 10.166.0.39.
NOTE: User sas(ACL Group ) connected to SPD(AIX) 5.4 server at 10.166.0.39.
NOTE: User sas(ACL Group ) connected to SPD(AIX) 5.4 server at 10.166.0.39.
NOTE: User sas(ACL Group ) connected to SPD(AIX) 5.4 server at 10.166.0.39.
NOTE: User sas(ACL Group ) connected to SPD(AIX) 5.4 server at 10.166.0.39.
NOTE: User sas(ACL Group ) connected to SPD(AIX) 5.4 server at 10.166.0.39.
NOTE: User sas(ACL Group ) connected to SPD(AIX) 5.4 server at 10.166.0.39.
NOTE: User sas(ACL Group ) connected to SPD(AIX) 5.4 server at 10.166.0.39.
NOTE: User sas(ACL Group ) connected to SPD(AIX) 5.4 server at 10.166.0.39.
NOTE: User sas(ACL Group ) connected to SPD(AIX) 5.4 server at 10.166.0.39.
NOTE: User sas(ACL Group ) connected to SPD(AIX) 5.4 server at 10.166.0.39.
NOTE: User sas(ACL Group ) connected to SPD(AIX) 5.4 server at 10.166.0.39.
NOTE: User sas(ACL Group ) connected to SPD(AIX) 5.4 server at 10.166.0.39.
NOTE: User sas(ACL Group ) connected to SPD(AIX) 5.4 server at 10.166.0.39.
3                                                          The SAS System                            09:00 Tuesday, November 3, 2020

NOTE: User sas(ACL Group ) connected to SPD(AIX) 5.4 server at 10.166.0.39.
NOTE: User sas(ACL Group ) connected to SPD(AIX) 5.4 server at 10.166.0.39.
NOTE: User sas(ACL Group ) connected to SPD(AIX) 5.4 server at 10.166.0.39.
NOTE: User sas(ACL Group ) connected to SPD(AIX) 5.4 server at 10.166.0.39.
NOTE: User sas(ACL Group ) connected to SPD(AIX) 5.4 server at 10.166.0.39.
NOTE: User sas(ACL Group ) connected to SPD(AIX) 5.4 server at 10.166.0.39.
NOTE: User sas(ACL Group ) connected to SPD(AIX) 5.4 server at 10.166.0.39.
NOTE: User sas(ACL Group ) connected to SPD(AIX) 5.4 server at 10.166.0.39.
NOTE: User sas(ACL Group ) connected to SPD(AIX) 5.4 server at 10.166.0.39.
NOTE: User sas(ACL Group ) connected to SPD(AIX) 5.4 server at 10.166.0.39.
NOTE: User sas(ACL Group ) connected to SPD(AIX) 5.4 server at 10.166.0.39.
NOTE: User sas(ACL Group ) connected to SPD(AIX) 5.4 server at 10.166.0.39.
NOTE: User sas(ACL Group ) connected to SPD(AIX) 5.4 server at 10.166.0.39.
NOTE: User sas(ACL Group ) connected to SPD(AIX) 5.4 server at 10.166.0.39.
NOTE: User sas(ACL Group ) connected to SPD(AIX) 5.4 server at 10.166.0.39.
NOTE: User sas(ACL Group ) connected to SPD(AIX) 5.4 server at 10.166.0.39.
NOTE: User sas(ACL Group ) connected to SPD(AIX) 5.4 server at 10.166.0.39.
NOTE: User sas(ACL Group ) connected to SPD(AIX) 5.4 server at 10.166.0.39.
NOTE: User sas(ACL Group ) connected to SPD(AIX) 5.4 server at 10.166.0.39.
NOTE: User sas(ACL Group ) connected to SPD(AIX) 5.4 server at 10.166.0.39.
NOTE: User sas(ACL Group ) connected to SPD(AIX) 5.4 server at 10.166.0.39.
NOTE: User sas(ACL Group ) connected to SPD(AIX) 5.4 server at 10.166.0.39.
NOTE: User sas(ACL Group ) connected to SPD(AIX) 5.4 server at 10.166.0.39.
NOTE: User sas(ACL Group ) connected to SPD(AIX) 5.4 server at 10.166.0.39.
NOTE: User sas(ACL Group ) connected to SPD(AIX) 5.4 server at 10.166.0.39.
NOTE: User sas(ACL Group ) connected to SPD(AIX) 5.4 server at 10.166.0.39.
NOTE: User sas(ACL Group ) connected to SPD(AIX) 5.4 server at 10.166.0.39.
NOTE: User sas(ACL Group ) connected to SPD(AIX) 5.4 server at 10.166.0.39.
NOTE: User sas(ACL Group ) connected to SPD(AIX) 5.4 server at 10.166.0.39.
NOTE: User sas(ACL Group ) connected to SPD(AIX) 5.4 server at 10.166.0.39.
NOTE: User sas(ACL Group ) connected to SPD(AIX) 5.4 server at 10.166.0.39.
NOTE: User sas(ACL Group ) connected to SPD(AIX) 5.4 server at 10.166.0.39.
NOTE: User sas(ACL Group ) connected to SPD(AIX) 5.4 server at 10.166.0.39.
NOTE: User sas(ACL Group ) connected to SPD(AIX) 5.4 server at 10.166.0.39.
NOTE: User sas(ACL Group ) connected to SPD(AIX) 5.4 server at 10.166.0.39.
NOTE: User sas(ACL Group ) connected to SPD(AIX) 5.4 server at 10.166.0.39.
NOTE: User sas(ACL Group ) connected to SPD(AIX) 5.4 server at 10.166.0.39.
NOTE: User sas(ACL Group ) connected to SPD(AIX) 5.4 server at 10.166.0.39.
NOTE: User sas(ACL Group ) connected to SPD(AIX) 5.4 server at 10.166.0.39.
NOTE: User sas(ACL Group ) connected to SPD(AIX) 5.4 server at 10.166.0.39.
NOTE: User sas(ACL Group ) connected to SPD(AIX) 5.4 server at 10.166.0.39.
NOTE: User sas(ACL Group ) connected to SPD(AIX) 5.4 server at 10.166.0.39.
NOTE: User sas(ACL Group ) connected to SPD(AIX) 5.4 server at 10.166.0.39.
NOTE: User sas(ACL Group ) connected to SPD(AIX) 5.4 server at 10.166.0.39.
NOTE: User sas(ACL Group ) connected to SPD(AIX) 5.4 server at 10.166.0.39.
NOTE: User sas(ACL Group ) connected to SPD(AIX) 5.4 server at 10.166.0.39.
NOTE: User sas(ACL Group ) connected to SPD(AIX) 5.4 server at 10.166.0.39.
NOTE: User sas(ACL Group ) connected to SPD(AIX) 5.4 server at 10.166.0.39.
NOTE: User sas(ACL Group ) connected to SPD(AIX) 5.4 server at 10.166.0.39.
NOTE: User sas(ACL Group ) connected to SPD(AIX) 5.4 server at 10.166.0.39.
NOTE: User sas(ACL Group ) connected to SPD(AIX) 5.4 server at 10.166.0.39.
NOTE: User sas(ACL Group ) connected to SPD(AIX) 5.4 server at 10.166.0.39.
NOTE: User sas(ACL Group ) connected to SPD(AIX) 5.4 server at 10.166.0.39.
NOTE: User sas(ACL Group ) connected to SPD(AIX) 5.4 server at 10.166.0.39.
NOTE: User sas(ACL Group ) connected to SPD(AIX) 5.4 server at 10.166.0.39.
NOTE: User sas(ACL Group ) connected to SPD(AIX) 5.4 server at 10.166.0.39.
NOTE: User sas(ACL Group ) connected to SPD(AIX) 5.4 server at 10.166.0.39.
NOTE: User sas(ACL Group ) connected to SPD(AIX) 5.4 server at 10.166.0.39.
4                                                          The SAS System                            09:00 Tuesday, November 3, 2020

NOTE: User sas(ACL Group ) connected to SPD(AIX) 5.4 server at 10.166.0.39.
NOTE: User sas(ACL Group ) connected to SPD(AIX) 5.4 server at 10.166.0.39.
NOTE: User sas(ACL Group ) connected to SPD(AIX) 5.4 server at 10.166.0.39.
NOTE: User sas(ACL Group ) connected to SPD(AIX) 5.4 server at 10.166.0.39.
NOTE: Libref SASDATA successfully assigned from logical server.
NOTE: Libref STPSAMP successfully assigned from logical server.
NOTE: Libref MIGLIB successfully assigned from logical server.
NOTE: Libref TRNLIB2 successfully assigned from logical server.
NOTE: Libref TRNLIB successfully assigned from logical server.
NOTE: Libref NEDLIB successfully assigned from logical server.
NOTE: Libref PILIB successfully assigned from logical server.
NOTE: Libref DMLIB successfully assigned from logical server.
NOTE: Libref TMPLIB3 successfully assigned from logical server.
NOTE: Libref TMPLIB4 successfully assigned from logical server.
NOTE: Libref ODSLIB successfully assigned from logical server.
NOTE: Libref ODSLIB2 successfully assigned from logical server.
NOTE: Libref ODSLIB3 successfully assigned from logical server.
NOTE: Libref PODSLIB1 successfully assigned from logical server.
NOTE: Libref PODSLIB2 successfully assigned from logical server.
NOTE: Libref PODSLIB3 successfully assigned from logical server.
NOTE: Libref DASHLIBD successfully assigned from logical server.
NOTE: Libref QLIKLIB successfully assigned from logical server.
NOTE: Libref SQLKODA successfully assigned from logical server.
NOTE: Libref RISU successfully assigned from logical server.
NOTE: Libref DQ_ORCL successfully assigned from logical server.
NOTE: Library ZGRLIB does not exist.
NOTE: Libref HANARWP successfully assigned from logical server.
NOTE: Libref BFLIB successfully assigned from logical server.
NOTE: Libref PILIB2 successfully assigned from logical server.
NOTE: Libref TMPLIB2 successfully assigned from logical server.
NOTE: Libref DMLIB2 successfully assigned from logical server.
NOTE: Libref ARCLIB successfully assigned from logical server.
NOTE: Libref IADM successfully assigned from logical server.
NOTE: Libref IATMP successfully assigned from logical server.
NOTE: Libref AUTODIAL successfully assigned from logical server.
NOTE: Libref BCSDM successfully assigned from logical server.
NOTE: Libref BLDM successfully assigned from logical server.
NOTE: Libref BLTMP successfully assigned from logical server.
NOTE: Libref BADM successfully assigned from logical server.
NOTE: Libref BATMP successfully assigned from logical server.
NOTE: Libref CCDM successfully assigned from logical server.
NOTE: Libref CCDM2 successfully assigned from logical server.
NOTE: Libref CMPDM successfully assigned from logical server.
NOTE: Libref CPSFRC successfully assigned from logical server.
NOTE: Libref CPSHRLY successfully assigned from logical server.
NOTE: Libref CPSREG successfully assigned from logical server.
NOTE: Libref CPSUST successfully assigned from logical server.
NOTE: Libref CXDM successfully assigned from logical server.
NOTE: Libref DBALIB successfully assigned from logical server.
NOTE: Libref DSTDM successfully assigned from logical server.
NOTE: Libref DSTTMP successfully assigned from logical server.
NOTE: Libref DYMDM successfully assigned from logical server.
NOTE: Libref DYMTMP successfully assigned from logical server.
NOTE: Libref EAP_ETY successfully assigned from logical server.
NOTE: Libref EAP_PAY successfully assigned from logical server.
NOTE: Libref EAP_PR successfully assigned from logical server.
NOTE: Libref EPYDM successfully assigned from logical server.
NOTE: Libref EPYTMP successfully assigned from logical server.
5                                                          The SAS System                            09:00 Tuesday, November 3, 2020

NOTE: Libref ETSDM successfully assigned from logical server.
NOTE: Libref FADM successfully assigned from logical server.
NOTE: Libref FPCLIB successfully assigned from logical server.
NOTE: Libref FPCTMP successfully assigned from logical server.
NOTE: Libref HRDM successfully assigned from logical server.
NOTE: Libref KMHMDM successfully assigned from logical server.
NOTE: Libref CSSLIB successfully assigned from logical server.
NOTE: Libref MDLIB successfully assigned from logical server.
NOTE: Libref MHMAYEDS successfully assigned from logical server.
NOTE: Libref MHMDM successfully assigned from logical server.
NOTE: Libref MIGLIB2 successfully assigned from logical server.
NOTE: Libref MSADM successfully assigned from logical server.
NOTE: Libref MSATMP successfully assigned from logical server.
NOTE: Libref MTHEO successfully assigned from logical server.
NOTE: Libref MTHKA successfully assigned from logical server.
NOTE: Libref MTHMA successfully assigned from logical server.
NOTE: Libref MTHSO successfully assigned from logical server.
NOTE: Libref MTHTMP successfully assigned from logical server.
NOTE: Libref D2DLIB successfully assigned from logical server.
NOTE: Libref OKMDM successfully assigned from logical server.
NOTE: Libref OKMTMP successfully assigned from logical server.
NOTE: Libref PMDM successfully assigned from logical server.
NOTE: Libref CNPRCDM successfully assigned from logical server.
NOTE: Libref CNPRCTMP successfully assigned from logical server.
NOTE: Libref EDULIB successfully assigned from logical server.
NOTE: Libref PRCDM successfully assigned from logical server.
NOTE: Libref PRCDM2 successfully assigned from logical server.
NOTE: Libref PRCTMP successfully assigned from logical server.
NOTE: Libref PRFTBLIB successfully assigned from logical server.
NOTE: Libref TMPLIB successfully assigned from logical server.
NOTE: Libref FRCARC successfully assigned from logical server.
NOTE: Libref FRCPRD successfully assigned from logical server.
NOTE: Libref PRCHARC successfully assigned from logical server.
NOTE: Libref PRCHPRD successfully assigned from logical server.
NOTE: Libref PRICARC successfully assigned from logical server.
NOTE: Libref PRICPRD successfully assigned from logical server.
NOTE: Libref QL_SALES successfully assigned from logical server.
NOTE: Libref RAPOUT successfully assigned from logical server.
NOTE: Libref RAPREF successfully assigned from logical server.
NOTE: Libref RAPTEST successfully assigned from logical server.
NOTE: Libref RAPTMP successfully assigned from logical server.
NOTE: Libref RAPVAS successfully assigned from logical server.
NOTE: Libref REFCPS successfully assigned from logical server.
NOTE: Libref RMCDM successfully assigned from logical server.
NOTE: Libref RMCTMP successfully assigned from logical server.
NOTE: Libref SDLIB successfully assigned from logical server.
NOTE: Libref SOMLIB successfully assigned from logical server.
NOTE: Libref SHFDM successfully assigned from logical server.
NOTE: Libref SODM successfully assigned from logical server.
NOTE: Libref SOPDM successfully assigned from logical server.
NOTE: Libref SOSUF successfully assigned from logical server.
NOTE: Libref SOTMP successfully assigned from logical server.
NOTE: Libref SPDM successfully assigned from logical server.
NOTE: Libref SSIMDM successfully assigned from logical server.
NOTE: Libref STLF successfully assigned from logical server.
NOTE: Libref SMDM successfully assigned from logical server.
NOTE: Libref SMTMP successfully assigned from logical server.
NOTE: Libref TALDM successfully assigned from logical server.
6                                                          The SAS System                            09:00 Tuesday, November 3, 2020

NOTE: Libref TKDM successfully assigned from logical server.
NOTE: Libref TSDM successfully assigned from logical server.
NOTE: Libref QVYDM successfully assigned from logical server.
NOTE: Libref STJVYDM successfully assigned from logical server.
NOTE: Libref VYDM successfully assigned from logical server.
NOTE: Libref VYDMKVKK successfully assigned from logical server.
NOTE: Libref OGMDM successfully assigned from logical server.
NOTE: Libref OGMTMP successfully assigned from logical server.
NOTE: Libref CRLIB successfully assigned from logical server.
NOTE: Libref RASTMP successfully assigned from logical server.
NOTE: Libref SOSEC successfully assigned from logical server.
NOTE: Libref STATLIB successfully assigned from logical server.
ERROR: Libref SMARTHMP failed to assign from logical server.
ERROR: ORACLE connection error: ORA-12514: TNS: Dinleyici þu anda baðlantý açýklayýcýsýnda belirtilen hizmeti tanýmýyor..
ERROR: Libref SMARTHMT failed to assign from logical server.
ERROR: ORACLE connection error: ORA-12514: TNS: Dinleyici þu anda baðlantý açýklayýcýsýnda belirtilen hizmeti tanýmýyor..
ERROR: Libref SMSPRD failed to assign from logical server.
ERROR: ORACLE connection error: ORA-12170: TNS: Baðlantý zaman aþýmý oluþtu.
NOTE: Libref RAPARCH successfully assigned from logical server.
NOTE: Libref SAHOL successfully assigned from logical server.
NOTE: Libref MKVR successfully assigned from logical server.
NOTE: Libref RODQLIK successfully assigned from logical server.
NOTE: Libref UTFLIB successfully assigned from logical server.

NOTE: AUTOEXEC processing beginning; file is /sas/config/Lev1/SASApp/BatchServer/autoexec.sas.


NOTE: AUTOEXEC processing completed.

1          %include "/sas/sascodes/Autoexec_File/Autoexec.sas";
NOTE: User sas(ACL Group ) connected to SPD(AIX) 5.4 server at 10.166.0.39.
NOTE: Libref TMPLIB3 was successfully assigned as follows: 
      Engine:        SASSPDS 
      Physical Name: :7078782/spdsmeta1/TMPLIB3/
NOTE: User sas(ACL Group ) connected to SPD(AIX) 5.4 server at 10.166.0.39.
NOTE: Libref PODSLIB3 was successfully assigned as follows: 
      Engine:        SASSPDS 
      Physical Name: :7078782/spdsmeta1/PODSLIB3/
NOTE: User sas(ACL Group ) connected to SPD(AIX) 5.4 server at 10.166.0.39.
NOTE: Libref DMLIB was successfully assigned as follows: 
      Engine:        SASSPDS 
      Physical Name: :7078782/spdsmeta1/DMLIB/
NOTE: User sas(ACL Group ) connected to SPD(AIX) 5.4 server at 10.166.0.39.
NOTE: Libref TRNLIB was successfully assigned as follows: 
      Engine:        SASSPDS 
      Physical Name: :7078782/spdsmeta1/TRNLIB/
NOTE: User sas(ACL Group ) connected to SPD(AIX) 5.4 server at 10.166.0.39.
NOTE: Libref ODSLIB3 was successfully assigned as follows: 
      Engine:        SASSPDS 
      Physical Name: :7078782/spdsmeta1/ODSLIB3/
NOTE: User sas(ACL Group ) connected to SPD(AIX) 5.4 server at 10.166.0.39.
NOTE: Libref TMPLIB4 was successfully assigned as follows: 
      Engine:        SASSPDS 
      Physical Name: :7078782/spdsmeta1/TMPLIB4/
NOTE: User sas(ACL Group ) connected to SPD(AIX) 5.4 server at 10.166.0.39.
NOTE: Libref FADM was successfully assigned as follows: 
      Engine:        SASSPDS 
      Physical Name: :7078782/spdsmeta1/FADM/
7                                                          The SAS System                            09:00 Tuesday, November 3, 2020

NOTE: User sas(ACL Group ) connected to SPD(AIX) 5.4 server at 10.166.0.39.
NOTE: Libref VYDM was successfully assigned as follows: 
      Engine:        SASSPDS 
      Physical Name: :7078782/spdsmeta2/VYDM/
NOTE: User sas(ACL Group ) connected to SPD(AIX) 5.4 server at 10.166.0.39.
NOTE: Libref ODSLIB was successfully assigned as follows: 
      Engine:        SASSPDS 
      Physical Name: :7078782/spdsmeta2/ODSLIB/
NOTE: User sas(ACL Group ) connected to SPD(AIX) 5.4 server at 10.166.0.39.
NOTE: Libref NEDLIB was successfully assigned as follows: 
      Engine:        SASSPDS 
      Physical Name: :7078782/spdsmeta2/NEDLIB/
NOTE: User sas(ACL Group ) connected to SPD(AIX) 5.4 server at 10.166.0.39.
NOTE: Libref SMDM was successfully assigned as follows: 
      Engine:        SASSPDS 
      Physical Name: :7078782/spdsmeta2/smdm/
NOTE: User sas(ACL Group ) connected to SPD(AIX) 5.4 server at 10.166.0.39.
NOTE: Libref TRNLIB2 was successfully assigned as follows: 
      Engine:        SASSPDS 
      Physical Name: :7078782/spdsmeta2/TRNLIB2/
NOTE: User sas(ACL Group ) connected to SPD(AIX) 5.4 server at 10.166.0.39.
NOTE: Libref MSATMP was successfully assigned as follows: 
      Engine:        SASSPDS 
      Physical Name: :7078782/spdsmeta2/MSATMP/
NOTE: User sas(ACL Group ) connected to SPD(AIX) 5.4 server at 10.166.0.39.
NOTE: Libref OKMTMP was successfully assigned as follows: 
      Engine:        SASSPDS 
      Physical Name: :7078782/spdsmeta2/okmtmp/
NOTE: User sas(ACL Group ) connected to SPD(AIX) 5.4 server at 10.166.0.39.
NOTE: Libref MIGLIB was successfully assigned as follows: 
      Engine:        SASSPDS 
      Physical Name: :7078782/spdsmeta2/MIGLIB/
NOTE: User sas(ACL Group ) connected to SPD(AIX) 5.4 server at 10.166.0.39.
NOTE: Libref REFCPS was successfully assigned as follows: 
      Engine:        SASSPDS 
      Physical Name: :7078782/spdsmeta2/REFCPS/
NOTE: User sas(ACL Group ) connected to SPD(AIX) 5.4 server at 10.166.0.39.
NOTE: Libref EAP_ETY was successfully assigned as follows: 
      Engine:        SASSPDS 
      Physical Name: :7078782/spdsmeta2/EAP_ETY/
NOTE: User sas(ACL Group ) connected to SPD(AIX) 5.4 server at 10.166.0.39.
NOTE: Libref PODSLIB1 was successfully assigned as follows: 
      Engine:        SASSPDS 
      Physical Name: :7078782/spdsmeta2/PODSLIB1/
NOTE: User sas(ACL Group ) connected to SPD(AIX) 5.4 server at 10.166.0.39.
NOTE: Libref TMPLIB was successfully assigned as follows: 
      Engine:        SASSPDS 
      Physical Name: :7078782/spdsmeta2/tmplib/
NOTE: User sas(ACL Group ) connected to SPD(AIX) 5.4 server at 10.166.0.39.
NOTE: Libref CRLIB was successfully assigned as follows: 
      Engine:        SASSPDS 
      Physical Name: :7078782/spdsmeta2/crlib/
NOTE: User sas(ACL Group ) connected to SPD(AIX) 5.4 server at 10.166.0.39.
NOTE: Libref OKMDM was successfully assigned as follows: 
      Engine:        SASSPDS 
      Physical Name: :7078782/spdsmeta2/okmdm/
NOTE: User sas(ACL Group ) connected to SPD(AIX) 5.4 server at 10.166.0.39.
NOTE: Libref CCDM was successfully assigned as follows: 
8                                                          The SAS System                            09:00 Tuesday, November 3, 2020

      Engine:        SASSPDS 
      Physical Name: :7078782/spdsmeta2/CCDM/
NOTE: User sas(ACL Group ) connected to SPD(AIX) 5.4 server at 10.166.0.39.
NOTE: Libref RMCDM was successfully assigned as follows: 
      Engine:        SASSPDS 
      Physical Name: :7078782/spdsmeta2/rmcdm/
NOTE: User sas(ACL Group ) connected to SPD(AIX) 5.4 server at 10.166.0.39.
NOTE: Libref SMTMP was successfully assigned as follows: 
      Engine:        SASSPDS 
      Physical Name: :7078782/spdsmeta2/smtmp/
NOTE: User sas(ACL Group ) connected to SPD(AIX) 5.4 server at 10.166.0.39.
NOTE: Libref SOSEC was successfully assigned as follows: 
      Engine:        SASSPDS 
      Physical Name: :7078782/spdsmeta2/sosec/
NOTE: User sas(ACL Group ) connected to SPD(AIX) 5.4 server at 10.166.0.39.
NOTE: Libref PODSLIB2 was successfully assigned as follows: 
      Engine:        SASSPDS 
      Physical Name: :7078782/spdsmeta2/PODSLIB2/
NOTE: User sas(ACL Group ) connected to SPD(AIX) 5.4 server at 10.166.0.39.
NOTE: Libref MHMDM was successfully assigned as follows: 
      Engine:        SASSPDS 
      Physical Name: :7078782/spdsmeta2/MHMDM/
NOTE: User sas(ACL Group ) connected to SPD(AIX) 5.4 server at 10.166.0.39.
NOTE: Libref CCDM2 was successfully assigned as follows: 
      Engine:        SASSPDS 
      Physical Name: :7078782/spdsmeta2/CCDM2/
NOTE: User sas(ACL Group ) connected to SPD(AIX) 5.4 server at 10.166.0.39.
NOTE: Libref RASTMP was successfully assigned as follows: 
      Engine:        SASSPDS 
      Physical Name: :7078782/spdsmeta2/rastmp/
NOTE: User sas(ACL Group ) connected to SPD(AIX) 5.4 server at 10.166.0.39.
NOTE: Libref SODM was successfully assigned as follows: 
      Engine:        SASSPDS 
      Physical Name: :7078782/spdsmeta2/sodm/
NOTE: User sas(ACL Group ) connected to SPD(AIX) 5.4 server at 10.166.0.39.
NOTE: Libref D2DLIB was successfully assigned as follows: 
      Engine:        SASSPDS 
      Physical Name: :7078782/spdsmeta2/D2DLIB/
NOTE: User sas(ACL Group ) connected to SPD(AIX) 5.4 server at 10.166.0.39.
NOTE: Libref ODSLIB2 was successfully assigned as follows: 
      Engine:        SASSPDS 
      Physical Name: :7078782/spdsmeta2/ODSLIB2/
NOTE: User sas(ACL Group ) connected to SPD(AIX) 5.4 server at 10.166.0.39.
NOTE: Libref RAPREF was successfully assigned as follows: 
      Engine:        SASSPDS 
      Physical Name: :7078782/spdsmeta2/rapref/
NOTE: User sas(ACL Group ) connected to SPD(AIX) 5.4 server at 10.166.0.39.
NOTE: Libref SOMLIB was successfully assigned as follows: 
      Engine:        SASSPDS 
      Physical Name: :7078782/spdsmeta2/SOMLIB/
NOTE: User sas(ACL Group ) connected to SPD(AIX) 5.4 server at 10.166.0.39.
NOTE: Libref PRICARC was successfully assigned as follows: 
      Engine:        SASSPDS 
      Physical Name: :7078782/spdsmeta2/PRICARC/
NOTE: User sas(ACL Group ) connected to SPD(AIX) 5.4 server at 10.166.0.39.
NOTE: Libref MIGLIB2 was successfully assigned as follows: 
      Engine:        SASSPDS 
      Physical Name: :7078782/spdsmeta2/MIGLIB2/
9                                                          The SAS System                            09:00 Tuesday, November 3, 2020

NOTE: User sas(ACL Group ) connected to SPD(AIX) 5.4 server at 10.166.0.39.
NOTE: Libref SOTMP was successfully assigned as follows: 
      Engine:        SASSPDS 
      Physical Name: :7078782/spdsmeta2/sotmp/
NOTE: User sas(ACL Group ) connected to SPD(AIX) 5.4 server at 10.166.0.39.
NOTE: Libref TSDM was successfully assigned as follows: 
      Engine:        SASSPDS 
      Physical Name: :7078782/spdsmeta2/TSDM/
NOTE: User sas(ACL Group ) connected to SPD(AIX) 5.4 server at 10.166.0.39.
NOTE: Libref TALDM was successfully assigned as follows: 
      Engine:        SASSPDS 
      Physical Name: :7078782/spdsmeta2/taldm/
NOTE: User sas(ACL Group ) connected to SPD(AIX) 5.4 server at 10.166.0.39.
NOTE: Libref CPSUST was successfully assigned as follows: 
      Engine:        SASSPDS 
      Physical Name: :7078782/spdsmeta2/CPSUST/
NOTE: User sas(ACL Group ) connected to SPD(AIX) 5.4 server at 10.166.0.39.
NOTE: Libref STJVYDM was successfully assigned as follows: 
      Engine:        SASSPDS 
      Physical Name: :7078782/spdsmeta2/STJVYDM/
NOTE: User sas(ACL Group ) connected to SPD(AIX) 5.4 server at 10.166.0.39.
NOTE: Libref QLIKLIB was successfully assigned as follows: 
      Engine:        SASSPDS 
      Physical Name: :7078782/spdsmeta2/QLIKLIB/
NOTE: User sas(ACL Group ) connected to SPD(AIX) 5.4 server at 10.166.0.39.
NOTE: Libref BADM was successfully assigned as follows: 
      Engine:        SASSPDS 
      Physical Name: :7078782/spdsmeta2/badm/
NOTE: User sas(ACL Group ) connected to SPD(AIX) 5.4 server at 10.166.0.39.
NOTE: Libref EDULIB was successfully assigned as follows: 
      Engine:        SASSPDS 
      Physical Name: :7078782/spdsmeta2/edulib/
NOTE: User sas(ACL Group ) connected to SPD(AIX) 5.4 server at 10.166.0.39.
NOTE: Libref STLF was successfully assigned as follows: 
      Engine:        SASSPDS 
      Physical Name: :7078782/spdsmeta2/STLF/
NOTE: User sas(ACL Group ) connected to SPD(AIX) 5.4 server at 10.166.0.39.
NOTE: Libref DASHLIBD was successfully assigned as follows: 
      Engine:        SASSPDS 
      Physical Name: :7078782/spdsmeta2/DASHLIBD/
NOTE: User sas(ACL Group ) connected to SPD(AIX) 5.4 server at 10.166.0.39.
NOTE: Libref BFLIB was successfully assigned as follows: 
      Engine:        SASSPDS 
      Physical Name: :7078782/spdsmeta2/bflib/
NOTE: User sas(ACL Group ) connected to SPD(AIX) 5.4 server at 10.166.0.39.
NOTE: Libref BATMP was successfully assigned as follows: 
      Engine:        SASSPDS 
      Physical Name: :7078782/spdsmeta2/batmp/
NOTE: User sas(ACL Group ) connected to SPD(AIX) 5.4 server at 10.166.0.39.
NOTE: Libref SOPDM was successfully assigned as follows: 
      Engine:        SASSPDS 
      Physical Name: :7078782/spdsmeta2/sopdm/
NOTE: User sas(ACL Group ) connected to SPD(AIX) 5.4 server at 10.166.0.39.
NOTE: Libref KKLIB was successfully assigned as follows: 
      Engine:        SASSPDS 
      Physical Name: :7078782/spdsmeta2/kklib/
NOTE: User sas(ACL Group ) connected to SPD(AIX) 5.4 server at 10.166.0.39.
NOTE: Libref MHMAYEDS was successfully assigned as follows: 
10                                                         The SAS System                            09:00 Tuesday, November 3, 2020

      Engine:        SASSPDS 
      Physical Name: :7078782/spdsmeta2/MHMAYEDS/
NOTE: User sas(ACL Group ) connected to SPD(AIX) 5.4 server at 10.166.0.39.
NOTE: Libref MTHEO was successfully assigned as follows: 
      Engine:        SASSPDS 
      Physical Name: :7078782/spdsmeta2/MTHEO/
NOTE: User sas(ACL Group ) connected to SPD(AIX) 5.4 server at 10.166.0.39.
NOTE: Libref PRCDM was successfully assigned as follows: 
      Engine:        SASSPDS 
      Physical Name: :7078782/spdsmeta2/prcdm/
NOTE: User sas(ACL Group ) connected to SPD(AIX) 5.4 server at 10.166.0.39.
NOTE: Libref BLDM was successfully assigned as follows: 
      Engine:        SASSPDS 
      Physical Name: :7078782/spdsmeta2/bldm/
NOTE: User sas(ACL Group ) connected to SPD(AIX) 5.4 server at 10.166.0.39.
NOTE: Libref RAPTMP was successfully assigned as follows: 
      Engine:        SASSPDS 
      Physical Name: :7078782/spdsmeta2/raptmp/
NOTE: User sas(ACL Group ) connected to SPD(AIX) 5.4 server at 10.166.0.39.
NOTE: Libref PRFTBLIB was successfully assigned as follows: 
      Engine:        SASSPDS 
      Physical Name: :7078782/spdsmeta2/prftblib/
NOTE: User sas(ACL Group ) connected to SPD(AIX) 5.4 server at 10.166.0.39.
NOTE: Libref RAPOUT was successfully assigned as follows: 
      Engine:        SASSPDS 
      Physical Name: :7078782/spdsmeta2/rapout/
NOTE: User sas(ACL Group ) connected to SPD(AIX) 5.4 server at 10.166.0.39.
NOTE: Libref RAPTEST was successfully assigned as follows: 
      Engine:        SASSPDS 
      Physical Name: :7078782/spdsmeta2/RAPTEST/
NOTE: User sas(ACL Group ) connected to SPD(AIX) 5.4 server at 10.166.0.39.
NOTE: Libref DMLIB2 was successfully assigned as follows: 
      Engine:        SASSPDS 
      Physical Name: :7078782/spdsmeta2/DMLIB2/
NOTE: User sas(ACL Group ) connected to SPD(AIX) 5.4 server at 10.166.0.39.
NOTE: Libref BCSDM was successfully assigned as follows: 
      Engine:        SASSPDS 
      Physical Name: :7078782/spdsmeta2/BCSDM/
NOTE: User sas(ACL Group ) connected to SPD(AIX) 5.4 server at 10.166.0.39.
NOTE: Libref IATMP was successfully assigned as follows: 
      Engine:        SASSPDS 
      Physical Name: :7078782/spdsmeta2/iatmp/
NOTE: User sas(ACL Group ) connected to SPD(AIX) 5.4 server at 10.166.0.39.
NOTE: Libref SOSUF was successfully assigned as follows: 
      Engine:        SASSPDS 
      Physical Name: :7078782/spdsmeta2/sosuf/
NOTE: User sas(ACL Group ) connected to SPD(AIX) 5.4 server at 10.166.0.39.
NOTE: Libref RAPARCH was successfully assigned as follows: 
      Engine:        SASSPDS 
      Physical Name: :7078782/spdsmeta2/raparch/
NOTE: User sas(ACL Group ) connected to SPD(AIX) 5.4 server at 10.166.0.39.
NOTE: Libref RMCTMP was successfully assigned as follows: 
      Engine:        SASSPDS 
      Physical Name: :7078782/spdsmeta2/rmctmp/
NOTE: User sas(ACL Group ) connected to SPD(AIX) 5.4 server at 10.166.0.39.
NOTE: Libref MTHKA was successfully assigned as follows: 
      Engine:        SASSPDS 
      Physical Name: :7078782/spdsmeta2/MTHKA/
11                                                         The SAS System                            09:00 Tuesday, November 3, 2020

NOTE: User sas(ACL Group ) connected to SPD(AIX) 5.4 server at 10.166.0.39.
NOTE: Libref EPYDM was successfully assigned as follows: 
      Engine:        SASSPDS 
      Physical Name: :7078782/spdsmeta2/EPYDM/
NOTE: User sas(ACL Group ) connected to SPD(AIX) 5.4 server at 10.166.0.39.
NOTE: Libref DSTDM was successfully assigned as follows: 
      Engine:        SASSPDS 
      Physical Name: :7078782/spdsmeta2/DSTDM/
NOTE: User sas(ACL Group ) connected to SPD(AIX) 5.4 server at 10.166.0.39.
NOTE: Libref DYMTMP was successfully assigned as follows: 
      Engine:        SASSPDS 
      Physical Name: :7078782/spdsmeta2/DYMTMP/
NOTE: User sas(ACL Group ) connected to SPD(AIX) 5.4 server at 10.166.0.39.
NOTE: Libref MDLIB was successfully assigned as follows: 
      Engine:        SASSPDS 
      Physical Name: :7078782/spdsmeta2/MDLIB/
NOTE: User sas(ACL Group ) connected to SPD(AIX) 5.4 server at 10.166.0.39.
NOTE: Libref DSTTMP was successfully assigned as follows: 
      Engine:        SASSPDS 
      Physical Name: :7078782/spdsmeta2/DSTTMP/
NOTE: User sas(ACL Group ) connected to SPD(AIX) 5.4 server at 10.166.0.39.
NOTE: Libref TMPLIB2 was successfully assigned as follows: 
      Engine:        SASSPDS 
      Physical Name: :7078782/spdsmeta2/tmplib2/
NOTE: User sas(ACL Group ) connected to SPD(AIX) 5.4 server at 10.166.0.39.
NOTE: Libref PILIB was successfully assigned as follows: 
      Engine:        SASSPDS 
      Physical Name: :7078782/spdsmeta2/PILIB/
NOTE: User sas(ACL Group ) connected to SPD(AIX) 5.4 server at 10.166.0.39.
NOTE: Libref BLTMP was successfully assigned as follows: 
      Engine:        SASSPDS 
      Physical Name: :7078782/spdsmeta2/bltmp/
NOTE: User sas(ACL Group ) connected to SPD(AIX) 5.4 server at 10.166.0.39.
NOTE: Libref AUTODIAL was successfully assigned as follows: 
      Engine:        SASSPDS 
      Physical Name: :7078782/spdsmeta2/AUTODIAL/
NOTE: User sas(ACL Group ) connected to SPD(AIX) 5.4 server at 10.166.0.39.
NOTE: Libref PRICPRD was successfully assigned as follows: 
      Engine:        SASSPDS 
      Physical Name: :7078782/spdsmeta2/PRICPRD/
NOTE: User sas(ACL Group ) connected to SPD(AIX) 5.4 server at 10.166.0.39.
NOTE: Libref CPSREG was successfully assigned as follows: 
      Engine:        SASSPDS 
      Physical Name: :7078782/spdsmeta2/CPSREG/
NOTE: User sas(ACL Group ) connected to SPD(AIX) 5.4 server at 10.166.0.39.
NOTE: Libref CXDM was successfully assigned as follows: 
      Engine:        SASSPDS 
      Physical Name: :7078782/spdsmeta2/CXDM/
NOTE: User sas(ACL Group ) connected to SPD(AIX) 5.4 server at 10.166.0.39.
NOTE: Libref CPSFRC was successfully assigned as follows: 
      Engine:        SASSPDS 
      Physical Name: :7078782/spdsmeta2/CPSFRC/
NOTE: User sas(ACL Group ) connected to SPD(AIX) 5.4 server at 10.166.0.39.
NOTE: Libref SDLIB was successfully assigned as follows: 
      Engine:        SASSPDS 
      Physical Name: :7078782/spdsmeta2/SDLIB/
NOTE: User sas(ACL Group ) connected to SPD(AIX) 5.4 server at 10.166.0.39.
NOTE: Libref CMPDM was successfully assigned as follows: 
12                                                         The SAS System                            09:00 Tuesday, November 3, 2020

      Engine:        SASSPDS 
      Physical Name: :7078782/spdsmeta2/CMPDM/
NOTE: User sas(ACL Group ) connected to SPD(AIX) 5.4 server at 10.166.0.39.
NOTE: Libref PMDM was successfully assigned as follows: 
      Engine:        SASSPDS 
      Physical Name: :7078782/spdsmeta2/PMDM/
NOTE: User sas(ACL Group ) connected to SPD(AIX) 5.4 server at 10.166.0.39.
NOTE: Libref MSADM was successfully assigned as follows: 
      Engine:        SASSPDS 
      Physical Name: :7078782/spdsmeta2/MSADM/
NOTE: User sas(ACL Group ) connected to SPD(AIX) 5.4 server at 10.166.0.39.
NOTE: Libref FPCLIB was successfully assigned as follows: 
      Engine:        SASSPDS 
      Physical Name: :7078782/spdsmeta2/fpclib/
NOTE: User sas(ACL Group ) connected to SPD(AIX) 5.4 server at 10.166.0.39.
NOTE: Libref DBALIB was successfully assigned as follows: 
      Engine:        SASSPDS 
      Physical Name: :7078782/spdsmeta2/DBALIB/
NOTE: User sas(ACL Group ) connected to SPD(AIX) 5.4 server at 10.166.0.39.
NOTE: Libref CPSHRLY was successfully assigned as follows: 
      Engine:        SASSPDS 
      Physical Name: :7078782/spdsmeta2/CPSHRLY/
NOTE: User sas(ACL Group ) connected to SPD(AIX) 5.4 server at 10.166.0.39.
NOTE: Libref PRCDM2 was successfully assigned as follows: 
      Engine:        SASSPDS 
      Physical Name: :7078782/spdsmeta2/PRCDM2/
NOTE: User sas(ACL Group ) connected to SPD(AIX) 5.4 server at 10.166.0.39.
NOTE: Libref ARCLIB was successfully assigned as follows: 
      Engine:        SASSPDS 
      Physical Name: :7078782/spdsmeta2/ARCLIB/
NOTE: User sas(ACL Group ) connected to SPD(AIX) 5.4 server at 10.166.0.39.
NOTE: Libref QL_SALES was successfully assigned as follows: 
      Engine:        SASSPDS 
      Physical Name: :7078782/spdsmeta2/QL_SALES/
NOTE: User sas(ACL Group ) connected to SPD(AIX) 5.4 server at 10.166.0.39.
NOTE: Libref ETSDM was successfully assigned as follows: 
      Engine:        SASSPDS 
      Physical Name: :7078782/spdsmeta2/etsdm/
NOTE: User sas(ACL Group ) connected to SPD(AIX) 5.4 server at 10.166.0.39.
NOTE: Libref EPYTMP was successfully assigned as follows: 
      Engine:        SASSPDS 
      Physical Name: :7078782/spdsmeta2/EPYTMP/
NOTE: User sas(ACL Group ) connected to SPD(AIX) 5.4 server at 10.166.0.39.
NOTE: Libref HRDM was successfully assigned as follows: 
      Engine:        SASSPDS 
      Physical Name: :7078782/spdsmeta2/HRDM/
NOTE: User sas(ACL Group ) connected to SPD(AIX) 5.4 server at 10.166.0.39.
NOTE: Libref CNPRCTMP was successfully assigned as follows: 
      Engine:        SASSPDS 
      Physical Name: :7078782/spdsmeta2/cnprctmp/
NOTE: User sas(ACL Group ) connected to SPD(AIX) 5.4 server at 10.166.0.39.
NOTE: Libref DI_SMDM was successfully assigned as follows: 
      Engine:        SASSPDS 
      Physical Name: :7078782/spdsmeta2/DI_SMDM/
NOTE: User sas(ACL Group ) connected to SPD(AIX) 5.4 server at 10.166.0.39.
NOTE: Libref PREFLIB was successfully assigned as follows: 
      Engine:        SASSPDS 
      Physical Name: :7078782/spdsmeta2/PREFLIB/
13                                                         The SAS System                            09:00 Tuesday, November 3, 2020

NOTE: User sas(ACL Group ) connected to SPD(AIX) 5.4 server at 10.166.0.39.
NOTE: Libref TRNLIB3 was successfully assigned as follows: 
      Engine:        SASSPDS 
      Physical Name: :7078782/spdsmeta2/TRNLIB3/
NOTE: User sas(ACL Group ) connected to SPD(AIX) 5.4 server at 10.166.0.39.
NOTE: Libref TMPLIB33 was successfully assigned as follows: 
      Engine:        SASSPDS 
      Physical Name: :7078782/spdsmeta2/TMPLIB3/
NOTE: User sas(ACL Group ) connected to SPD(AIX) 5.4 server at 10.166.0.39.
NOTE: Libref SHFDM was successfully assigned as follows: 
      Engine:        SASSPDS 
      Physical Name: :7078782/spdsmeta2/SHFDM/
NOTE: User sas(ACL Group ) connected to SPD(AIX) 5.4 server at 10.166.0.39.
NOTE: Libref SPDM was successfully assigned as follows: 
      Engine:        SASSPDS 
      Physical Name: :7078782/spdsmeta2/SPDM/
NOTE: User sas(ACL Group ) connected to SPD(AIX) 5.4 server at 10.166.0.39.
NOTE: Libref SSIMDM was successfully assigned as follows: 
      Engine:        SASSPDS 
      Physical Name: :7078782/spdsmeta2/SSIMDM/
NOTE: User sas(ACL Group ) connected to SPD(AIX) 5.4 server at 10.166.0.39.
NOTE: Libref TKDM was successfully assigned as follows: 
      Engine:        SASSPDS 
      Physical Name: :7078782/spdsmeta2/TKDM/
NOTE: User sas(ACL Group ) connected to SPD(AIX) 5.4 server at 10.166.0.39.
NOTE: Libref EAP_PR was successfully assigned as follows: 
      Engine:        SASSPDS 
      Physical Name: :7078782/spdsmeta2/EAP_PR/
NOTE: User sas(ACL Group ) connected to SPD(AIX) 5.4 server at 10.166.0.39.
NOTE: Libref EAP_PAY was successfully assigned as follows: 
      Engine:        SASSPDS 
      Physical Name: :7078782/spdsmeta2/EAP_PAY/
NOTE: User sas(ACL Group ) connected to SPD(AIX) 5.4 server at 10.166.0.39.
NOTE: Libref KMHMDM was successfully assigned as follows: 
      Engine:        SASSPDS 
      Physical Name: :7078782/spdsmeta2/KMHMDM/
NOTE: User sas(ACL Group ) connected to SPD(AIX) 5.4 server at 10.166.0.39.
NOTE: Libref QVYDM was successfully assigned as follows: 
      Engine:        SASSPDS 
      Physical Name: :7078782/spdsmeta2/QVYDM/
NOTE: User sas(ACL Group ) connected to SPD(AIX) 5.4 server at 10.166.0.39.
NOTE: Libref VYDMKVKK was successfully assigned as follows: 
      Engine:        SASSPDS 
      Physical Name: :7078782/spdsmeta2/VYDMKVKK/
NOTE: User sas(ACL Group ) connected to SPD(AIX) 5.4 server at 10.166.0.39.
NOTE: Libref OGMTMP was successfully assigned as follows: 
      Engine:        SASSPDS 
      Physical Name: :7078782/spdsmeta2/OGMTMP/
NOTE: User sas(ACL Group ) connected to SPD(AIX) 5.4 server at 10.166.0.39.
NOTE: Libref OGMDM was successfully assigned as follows: 
      Engine:        SASSPDS 
      Physical Name: :7078782/spdsmeta2/OGMDM/
NOTE: User sas(ACL Group ) connected to SPD(AIX) 5.4 server at 10.166.0.39.
NOTE: Libref PRCTMP was successfully assigned as follows: 
      Engine:        SASSPDS 
      Physical Name: :7078782/spdsmeta2/prctmp/
NOTE: User sas(ACL Group ) connected to SPD(AIX) 5.4 server at 10.166.0.39.
NOTE: Libref CNPRCDM was successfully assigned as follows: 
14                                                         The SAS System                            09:00 Tuesday, November 3, 2020

      Engine:        SASSPDS 
      Physical Name: :7078782/spdsmeta2/cnprcdm/
NOTE: User sas(ACL Group ) connected to SPD(AIX) 5.4 server at 10.166.0.39.
NOTE: Libref IADM was successfully assigned as follows: 
      Engine:        SASSPDS 
      Physical Name: :7078782/spdsmeta2/iadm/
NOTE: User sas(ACL Group ) connected to SPD(AIX) 5.4 server at 10.166.0.39.
NOTE: Libref SMTMP2 was successfully assigned as follows: 
      Engine:        SASSPDS 
      Physical Name: :7078782/spdsmeta2/smtmp2/
NOTE: User sas(ACL Group ) connected to SPD(AIX) 5.4 server at 10.166.0.39.
NOTE: Libref ETSTMP was successfully assigned as follows: 
      Engine:        SASSPDS 
      Physical Name: :7078782/spdsmeta2/etstmp/
NOTE: User sas(ACL Group ) connected to SPD(AIX) 5.4 server at 10.166.0.39.
NOTE: Libref BITMP was successfully assigned as follows: 
      Engine:        SASSPDS 
      Physical Name: :7078782/spdsmeta2/bitmp/
NOTE: User sas(ACL Group ) connected to SPD(AIX) 5.4 server at 10.166.0.39.
NOTE: Libref BIDM was successfully assigned as follows: 
      Engine:        SASSPDS 
      Physical Name: :7078782/spdsmeta2/bidm/
NOTE: User sas(ACL Group ) connected to SPD(AIX) 5.4 server at 10.166.0.39.
NOTE: Libref HSLIB was successfully assigned as follows: 
      Engine:        SASSPDS 
      Physical Name: :7078782/spdsmeta2/hslib/
NOTE: User sas(ACL Group ) connected to SPD(AIX) 5.4 server at 10.166.0.39.
NOTE: Libref RASDM was successfully assigned as follows: 
      Engine:        SASSPDS 
      Physical Name: :7078782/spdsmeta2/rasdm/
NOTE: User sas(ACL Group ) connected to SPD(AIX) 5.4 server at 10.166.0.39.
NOTE: Libref RAPVAS was successfully assigned as follows: 
      Engine:        SASSPDS 
      Physical Name: :7078782/spdsmeta2/rapvas/
NOTE: User sas(ACL Group ) connected to SPD(AIX) 5.4 server at 10.166.0.39.
NOTE: Libref FPCTMP was successfully assigned as follows: 
      Engine:        SASSPDS 
      Physical Name: :7078782/spdsmeta2/fpctmp/
NOTE: User sas(ACL Group ) connected to SPD(AIX) 5.4 server at 10.166.0.39.
NOTE: Libref FRCPRD was successfully assigned as follows: 
      Engine:        SASSPDS 
      Physical Name: :7078782/spdsmeta2/FRCPRD/
NOTE: User sas(ACL Group ) connected to SPD(AIX) 5.4 server at 10.166.0.39.
NOTE: Libref FRCARC was successfully assigned as follows: 
      Engine:        SASSPDS 
      Physical Name: :7078782/spdsmeta2/FRCARC/
NOTE: User sas(ACL Group ) connected to SPD(AIX) 5.4 server at 10.166.0.39.
NOTE: Libref PRCHPRD was successfully assigned as follows: 
      Engine:        SASSPDS 
      Physical Name: :7078782/spdsmeta2/PRCHPRD/
NOTE: User sas(ACL Group ) connected to SPD(AIX) 5.4 server at 10.166.0.39.
NOTE: Libref PRCHARC was successfully assigned as follows: 
      Engine:        SASSPDS 
      Physical Name: :7078782/spdsmeta2/PRCHARC/
NOTE: User sas(ACL Group ) connected to SPD(AIX) 5.4 server at 10.166.0.39.
NOTE: Libref HDGPRD was successfully assigned as follows: 
      Engine:        SASSPDS 
      Physical Name: :7078782/spdsmeta2/HDGPRD/
15                                                         The SAS System                            09:00 Tuesday, November 3, 2020

NOTE: User sas(ACL Group ) connected to SPD(AIX) 5.4 server at 10.166.0.39.
NOTE: Libref HDGARC was successfully assigned as follows: 
      Engine:        SASSPDS 
      Physical Name: :7078782/spdsmeta2/HDGARC/
NOTE: User sas(ACL Group ) connected to SPD(AIX) 5.4 server at 10.166.0.39.
NOTE: Libref PILIB2 was successfully assigned as follows: 
      Engine:        SASSPDS 
      Physical Name: :7078782/spdsmeta2/PILIB2/
NOTE: User sas(ACL Group ) connected to SPD(AIX) 5.4 server at 10.166.0.39.
NOTE: Libref MTHSO was successfully assigned as follows: 
      Engine:        SASSPDS 
      Physical Name: :7078782/spdsmeta2/MTHSO/
NOTE: User sas(ACL Group ) connected to SPD(AIX) 5.4 server at 10.166.0.39.
NOTE: Libref MTHMA was successfully assigned as follows: 
      Engine:        SASSPDS 
      Physical Name: :7078782/spdsmeta2/MTHMA/
NOTE: User sas(ACL Group ) connected to SPD(AIX) 5.4 server at 10.166.0.39.
NOTE: Libref MTHTMP was successfully assigned as follows: 
      Engine:        SASSPDS 
      Physical Name: :7078782/spdsmeta2/MTHTMP/
NOTE: User sas(ACL Group ) connected to SPD(AIX) 5.4 server at 10.166.0.39.
NOTE: Libref DYMDM was successfully assigned as follows: 
      Engine:        SASSPDS 
      Physical Name: :7078782/spdsmeta2/DYMDM/
NOTE: User sas(ACL Group ) connected to SPD(AIX) 5.4 server at 10.166.0.39.
NOTE: Libref CSSLIB was successfully assigned as follows: 
      Engine:        SASSPDS 
      Physical Name: :7078782/spdsmeta2/CSSLIB/
NOTE: User sas(ACL Group ) connected to SPD(AIX) 5.4 server at 10.166.0.39.
NOTE: Libref SAHOL was successfully assigned as follows: 
      Engine:        SASSPDS 
      Physical Name: :7078782/spdsmeta2/SAHOL/
NOTE: User sas(ACL Group ) connected to SPD(AIX) 5.4 server at 10.166.0.39.
NOTE: Libref MKVR was successfully assigned as follows: 
      Engine:        SASSPDS 
      Physical Name: :7078782/spdsmeta2/MKVR/
137        /****************************************************************************
138         * Job:             Extract RIP ZBIL_SMS_CON_SAS Table    A5LEQ650.BQ0014TI *
139         * Description:                                                             *
140         *                                                                          *
141         * Metadata Server: eedpa0.enerjisa.local                                   *
142         * Port:            8561                                                    *
143         * Location:        /Data Integration/Jobs/9. Extraction_Tr/1. Master Data  *
144         *                   - RIP                                                  *
145         *                                                                          *
146         * Server:          SASApp                                A5LEQ650.AT000002 *
147         *                                                                          *
148         * Source Table:    ZBIL_SMS_CON_SAS - -                  A5LEQ650.BI001EKN *
149         *                   SAPrip.ZBIL_SMS_CON_SAS                                *
150         * Target Table:    RIP_ZBIL_SMS_CON_SAS -                A5LEQ650.BI001EKO *
151         *                   PODSLIB1.RIP_ZBIL_SMS_CON_SAS                          *
152         *                                                                          *
153         * Generated on:    Monday, December 18, 2017 12:04:11 PM EET               *
154         * Generated by:    sasdemo                                                 *
155         * Version:         SAS Data Integration Studio 4.902                       *
156         ****************************************************************************/
157        
158        /* Generate the process id for job  */
16                                                         The SAS System                            09:00 Tuesday, November 3, 2020

159        %put Process ID: &SYSJOBID;
Process ID: 6292140
160        
161        /* General macro variables  */
162        %let jobID = %quote(A5LEQ650.BQ0014TI);
163        %let etls_jobName = %nrquote(Extract RIP ZBIL_SMS_CON_SAS Table);
164        %let etls_userID = %nrquote(sasdemo);
165        
166        /* Setup to capture return codes  */
167        %global job_rc trans_rc sqlrc;
168        %let sysrc = 0;
169        %let job_rc = 0;
170        %let trans_rc = 0;
171        %let sqlrc = 0;
172        %global etls_stepStartTime;
173        /* initialize syserr to 0 */
174        data _null_; run;

NOTE: DATA statement used (Total process time):
      real time           0.00 seconds
      cpu time            0.00 seconds
      

175        
176        %macro rcSet(error);
177           %if (&error gt &trans_rc) %then
178              %let trans_rc = &error;
179           %if (&error gt &job_rc) %then
180              %let job_rc = &error;
181        %mend rcSet;
182        
183        %macro rcSetDS(error);
184           if &error gt input(symget('trans_rc'),12.) then
185              call symput('trans_rc',trim(left(put(&error,12.))));
186           if &error gt input(symget('job_rc'),12.) then
187              call symput('job_rc',trim(left(put(&error,12.))));
188        %mend rcSetDS;
189        
190        /* Create metadata macro variables */
191        %let IOMServer      = %nrquote(SASApp);
192        %let metaPort       = %nrquote(8561);
193        %let metaServer     = %nrquote(eedpa0);
194        
195        /* Setup for capturing job status  */
196        %let etls_startTime = %sysfunc(datetime(),datetime.);
197        %let etls_recordsBefore = 0;
198        %let etls_recordsAfter = 0;
199        %let etls_lib = 0;
200        %let etls_table = 0;
201        
202        %global etls_debug;
203        %macro etls_setDebug;
204           %if %str(&etls_debug) ne 0 %then
205              OPTIONS MPRINT%str(;);
206        %mend;
207        %etls_setDebug;
208        
209        /*==========================================================================*
17                                                         The SAS System                            09:00 Tuesday, November 3, 2020

210         * Step:            Extract                               A5LEQ650.BT001D5R *
211         * Transform:       Extract                                                 *
212         * Description:                                                             *
213         *                                                                          *
214         * Source Table:    ZBIL_SMS_CON_SAS - -                  A5LEQ650.BI001EKN *
215         *                   SAPrip.ZBIL_SMS_CON_SAS                                *
216         * Target Table:    Extract - work.W46NM0UT0              A5LEQ650.C1000WBK *
217         *==========================================================================*/
218        
219        %let transformID = %quote(A5LEQ650.BT001D5R);
220        %let trans_rc = 0;
221        %let etls_stepStartTime = %sysfunc(datetime(), datetime20.);
222        
223        /* Access the data for RIP  */
224        LIBNAME SAPrip SASIOSR3  sysnr=11  ashost="erripa0.enerjisa.retail"  BatchMode=1  trace=0  language=EN  Client=500
224      ! AUTHDOMAIN="RIE" ;
NOTE:  Credential obtained from SAS metadata server.
NOTE: Libref SAPRIP was successfully assigned as follows: 
      Engine:        R3 
      Physical Name: erripa0.enerjisa.retail
225        %rcSet(&syslibrc);
226        
227        %let etls_recnt = 0;
228        %macro etls_recordCheck;
229           %let etls_recCheckExist = %eval(%sysfunc(exist(SAPrip.ZBIL_SMS_CON_SAS, DATA)) or
230                 %sysfunc(exist(SAPrip.ZBIL_SMS_CON_SAS, VIEW)));
231        
232           %if (&etls_recCheckExist) %then
233           %do;
234              proc sql noprint;
235                 select count(*) into :etls_recnt from SAPrip.ZBIL_SMS_CON_SAS;
236              quit;
237           %end;
238        %mend etls_recordCheck;
239        %etls_recordCheck;
MPRINT(ETLS_RECORDCHECK):   proc sql noprint;
MPRINT(ETLS_RECORDCHECK):   select count(*) into :etls_recnt from SAPrip.ZBIL_SMS_CON_SAS;
MPRINT(ETLS_RECORDCHECK):   quit;
NOTE: PROCEDURE SQL used (Total process time):
      real time           7.27 seconds
      cpu time            0.02 seconds
      

240        
241        %let SYSLAST = %nrquote(SAPrip.ZBIL_SMS_CON_SAS);
242        
243        %global etls_sql_pushDown;
244        %let etls_sql_pushDown = -1;
245        option DBIDIRECTEXEC;
246        
247        /*---- Map the columns  ----*/
248        proc datasets lib = work nolist nowarn memtype = (data view);
249           delete W46NM0UT0;
250        quit;

NOTE: PROCEDURE DATASETS used (Total process time):
      real time           0.03 seconds
      cpu time            0.01 seconds
18                                                         The SAS System                            09:00 Tuesday, November 3, 2020

      

251        
252        %put %str(NOTE: Mapping columns ...);
NOTE: Mapping columns ...
253        proc sql;
254           create view work.W46NM0UT0 as
255              select
256                 MANDT,
257                 UUID,
258                 PARTNER,
259                 VKONT,
260                 ANLAGE,
261                 TEL,
262                 OPBEL,
263                 ZZBPNAME,
264                 ZZADRLINE1,
265                 PREV_CONS,
266                 CONS,
267                 CREATION_DATE,
268                 TIME,
269                 EXPIRATON_DATE,
270                 GRAPH,
271                 LINK
272           from &SYSLAST
273           ;
NOTE: SQL view WORK.W46NM0UT0 has been defined.
274        quit;
NOTE: PROCEDURE SQL used (Total process time):
      real time           0.00 seconds
      cpu time            0.00 seconds
      

275        
276        %let SYSLAST = work.W46NM0UT0;
277        
278        %global etls_sql_pushDown;
279        %let etls_sql_pushDown = &sys_sql_ip_all;
280        
281        %rcSet(&sqlrc);
282        
283        
284        
285        /**  Step end Extract **/
286        
287        /*==========================================================================*
288         * Step:            Table Loader                          A5LEQ650.BT001D5S *
289         * Transform:       Table Loader (Version 2.1)                              *
290         * Description:                                                             *
291         *                                                                          *
292         * Source Table:    Extract - work.W46NM0UT0              A5LEQ650.C1000WBK *
293         * Target Table:    RIP_ZBIL_SMS_CON_SAS -                A5LEQ650.BI001EKO *
294         *                   PODSLIB1.RIP_ZBIL_SMS_CON_SAS                          *
295         *==========================================================================*/
296        
297        %let transformID = %quote(A5LEQ650.BT001D5S);
298        %let trans_rc = 0;
299        %let etls_stepStartTime = %sysfunc(datetime(), datetime20.);
19                                                         The SAS System                            09:00 Tuesday, November 3, 2020

300        
301        %let SYSLAST = %nrquote(work.W46NM0UT0);
302        
303        %global etls_sql_pushDown;
304        %let etls_sql_pushDown = -1;
305        option DBIDIRECTEXEC;
306        
307        %global etls_tableExist;
308        %global etls_numIndex;
309        %global etls_lastTable;
310        %let etls_tableExist = -1;
311        %let etls_numIndex = -1;
312        %let etls_lastTable = &SYSLAST;
313        
314        /*---- Define load data macro  ----*/
315        
316        /* --------------------------------------------------------------
317           Load Technique Selection: Replace - EntireTable
318           Constraint and index action selections: 'ASIS','ASIS','ASIS','ASIS'
319           Additional options selections...
320              Set unmapped to missing on updates: false
321           -------------------------------------------------------------- */
322        %macro etls_loader;
323        
324           %let etls_tableOptions = ;
325        
326           /* Get number of records in table  */
327           %let etls_recCheckExist = 0;
328           %let etls_recordsBefore = 0;
329           %macro etls_recordCheck;
330              %let etls_recCheckExist = %eval(%sysfunc(exist(PODSLIB1.RIP_ZBIL_SMS_CON_SAS, DATA)) or
331                    %sysfunc(exist(PODSLIB1.RIP_ZBIL_SMS_CON_SAS, VIEW)));
332        
333              %if (&etls_recCheckExist) %then
334              %do;
335                 %local etls_syntaxcheck;
336                 %let etls_syntaxcheck = %sysfunc(getoption(syntaxcheck));
337                 /* Turn off syntaxcheck option to perform following steps  */
338                 options nosyntaxcheck;
339        
340                 proc contents data = PODSLIB1.RIP_ZBIL_SMS_CON_SAS out = work.etls_contents(keep = nobs) noprint;
341                 run;
342        
343                 data _null_;
344                    set work.etls_contents (obs = 1);
345                    call symput("etls_recordsBefore", left(put(nobs,32.)));
346                 run;
347        
348                 proc datasets lib = work nolist nowarn memtype = (data view);
349                    delete etls_contents;
350                 quit;
351        
352                 /* Reset syntaxcheck option to previous setting  */
353                 options &etls_syntaxcheck;
354              %end;
355           %mend etls_recordCheck;
356           %etls_recordCheck;
357        
20                                                         The SAS System                            09:00 Tuesday, November 3, 2020

358           %let etls_table = %nrquote(RIP_ZBIL_SMS_CON_SAS);
359           %let etls_lib   = %nrquote(PODSLIB1);
360        
361           /* Determine if the target table exists  */
362           %let etls_tableExist = %eval(%sysfunc(exist(PODSLIB1.RIP_ZBIL_SMS_CON_SAS, DATA)) or
363                 %sysfunc(exist(PODSLIB1.RIP_ZBIL_SMS_CON_SAS, VIEW)));
364        
365           %if &etls_tableExist %then
366           %do;/* table exists  */
367              %let etls_hasPreExistingConstraint=0;
368        
369              proc datasets lib = work nolist nowarn memtype = (data view);
370                 delete etls_commands etls_commands_F;
371              quit;
372        
373              %let etls_otherTablesReferToThisTable=0;
374        
375              %macro etls_CIContents(table=,workTableOut=,inDSOptions=);
376                 %put NOTE: Building table listing Constraints and Indexes for: &table;
377                 proc datasets lib=work nolist; delete &workTableOut; quit;
378                 proc contents data=&table&inDSOptions out2=&workTableOut noprint; run;
379        
380                 data &workTableOut;
381                    length name $60 type $20 icown idxUnique idxNoMiss $3 recreate $600;
382                    name = '';
383                    type = '';
384                    icown = '';
385                    idxUnique = '';
386                    idxNoMiss = '';
387                    recreate = '';
388                    set &workTableOut;
389                    ref = '';
390                    type=upcase(type);
391                    if type eq 'REFERENTIAL' then
392                    do;
393                       put "WARNING%QUOTE(:) Target table is referenced by constraints in"
394                            " another table: " ref;
395                       call symput('etls_otherTablesReferToThisTable','1');
396                       delete;
397                    end;
398                    if type='INDEX' and ICOwn eq 'YES' then delete;
399                 run;
400                 %rcSet(&syserr);
401        
402              %mend etls_CIContents;
403        
404              %etls_CIContents(table=PODSLIB1.RIP_ZBIL_SMS_CON_SAS, workTableOut=etls_commands, inDSOptions=);
405        
406              %if &etls_otherTablesReferToThisTable %then
407                 %put WARNING%QUOTE(:) Replacing entire table will fail. Consider an alternate load technique or revising
407      ! constraints.;
408              %else
409              %do; /* okay - remove foreign keys  */
410        
411                 data etls_commands_F;
412                    set etls_commands;
413                    if upcase(type)="FOREIGN KEY" then
414                    do;
21                                                         The SAS System                            09:00 Tuesday, November 3, 2020

415                       command='ic delete '||trim(name)||';';
416                       output etls_commands_F;
417                    end;
418                 run;
419        
420                 %put %str(NOTE: Removing foreign keys before dropping table...);
421                 data _null_;
422                    set etls_commands_F end=eof;
423                    if _n_=1 then
424                       call execute('proc datasets nolist lib=PODSLIB1;modify RIP_ZBIL_SMS_CON_SAS;');
425                    call execute(command);
426                    if eof then call execute('; quit;');
427                 run;
428                 %rcSet(&syserr);
429        
430           %end; /* okay - remove foreign keys  */
431        
432           proc datasets lib = work nolist nowarn memtype = (data view);
433              delete etls_commands etls_commands_F;
434           quit;
435        
436           /*---- Drop a table  ----*/
437           %put %str(NOTE: Dropping table ...);
438           proc datasets lib = PODSLIB1 nolist nowarn memtype = (data view);
439              delete RIP_ZBIL_SMS_CON_SAS;
440           quit;
441        
442           %rcSet(&syserr);
443        
444           %let etls_tableExist = 0;
445        
446        %end; /* table exists  */
447        
448        /*---- Create a new table  ----*/
449        %if (&etls_tableExist eq 0) %then
450        %do;  /* if table does not exist  */
451        
452           %put %str(NOTE: Creating table ...);
453        
454           data PODSLIB1.RIP_ZBIL_SMS_CON_SAS
455                   (COMPRESS = YES);
456              attrib MANDT length = 8
457                 format = 3.
458                 label = 'Client';
459              attrib UUID length = $32
460                 format = $32.
461                 label = 'GUID in ''CHAR'' Format in Uppercase';
462              attrib PARTNER length = $10
463                 format = $10.
464                 label = 'Business Partner Number';
465              attrib VKONT length = $12
466                 format = $12.
467                 label = 'Contract Account Number';
468              attrib ANLAGE length = $10
469                 format = $10.
470                 label = 'Installation';
471              attrib TEL length = $13
472                 format = $13.;
22                                                         The SAS System                            09:00 Tuesday, November 3, 2020

473              attrib OPBEL length = $12
474                 format = $12.
475                 label = 'Number of print document';
476              attrib ZZBPNAME length = $128
477                 format = $128.;
478              attrib ZZADRLINE1 length = $80
479                 format = $80.
480                 label = 'Address line';
481              attrib PREV_CONS length = 8
482                 format = 19.3
483                 label = 'Quantity';
484              attrib CONS length = 8
485                 format = 19.3
486                 label = 'Quantity';
487              attrib CREATION_DATE length = 8
488                 format = DATE9.
489                 label = 'Date';
490              attrib TIME length = 8
491                 format = TIME8.
492                 label = 'Time';
493              attrib EXPIRATON_DATE length = 8
494                 format = DATE9.
495                 label = 'Date';
496              attrib GRAPH length = $1024
497                 format = $1024.;
498              attrib LINK length = $1024
499                 format = $1024.;
500              call missing(of _all_);
501              stop;
502           run;
503        
504           %rcSet(&syserr);
505        
506        %end;  /* if table does not exist  */
507        
508        /*---- Append  ----*/
509        %put %str(NOTE: Appending data ...);
510        
511        proc append base = PODSLIB1.RIP_ZBIL_SMS_CON_SAS(COMPRESS = YES)
512           data = &etls_lastTable (&etls_tableOptions)  force ;
513         run;
514        
515        %rcSet(&syserr);
516        
517        /* Get number of records in table  */
518        %let etls_recCheckExist = 0;
519        %let etls_recordsAfter = 0;
520        %macro etls_recordCheck;
521           %let etls_recCheckExist = %eval(%sysfunc(exist(PODSLIB1.RIP_ZBIL_SMS_CON_SAS, DATA)) or
522                 %sysfunc(exist(PODSLIB1.RIP_ZBIL_SMS_CON_SAS, VIEW)));
523        
524           %if (&etls_recCheckExist) %then
525           %do;
526              %local etls_syntaxcheck;
527              %let etls_syntaxcheck = %sysfunc(getoption(syntaxcheck));
528              /* Turn off syntaxcheck option to perform following steps  */
529              options nosyntaxcheck;
530        
23                                                         The SAS System                            09:00 Tuesday, November 3, 2020

531              proc contents data = PODSLIB1.RIP_ZBIL_SMS_CON_SAS out = work.etls_contents(keep = nobs) noprint;
532              run;
533        
534              data _null_;
535                 set work.etls_contents (obs = 1);
536                 call symput("etls_recordsAfter", left(put(nobs,32.)));
537              run;
538        
539              proc datasets lib = work nolist nowarn memtype = (data view);
540                 delete etls_contents;
541              quit;
542        
543              /* Reset syntaxcheck option to previous setting  */
544              options &etls_syntaxcheck;
545           %end;
546        %mend etls_recordCheck;
547        %etls_recordCheck;
548        
549        %mend etls_loader;
550        %etls_loader;
MPRINT(ETLS_RECORDCHECK):   options nosyntaxcheck;
MPRINT(ETLS_RECORDCHECK):   proc contents data = PODSLIB1.RIP_ZBIL_SMS_CON_SAS out = work.etls_contents(keep = nobs) noprint;
MPRINT(ETLS_RECORDCHECK):   run;

NOTE: The data set WORK.ETLS_CONTENTS has 16 observations and 1 variables.
NOTE: PROCEDURE CONTENTS used (Total process time):
      real time           0.01 seconds
      cpu time            0.00 seconds
      

MPRINT(ETLS_RECORDCHECK):   data _null_;
MPRINT(ETLS_RECORDCHECK):   set work.etls_contents (obs = 1);
MPRINT(ETLS_RECORDCHECK):   call symput("etls_recordsBefore", left(put(nobs,32.)));
MPRINT(ETLS_RECORDCHECK):   run;

NOTE: There were 1 observations read from the data set WORK.ETLS_CONTENTS.
NOTE: DATA statement used (Total process time):
      real time           0.00 seconds
      cpu time            0.01 seconds
      

MPRINT(ETLS_RECORDCHECK):   proc datasets lib = work nolist nowarn memtype = (data view);
MPRINT(ETLS_RECORDCHECK):   delete etls_contents;
MPRINT(ETLS_RECORDCHECK):   quit;

NOTE: Deleting WORK.ETLS_CONTENTS (memtype=DATA).
NOTE: PROCEDURE DATASETS used (Total process time):
      real time           0.00 seconds
      cpu time            0.00 seconds
      

MPRINT(ETLS_RECORDCHECK):   options SYNTAXCHECK;
MPRINT(ETLS_LOADER):  ;
MPRINT(ETLS_LOADER):   proc datasets lib = work nolist nowarn memtype = (data view);
MPRINT(ETLS_LOADER):   delete etls_commands etls_commands_F;
MPRINT(ETLS_LOADER):   quit;

NOTE: PROCEDURE DATASETS used (Total process time):
24                                                         The SAS System                            09:00 Tuesday, November 3, 2020

      real time           0.00 seconds
      cpu time            0.00 seconds
      

NOTE: Building table listing Constraints and Indexes for: PODSLIB1.RIP_ZBIL_SMS_CON_SAS
MPRINT(ETLS_CICONTENTS):   proc datasets lib=work nolist;
MPRINT(ETLS_CICONTENTS):   delete etls_commands;
MPRINT(ETLS_CICONTENTS):   quit;

NOTE: The file WORK.ETLS_COMMANDS (memtype=DATA) was not found, but appears on a DELETE statement.
NOTE: PROCEDURE DATASETS used (Total process time):
      real time           0.00 seconds
      cpu time            0.00 seconds
      

MPRINT(ETLS_CICONTENTS):   proc contents data=PODSLIB1.RIP_ZBIL_SMS_CON_SAS out2=etls_commands noprint;
MPRINT(ETLS_CICONTENTS):   run;

NOTE: The data set WORK.ETLS_COMMANDS has 0 observations and 0 variables.
NOTE: PROCEDURE CONTENTS used (Total process time):
      real time           0.00 seconds
      cpu time            0.00 seconds
      

MPRINT(ETLS_CICONTENTS):   data etls_commands;
MPRINT(ETLS_CICONTENTS):   length name $60 type $20 icown idxUnique idxNoMiss $3 recreate $600;
MPRINT(ETLS_CICONTENTS):   name = '';
MPRINT(ETLS_CICONTENTS):   type = '';
MPRINT(ETLS_CICONTENTS):   icown = '';
MPRINT(ETLS_CICONTENTS):   idxUnique = '';
MPRINT(ETLS_CICONTENTS):   idxNoMiss = '';
MPRINT(ETLS_CICONTENTS):   recreate = '';
MPRINT(ETLS_CICONTENTS):   set etls_commands;
MPRINT(ETLS_CICONTENTS):   ref = '';
MPRINT(ETLS_CICONTENTS):   type=upcase(type);
MPRINT(ETLS_CICONTENTS):   if type eq 'REFERENTIAL' then do;
MPRINT(ETLS_CICONTENTS):   put "WARNING: Target table is referenced by constraints in" " another table: " ref;
MPRINT(ETLS_CICONTENTS):   call symput('etls_otherTablesReferToThisTable','1');
MPRINT(ETLS_CICONTENTS):   delete;
MPRINT(ETLS_CICONTENTS):   end;
MPRINT(ETLS_CICONTENTS):   if type='INDEX' and ICOwn eq 'YES' then delete;
MPRINT(ETLS_CICONTENTS):   run;

NOTE: There were 0 observations read from the data set WORK.ETLS_COMMANDS.
NOTE: The data set WORK.ETLS_COMMANDS has 0 observations and 7 variables.
NOTE: DATA statement used (Total process time):
      real time           0.00 seconds
      cpu time            0.01 seconds
      

MPRINT(ETLS_CICONTENTS):  ;
MPRINT(ETLS_LOADER):  ;
MPRINT(ETLS_LOADER):   data etls_commands_F;
MPRINT(ETLS_LOADER):   set etls_commands;
MPRINT(ETLS_LOADER):   if upcase(type)="FOREIGN KEY" then do;
MPRINT(ETLS_LOADER):   command='ic delete '||trim(name)||';';
MPRINT(ETLS_LOADER):   output etls_commands_F;
MPRINT(ETLS_LOADER):   end;
25                                                         The SAS System                            09:00 Tuesday, November 3, 2020

MPRINT(ETLS_LOADER):   run;

NOTE: There were 0 observations read from the data set WORK.ETLS_COMMANDS.
NOTE: The data set WORK.ETLS_COMMANDS_F has 0 observations and 8 variables.
NOTE: DATA statement used (Total process time):
      real time           0.00 seconds
      cpu time            0.00 seconds
      

NOTE: Removing foreign keys before dropping table...
MPRINT(ETLS_LOADER):   data _null_;
MPRINT(ETLS_LOADER):   set etls_commands_F end=eof;
MPRINT(ETLS_LOADER):   if _n_=1 then call execute('proc datasets nolist lib=PODSLIB1;modify RIP_ZBIL_SMS_CON_SAS;');
MPRINT(ETLS_LOADER):   call execute(command);
MPRINT(ETLS_LOADER):   if eof then call execute('; quit;');
MPRINT(ETLS_LOADER):   run;

NOTE: There were 0 observations read from the data set WORK.ETLS_COMMANDS_F.
NOTE: DATA statement used (Total process time):
      real time           0.00 seconds
      cpu time            0.00 seconds
      

MPRINT(ETLS_LOADER):  ;
MPRINT(ETLS_LOADER):   proc datasets lib = work nolist nowarn memtype = (data view);
MPRINT(ETLS_LOADER):   delete etls_commands etls_commands_F;
MPRINT(ETLS_LOADER):   quit;

NOTE: Deleting WORK.ETLS_COMMANDS (memtype=DATA).
NOTE: Deleting WORK.ETLS_COMMANDS_F (memtype=DATA).
NOTE: PROCEDURE DATASETS used (Total process time):
      real time           0.00 seconds
      cpu time            0.00 seconds
      

NOTE: Dropping table ...
MPRINT(ETLS_LOADER):   proc datasets lib = PODSLIB1 nolist nowarn memtype = (data view);
MPRINT(ETLS_LOADER):   delete RIP_ZBIL_SMS_CON_SAS;
MPRINT(ETLS_LOADER):   quit;

NOTE: Deleting PODSLIB1.RIP_ZBIL_SMS_CON_SAS (memtype=DATA).
NOTE: PROCEDURE DATASETS used (Total process time):
      real time           4.63 seconds
      cpu time            0.01 seconds
      

MPRINT(ETLS_LOADER):  ;
NOTE: Creating table ...
MPRINT(ETLS_LOADER):   data PODSLIB1.RIP_ZBIL_SMS_CON_SAS (COMPRESS = YES);
MPRINT(ETLS_LOADER):   attrib MANDT length = 8 format = 3. label = 'Client';
MPRINT(ETLS_LOADER):   attrib UUID length = $32 format = $32. label = 'GUID in ''CHAR'' Format in Uppercase';
MPRINT(ETLS_LOADER):   attrib PARTNER length = $10 format = $10. label = 'Business Partner Number';
MPRINT(ETLS_LOADER):   attrib VKONT length = $12 format = $12. label = 'Contract Account Number';
MPRINT(ETLS_LOADER):   attrib ANLAGE length = $10 format = $10. label = 'Installation';
MPRINT(ETLS_LOADER):   attrib TEL length = $13 format = $13.;
MPRINT(ETLS_LOADER):   attrib OPBEL length = $12 format = $12. label = 'Number of print document';
MPRINT(ETLS_LOADER):   attrib ZZBPNAME length = $128 format = $128.;
MPRINT(ETLS_LOADER):   attrib ZZADRLINE1 length = $80 format = $80. label = 'Address line';
26                                                         The SAS System                            09:00 Tuesday, November 3, 2020

MPRINT(ETLS_LOADER):   attrib PREV_CONS length = 8 format = 19.3 label = 'Quantity';
MPRINT(ETLS_LOADER):   attrib CONS length = 8 format = 19.3 label = 'Quantity';
MPRINT(ETLS_LOADER):   attrib CREATION_DATE length = 8 format = DATE9. label = 'Date';
MPRINT(ETLS_LOADER):   attrib TIME length = 8 format = TIME8. label = 'Time';
MPRINT(ETLS_LOADER):   attrib EXPIRATON_DATE length = 8 format = DATE9. label = 'Date';
MPRINT(ETLS_LOADER):   attrib GRAPH length = $1024 format = $1024.;
MPRINT(ETLS_LOADER):   attrib LINK length = $1024 format = $1024.;
MPRINT(ETLS_LOADER):   call missing(of _all_);
MPRINT(ETLS_LOADER):   stop;
MPRINT(ETLS_LOADER):   run;

NOTE: The data set PODSLIB1.RIP_ZBIL_SMS_CON_SAS has 0 observations and 16 variables.
NOTE: DATA statement used (Total process time):
      real time           0.01 seconds
      cpu time            0.00 seconds
      

MPRINT(ETLS_LOADER):  ;
NOTE: Appending data ...
MPRINT(ETLS_LOADER):   proc append base = PODSLIB1.RIP_ZBIL_SMS_CON_SAS(COMPRESS = YES) data = WORK.W46NM0UT0 () force ;
MPRINT(ETLS_LOADER):   run;

NOTE: Appending WORK.W46NM0UT0 to PODSLIB1.RIP_ZBIL_SMS_CON_SAS.
WARNING: Variable TEL has different lengths on BASE and DATA files (BASE 13 DATA 30).
WARNING: Variable PREV_CONS not appended because of type mismatch.
WARNING: Variable CONS not appended because of type mismatch.
NOTE: FORCE is specified, so dropping/truncating will occur.
NOTE: There were 13640917 observations read from the data set WORK.W46NM0UT0.
NOTE: 13640917 observations added.
NOTE: The data set PODSLIB1.RIP_ZBIL_SMS_CON_SAS has 13640917 observations and 16 variables.
NOTE: Compressing data set PODSLIB1.RIP_ZBIL_SMS_CON_SAS decreased size by 83.35 percent.
NOTE: PROCEDURE APPEND used (Total process time):
      real time           42:39.17
      cpu time            7:04.66
      

MPRINT(ETLS_LOADER):  ;
MPRINT(ETLS_RECORDCHECK):   options nosyntaxcheck;
MPRINT(ETLS_RECORDCHECK):   proc contents data = PODSLIB1.RIP_ZBIL_SMS_CON_SAS out = work.etls_contents(keep = nobs) noprint;
MPRINT(ETLS_RECORDCHECK):   run;

NOTE: The data set WORK.ETLS_CONTENTS has 16 observations and 1 variables.
NOTE: PROCEDURE CONTENTS used (Total process time):
      real time           0.01 seconds
      cpu time            0.00 seconds
      

MPRINT(ETLS_RECORDCHECK):   data _null_;
MPRINT(ETLS_RECORDCHECK):   set work.etls_contents (obs = 1);
MPRINT(ETLS_RECORDCHECK):   call symput("etls_recordsAfter", left(put(nobs,32.)));
MPRINT(ETLS_RECORDCHECK):   run;

NOTE: There were 1 observations read from the data set WORK.ETLS_CONTENTS.
NOTE: DATA statement used (Total process time):
      real time           0.00 seconds
      cpu time            0.00 seconds
      

27                                                         The SAS System                            09:00 Tuesday, November 3, 2020

MPRINT(ETLS_RECORDCHECK):   proc datasets lib = work nolist nowarn memtype = (data view);
MPRINT(ETLS_RECORDCHECK):   delete etls_contents;
MPRINT(ETLS_RECORDCHECK):   quit;

NOTE: Deleting WORK.ETLS_CONTENTS (memtype=DATA).
NOTE: PROCEDURE DATASETS used (Total process time):
      real time           0.00 seconds
      cpu time            0.00 seconds
      

MPRINT(ETLS_RECORDCHECK):   options SYNTAXCHECK;
MPRINT(ETLS_LOADER):  ;
551        
552        %let etls_recCheckExist = 0;
553        %let etls_recnt = 0;
554        %macro etls_recordCheck;
555           %let etls_recCheckExist = %eval(%sysfunc(exist(PODSLIB1.RIP_ZBIL_SMS_CON_SAS, DATA)) or
556                 %sysfunc(exist(PODSLIB1.RIP_ZBIL_SMS_CON_SAS, VIEW)));
557        
558           %if (&etls_recCheckExist) %then
559           %do;
560              %local etls_syntaxcheck;
561              %let etls_syntaxcheck = %sysfunc(getoption(syntaxcheck));
562              /* Turn off syntaxcheck option to perform following steps  */
563              options nosyntaxcheck;
564        
565              proc contents data = PODSLIB1.RIP_ZBIL_SMS_CON_SAS out = work.etls_contents(keep = nobs) noprint;
566              run;
567        
568              data _null_;
569                 set work.etls_contents (obs = 1);
570                 call symput("etls_recnt", left(put(nobs,32.)));
571              run;
572        
573              proc datasets lib = work nolist nowarn memtype = (data view);
574                 delete etls_contents;
575              quit;
576        
577              /* Reset syntaxcheck option to previous setting  */
578              options &etls_syntaxcheck;
579           %end;
580        %mend etls_recordCheck;
581        %etls_recordCheck;
MPRINT(ETLS_RECORDCHECK):   options nosyntaxcheck;
MPRINT(ETLS_RECORDCHECK):   proc contents data = PODSLIB1.RIP_ZBIL_SMS_CON_SAS out = work.etls_contents(keep = nobs) noprint;
MPRINT(ETLS_RECORDCHECK):   run;

NOTE: The data set WORK.ETLS_CONTENTS has 16 observations and 1 variables.
NOTE: PROCEDURE CONTENTS used (Total process time):
      real time           0.01 seconds
      cpu time            0.00 seconds
      

MPRINT(ETLS_RECORDCHECK):   data _null_;
MPRINT(ETLS_RECORDCHECK):   set work.etls_contents (obs = 1);
MPRINT(ETLS_RECORDCHECK):   call symput("etls_recnt", left(put(nobs,32.)));
MPRINT(ETLS_RECORDCHECK):   run;

28                                                         The SAS System                            09:00 Tuesday, November 3, 2020

NOTE: There were 1 observations read from the data set WORK.ETLS_CONTENTS.
NOTE: DATA statement used (Total process time):
      real time           0.00 seconds
      cpu time            0.00 seconds
      

MPRINT(ETLS_RECORDCHECK):   proc datasets lib = work nolist nowarn memtype = (data view);
MPRINT(ETLS_RECORDCHECK):   delete etls_contents;
MPRINT(ETLS_RECORDCHECK):   quit;

NOTE: Deleting WORK.ETLS_CONTENTS (memtype=DATA).
NOTE: PROCEDURE DATASETS used (Total process time):
      real time           0.00 seconds
      cpu time            0.00 seconds
      

MPRINT(ETLS_RECORDCHECK):   options SYNTAXCHECK;
582        
583        
584        
585        /**  Step end Table Loader **/
586        
587        %let etls_endTime = %sysfunc(datetime(),datetime.);
588        
589        /*---- Job status macro  ----*/
590        %macro etls_sendJobStatus(libref=, dataset=, metauser=);
591        
592           %local etls_syntaxcheck;
593           %let etls_syntaxcheck = %sysfunc(getoption(syntaxcheck));
594           /* Turn off syntaxcheck option to perform following steps  */
595           options nosyntaxcheck;
596        
597           %local dsid etls_etvarnum etls_stvarnum etls_stfmt etls_etfmt;
598           %let dsid=%sysfunc(open(&libref..&dataset,i));
599           %if &dsid %then
600           %do;
601              %let etls_stvarnum=%sysfunc(varnum(&dsid,STTIME));
602              %if (&etls_stvarnum gt 0) %then
603                 %let etls_stfmt=%sysfunc(varfmt(&dsid,&etls_stvarnum));
604        
605              %let etls_etvarnum=%sysfunc(varnum(&dsid,ENDTIME));
606              %if (&etls_etvarnum gt 0) %then
607                 %let etls_etfmt=%sysfunc(varfmt(&dsid,&etls_etvarnum));
608        
609              %let rc=%sysfunc(close(&dsid));
610           %end;
611        
612           %if ("&etls_stfmt" eq "") %then
613               %let etls_stfmt = nldatm.;
614           %if ("&etls_etfmt" eq "") %then
615              %let etls_etfmt = nldatm.;
616        
617           data work.etls_tempData;
618        
619              attrib user length = $32
620                          label = "User ID";
621              attrib rbefore length = 8
622                             label = "No. Records Before";
29                                                         The SAS System                            09:00 Tuesday, November 3, 2020

623              attrib rafter length = 8
624                          label = "No. Records After";
625              attrib etl_table length = $32
626                           label = "Table Name";
627              attrib lib length = $32
628                         label = "Library";
629              attrib jobname length = $80
630                             label = "Job Name";
631              attrib jobstat length = $80
632                          label = "Job Status";
633              attrib job_rc length = 8
634                            label = "Job Return Code";
635              attrib sttime length = 8 format = &etls_stfmt.
636                            label = "Job Start Time";
637              attrib endtime length = 8 format = &etls_etfmt.
638                             label = "Job End Time";
639        
640              user = "&sysuserid";
641              rbefore = &etls_recordsBefore;
642              rafter = &etls_recordsAfter;
643              etl_table = "&etls_table";
644              lib = "&etls_lib";
645              jobname = "&etls_jobName";
646              job_rc = &job_rc;
647        
648              if job_rc = 0 then
649                 jobstat = "Job Successful";
650              else if job_rc = 4 then
651                 jobstat = "Job Ended with Warnings";
652              else if job_rc > 4 then
653                 jobstat = "Job Ended with Errors";
654        
655              sttime = "&etls_startTime"dt;
656              endtime = "&etls_endTime"dt;
657        
658           run;
659        
660           %local etls_obs;
661           %let etls_obs = %sysfunc(getoption(obs));
662           /* Set obs option to max to perform following steps  */
663           options obs = max;
664        
665           proc append base=&libref..&dataset data=work.etls_tempData force;
666           run;
667        
668           /* Reset obs option to previous setting  */
669           options obs = &etls_obs;
670        
671           proc datasets lib = work nolist;
672              delete etls_tempData;
673           quit;
674        
675           /* Reset syntaxcheck option to previous setting  */
676           options &etls_syntaxcheck;
677        %mend etls_sendJobStatus;
678        %etls_sendJobStatus
679           (libref = STATLIB,
680            dataset = STATISTICS);
30                                                         The SAS System                            09:00 Tuesday, November 3, 2020

MPRINT(ETLS_SENDJOBSTATUS):   options nosyntaxcheck;
MPRINT(ETLS_SENDJOBSTATUS):   data work.etls_tempData;
MPRINT(ETLS_SENDJOBSTATUS):   attrib user length = $32 label = "User ID";
MPRINT(ETLS_SENDJOBSTATUS):   attrib rbefore length = 8 label = "No. Records Before";
MPRINT(ETLS_SENDJOBSTATUS):   attrib rafter length = 8 label = "No. Records After";
MPRINT(ETLS_SENDJOBSTATUS):   attrib etl_table length = $32 label = "Table Name";
MPRINT(ETLS_SENDJOBSTATUS):   attrib lib length = $32 label = "Library";
MPRINT(ETLS_SENDJOBSTATUS):   attrib jobname length = $80 label = "Job Name";
MPRINT(ETLS_SENDJOBSTATUS):   attrib jobstat length = $80 label = "Job Status";
MPRINT(ETLS_SENDJOBSTATUS):   attrib job_rc length = 8 label = "Job Return Code";
MPRINT(ETLS_SENDJOBSTATUS):   attrib sttime length = 8 format = NLDATM. label = "Job Start Time";
MPRINT(ETLS_SENDJOBSTATUS):   attrib endtime length = 8 format = NLDATM. label = "Job End Time";
MPRINT(ETLS_SENDJOBSTATUS):   user = "sas";
MPRINT(ETLS_SENDJOBSTATUS):   rbefore = 13640917 ;
MPRINT(ETLS_SENDJOBSTATUS):   rafter = 13640917 ;
MPRINT(ETLS_SENDJOBSTATUS):   etl_table = "RIP_ZBIL_SMS_CON_SAS";
MPRINT(ETLS_SENDJOBSTATUS):   lib = "PODSLIB1";
MPRINT(ETLS_SENDJOBSTATUS):   jobname = "Extract RIP ZBIL_SMS_CON_SAS Table";
MPRINT(ETLS_SENDJOBSTATUS):   job_rc = 4;
MPRINT(ETLS_SENDJOBSTATUS):   if job_rc = 0 then jobstat = "Job Successful";
MPRINT(ETLS_SENDJOBSTATUS):   else if job_rc = 4 then jobstat = "Job Ended with Warnings";
MPRINT(ETLS_SENDJOBSTATUS):   else if job_rc > 4 then jobstat = "Job Ended with Errors";
MPRINT(ETLS_SENDJOBSTATUS):   sttime = "03NOV20:09:01:49"dt;
MPRINT(ETLS_SENDJOBSTATUS):   endtime = "03NOV20:09:44:41"dt;
MPRINT(ETLS_SENDJOBSTATUS):   run;

NOTE: The data set WORK.ETLS_TEMPDATA has 1 observations and 10 variables.
NOTE: DATA statement used (Total process time):
      real time           0.00 seconds
      cpu time            0.00 seconds
      

MPRINT(ETLS_SENDJOBSTATUS):   options obs = max;
MPRINT(ETLS_SENDJOBSTATUS):   proc append base=STATLIB.STATISTICS data=work.etls_tempData force;
MPRINT(ETLS_SENDJOBSTATUS):   run;

NOTE: Appending WORK.ETLS_TEMPDATA to STATLIB.STATISTICS.
NOTE: There were 1 observations read from the data set WORK.ETLS_TEMPDATA.
NOTE: 1 observations added.
NOTE: The data set STATLIB.STATISTICS has 18547 observations and 10 variables.
NOTE: PROCEDURE APPEND used (Total process time):
      real time           0.00 seconds
      cpu time            0.00 seconds
      

MPRINT(ETLS_SENDJOBSTATUS):   options obs = 9223372036854775807;
MPRINT(ETLS_SENDJOBSTATUS):   proc datasets lib = work nolist;
MPRINT(ETLS_SENDJOBSTATUS):   delete etls_tempData;
MPRINT(ETLS_SENDJOBSTATUS):   quit;
NOTE: Deleting WORK.ETLS_TEMPDATA (memtype=DATA).
NOTE: PROCEDURE DATASETS used (Total process time):
      real time           0.00 seconds
      cpu time            0.00 seconds
      

MPRINT(ETLS_SENDJOBSTATUS):   options SYNTAXCHECK;
681        
682        
31                                                         The SAS System                            09:00 Tuesday, November 3, 2020

683        
684        data VYDM.RIP_ZBIL_SMS_CON_SAS;
685        set PODSLIB1.RIP_ZBIL_SMS_CON_SAS;
686        run;

NOTE: There were 13640917 observations read from the data set PODSLIB1.RIP_ZBIL_SMS_CON_SAS.
NOTE: The data set VYDM.RIP_ZBIL_SMS_CON_SAS has 13640917 observations and 16 variables.
NOTE: DATA statement used (Total process time):
      real time           2:02.13
      cpu time            46.66 seconds
      

ERROR: Errors printed on page 6.

NOTE: SAS Institute Inc., SAS Campus Drive, Cary, NC USA 27513-2414
NOTE: The SAS System used:
      real time           46:42.61
      cpu time            7:53.20
      


