NOTE: Log file opened at  Tue, 3 Nov 2020 08:35:00.496
1                                                          The SAS System                            08:35 Tuesday, November 3, 2020

ERROR: The SAS System is executing on a processor (CPU) whose model name, 
       model number, and serial number are not included in the setinit data 
       used to initialize the SAS System library in use. This is permitted if 
       this processor is a designated backup processor for a licensed CPU.
For this site, the SAS system is licensed for the following CPU serial 
numbers:
Model  **EEDPA0* Serial Number +4
ERROR: The requested node name EEDPA0 does not match the actual node name 
ERSDPA0.
NOTE: Copyright (c) 2016 by SAS Institute Inc., Cary, NC, USA. 
NOTE: SAS (r) Proprietary Software 9.4 (TS1M6) 
      Licensed to ENERJISA -TOROSLAR - DATA MANAGEMENT ADV PROD., Site 70166440.
NOTE: This session is executing on the AIX 7.2 (AIX 64) platform.



NOTE: Analytical products:
      
      SAS/STAT 15.1
      SAS/ETS 15.1

ERROR: The SAS System is executing on a processor (CPU) whose model name, model number, and serial number are not included in the 
       setinit data used to initialize the SAS System library in use. This is permitted if this processor is a designated backup 
       processor for a licensed CPU.
For this site, the SAS system is licensed for the following CPU serial numbers:

Model  **EEDPA0* Serial Number +4
ERROR: The requested node name EEDPA0 does not match the actual node name ERSDPA0.

NOTE: Additional host information:

IBM AIX AIX 64 2 7 00C9C0374C00 

You are running SAS 9. Some SAS 8 files will be automatically converted 
by the V9 engine; others are incompatible.  Please see 
http://support.sas.com/rnd/migration/planning/platform/64bit.html

PROC MIGRATE will preserve current SAS file attributes and is 
recommended for converting all your SAS libraries from any 
SAS 8 release to SAS 9.  For details and examples, please see
http://support.sas.com/rnd/migration/index.html


This message is contained in the SAS news file, and is presented upon
initialization.  Edit the file "news" in the "misc/base" directory to
display site-specific news and information in the program log.
The command line option "-nonews" will prevent this display.




NOTE: SAS initialization used:
      real time           0.04 seconds
      cpu time            0.00 seconds
      
NOTE: This is a SPD 5.4  Engine 
      executing SAS (r) 9.4 (TS1M6) on the AIX platform.
NOTE: User sas(ACL Group ) connected to SPD(AIX) 5.4 server at 10.166.0.39.
2                                                          The SAS System                            08:35 Tuesday, November 3, 2020

NOTE: User sas(ACL Group ) connected to SPD(AIX) 5.4 server at 10.166.0.39.
NOTE: User sas(ACL Group ) connected to SPD(AIX) 5.4 server at 10.166.0.39.
NOTE: User sas(ACL Group ) connected to SPD(AIX) 5.4 server at 10.166.0.39.
NOTE: User sas(ACL Group ) connected to SPD(AIX) 5.4 server at 10.166.0.39.
NOTE: User sas(ACL Group ) connected to SPD(AIX) 5.4 server at 10.166.0.39.
NOTE: User sas(ACL Group ) connected to SPD(AIX) 5.4 server at 10.166.0.39.
NOTE: User sas(ACL Group ) connected to SPD(AIX) 5.4 server at 10.166.0.39.
NOTE: User sas(ACL Group ) connected to SPD(AIX) 5.4 server at 10.166.0.39.
NOTE: User sas(ACL Group ) connected to SPD(AIX) 5.4 server at 10.166.0.39.
NOTE: User sas(ACL Group ) connected to SPD(AIX) 5.4 server at 10.166.0.39.
NOTE: User sas(ACL Group ) connected to SPD(AIX) 5.4 server at 10.166.0.39.
NOTE: User sas(ACL Group ) connected to SPD(AIX) 5.4 server at 10.166.0.39.
NOTE: User sas(ACL Group ) connected to SPD(AIX) 5.4 server at 10.166.0.39.
NOTE: User sas(ACL Group ) connected to SPD(AIX) 5.4 server at 10.166.0.39.
NOTE: User sas(ACL Group ) connected to SPD(AIX) 5.4 server at 10.166.0.39.
NOTE: User sas(ACL Group ) connected to SPD(AIX) 5.4 server at 10.166.0.39.
NOTE: User sas(ACL Group ) connected to SPD(AIX) 5.4 server at 10.166.0.39.
NOTE: User sas(ACL Group ) connected to SPD(AIX) 5.4 server at 10.166.0.39.
NOTE: User sas(ACL Group ) connected to SPD(AIX) 5.4 server at 10.166.0.39.
NOTE: User sas(ACL Group ) connected to SPD(AIX) 5.4 server at 10.166.0.39.
NOTE: User sas(ACL Group ) connected to SPD(AIX) 5.4 server at 10.166.0.39.
NOTE: User sas(ACL Group ) connected to SPD(AIX) 5.4 server at 10.166.0.39.
NOTE: User sas(ACL Group ) connected to SPD(AIX) 5.4 server at 10.166.0.39.
NOTE: User sas(ACL Group ) connected to SPD(AIX) 5.4 server at 10.166.0.39.
NOTE: User sas(ACL Group ) connected to SPD(AIX) 5.4 server at 10.166.0.39.
NOTE: User sas(ACL Group ) connected to SPD(AIX) 5.4 server at 10.166.0.39.
NOTE: User sas(ACL Group ) connected to SPD(AIX) 5.4 server at 10.166.0.39.
NOTE: User sas(ACL Group ) connected to SPD(AIX) 5.4 server at 10.166.0.39.
NOTE: User sas(ACL Group ) connected to SPD(AIX) 5.4 server at 10.166.0.39.
NOTE: User sas(ACL Group ) connected to SPD(AIX) 5.4 server at 10.166.0.39.
NOTE: User sas(ACL Group ) connected to SPD(AIX) 5.4 server at 10.166.0.39.
NOTE: User sas(ACL Group ) connected to SPD(AIX) 5.4 server at 10.166.0.39.
NOTE: User sas(ACL Group ) connected to SPD(AIX) 5.4 server at 10.166.0.39.
NOTE: User sas(ACL Group ) connected to SPD(AIX) 5.4 server at 10.166.0.39.
NOTE: User sas(ACL Group ) connected to SPD(AIX) 5.4 server at 10.166.0.39.
NOTE: User sas(ACL Group ) connected to SPD(AIX) 5.4 server at 10.166.0.39.
NOTE: User sas(ACL Group ) connected to SPD(AIX) 5.4 server at 10.166.0.39.
NOTE: User sas(ACL Group ) connected to SPD(AIX) 5.4 server at 10.166.0.39.
NOTE: User sas(ACL Group ) connected to SPD(AIX) 5.4 server at 10.166.0.39.
NOTE: User sas(ACL Group ) connected to SPD(AIX) 5.4 server at 10.166.0.39.
NOTE: User sas(ACL Group ) connected to SPD(AIX) 5.4 server at 10.166.0.39.
NOTE: User sas(ACL Group ) connected to SPD(AIX) 5.4 server at 10.166.0.39.
NOTE: User sas(ACL Group ) connected to SPD(AIX) 5.4 server at 10.166.0.39.
NOTE: User sas(ACL Group ) connected to SPD(AIX) 5.4 server at 10.166.0.39.
NOTE: User sas(ACL Group ) connected to SPD(AIX) 5.4 server at 10.166.0.39.
NOTE: User sas(ACL Group ) connected to SPD(AIX) 5.4 server at 10.166.0.39.
NOTE: User sas(ACL Group ) connected to SPD(AIX) 5.4 server at 10.166.0.39.
NOTE: User sas(ACL Group ) connected to SPD(AIX) 5.4 server at 10.166.0.39.
NOTE: User sas(ACL Group ) connected to SPD(AIX) 5.4 server at 10.166.0.39.
NOTE: User sas(ACL Group ) connected to SPD(AIX) 5.4 server at 10.166.0.39.
NOTE: User sas(ACL Group ) connected to SPD(AIX) 5.4 server at 10.166.0.39.
NOTE: User sas(ACL Group ) connected to SPD(AIX) 5.4 server at 10.166.0.39.
NOTE: User sas(ACL Group ) connected to SPD(AIX) 5.4 server at 10.166.0.39.
NOTE: User sas(ACL Group ) connected to SPD(AIX) 5.4 server at 10.166.0.39.
NOTE: User sas(ACL Group ) connected to SPD(AIX) 5.4 server at 10.166.0.39.
NOTE: User sas(ACL Group ) connected to SPD(AIX) 5.4 server at 10.166.0.39.
NOTE: User sas(ACL Group ) connected to SPD(AIX) 5.4 server at 10.166.0.39.
NOTE: User sas(ACL Group ) connected to SPD(AIX) 5.4 server at 10.166.0.39.
3                                                          The SAS System                            08:35 Tuesday, November 3, 2020

NOTE: User sas(ACL Group ) connected to SPD(AIX) 5.4 server at 10.166.0.39.
NOTE: User sas(ACL Group ) connected to SPD(AIX) 5.4 server at 10.166.0.39.
NOTE: User sas(ACL Group ) connected to SPD(AIX) 5.4 server at 10.166.0.39.
NOTE: User sas(ACL Group ) connected to SPD(AIX) 5.4 server at 10.166.0.39.
NOTE: User sas(ACL Group ) connected to SPD(AIX) 5.4 server at 10.166.0.39.
NOTE: User sas(ACL Group ) connected to SPD(AIX) 5.4 server at 10.166.0.39.
NOTE: User sas(ACL Group ) connected to SPD(AIX) 5.4 server at 10.166.0.39.
NOTE: User sas(ACL Group ) connected to SPD(AIX) 5.4 server at 10.166.0.39.
NOTE: User sas(ACL Group ) connected to SPD(AIX) 5.4 server at 10.166.0.39.
NOTE: User sas(ACL Group ) connected to SPD(AIX) 5.4 server at 10.166.0.39.
NOTE: User sas(ACL Group ) connected to SPD(AIX) 5.4 server at 10.166.0.39.
NOTE: User sas(ACL Group ) connected to SPD(AIX) 5.4 server at 10.166.0.39.
NOTE: User sas(ACL Group ) connected to SPD(AIX) 5.4 server at 10.166.0.39.
NOTE: User sas(ACL Group ) connected to SPD(AIX) 5.4 server at 10.166.0.39.
NOTE: User sas(ACL Group ) connected to SPD(AIX) 5.4 server at 10.166.0.39.
NOTE: User sas(ACL Group ) connected to SPD(AIX) 5.4 server at 10.166.0.39.
NOTE: User sas(ACL Group ) connected to SPD(AIX) 5.4 server at 10.166.0.39.
NOTE: User sas(ACL Group ) connected to SPD(AIX) 5.4 server at 10.166.0.39.
NOTE: User sas(ACL Group ) connected to SPD(AIX) 5.4 server at 10.166.0.39.
NOTE: User sas(ACL Group ) connected to SPD(AIX) 5.4 server at 10.166.0.39.
NOTE: User sas(ACL Group ) connected to SPD(AIX) 5.4 server at 10.166.0.39.
NOTE: User sas(ACL Group ) connected to SPD(AIX) 5.4 server at 10.166.0.39.
NOTE: User sas(ACL Group ) connected to SPD(AIX) 5.4 server at 10.166.0.39.
NOTE: User sas(ACL Group ) connected to SPD(AIX) 5.4 server at 10.166.0.39.
NOTE: User sas(ACL Group ) connected to SPD(AIX) 5.4 server at 10.166.0.39.
NOTE: User sas(ACL Group ) connected to SPD(AIX) 5.4 server at 10.166.0.39.
NOTE: User sas(ACL Group ) connected to SPD(AIX) 5.4 server at 10.166.0.39.
NOTE: User sas(ACL Group ) connected to SPD(AIX) 5.4 server at 10.166.0.39.
NOTE: User sas(ACL Group ) connected to SPD(AIX) 5.4 server at 10.166.0.39.
NOTE: User sas(ACL Group ) connected to SPD(AIX) 5.4 server at 10.166.0.39.
NOTE: User sas(ACL Group ) connected to SPD(AIX) 5.4 server at 10.166.0.39.
NOTE: User sas(ACL Group ) connected to SPD(AIX) 5.4 server at 10.166.0.39.
NOTE: User sas(ACL Group ) connected to SPD(AIX) 5.4 server at 10.166.0.39.
NOTE: User sas(ACL Group ) connected to SPD(AIX) 5.4 server at 10.166.0.39.
NOTE: User sas(ACL Group ) connected to SPD(AIX) 5.4 server at 10.166.0.39.
NOTE: User sas(ACL Group ) connected to SPD(AIX) 5.4 server at 10.166.0.39.
NOTE: User sas(ACL Group ) connected to SPD(AIX) 5.4 server at 10.166.0.39.
NOTE: User sas(ACL Group ) connected to SPD(AIX) 5.4 server at 10.166.0.39.
NOTE: User sas(ACL Group ) connected to SPD(AIX) 5.4 server at 10.166.0.39.
NOTE: User sas(ACL Group ) connected to SPD(AIX) 5.4 server at 10.166.0.39.
NOTE: User sas(ACL Group ) connected to SPD(AIX) 5.4 server at 10.166.0.39.
NOTE: User sas(ACL Group ) connected to SPD(AIX) 5.4 server at 10.166.0.39.
NOTE: User sas(ACL Group ) connected to SPD(AIX) 5.4 server at 10.166.0.39.
NOTE: User sas(ACL Group ) connected to SPD(AIX) 5.4 server at 10.166.0.39.
NOTE: User sas(ACL Group ) connected to SPD(AIX) 5.4 server at 10.166.0.39.
NOTE: User sas(ACL Group ) connected to SPD(AIX) 5.4 server at 10.166.0.39.
NOTE: User sas(ACL Group ) connected to SPD(AIX) 5.4 server at 10.166.0.39.
NOTE: User sas(ACL Group ) connected to SPD(AIX) 5.4 server at 10.166.0.39.
NOTE: User sas(ACL Group ) connected to SPD(AIX) 5.4 server at 10.166.0.39.
NOTE: User sas(ACL Group ) connected to SPD(AIX) 5.4 server at 10.166.0.39.
NOTE: User sas(ACL Group ) connected to SPD(AIX) 5.4 server at 10.166.0.39.
NOTE: User sas(ACL Group ) connected to SPD(AIX) 5.4 server at 10.166.0.39.
NOTE: User sas(ACL Group ) connected to SPD(AIX) 5.4 server at 10.166.0.39.
NOTE: User sas(ACL Group ) connected to SPD(AIX) 5.4 server at 10.166.0.39.
NOTE: User sas(ACL Group ) connected to SPD(AIX) 5.4 server at 10.166.0.39.
NOTE: User sas(ACL Group ) connected to SPD(AIX) 5.4 server at 10.166.0.39.
NOTE: User sas(ACL Group ) connected to SPD(AIX) 5.4 server at 10.166.0.39.
NOTE: User sas(ACL Group ) connected to SPD(AIX) 5.4 server at 10.166.0.39.
4                                                          The SAS System                            08:35 Tuesday, November 3, 2020

NOTE: User sas(ACL Group ) connected to SPD(AIX) 5.4 server at 10.166.0.39.
NOTE: User sas(ACL Group ) connected to SPD(AIX) 5.4 server at 10.166.0.39.
NOTE: User sas(ACL Group ) connected to SPD(AIX) 5.4 server at 10.166.0.39.
NOTE: User sas(ACL Group ) connected to SPD(AIX) 5.4 server at 10.166.0.39.
NOTE: Libref SASDATA successfully assigned from logical server.
NOTE: Libref STPSAMP successfully assigned from logical server.
NOTE: Libref MIGLIB successfully assigned from logical server.
NOTE: Libref TRNLIB2 successfully assigned from logical server.
NOTE: Libref TRNLIB successfully assigned from logical server.
NOTE: Libref NEDLIB successfully assigned from logical server.
NOTE: Libref PILIB successfully assigned from logical server.
NOTE: Libref DMLIB successfully assigned from logical server.
NOTE: Libref TMPLIB3 successfully assigned from logical server.
NOTE: Libref TMPLIB4 successfully assigned from logical server.
NOTE: Libref ODSLIB successfully assigned from logical server.
NOTE: Libref ODSLIB2 successfully assigned from logical server.
NOTE: Libref ODSLIB3 successfully assigned from logical server.
NOTE: Libref PODSLIB1 successfully assigned from logical server.
NOTE: Libref PODSLIB2 successfully assigned from logical server.
NOTE: Libref PODSLIB3 successfully assigned from logical server.
NOTE: Libref DASHLIBD successfully assigned from logical server.
NOTE: Libref QLIKLIB successfully assigned from logical server.
NOTE: Libref SQLKODA successfully assigned from logical server.
NOTE: Libref RISU successfully assigned from logical server.
NOTE: Libref DQ_ORCL successfully assigned from logical server.
NOTE: Library ZGRLIB does not exist.
NOTE: Libref HANARWP successfully assigned from logical server.
NOTE: Libref BFLIB successfully assigned from logical server.
NOTE: Libref PILIB2 successfully assigned from logical server.
NOTE: Libref TMPLIB2 successfully assigned from logical server.
NOTE: Libref DMLIB2 successfully assigned from logical server.
NOTE: Libref ARCLIB successfully assigned from logical server.
NOTE: Libref IADM successfully assigned from logical server.
NOTE: Libref IATMP successfully assigned from logical server.
NOTE: Libref AUTODIAL successfully assigned from logical server.
NOTE: Libref BCSDM successfully assigned from logical server.
NOTE: Libref BLDM successfully assigned from logical server.
NOTE: Libref BLTMP successfully assigned from logical server.
NOTE: Libref BADM successfully assigned from logical server.
NOTE: Libref BATMP successfully assigned from logical server.
NOTE: Libref CCDM successfully assigned from logical server.
NOTE: Libref CCDM2 successfully assigned from logical server.
NOTE: Libref CMPDM successfully assigned from logical server.
NOTE: Libref CPSFRC successfully assigned from logical server.
NOTE: Libref CPSHRLY successfully assigned from logical server.
NOTE: Libref CPSREG successfully assigned from logical server.
NOTE: Libref CPSUST successfully assigned from logical server.
NOTE: Libref CXDM successfully assigned from logical server.
NOTE: Libref DBALIB successfully assigned from logical server.
NOTE: Libref DSTDM successfully assigned from logical server.
NOTE: Libref DSTTMP successfully assigned from logical server.
NOTE: Libref DYMDM successfully assigned from logical server.
NOTE: Libref DYMTMP successfully assigned from logical server.
NOTE: Libref EAP_ETY successfully assigned from logical server.
NOTE: Libref EAP_PAY successfully assigned from logical server.
NOTE: Libref EAP_PR successfully assigned from logical server.
NOTE: Libref EPYDM successfully assigned from logical server.
NOTE: Libref EPYTMP successfully assigned from logical server.
5                                                          The SAS System                            08:35 Tuesday, November 3, 2020

NOTE: Libref ETSDM successfully assigned from logical server.
NOTE: Libref FADM successfully assigned from logical server.
NOTE: Libref FPCLIB successfully assigned from logical server.
NOTE: Libref FPCTMP successfully assigned from logical server.
NOTE: Libref HRDM successfully assigned from logical server.
NOTE: Libref KMHMDM successfully assigned from logical server.
NOTE: Libref CSSLIB successfully assigned from logical server.
NOTE: Libref MDLIB successfully assigned from logical server.
NOTE: Libref MHMAYEDS successfully assigned from logical server.
NOTE: Libref MHMDM successfully assigned from logical server.
NOTE: Libref MIGLIB2 successfully assigned from logical server.
NOTE: Libref MSADM successfully assigned from logical server.
NOTE: Libref MSATMP successfully assigned from logical server.
NOTE: Libref MTHEO successfully assigned from logical server.
NOTE: Libref MTHKA successfully assigned from logical server.
NOTE: Libref MTHMA successfully assigned from logical server.
NOTE: Libref MTHSO successfully assigned from logical server.
NOTE: Libref MTHTMP successfully assigned from logical server.
NOTE: Libref D2DLIB successfully assigned from logical server.
NOTE: Libref OKMDM successfully assigned from logical server.
NOTE: Libref OKMTMP successfully assigned from logical server.
NOTE: Libref PMDM successfully assigned from logical server.
NOTE: Libref CNPRCDM successfully assigned from logical server.
NOTE: Libref CNPRCTMP successfully assigned from logical server.
NOTE: Libref EDULIB successfully assigned from logical server.
NOTE: Libref PRCDM successfully assigned from logical server.
NOTE: Libref PRCDM2 successfully assigned from logical server.
NOTE: Libref PRCTMP successfully assigned from logical server.
NOTE: Libref PRFTBLIB successfully assigned from logical server.
NOTE: Libref TMPLIB successfully assigned from logical server.
NOTE: Libref FRCARC successfully assigned from logical server.
NOTE: Libref FRCPRD successfully assigned from logical server.
NOTE: Libref PRCHARC successfully assigned from logical server.
NOTE: Libref PRCHPRD successfully assigned from logical server.
NOTE: Libref PRICARC successfully assigned from logical server.
NOTE: Libref PRICPRD successfully assigned from logical server.
NOTE: Libref QL_SALES successfully assigned from logical server.
NOTE: Libref RAPOUT successfully assigned from logical server.
NOTE: Libref RAPREF successfully assigned from logical server.
NOTE: Libref RAPTEST successfully assigned from logical server.
NOTE: Libref RAPTMP successfully assigned from logical server.
NOTE: Libref RAPVAS successfully assigned from logical server.
NOTE: Libref REFCPS successfully assigned from logical server.
NOTE: Libref RMCDM successfully assigned from logical server.
NOTE: Libref RMCTMP successfully assigned from logical server.
NOTE: Libref SDLIB successfully assigned from logical server.
NOTE: Libref SOMLIB successfully assigned from logical server.
NOTE: Libref SHFDM successfully assigned from logical server.
NOTE: Libref SODM successfully assigned from logical server.
NOTE: Libref SOPDM successfully assigned from logical server.
NOTE: Libref SOSUF successfully assigned from logical server.
NOTE: Libref SOTMP successfully assigned from logical server.
NOTE: Libref SPDM successfully assigned from logical server.
NOTE: Libref SSIMDM successfully assigned from logical server.
NOTE: Libref STLF successfully assigned from logical server.
NOTE: Libref SMDM successfully assigned from logical server.
NOTE: Libref SMTMP successfully assigned from logical server.
NOTE: Libref TALDM successfully assigned from logical server.
6                                                          The SAS System                            08:35 Tuesday, November 3, 2020

NOTE: Libref TKDM successfully assigned from logical server.
NOTE: Libref TSDM successfully assigned from logical server.
NOTE: Libref QVYDM successfully assigned from logical server.
NOTE: Libref STJVYDM successfully assigned from logical server.
NOTE: Libref VYDM successfully assigned from logical server.
NOTE: Libref VYDMKVKK successfully assigned from logical server.
NOTE: Libref OGMDM successfully assigned from logical server.
NOTE: Libref OGMTMP successfully assigned from logical server.
NOTE: Libref CRLIB successfully assigned from logical server.
NOTE: Libref RASTMP successfully assigned from logical server.
NOTE: Libref SOSEC successfully assigned from logical server.
NOTE: Libref STATLIB successfully assigned from logical server.
ERROR: Libref SMARTHMP failed to assign from logical server.
ERROR: ORACLE connection error: ORA-12514: TNS: Dinleyici þu anda baðlantý açýklayýcýsýnda belirtilen hizmeti tanýmýyor..
ERROR: Libref SMARTHMT failed to assign from logical server.
ERROR: ORACLE connection error: ORA-12514: TNS: Dinleyici þu anda baðlantý açýklayýcýsýnda belirtilen hizmeti tanýmýyor..
ERROR: Libref SMSPRD failed to assign from logical server.
ERROR: ORACLE connection error: ORA-12170: TNS: Baðlantý zaman aþýmý oluþtu.
NOTE: Libref RAPARCH successfully assigned from logical server.
NOTE: Libref SAHOL successfully assigned from logical server.
NOTE: Libref MKVR successfully assigned from logical server.
NOTE: Libref RODQLIK successfully assigned from logical server.
NOTE: Libref UTFLIB successfully assigned from logical server.

NOTE: AUTOEXEC processing beginning; file is /sas/config/Lev1/SASApp/BatchServer/autoexec.sas.


NOTE: AUTOEXEC processing completed.

1          /*Jobname:		Extract_RISU_ZTFICA_IVR_LIST_Load_AvayaPOM.sas*/
2          /*Definition:	Extract RISU ZTFICA_IVR_LIST Table and Insert to*/
3          /*				AvayaPom ISNET_CONTACT_LIST_PERAKENDE Table*/
4          /*Author:		OzgurOncek*/
5          /*Company:		SadeYazilim*/
6          /*Date:			27JUL2020*/
7          /*Jira:			Mail ->POM un ÝÞNET ile ilgili konularý*/
8          
9          
10         /*Libname Definitions*/
11         LIBNAME RISU SASIOHNA  SERVER="errwph0.enerjisa.retail"  INSTANCE=30  SCHEMA=RISU  USER=SASHANAUSER
11       ! PASSWORD=XXXXXXXXXXXXXXXXXXXXXXXXXXXXXXXXXXXXXXXXXXXXXXXXXX ;
NOTE: Libref RISU was successfully assigned as follows: 
      Engine:        SAPHANA 
      Physical Name: errwph0.enerjisa.retail
12         LIBNAME AvayaPOM SQLSVR  Datasrc=AvayaPOM  SCHEMA=dbo  USER=usretl
12       ! PASSWORD=XXXXXXXXXXXXXXXXXXXXXXXXXXXXXXXXXXXXXXXXXXXXXXXXXX ;
NOTE: Libref AVAYAPOM was successfully assigned as follows: 
      Engine:        SQLSVR 
      Physical Name: AvayaPOM
13         /*Exit Libname Definitions*/
14         
15         %macro akis();
16         /*Extract ZTFICA_IVR_LIST Table from HANA RISU*/
17         data x1;
18         	set RISU.ZTFICA_IVR_LIST;
19         run;
20         
21         /*Change columns format*/
7                                                          The SAS System                            08:35 Tuesday, November 3, 2020

22         data x2 (drop= TEL_NUMBER VKONT FAEDN MDRKD MSALM);
23         	set x1;
24         	length TELEFON SOZLESME_HESAP_NO $16;
25         	length SON_ODEME_TARIHI YUKLEME_TARIHI 8;
26         	length BORC_TUTARI $32;
27         	TELEFON = TEL_NUMBER;
28         	SOZLESME_HESAP_NO= VKONT;
29         	SON_ODEME_TARIHI=input(FAEDN,yymmdd8.);
30         	YUKLEME_TARIHI= input(MDRKD,yymmdd8.);
31         	BORC_TUTARI=left(put(MSALM,32.2));
32         	format SON_ODEME_TARIHI YUKLEME_TARIHI DATE9.;
33         run;
34         
35         /*Insert to ISNET_CONTACT_LIST_PERAKENDE Table*/
36         proc sql;
37         	insert into  AvayaPOM.ISNET_CONTACT_LIST_PERAKENDE (TELEFON,SON_ODEME_TARIHI,
38         		BORC_TUTARI,SOZLESME_HESAP_NO,YUKLEME_TARIHI,BORC_TUTARI)
39         	select
40         		TELEFON,
41         		SON_ODEME_TARIHI,
42         		BORC_TUTARI,
43         		SOZLESME_HESAP_NO,
44         		YUKLEME_TARIHI,
45         		BORC_TUTARI
46         	from x2;
47         quit;
48         
49         /**/
50         /*data y1;*/
51         /*set AvayaPOM.ISNET_CONTACT_LIST_PERAKENDE;*/
52         /*run;*/
53         %mend akis;
54         
55         data _null_;
56         date_if=weekday(today());
57         if (date_if not in (7,1)) then do;
58         	call execute('%akis()');
59         end;
60         run;

NOTE: DATA statement used (Total process time):
      real time           0.00 seconds
      cpu time            0.00 seconds
      

NOTE: CALL EXECUTE generated line.
1         + data x1;  set RISU.ZTFICA_IVR_LIST; run;

NOTE: There were 2540 observations read from the data set RISU.ZTFICA_IVR_LIST.
NOTE: The data set WORK.X1 has 2540 observations and 5 variables.
NOTE: DATA statement used (Total process time):
      real time           0.02 seconds
      cpu time            0.01 seconds
      

1         +                                            data x2 (drop= TEL_NUMBER VKONT FAEDN MDRKD MSALM);  set x1;  length TELEFON 
SOZLESME_HESAP_NO $16;  length SON_ODEME_TARIHI YUKLEME_TARIHI 8;  length BORC_TUTARI $32;  TELEFON = TEL_NUMBER;  
SOZLESME_HESAP_NO=
8                                                          The SAS System                            08:35 Tuesday, November 3, 2020

2         + VKONT;  SON_ODEME_TARIHI=input(FAEDN,yymmdd8.);  YUKLEME_TARIHI= input(MDRKD,yymmdd8.);  
BORC_TUTARI=left(put(MSALM,32.2));  format SON_ODEME_TARIHI YUKLEME_TARIHI DATE9.; run;

NOTE: There were 2540 observations read from the data set WORK.X1.
NOTE: The data set WORK.X2 has 2540 observations and 5 variables.
NOTE: DATA statement used (Total process time):
      real time           0.00 seconds
      cpu time            0.00 seconds
      

2         +
proc sql;  
2         +
  insert into  AvayaPOM.ISNET_CONTACT_LIST_PERAKENDE
3         +(TELEFON,SON_ODEME_TARIHI,   BORC_TUTARI,SOZLESME_HESAP_NO,YUKLEME_TARIHI,BORC_TUTARI)  select    TELEFON,   
SON_ODEME_TARIHI,   BORC_TUTARI,   SOZLESME_HESAP_NO,   YUKLEME_TARIHI,   BORC_TUTARI  from x2;
NOTE: 2540 rows were inserted into AVAYAPOM.ISNET_CONTACT_LIST_PERAKENDE.

3         +
 quit;     
NOTE: PROCEDURE SQL used (Total process time):
      real time           3.30 seconds
      cpu time            0.31 seconds
      

ERROR: Errors printed on page 6.

NOTE: SAS Institute Inc., SAS Campus Drive, Cary, NC USA 27513-2414
NOTE: The SAS System used:
      real time           1:26.95
      cpu time            1.56 seconds
      


