1                                                          The SAS System                            08:00 Tuesday, November 3, 2020

NOTE: Unable to open SASUSER.REGSTRY. WORK.REGSTRY will be opened instead.
NOTE: All registry changes will be lost at the end of the session.

WARNING: Unable to copy SASUSER registry to WORK registry. Because of this, you will not see registry customizations during this 
         session.
ERROR: The SAS System is executing on a processor (CPU) whose model name, 
       model number, and serial number are not included in the setinit data 
       used to initialize the SAS System library in use. This is permitted if 
       this processor is a designated backup processor for a licensed CPU.
For this site, the SAS system is licensed for the following CPU serial 
numbers:
Model  **EEDPA0* Serial Number +4
ERROR: The requested node name EEDPA0 does not match the actual node name 
ERSDPA0.
NOTE: Unable to open SASUSER.PROFILE. WORK.PROFILE will be opened instead.
NOTE: All profile changes will be lost at the end of the session.
NOTE: Copyright (c) 2016 by SAS Institute Inc., Cary, NC, USA. 
NOTE: SAS (r) Proprietary Software 9.4 (TS1M6) 
      Licensed to ENERJISA -TOROSLAR - DATA MANAGEMENT ADV PROD., Site 70166440.
NOTE: This session is executing on the AIX 7.2 (AIX 64) platform.



NOTE: Analytical products:
      
      SAS/STAT 15.1
      SAS/ETS 15.1

ERROR: The SAS System is executing on a processor (CPU) whose model name, model number, and serial number are not included in the 
       setinit data used to initialize the SAS System library in use. This is permitted if this processor is a designated backup 
       processor for a licensed CPU.
For this site, the SAS system is licensed for the following CPU serial numbers:

Model  **EEDPA0* Serial Number +4
ERROR: The requested node name EEDPA0 does not match the actual node name ERSDPA0.

NOTE: Additional host information:

IBM AIX AIX 64 2 7 00C9C0374C00 

You are running SAS 9. Some SAS 8 files will be automatically converted 
by the V9 engine; others are incompatible.  Please see 
http://support.sas.com/rnd/migration/planning/platform/64bit.html

PROC MIGRATE will preserve current SAS file attributes and is 
recommended for converting all your SAS libraries from any 
SAS 8 release to SAS 9.  For details and examples, please see
http://support.sas.com/rnd/migration/index.html


This message is contained in the SAS news file, and is presented upon
initialization.  Edit the file "news" in the "misc/base" directory to
display site-specific news and information in the program log.
The command line option "-nonews" will prevent this display.




2                                                          The SAS System                            08:00 Tuesday, November 3, 2020

NOTE: SAS initialization used:
      real time           0.07 seconds
      cpu time            0.02 seconds
      
1          %include "/sas/sascodes/Autoexec_File/Autoexec.sas";
NOTE: This is a SPD 5.4  Engine 
      executing SAS (r) 9.4 (TS1M6) on the AIX platform.
NOTE: User sas(ACL Group ) connected to SPD(AIX) 5.4 server at 10.166.0.39.
NOTE: Libref TMPLIB3 was successfully assigned as follows: 
      Engine:        SASSPDS 
      Physical Name: :14614876/spdsmeta1/TMPLIB3/
NOTE: User sas(ACL Group ) connected to SPD(AIX) 5.4 server at 10.166.0.39.
NOTE: Libref PODSLIB3 was successfully assigned as follows: 
      Engine:        SASSPDS 
      Physical Name: :14614876/spdsmeta1/PODSLIB3/
NOTE: User sas(ACL Group ) connected to SPD(AIX) 5.4 server at 10.166.0.39.
NOTE: Libref DMLIB was successfully assigned as follows: 
      Engine:        SASSPDS 
      Physical Name: :14614876/spdsmeta1/DMLIB/
NOTE: User sas(ACL Group ) connected to SPD(AIX) 5.4 server at 10.166.0.39.
NOTE: Libref TRNLIB was successfully assigned as follows: 
      Engine:        SASSPDS 
      Physical Name: :14614876/spdsmeta1/TRNLIB/
NOTE: User sas(ACL Group ) connected to SPD(AIX) 5.4 server at 10.166.0.39.
NOTE: Libref ODSLIB3 was successfully assigned as follows: 
      Engine:        SASSPDS 
      Physical Name: :14614876/spdsmeta1/ODSLIB3/
NOTE: User sas(ACL Group ) connected to SPD(AIX) 5.4 server at 10.166.0.39.
NOTE: Libref TMPLIB4 was successfully assigned as follows: 
      Engine:        SASSPDS 
      Physical Name: :14614876/spdsmeta1/TMPLIB4/
NOTE: User sas(ACL Group ) connected to SPD(AIX) 5.4 server at 10.166.0.39.
NOTE: Libref FADM was successfully assigned as follows: 
      Engine:        SASSPDS 
      Physical Name: :14614876/spdsmeta1/FADM/
NOTE: User sas(ACL Group ) connected to SPD(AIX) 5.4 server at 10.166.0.39.
NOTE: Libref VYDM was successfully assigned as follows: 
      Engine:        SASSPDS 
      Physical Name: :14614876/spdsmeta2/VYDM/
NOTE: User sas(ACL Group ) connected to SPD(AIX) 5.4 server at 10.166.0.39.
NOTE: Libref ODSLIB was successfully assigned as follows: 
      Engine:        SASSPDS 
      Physical Name: :14614876/spdsmeta2/ODSLIB/
NOTE: User sas(ACL Group ) connected to SPD(AIX) 5.4 server at 10.166.0.39.
NOTE: Libref NEDLIB was successfully assigned as follows: 
      Engine:        SASSPDS 
      Physical Name: :14614876/spdsmeta2/NEDLIB/
NOTE: User sas(ACL Group ) connected to SPD(AIX) 5.4 server at 10.166.0.39.
NOTE: Libref SMDM was successfully assigned as follows: 
      Engine:        SASSPDS 
      Physical Name: :14614876/spdsmeta2/smdm/
NOTE: User sas(ACL Group ) connected to SPD(AIX) 5.4 server at 10.166.0.39.
NOTE: Libref TRNLIB2 was successfully assigned as follows: 
      Engine:        SASSPDS 
      Physical Name: :14614876/spdsmeta2/TRNLIB2/
NOTE: User sas(ACL Group ) connected to SPD(AIX) 5.4 server at 10.166.0.39.
NOTE: Libref MSATMP was successfully assigned as follows: 
      Engine:        SASSPDS 
3                                                          The SAS System                            08:00 Tuesday, November 3, 2020

      Physical Name: :14614876/spdsmeta2/MSATMP/
NOTE: User sas(ACL Group ) connected to SPD(AIX) 5.4 server at 10.166.0.39.
NOTE: Libref OKMTMP was successfully assigned as follows: 
      Engine:        SASSPDS 
      Physical Name: :14614876/spdsmeta2/okmtmp/
NOTE: User sas(ACL Group ) connected to SPD(AIX) 5.4 server at 10.166.0.39.
NOTE: Libref MIGLIB was successfully assigned as follows: 
      Engine:        SASSPDS 
      Physical Name: :14614876/spdsmeta2/MIGLIB/
NOTE: User sas(ACL Group ) connected to SPD(AIX) 5.4 server at 10.166.0.39.
NOTE: Libref REFCPS was successfully assigned as follows: 
      Engine:        SASSPDS 
      Physical Name: :14614876/spdsmeta2/REFCPS/
NOTE: User sas(ACL Group ) connected to SPD(AIX) 5.4 server at 10.166.0.39.
NOTE: Libref EAP_ETY was successfully assigned as follows: 
      Engine:        SASSPDS 
      Physical Name: :14614876/spdsmeta2/EAP_ETY/
NOTE: User sas(ACL Group ) connected to SPD(AIX) 5.4 server at 10.166.0.39.
NOTE: Libref PODSLIB1 was successfully assigned as follows: 
      Engine:        SASSPDS 
      Physical Name: :14614876/spdsmeta2/PODSLIB1/
NOTE: User sas(ACL Group ) connected to SPD(AIX) 5.4 server at 10.166.0.39.
NOTE: Libref TMPLIB was successfully assigned as follows: 
      Engine:        SASSPDS 
      Physical Name: :14614876/spdsmeta2/tmplib/
NOTE: User sas(ACL Group ) connected to SPD(AIX) 5.4 server at 10.166.0.39.
NOTE: Libref CRLIB was successfully assigned as follows: 
      Engine:        SASSPDS 
      Physical Name: :14614876/spdsmeta2/crlib/
NOTE: User sas(ACL Group ) connected to SPD(AIX) 5.4 server at 10.166.0.39.
NOTE: Libref OKMDM was successfully assigned as follows: 
      Engine:        SASSPDS 
      Physical Name: :14614876/spdsmeta2/okmdm/
NOTE: User sas(ACL Group ) connected to SPD(AIX) 5.4 server at 10.166.0.39.
NOTE: Libref CCDM was successfully assigned as follows: 
      Engine:        SASSPDS 
      Physical Name: :14614876/spdsmeta2/CCDM/
NOTE: User sas(ACL Group ) connected to SPD(AIX) 5.4 server at 10.166.0.39.
NOTE: Libref RMCDM was successfully assigned as follows: 
      Engine:        SASSPDS 
      Physical Name: :14614876/spdsmeta2/rmcdm/
NOTE: User sas(ACL Group ) connected to SPD(AIX) 5.4 server at 10.166.0.39.
NOTE: Libref SMTMP was successfully assigned as follows: 
      Engine:        SASSPDS 
      Physical Name: :14614876/spdsmeta2/smtmp/
NOTE: User sas(ACL Group ) connected to SPD(AIX) 5.4 server at 10.166.0.39.
NOTE: Libref SOSEC was successfully assigned as follows: 
      Engine:        SASSPDS 
      Physical Name: :14614876/spdsmeta2/sosec/
NOTE: User sas(ACL Group ) connected to SPD(AIX) 5.4 server at 10.166.0.39.
NOTE: Libref PODSLIB2 was successfully assigned as follows: 
      Engine:        SASSPDS 
      Physical Name: :14614876/spdsmeta2/PODSLIB2/
NOTE: User sas(ACL Group ) connected to SPD(AIX) 5.4 server at 10.166.0.39.
NOTE: Libref MHMDM was successfully assigned as follows: 
      Engine:        SASSPDS 
      Physical Name: :14614876/spdsmeta2/MHMDM/
NOTE: User sas(ACL Group ) connected to SPD(AIX) 5.4 server at 10.166.0.39.
4                                                          The SAS System                            08:00 Tuesday, November 3, 2020

NOTE: Libref CCDM2 was successfully assigned as follows: 
      Engine:        SASSPDS 
      Physical Name: :14614876/spdsmeta2/CCDM2/
NOTE: User sas(ACL Group ) connected to SPD(AIX) 5.4 server at 10.166.0.39.
NOTE: Libref RASTMP was successfully assigned as follows: 
      Engine:        SASSPDS 
      Physical Name: :14614876/spdsmeta2/rastmp/
NOTE: User sas(ACL Group ) connected to SPD(AIX) 5.4 server at 10.166.0.39.
NOTE: Libref SODM was successfully assigned as follows: 
      Engine:        SASSPDS 
      Physical Name: :14614876/spdsmeta2/sodm/
NOTE: User sas(ACL Group ) connected to SPD(AIX) 5.4 server at 10.166.0.39.
NOTE: Libref D2DLIB was successfully assigned as follows: 
      Engine:        SASSPDS 
      Physical Name: :14614876/spdsmeta2/D2DLIB/
NOTE: User sas(ACL Group ) connected to SPD(AIX) 5.4 server at 10.166.0.39.
NOTE: Libref ODSLIB2 was successfully assigned as follows: 
      Engine:        SASSPDS 
      Physical Name: :14614876/spdsmeta2/ODSLIB2/
NOTE: User sas(ACL Group ) connected to SPD(AIX) 5.4 server at 10.166.0.39.
NOTE: Libref RAPREF was successfully assigned as follows: 
      Engine:        SASSPDS 
      Physical Name: :14614876/spdsmeta2/rapref/
NOTE: User sas(ACL Group ) connected to SPD(AIX) 5.4 server at 10.166.0.39.
NOTE: Libref SOMLIB was successfully assigned as follows: 
      Engine:        SASSPDS 
      Physical Name: :14614876/spdsmeta2/SOMLIB/
NOTE: User sas(ACL Group ) connected to SPD(AIX) 5.4 server at 10.166.0.39.
NOTE: Libref PRICARC was successfully assigned as follows: 
      Engine:        SASSPDS 
      Physical Name: :14614876/spdsmeta2/PRICARC/
NOTE: User sas(ACL Group ) connected to SPD(AIX) 5.4 server at 10.166.0.39.
NOTE: Libref MIGLIB2 was successfully assigned as follows: 
      Engine:        SASSPDS 
      Physical Name: :14614876/spdsmeta2/MIGLIB2/
NOTE: User sas(ACL Group ) connected to SPD(AIX) 5.4 server at 10.166.0.39.
NOTE: Libref SOTMP was successfully assigned as follows: 
      Engine:        SASSPDS 
      Physical Name: :14614876/spdsmeta2/sotmp/
NOTE: User sas(ACL Group ) connected to SPD(AIX) 5.4 server at 10.166.0.39.
NOTE: Libref TSDM was successfully assigned as follows: 
      Engine:        SASSPDS 
      Physical Name: :14614876/spdsmeta2/TSDM/
NOTE: User sas(ACL Group ) connected to SPD(AIX) 5.4 server at 10.166.0.39.
NOTE: Libref TALDM was successfully assigned as follows: 
      Engine:        SASSPDS 
      Physical Name: :14614876/spdsmeta2/taldm/
NOTE: User sas(ACL Group ) connected to SPD(AIX) 5.4 server at 10.166.0.39.
NOTE: Libref CPSUST was successfully assigned as follows: 
      Engine:        SASSPDS 
      Physical Name: :14614876/spdsmeta2/CPSUST/
NOTE: User sas(ACL Group ) connected to SPD(AIX) 5.4 server at 10.166.0.39.
NOTE: Libref STJVYDM was successfully assigned as follows: 
      Engine:        SASSPDS 
      Physical Name: :14614876/spdsmeta2/STJVYDM/
NOTE: User sas(ACL Group ) connected to SPD(AIX) 5.4 server at 10.166.0.39.
NOTE: Libref QLIKLIB was successfully assigned as follows: 
      Engine:        SASSPDS 
5                                                          The SAS System                            08:00 Tuesday, November 3, 2020

      Physical Name: :14614876/spdsmeta2/QLIKLIB/
NOTE: User sas(ACL Group ) connected to SPD(AIX) 5.4 server at 10.166.0.39.
NOTE: Libref BADM was successfully assigned as follows: 
      Engine:        SASSPDS 
      Physical Name: :14614876/spdsmeta2/badm/
NOTE: User sas(ACL Group ) connected to SPD(AIX) 5.4 server at 10.166.0.39.
NOTE: Libref EDULIB was successfully assigned as follows: 
      Engine:        SASSPDS 
      Physical Name: :14614876/spdsmeta2/edulib/
NOTE: User sas(ACL Group ) connected to SPD(AIX) 5.4 server at 10.166.0.39.
NOTE: Libref STLF was successfully assigned as follows: 
      Engine:        SASSPDS 
      Physical Name: :14614876/spdsmeta2/STLF/
NOTE: User sas(ACL Group ) connected to SPD(AIX) 5.4 server at 10.166.0.39.
NOTE: Libref DASHLIBD was successfully assigned as follows: 
      Engine:        SASSPDS 
      Physical Name: :14614876/spdsmeta2/DASHLIBD/
NOTE: User sas(ACL Group ) connected to SPD(AIX) 5.4 server at 10.166.0.39.
NOTE: Libref BFLIB was successfully assigned as follows: 
      Engine:        SASSPDS 
      Physical Name: :14614876/spdsmeta2/bflib/
NOTE: User sas(ACL Group ) connected to SPD(AIX) 5.4 server at 10.166.0.39.
NOTE: Libref BATMP was successfully assigned as follows: 
      Engine:        SASSPDS 
      Physical Name: :14614876/spdsmeta2/batmp/
NOTE: User sas(ACL Group ) connected to SPD(AIX) 5.4 server at 10.166.0.39.
NOTE: Libref SOPDM was successfully assigned as follows: 
      Engine:        SASSPDS 
      Physical Name: :14614876/spdsmeta2/sopdm/
NOTE: User sas(ACL Group ) connected to SPD(AIX) 5.4 server at 10.166.0.39.
NOTE: Libref KKLIB was successfully assigned as follows: 
      Engine:        SASSPDS 
      Physical Name: :14614876/spdsmeta2/kklib/
NOTE: User sas(ACL Group ) connected to SPD(AIX) 5.4 server at 10.166.0.39.
NOTE: Libref MHMAYEDS was successfully assigned as follows: 
      Engine:        SASSPDS 
      Physical Name: :14614876/spdsmeta2/MHMAYEDS/
NOTE: User sas(ACL Group ) connected to SPD(AIX) 5.4 server at 10.166.0.39.
NOTE: Libref MTHEO was successfully assigned as follows: 
      Engine:        SASSPDS 
      Physical Name: :14614876/spdsmeta2/MTHEO/
NOTE: User sas(ACL Group ) connected to SPD(AIX) 5.4 server at 10.166.0.39.
NOTE: Libref PRCDM was successfully assigned as follows: 
      Engine:        SASSPDS 
      Physical Name: :14614876/spdsmeta2/prcdm/
NOTE: User sas(ACL Group ) connected to SPD(AIX) 5.4 server at 10.166.0.39.
NOTE: Libref BLDM was successfully assigned as follows: 
      Engine:        SASSPDS 
      Physical Name: :14614876/spdsmeta2/bldm/
NOTE: User sas(ACL Group ) connected to SPD(AIX) 5.4 server at 10.166.0.39.
NOTE: Libref RAPTMP was successfully assigned as follows: 
      Engine:        SASSPDS 
      Physical Name: :14614876/spdsmeta2/raptmp/
NOTE: User sas(ACL Group ) connected to SPD(AIX) 5.4 server at 10.166.0.39.
NOTE: Libref PRFTBLIB was successfully assigned as follows: 
      Engine:        SASSPDS 
      Physical Name: :14614876/spdsmeta2/prftblib/
NOTE: User sas(ACL Group ) connected to SPD(AIX) 5.4 server at 10.166.0.39.
6                                                          The SAS System                            08:00 Tuesday, November 3, 2020

NOTE: Libref RAPOUT was successfully assigned as follows: 
      Engine:        SASSPDS 
      Physical Name: :14614876/spdsmeta2/rapout/
NOTE: User sas(ACL Group ) connected to SPD(AIX) 5.4 server at 10.166.0.39.
NOTE: Libref RAPTEST was successfully assigned as follows: 
      Engine:        SASSPDS 
      Physical Name: :14614876/spdsmeta2/RAPTEST/
NOTE: User sas(ACL Group ) connected to SPD(AIX) 5.4 server at 10.166.0.39.
NOTE: Libref DMLIB2 was successfully assigned as follows: 
      Engine:        SASSPDS 
      Physical Name: :14614876/spdsmeta2/DMLIB2/
NOTE: User sas(ACL Group ) connected to SPD(AIX) 5.4 server at 10.166.0.39.
NOTE: Libref BCSDM was successfully assigned as follows: 
      Engine:        SASSPDS 
      Physical Name: :14614876/spdsmeta2/BCSDM/
NOTE: User sas(ACL Group ) connected to SPD(AIX) 5.4 server at 10.166.0.39.
NOTE: Libref IATMP was successfully assigned as follows: 
      Engine:        SASSPDS 
      Physical Name: :14614876/spdsmeta2/iatmp/
NOTE: User sas(ACL Group ) connected to SPD(AIX) 5.4 server at 10.166.0.39.
NOTE: Libref SOSUF was successfully assigned as follows: 
      Engine:        SASSPDS 
      Physical Name: :14614876/spdsmeta2/sosuf/
NOTE: User sas(ACL Group ) connected to SPD(AIX) 5.4 server at 10.166.0.39.
NOTE: Libref RAPARCH was successfully assigned as follows: 
      Engine:        SASSPDS 
      Physical Name: :14614876/spdsmeta2/raparch/
NOTE: User sas(ACL Group ) connected to SPD(AIX) 5.4 server at 10.166.0.39.
NOTE: Libref RMCTMP was successfully assigned as follows: 
      Engine:        SASSPDS 
      Physical Name: :14614876/spdsmeta2/rmctmp/
NOTE: User sas(ACL Group ) connected to SPD(AIX) 5.4 server at 10.166.0.39.
NOTE: Libref MTHKA was successfully assigned as follows: 
      Engine:        SASSPDS 
      Physical Name: :14614876/spdsmeta2/MTHKA/
NOTE: User sas(ACL Group ) connected to SPD(AIX) 5.4 server at 10.166.0.39.
NOTE: Libref EPYDM was successfully assigned as follows: 
      Engine:        SASSPDS 
      Physical Name: :14614876/spdsmeta2/EPYDM/
NOTE: User sas(ACL Group ) connected to SPD(AIX) 5.4 server at 10.166.0.39.
NOTE: Libref DSTDM was successfully assigned as follows: 
      Engine:        SASSPDS 
      Physical Name: :14614876/spdsmeta2/DSTDM/
NOTE: User sas(ACL Group ) connected to SPD(AIX) 5.4 server at 10.166.0.39.
NOTE: Libref DYMTMP was successfully assigned as follows: 
      Engine:        SASSPDS 
      Physical Name: :14614876/spdsmeta2/DYMTMP/
NOTE: User sas(ACL Group ) connected to SPD(AIX) 5.4 server at 10.166.0.39.
NOTE: Libref MDLIB was successfully assigned as follows: 
      Engine:        SASSPDS 
      Physical Name: :14614876/spdsmeta2/MDLIB/
NOTE: User sas(ACL Group ) connected to SPD(AIX) 5.4 server at 10.166.0.39.
NOTE: Libref DSTTMP was successfully assigned as follows: 
      Engine:        SASSPDS 
      Physical Name: :14614876/spdsmeta2/DSTTMP/
NOTE: User sas(ACL Group ) connected to SPD(AIX) 5.4 server at 10.166.0.39.
NOTE: Libref TMPLIB2 was successfully assigned as follows: 
      Engine:        SASSPDS 
7                                                          The SAS System                            08:00 Tuesday, November 3, 2020

      Physical Name: :14614876/spdsmeta2/tmplib2/
NOTE: User sas(ACL Group ) connected to SPD(AIX) 5.4 server at 10.166.0.39.
NOTE: Libref PILIB was successfully assigned as follows: 
      Engine:        SASSPDS 
      Physical Name: :14614876/spdsmeta2/PILIB/
NOTE: User sas(ACL Group ) connected to SPD(AIX) 5.4 server at 10.166.0.39.
NOTE: Libref BLTMP was successfully assigned as follows: 
      Engine:        SASSPDS 
      Physical Name: :14614876/spdsmeta2/bltmp/
NOTE: User sas(ACL Group ) connected to SPD(AIX) 5.4 server at 10.166.0.39.
NOTE: Libref AUTODIAL was successfully assigned as follows: 
      Engine:        SASSPDS 
      Physical Name: :14614876/spdsmeta2/AUTODIAL/
NOTE: User sas(ACL Group ) connected to SPD(AIX) 5.4 server at 10.166.0.39.
NOTE: Libref PRICPRD was successfully assigned as follows: 
      Engine:        SASSPDS 
      Physical Name: :14614876/spdsmeta2/PRICPRD/
NOTE: User sas(ACL Group ) connected to SPD(AIX) 5.4 server at 10.166.0.39.
NOTE: Libref CPSREG was successfully assigned as follows: 
      Engine:        SASSPDS 
      Physical Name: :14614876/spdsmeta2/CPSREG/
NOTE: User sas(ACL Group ) connected to SPD(AIX) 5.4 server at 10.166.0.39.
NOTE: Libref CXDM was successfully assigned as follows: 
      Engine:        SASSPDS 
      Physical Name: :14614876/spdsmeta2/CXDM/
NOTE: User sas(ACL Group ) connected to SPD(AIX) 5.4 server at 10.166.0.39.
NOTE: Libref CPSFRC was successfully assigned as follows: 
      Engine:        SASSPDS 
      Physical Name: :14614876/spdsmeta2/CPSFRC/
NOTE: User sas(ACL Group ) connected to SPD(AIX) 5.4 server at 10.166.0.39.
NOTE: Libref SDLIB was successfully assigned as follows: 
      Engine:        SASSPDS 
      Physical Name: :14614876/spdsmeta2/SDLIB/
NOTE: User sas(ACL Group ) connected to SPD(AIX) 5.4 server at 10.166.0.39.
NOTE: Libref CMPDM was successfully assigned as follows: 
      Engine:        SASSPDS 
      Physical Name: :14614876/spdsmeta2/CMPDM/
NOTE: User sas(ACL Group ) connected to SPD(AIX) 5.4 server at 10.166.0.39.
NOTE: Libref PMDM was successfully assigned as follows: 
      Engine:        SASSPDS 
      Physical Name: :14614876/spdsmeta2/PMDM/
NOTE: User sas(ACL Group ) connected to SPD(AIX) 5.4 server at 10.166.0.39.
NOTE: Libref MSADM was successfully assigned as follows: 
      Engine:        SASSPDS 
      Physical Name: :14614876/spdsmeta2/MSADM/
NOTE: User sas(ACL Group ) connected to SPD(AIX) 5.4 server at 10.166.0.39.
NOTE: Libref FPCLIB was successfully assigned as follows: 
      Engine:        SASSPDS 
      Physical Name: :14614876/spdsmeta2/fpclib/
NOTE: User sas(ACL Group ) connected to SPD(AIX) 5.4 server at 10.166.0.39.
NOTE: Libref DBALIB was successfully assigned as follows: 
      Engine:        SASSPDS 
      Physical Name: :14614876/spdsmeta2/DBALIB/
NOTE: User sas(ACL Group ) connected to SPD(AIX) 5.4 server at 10.166.0.39.
NOTE: Libref CPSHRLY was successfully assigned as follows: 
      Engine:        SASSPDS 
      Physical Name: :14614876/spdsmeta2/CPSHRLY/
NOTE: User sas(ACL Group ) connected to SPD(AIX) 5.4 server at 10.166.0.39.
8                                                          The SAS System                            08:00 Tuesday, November 3, 2020

NOTE: Libref PRCDM2 was successfully assigned as follows: 
      Engine:        SASSPDS 
      Physical Name: :14614876/spdsmeta2/PRCDM2/
NOTE: User sas(ACL Group ) connected to SPD(AIX) 5.4 server at 10.166.0.39.
NOTE: Libref ARCLIB was successfully assigned as follows: 
      Engine:        SASSPDS 
      Physical Name: :14614876/spdsmeta2/ARCLIB/
NOTE: User sas(ACL Group ) connected to SPD(AIX) 5.4 server at 10.166.0.39.
NOTE: Libref QL_SALES was successfully assigned as follows: 
      Engine:        SASSPDS 
      Physical Name: :14614876/spdsmeta2/QL_SALES/
NOTE: User sas(ACL Group ) connected to SPD(AIX) 5.4 server at 10.166.0.39.
NOTE: Libref ETSDM was successfully assigned as follows: 
      Engine:        SASSPDS 
      Physical Name: :14614876/spdsmeta2/etsdm/
NOTE: User sas(ACL Group ) connected to SPD(AIX) 5.4 server at 10.166.0.39.
NOTE: Libref EPYTMP was successfully assigned as follows: 
      Engine:        SASSPDS 
      Physical Name: :14614876/spdsmeta2/EPYTMP/
NOTE: User sas(ACL Group ) connected to SPD(AIX) 5.4 server at 10.166.0.39.
NOTE: Libref HRDM was successfully assigned as follows: 
      Engine:        SASSPDS 
      Physical Name: :14614876/spdsmeta2/HRDM/
NOTE: User sas(ACL Group ) connected to SPD(AIX) 5.4 server at 10.166.0.39.
NOTE: Libref CNPRCTMP was successfully assigned as follows: 
      Engine:        SASSPDS 
      Physical Name: :14614876/spdsmeta2/cnprctmp/
NOTE: User sas(ACL Group ) connected to SPD(AIX) 5.4 server at 10.166.0.39.
NOTE: Libref DI_SMDM was successfully assigned as follows: 
      Engine:        SASSPDS 
      Physical Name: :14614876/spdsmeta2/DI_SMDM/
NOTE: User sas(ACL Group ) connected to SPD(AIX) 5.4 server at 10.166.0.39.
NOTE: Libref PREFLIB was successfully assigned as follows: 
      Engine:        SASSPDS 
      Physical Name: :14614876/spdsmeta2/PREFLIB/
NOTE: User sas(ACL Group ) connected to SPD(AIX) 5.4 server at 10.166.0.39.
NOTE: Libref TRNLIB3 was successfully assigned as follows: 
      Engine:        SASSPDS 
      Physical Name: :14614876/spdsmeta2/TRNLIB3/
NOTE: User sas(ACL Group ) connected to SPD(AIX) 5.4 server at 10.166.0.39.
NOTE: Libref TMPLIB33 was successfully assigned as follows: 
      Engine:        SASSPDS 
      Physical Name: :14614876/spdsmeta2/TMPLIB3/
NOTE: User sas(ACL Group ) connected to SPD(AIX) 5.4 server at 10.166.0.39.
NOTE: Libref SHFDM was successfully assigned as follows: 
      Engine:        SASSPDS 
      Physical Name: :14614876/spdsmeta2/SHFDM/
NOTE: User sas(ACL Group ) connected to SPD(AIX) 5.4 server at 10.166.0.39.
NOTE: Libref SPDM was successfully assigned as follows: 
      Engine:        SASSPDS 
      Physical Name: :14614876/spdsmeta2/SPDM/
NOTE: User sas(ACL Group ) connected to SPD(AIX) 5.4 server at 10.166.0.39.
NOTE: Libref SSIMDM was successfully assigned as follows: 
      Engine:        SASSPDS 
      Physical Name: :14614876/spdsmeta2/SSIMDM/
NOTE: User sas(ACL Group ) connected to SPD(AIX) 5.4 server at 10.166.0.39.
NOTE: Libref TKDM was successfully assigned as follows: 
      Engine:        SASSPDS 
9                                                          The SAS System                            08:00 Tuesday, November 3, 2020

      Physical Name: :14614876/spdsmeta2/TKDM/
NOTE: User sas(ACL Group ) connected to SPD(AIX) 5.4 server at 10.166.0.39.
NOTE: Libref EAP_PR was successfully assigned as follows: 
      Engine:        SASSPDS 
      Physical Name: :14614876/spdsmeta2/EAP_PR/
NOTE: User sas(ACL Group ) connected to SPD(AIX) 5.4 server at 10.166.0.39.
NOTE: Libref EAP_PAY was successfully assigned as follows: 
      Engine:        SASSPDS 
      Physical Name: :14614876/spdsmeta2/EAP_PAY/
NOTE: User sas(ACL Group ) connected to SPD(AIX) 5.4 server at 10.166.0.39.
NOTE: Libref KMHMDM was successfully assigned as follows: 
      Engine:        SASSPDS 
      Physical Name: :14614876/spdsmeta2/KMHMDM/
NOTE: User sas(ACL Group ) connected to SPD(AIX) 5.4 server at 10.166.0.39.
NOTE: Libref QVYDM was successfully assigned as follows: 
      Engine:        SASSPDS 
      Physical Name: :14614876/spdsmeta2/QVYDM/
NOTE: User sas(ACL Group ) connected to SPD(AIX) 5.4 server at 10.166.0.39.
NOTE: Libref VYDMKVKK was successfully assigned as follows: 
      Engine:        SASSPDS 
      Physical Name: :14614876/spdsmeta2/VYDMKVKK/
NOTE: User sas(ACL Group ) connected to SPD(AIX) 5.4 server at 10.166.0.39.
NOTE: Libref OGMTMP was successfully assigned as follows: 
      Engine:        SASSPDS 
      Physical Name: :14614876/spdsmeta2/OGMTMP/
NOTE: User sas(ACL Group ) connected to SPD(AIX) 5.4 server at 10.166.0.39.
NOTE: Libref OGMDM was successfully assigned as follows: 
      Engine:        SASSPDS 
      Physical Name: :14614876/spdsmeta2/OGMDM/
NOTE: User sas(ACL Group ) connected to SPD(AIX) 5.4 server at 10.166.0.39.
NOTE: Libref PRCTMP was successfully assigned as follows: 
      Engine:        SASSPDS 
      Physical Name: :14614876/spdsmeta2/prctmp/
NOTE: User sas(ACL Group ) connected to SPD(AIX) 5.4 server at 10.166.0.39.
NOTE: Libref CNPRCDM was successfully assigned as follows: 
      Engine:        SASSPDS 
      Physical Name: :14614876/spdsmeta2/cnprcdm/
NOTE: User sas(ACL Group ) connected to SPD(AIX) 5.4 server at 10.166.0.39.
NOTE: Libref IADM was successfully assigned as follows: 
      Engine:        SASSPDS 
      Physical Name: :14614876/spdsmeta2/iadm/
NOTE: User sas(ACL Group ) connected to SPD(AIX) 5.4 server at 10.166.0.39.
NOTE: Libref SMTMP2 was successfully assigned as follows: 
      Engine:        SASSPDS 
      Physical Name: :14614876/spdsmeta2/smtmp2/
NOTE: User sas(ACL Group ) connected to SPD(AIX) 5.4 server at 10.166.0.39.
NOTE: Libref ETSTMP was successfully assigned as follows: 
      Engine:        SASSPDS 
      Physical Name: :14614876/spdsmeta2/etstmp/
NOTE: User sas(ACL Group ) connected to SPD(AIX) 5.4 server at 10.166.0.39.
NOTE: Libref BITMP was successfully assigned as follows: 
      Engine:        SASSPDS 
      Physical Name: :14614876/spdsmeta2/bitmp/
NOTE: User sas(ACL Group ) connected to SPD(AIX) 5.4 server at 10.166.0.39.
NOTE: Libref BIDM was successfully assigned as follows: 
      Engine:        SASSPDS 
      Physical Name: :14614876/spdsmeta2/bidm/
NOTE: User sas(ACL Group ) connected to SPD(AIX) 5.4 server at 10.166.0.39.
10                                                         The SAS System                            08:00 Tuesday, November 3, 2020

NOTE: Libref HSLIB was successfully assigned as follows: 
      Engine:        SASSPDS 
      Physical Name: :14614876/spdsmeta2/hslib/
NOTE: User sas(ACL Group ) connected to SPD(AIX) 5.4 server at 10.166.0.39.
NOTE: Libref RASDM was successfully assigned as follows: 
      Engine:        SASSPDS 
      Physical Name: :14614876/spdsmeta2/rasdm/
NOTE: User sas(ACL Group ) connected to SPD(AIX) 5.4 server at 10.166.0.39.
NOTE: Libref RAPVAS was successfully assigned as follows: 
      Engine:        SASSPDS 
      Physical Name: :14614876/spdsmeta2/rapvas/
NOTE: User sas(ACL Group ) connected to SPD(AIX) 5.4 server at 10.166.0.39.
NOTE: Libref FPCTMP was successfully assigned as follows: 
      Engine:        SASSPDS 
      Physical Name: :14614876/spdsmeta2/fpctmp/
NOTE: User sas(ACL Group ) connected to SPD(AIX) 5.4 server at 10.166.0.39.
NOTE: Libref FRCPRD was successfully assigned as follows: 
      Engine:        SASSPDS 
      Physical Name: :14614876/spdsmeta2/FRCPRD/
NOTE: User sas(ACL Group ) connected to SPD(AIX) 5.4 server at 10.166.0.39.
NOTE: Libref FRCARC was successfully assigned as follows: 
      Engine:        SASSPDS 
      Physical Name: :14614876/spdsmeta2/FRCARC/
NOTE: User sas(ACL Group ) connected to SPD(AIX) 5.4 server at 10.166.0.39.
NOTE: Libref PRCHPRD was successfully assigned as follows: 
      Engine:        SASSPDS 
      Physical Name: :14614876/spdsmeta2/PRCHPRD/
NOTE: User sas(ACL Group ) connected to SPD(AIX) 5.4 server at 10.166.0.39.
NOTE: Libref PRCHARC was successfully assigned as follows: 
      Engine:        SASSPDS 
      Physical Name: :14614876/spdsmeta2/PRCHARC/
NOTE: User sas(ACL Group ) connected to SPD(AIX) 5.4 server at 10.166.0.39.
NOTE: Libref HDGPRD was successfully assigned as follows: 
      Engine:        SASSPDS 
      Physical Name: :14614876/spdsmeta2/HDGPRD/
NOTE: User sas(ACL Group ) connected to SPD(AIX) 5.4 server at 10.166.0.39.
NOTE: Libref HDGARC was successfully assigned as follows: 
      Engine:        SASSPDS 
      Physical Name: :14614876/spdsmeta2/HDGARC/
NOTE: User sas(ACL Group ) connected to SPD(AIX) 5.4 server at 10.166.0.39.
NOTE: Libref PILIB2 was successfully assigned as follows: 
      Engine:        SASSPDS 
      Physical Name: :14614876/spdsmeta2/PILIB2/
NOTE: User sas(ACL Group ) connected to SPD(AIX) 5.4 server at 10.166.0.39.
NOTE: Libref MTHSO was successfully assigned as follows: 
      Engine:        SASSPDS 
      Physical Name: :14614876/spdsmeta2/MTHSO/
NOTE: User sas(ACL Group ) connected to SPD(AIX) 5.4 server at 10.166.0.39.
NOTE: Libref MTHMA was successfully assigned as follows: 
      Engine:        SASSPDS 
      Physical Name: :14614876/spdsmeta2/MTHMA/
NOTE: User sas(ACL Group ) connected to SPD(AIX) 5.4 server at 10.166.0.39.
NOTE: Libref MTHTMP was successfully assigned as follows: 
      Engine:        SASSPDS 
      Physical Name: :14614876/spdsmeta2/MTHTMP/
NOTE: User sas(ACL Group ) connected to SPD(AIX) 5.4 server at 10.166.0.39.
NOTE: Libref DYMDM was successfully assigned as follows: 
      Engine:        SASSPDS 
11                                                         The SAS System                            08:00 Tuesday, November 3, 2020

      Physical Name: :14614876/spdsmeta2/DYMDM/
NOTE: User sas(ACL Group ) connected to SPD(AIX) 5.4 server at 10.166.0.39.
NOTE: Libref CSSLIB was successfully assigned as follows: 
      Engine:        SASSPDS 
      Physical Name: :14614876/spdsmeta2/CSSLIB/
NOTE: User sas(ACL Group ) connected to SPD(AIX) 5.4 server at 10.166.0.39.
NOTE: Libref SAHOL was successfully assigned as follows: 
      Engine:        SASSPDS 
      Physical Name: :14614876/spdsmeta2/SAHOL/
NOTE: User sas(ACL Group ) connected to SPD(AIX) 5.4 server at 10.166.0.39.
NOTE: Libref MKVR was successfully assigned as follows: 
      Engine:        SASSPDS 
      Physical Name: :14614876/spdsmeta2/MKVR/
137        
138        data TEST_1;
139        	format StTarih BtTarih date9.;
140        	StTarih = intnx('month', "&SYSDATE"D,-1, 'b');
141        	BtTarih = intnx('month',"&SYSDATE"D,-1,'e');
142        
143        /*	StTarih = '01Mar2017'd;*/
144        /*	BtTarih = '31Mar2017'd;*/
145        	PrevMonth = Month(StTarih);
146        	PrevYear = Year(StTarih);
147        	call symput('LastMonthBegin',put(StTarih,date9.));
148        	call symput('LastMonthEnd',put(BtTarih,date9.));
149        	call symput('PrevMonth', PrevMonth);
150        	call symput('PrevYear', PrevYear);
151        run;

NOTE: Numeric values have been converted to character values at the places given by: (Line):(Column).
      149:27   150:26   
NOTE: The data set WORK.TEST_1 has 1 observations and 4 variables.
NOTE: DATA statement used (Total process time):
      real time           0.01 seconds
      cpu time            0.00 seconds
      

152        
153        
154        
155        data TMPLIB3.MHM_QNUM_AYEDAS;
156        	length BOLGE $10;
157        	set MHMDM.AYEDAS_QNUMBERS(keep=TARIH ID ISLEM_TIME ISLEM_TIME_MIN WAIT_TIME WAIT_TIME_MIN QNUM STATUS MHM_ADI
158        							  where=(ISLEM_TIME_MIN > 60 and STATUS in ('CAGRILDI','PASLANDI') and TARIH >= "&LastMonthBegin"d and TARIH <=
158      ! "&LastMonthEnd"d));
159        
160        	if MHM_ADI='adalar'	 then MHM_ADI_YENI= "Adalar Mhm";
161        	else if MHM_ADI='beylerbeyi' then MHM_ADI_YENI = "Beylerbeyi Mhm";
162        	else if MHM_ADI='bostanci'	then MHM_ADI_YENI = "Bostancý Mhm";
163        	else if MHM_ADI='caddebostan' then MHM_ADI_YENI = "Caddebostan Mhm"	;
164        	else if MHM_ADI='dudullu'	then MHM_ADI_YENI =  "Dudullu Mhm"	;
165        	else if MHM_ADI='erenkoy'	then MHM_ADI_YENI =  "Erenköy Mhm"	;
166        	else if MHM_ADI='icerenkoy'	then MHM_ADI_YENI =  "Ýçerenköy Mhm" ;
167        	else if MHM_ADI='kadikoy'	then MHM_ADI_YENI =  "Kadýköy Mhm";
168        	else if MHM_ADI='kartal' then MHM_ADI_YENI =  "Kartal Mhm";
169        	else if MHM_ADI='kavacik'	then MHM_ADI_YENI =  "Kavacýk Mhm"	;
170        	else if MHM_ADI='kurtkoy'	then MHM_ADI_YENI =  "Kurtköy Mhm"	;
171        	else if MHM_ADI='maltepe'	then MHM_ADI_YENI =  "Maltepe Mhm"	;
12                                                         The SAS System                            08:00 Tuesday, November 3, 2020

172        	else if MHM_ADI='pendik'	then MHM_ADI_YENI =  "Pendik Mhm"	;
173        	else if MHM_ADI='sarigazi'	then MHM_ADI_YENI = "Sarýgazi Mhm"	;
174        	else if MHM_ADI='sile'	then MHM_ADI_YENI =  "Þile Mhm"	;
175        	else if MHM_ADI='umraniye'	then MHM_ADI_YENI =  "Ümraniye Mhm"	;
176        	else if MHM_ADI='uskudar'	then MHM_ADI_YENI =  "Üsküdar Mhm"	;
177        	else MHM_ADI_YENI = '';
178        	BOLGE = 'AYEDAS';
179        run;

NOTE: There were 25732 observations read from the data set MHMDM.AYEDAS_QNUMBERS.
      WHERE (ISLEM_TIME_MIN>60) and STATUS in ('CAGRILDI', 'PASLANDI') and (TARIH>='01OCT2020'D and TARIH<='31OCT2020'D);
NOTE: The data set TMPLIB3.MHM_QNUM_AYEDAS has 25732 observations and 11 variables.
NOTE: DATA statement used (Total process time):
      real time           3.20 seconds
      cpu time            0.02 seconds
      

180        
181        data TMPLIB3.MHM_QNUM_BASKENT;
182        	length BOLGE $10;
183        	set MHMDM.BASKENT_QNUMBERS(keep=TARIH ID ISLEM_TIME ISLEM_TIME_MIN WAIT_TIME WAIT_TIME_MIN QNUM STATUS MHM_ADI
184        							  where=(ISLEM_TIME_MIN > 60 and STATUS in ('CAGRILDI','PASLANDI') and TARIH >= "&LastMonthBegin"d and TARIH <=
184      ! "&LastMonthEnd"d));
185        
186        	if MHM_ADI='bartin'	 then MHM_ADI_YENI= "Bartýn Mhm";
187        	else if MHM_ADI='beypazari'	then MHM_ADI_YENI= "Beypazarý Mhm";
188        	else if MHM_ADI='cankiri'	then MHM_ADI_YENI= "Çankýrý Mhm"	;
189        	else if MHM_ADI='cankiri_caddesi' then MHM_ADI_YENI= "Ulus Mhm"	;
190        	else if MHM_ADI='cubuk'	then MHM_ADI_YENI= "Çubuk Mhm"	;
191        	else if MHM_ADI='etimesgut'	then MHM_ADI_YENI= "Etimesgut Mhm"	;
192        	else if MHM_ADI='golbasi'	then MHM_ADI_YENI= "Gölbaþý Mhm"	;
193        	else if MHM_ADI='hanimeli_giris_yeni_tesis'	then MHM_ADI_YENI= "Hanýmeli Mhm"	;
194        	else if MHM_ADI='hanimeli_kat1_eski_tesis'	then MHM_ADI_YENI= "Hanýmeli Mhm"	;
195        	else if MHM_ADI='karabuk'	then MHM_ADI_YENI= "Karabük Mhm"	;
196        	else if MHM_ADI='karabuk_kat1'	then MHM_ADI_YENI= "Karabük Mhm"	;
197        	else if MHM_ADI='karadeniz_eregli'	then MHM_ADI_YENI= "Kdz. Ereðli Mhm"	;
198        	else if MHM_ADI='kastamonu'	 then MHM_ADI_YENI= "Kastamonu Mhm"	;
199        	else if MHM_ADI='kecioren'	then MHM_ADI_YENI= "Keçiören Mhm"	;
200        	else if MHM_ADI='kirikkale'	then MHM_ADI_YENI="Kýrýkkale Mhm"	;
201        	else if MHM_ADI='polatli'	then MHM_ADI_YENI= "Polatlý Mhm"	;
202        	else if MHM_ADI IN ('sincan_kat1','sincan_kat2','sincan_kat3','sincan_kat4') then MHM_ADI_YENI= "Sincan Mhm" ;
203        	else if MHM_ADI='ulus'	then MHM_ADI_YENI= "Ulus Mhm"	;
204        	else if MHM_ADI='yenimahalle'	then MHM_ADI_YENI="Yenimahalle Mhm"	;
205        	else if MHM_ADI='zonguldak'	then MHM_ADI_YENI= "Zonguldak Mhm"	;
206        	else MHM_ADI_YENI= '';
207        
208        	BOLGE = 'BASKENT';
209        run;

NOTE: There were 26674 observations read from the data set MHMDM.BASKENT_QNUMBERS.
      WHERE (ISLEM_TIME_MIN>60) and STATUS in ('CAGRILDI', 'PASLANDI') and (TARIH>='01OCT2020'D and TARIH<='31OCT2020'D);
NOTE: The data set TMPLIB3.MHM_QNUM_BASKENT has 26674 observations and 11 variables.
NOTE: DATA statement used (Total process time):
      real time           3.03 seconds
      cpu time            0.03 seconds
      

210        
13                                                         The SAS System                            08:00 Tuesday, November 3, 2020

211        
212        
213        data TMPLIB3.MHM_QNUM_TOROSLAR;
214        	length BOLGE $10;
215        	set MHMDM.TOROSLAR_QNUMBERS(keep=TARIH ID ISLEM_TIME ISLEM_TIME_MIN WAIT_TIME WAIT_TIME_MIN QNUM STATUS MHM_ADI
216        							  where=(ISLEM_TIME_MIN > 60 and STATUS in ('CAGRILDI','PASLANDI') and TARIH >= "&LastMonthBegin"d and TARIH <=
216      ! "&LastMonthEnd"d));
217        
218        	if MHM_ADI='anamur'	 then MHM_ADI_YENI= "Anamur Mhm" ;
219        	else if MHM_ADI='antakya' then MHM_ADI_YENI= "Antakya Mhm"	;
220        	else if MHM_ADI='ceyhan'  then MHM_ADI_YENI= "Ceyhan Mhm"	;
221        	else if MHM_ADI='cukurova' then MHM_ADI_YENI= "Çukurova Mhm" ;
222        	else if MHM_ADI='dortyol'	 then MHM_ADI_YENI= "Dörtyol Mhm"	;
223        	else if MHM_ADI='erdemli'	then MHM_ADI_YENI= "Erdemli Mhm"	;
224        	else if MHM_ADI='gaziantep'	then MHM_ADI_YENI= "Þehitkamil Mhm"	;
225        	else if MHM_ADI='iskenderun'	then MHM_ADI_YENI= "Ýskenderun Mhm"	;
226        	else if MHM_ADI='islahiye'	then MHM_ADI_YENI= "Islahiye Mhm"	;
227        	else if MHM_ADI='kadirli'	then MHM_ADI_YENI= "Kadirli Mhm"	;
228        	else if MHM_ADI='kilis'	then MHM_ADI_YENI= "Kilis Mhm"	;
229        	else if MHM_ADI='kirikhan'	then MHM_ADI_YENI= "Kýrýkhan Mhm"	;
230        	else if MHM_ADI='kozan'	then MHM_ADI_YENI= "Kozan Mhm"	;
231        	else if MHM_ADI='mersin'	then MHM_ADI_YENI= "Mersin Mhm"	;
232        	else if MHM_ADI='mezitli'	then MHM_ADI_YENI= "Mezitli Mhm"	;
233        	else if MHM_ADI='nizip'	then MHM_ADI_YENI= "Nizip Mhm"	;
234        	else if MHM_ADI='osmaniye'	then MHM_ADI_YENI= "Osmaniye Mhm"	;
235        	else if MHM_ADI='reyhanli'	then MHM_ADI_YENI= "Reyhanlý Mhm"	;
236        	else if MHM_ADI='sahinbey'	then MHM_ADI_YENI= "Þahinbey Mhm"	;
237        	else if MHM_ADI='samandagi'	then MHM_ADI_YENI= "Samandaðý Mhm"	;
238        	else if MHM_ADI='seyhan'	then MHM_ADI_YENI= "Seyhan Mhm"	;
239        	else if MHM_ADI='silifke'	then MHM_ADI_YENI= "Silifke Mhm"	;
240        	else if MHM_ADI='tarsus'	then MHM_ADI_YENI= "Tarsus Mhm"	;
241        	else if MHM_ADI='yuregir'	then MHM_ADI_YENI= "Yüreðir Mhm"	;
242        	else MHM_ADI_YENI= '';	
243        
244        	BOLGE = 'TOROSLAR';
245        run;

NOTE: There were 22554 observations read from the data set MHMDM.TOROSLAR_QNUMBERS.
      WHERE (ISLEM_TIME_MIN>60) and STATUS in ('CAGRILDI', 'PASLANDI') and (TARIH>='01OCT2020'D and TARIH<='31OCT2020'D);
NOTE: The data set TMPLIB3.MHM_QNUM_TOROSLAR has 22554 observations and 11 variables.
NOTE: DATA statement used (Total process time):
      real time           1.99 seconds
      cpu time            0.01 seconds
      

246        
247        
248        
249        data TMPLIB3.MHM_QNUMBERS_ALL;
250        	set TMPLIB3.MHM_QNUM_AYEDAS(where=(TARIH >= "&LastMonthBegin"d and TARIH <= "&LastMonthEnd"d))
251        		TMPLIB3.MHM_QNUM_BASKENT(where=(TARIH >= "&LastMonthBegin"d and TARIH <= "&LastMonthEnd"d))
252        		TMPLIB3.MHM_QNUM_TOROSLAR(where=(TARIH >= "&LastMonthBegin"d and TARIH <= "&LastMonthEnd"d));
253        run;

NOTE: There were 25732 observations read from the data set TMPLIB3.MHM_QNUM_AYEDAS.
      WHERE (TARIH>='01OCT2020'D and TARIH<='31OCT2020'D);
NOTE: There were 26674 observations read from the data set TMPLIB3.MHM_QNUM_BASKENT.
      WHERE (TARIH>='01OCT2020'D and TARIH<='31OCT2020'D);
14                                                         The SAS System                            08:00 Tuesday, November 3, 2020

NOTE: There were 22554 observations read from the data set TMPLIB3.MHM_QNUM_TOROSLAR.
      WHERE (TARIH>='01OCT2020'D and TARIH<='31OCT2020'D);
NOTE: The data set TMPLIB3.MHM_QNUMBERS_ALL has 74960 observations and 11 variables.
NOTE: DATA statement used (Total process time):
      real time           0.37 seconds
      cpu time            0.04 seconds
      

254        
255        
256        data TMPLIB3.MHM_QNUMBERS_ALL2;
257        	merge TMPLIB3.MHM_QNUMBERS_ALL(in=s1)
258        		  MHMDM.QUEUES(in=s2 rename=(ID =QNUM));
259        	by QNUM;
260        	if s1;
261        run;

NOTE: There were 74960 observations read from the data set TMPLIB3.MHM_QNUMBERS_ALL.
NOTE: There were 32 observations read from the data set MHMDM.QUEUES.
NOTE: The data set TMPLIB3.MHM_QNUMBERS_ALL2 has 74960 observations and 12 variables.
NOTE: DATA statement used (Total process time):
      real time           0.38 seconds
      cpu time            0.06 seconds
      

262        
263        
264        /***count&avg --A - t1-query_for_append_table*****/
265        proc sql;
266        	create table TMPLIB3.MHM_QNUM_AVG_TIME as
267        	select BOLGE,
268        		   MHM_ADI_YENI,
269        		   COUNT(*) as CNT,
270        		   AVG(ISLEM_TIME) as AVG_ISLEM_TIME,
271        		   AVG(WAIT_TIME) as AVG_WAIT_TIME
272        	from TMPLIB3.MHM_QNUMBERS_ALL2
273        	group by BOLGE, MHM_ADI_YENI;
NOTE: User sas(ACL Group ) connected to SPD(AIX) 5.4 server at 10.166.0.39.
NOTE: Physical Name: TMPLIB3
 SPDS_NOTE: User sas(ACL Group ) connected to SPD(AIX) 5.4  Server at 10.166.0.39.
 SPDS_NOTE: Libref X0000001 was successfully assigned as follows: 
            Engine:        SPDSENG 
            Physical Name: :10027676/spdsmeta1/TMPLIB3/

 SPDS_NOTE: Libref TMPLIB3 was successfully assigned as follows: 
            Engine:        SPDSENG 
            Physical Name: :10027676/spdsmeta1/TMPLIB3/

NOTE: Implicit SQL:  select TXT_1.BOLGE, TXT_1.MHM_ADI_YENI, COUNT(*) as CNT, AVG(TXT_1.ISLEM_TIME) as AVG_ISLEM_TIME, 
      AVG(TXT_1.WAIT_TIME) as AVG_WAIT_TIME from MHM_QNUMBERS_ALL2 TXT_1 group by TXT_1.BOLGE, TXT_1.MHM_ADI_YENI
 SPDS_NOTE: Parallel group-select method chosen to execute this query.

NOTE: Table TMPLIB3.MHM_QNUM_AVG_TIME created, with 40 rows and 5 columns.

274        quit;
NOTE: PROCEDURE SQL used (Total process time):
      real time           0.78 seconds
      cpu time            0.01 seconds
15                                                         The SAS System                            08:00 Tuesday, November 3, 2020

      

275        
276        /***wt-10 -B ****/
277        proc sql;
278        	create table TMPLIB3.MHM_QNUM_WT_10DK as
279        	select DISTINCT MHM_ADI_YENI,
280        				   TARIH,
281        				   ID,
282        				   ISLEM_TIME,
283        				   ISLEM_TIME_MIN,
284        				   WAIT_TIME,
285        				   WAIT_TIME_MIN,
286        				   BOLGE,
287        				   (CASE  	
288        					   WHEN WAIT_TIME_MIN<=600	
289        					   THEN "kucuk_esit_10dk"	
290        					   ELSE "buyuktur_10dk"	
291        					END) as WT_10DK,
292        				   (case when WAIT_TIME_MIN <= 600 then 0 else (WAIT_TIME_MIN- 600) end) as FARK,
293        				   MONTH(TARIH) as AY,
294        					YEAR(TARIH) as YIL
295        	from TMPLIB3.MHM_QNUMBERS_ALL2;
NOTE: User sas(ACL Group ) connected to SPD(AIX) 5.4 server at 10.166.0.39.
NOTE: Physical Name: TMPLIB3
 SPDS_NOTE: Libref X0000001 was successfully assigned as follows: 
            Engine:        SPDSENG 
            Physical Name: :10027676/spdsmeta1/TMPLIB3/

 SPDS_NOTE: Libref TMPLIB3 was successfully assigned as follows: 
            Engine:        SPDSENG 
            Physical Name: :10027676/spdsmeta1/TMPLIB3/

NOTE: Implicit SQL:  select distinct TXT_1.MHM_ADI_YENI, TXT_1.TARIH, TXT_1.ID, TXT_1.ISLEM_TIME, TXT_1.ISLEM_TIME_MIN, 
      TXT_1.WAIT_TIME, TXT_1.WAIT_TIME_MIN, TXT_1.BOLGE, case  when TXT_1.WAIT_TIME_MIN <= 600 then 'kucuk_esit_10dk' else 
      'buyuktur_10dk' end as WT_10DK, case  when TXT_1.WAIT_TIME_MIN <= 600 then 0 else TXT_1.WAIT_TIME_MIN - 600 end as FARK, 
      MONTH(TXT_1.TARIH) as AY, YEAR(TXT_1.TARIH) as YIL from MHM_QNUMBERS_ALL2 TXT_1
NOTE: Table TMPLIB3.MHM_QNUM_WT_10DK created, with 74960 rows and 12 columns.

296        quit;
NOTE: PROCEDURE SQL used (Total process time):
      real time           1.44 seconds
      cpu time            0.04 seconds
      

297        
298        
299        /*********10 dan küçük ya da büyük-C **********/
300        proc sql;
301        	create table TMPLIB3.MHM_QNUM_WT_BUYUK_KUCUK as
302        	select MHM_ADI_YENI,
303        		   TARIH,
304        		   ID,
305        		   ISLEM_TIME,
306        		   ISLEM_TIME_MIN,
307        		   WAIT_TIME,
308        		   WAIT_TIME_MIN,
309        		   Bolge,
16                                                         The SAS System                            08:00 Tuesday, November 3, 2020

310        		   WT_10DK,
311        		   (CASE  WHEN WAIT_TIME_MIN<=10 THEN "0" ELSE "sapma" END) as WT_10dan_Buyuk_Kucuk
312        	from TMPLIB3.MHM_QNUM_WT_10DK;
NOTE: Table TMPLIB3.MHM_QNUM_WT_BUYUK_KUCUK created, with 74960 rows and 10 columns.

313        quit;
NOTE: PROCEDURE SQL used (Total process time):
      real time           0.64 seconds
      cpu time            0.04 seconds
      

314        
315        
316        /****count WT-10 F****/
317        
318        proc sql;
319        	create table TMPLIB3.MHM_QNUM_CNT_WT_10DK as
320        	select MHM_ADI_YENI,
321        		   BOLGE,
322        		   WT_10DK,
323        		   COUNT(*) as CNT
324        	from TMPLIB3.MHM_QNUM_WT_BUYUK_KUCUK
325        	group by MHM_ADI_YENI,
326        		   	 BOLGE,
327        		     WT_10DK;
NOTE: User sas(ACL Group ) connected to SPD(AIX) 5.4 server at 10.166.0.39.
NOTE: Physical Name: TMPLIB3
 SPDS_NOTE: Libref X0000001 was successfully assigned as follows: 
            Engine:        SPDSENG 
            Physical Name: :10027676/spdsmeta1/TMPLIB3/

 SPDS_NOTE: Libref TMPLIB3 was successfully assigned as follows: 
            Engine:        SPDSENG 
            Physical Name: :10027676/spdsmeta1/TMPLIB3/

NOTE: Implicit SQL:  select TXT_1.MHM_ADI_YENI, TXT_1.BOLGE, TXT_1.WT_10DK, COUNT(*) as CNT from MHM_QNUM_WT_BUYUK_KUCUK TXT_1 
      group by TXT_1.MHM_ADI_YENI, TXT_1.BOLGE, TXT_1.WT_10DK
 SPDS_NOTE: Parallel group-select method chosen to execute this query.

NOTE: Table TMPLIB3.MHM_QNUM_CNT_WT_10DK created, with 69 rows and 4 columns.

328        quit;
NOTE: PROCEDURE SQL used (Total process time):
      real time           0.68 seconds
      cpu time            0.01 seconds
      

329        
330        /********Transpose -G********/
331        
332        PROC TRANSPOSE DATA=TMPLIB3.MHM_QNUM_CNT_WT_10DK
333        	OUT=TMPLIB3.MHM_QNUM_TRN_WT_10DK
334        	PREFIX=Column_
335        	NAME=Source
336        	LABEL=Label;
337        	BY BOLGE MHM_ADI_YENI;
338        	ID WT_10DK;
339        	VAR CNT;
17                                                         The SAS System                            08:00 Tuesday, November 3, 2020

340        RUN;

NOTE: There were 69 observations read from the data set TMPLIB3.MHM_QNUM_CNT_WT_10DK.
NOTE: The data set TMPLIB3.MHM_QNUM_TRN_WT_10DK has 40 observations and 5 variables.
NOTE: PROCEDURE TRANSPOSE used (Total process time):
      real time           0.19 seconds
      cpu time            0.00 seconds
      

340      !      QUIT;
341        
342        /***************WT-ratio formülü-H -t2 - query_for_trnstranspose********************/
343        
344        
345        /*TMPLIB3.MHM_QNUM_TRN_WT_10DK*/
346        proc sql;
347        	create table TMPLIB3.MHM_QNUM_WT_RATIO as
348        	select distinct BOLGE,
349        					MHM_ADI_YENI,
350        					Source,
351        					'Column_kucuk_esit_10dk'n as Column_Kucuk_Esit_10dk,
352        					'Column_buyuktur_10dk'n as Column_Buyuktur_10dk,
353        					'Column_buyuktur_10dk'n /('Column_kucuk_esit_10dk'n + 'Column_buyuktur_10dk'n) as RATIO_OF_WT_BUYUK_10dk
354        	from TMPLIB3.MHM_QNUM_TRN_WT_10DK;
NOTE: User sas(ACL Group ) connected to SPD(AIX) 5.4 server at 10.166.0.39.
NOTE: Physical Name: TMPLIB3
 SPDS_NOTE: Libref X0000001 was successfully assigned as follows: 
            Engine:        SPDSENG 
            Physical Name: :10027676/spdsmeta1/TMPLIB3/

 SPDS_NOTE: Libref TMPLIB3 was successfully assigned as follows: 
            Engine:        SPDSENG 
            Physical Name: :10027676/spdsmeta1/TMPLIB3/

NOTE: Implicit SQL:  select distinct TXT_1.BOLGE, TXT_1.MHM_ADI_YENI, TXT_1.Source, TXT_1.Column_kucuk_esit_10dk as 
      Column_Kucuk_Esit_10dk, TXT_1.Column_buyuktur_10dk as Column_Buyuktur_10dk, TXT_1.Column_buyuktur_10dk / 
      (TXT_1.Column_kucuk_esit_10dk + TXT_1.Column_buyuktur_10dk) as RATIO_OF_WT_BUYUK_10dk from MHM_QNUM_TRN_WT_10DK TXT_1
NOTE: Table TMPLIB3.MHM_QNUM_WT_RATIO created, with 40 rows and 6 columns.

355        quit;
NOTE: PROCEDURE SQL used (Total process time):
      real time           0.69 seconds
      cpu time            0.01 seconds
      

356        
357        
358        /****farkýn toplamý(pay)-I****/
359        proc sql;
360        	create table TMPLIB3.MHM_QNUM_WT_FARK as
361        	select BOLGE,
362        		   MHM_ADI_YENI,
363        		   AY,
364        		   YIL,
365        	       sum(FARK) as SUM_OF_FARK,
366        		   AVG(WAIT_TIME_MIN) as AVG_of_WAIT_TIME_MIN,
367        		   COUNT(*) as COUNT
368        	from TMPLIB3.MHM_QNUM_WT_10DK
18                                                         The SAS System                            08:00 Tuesday, November 3, 2020

369        	group by BOLGE, MHM_ADI_YENI, AY, YIL;
NOTE: User sas(ACL Group ) connected to SPD(AIX) 5.4 server at 10.166.0.39.
NOTE: Physical Name: TMPLIB3
 SPDS_NOTE: Libref X0000001 was successfully assigned as follows: 
            Engine:        SPDSENG 
            Physical Name: :10027676/spdsmeta1/TMPLIB3/

 SPDS_NOTE: Libref TMPLIB3 was successfully assigned as follows: 
            Engine:        SPDSENG 
            Physical Name: :10027676/spdsmeta1/TMPLIB3/

NOTE: Implicit SQL:  select TXT_1.BOLGE, TXT_1.MHM_ADI_YENI, TXT_1.AY, TXT_1.YIL, SUM(TXT_1.FARK) as SUM_OF_FARK, 
      AVG(TXT_1.WAIT_TIME_MIN) as AVG_of_WAIT_TIME_MIN, COUNT(*) as COUNT from MHM_QNUM_WT_10DK TXT_1 group by TXT_1.BOLGE, 
      TXT_1.MHM_ADI_YENI, TXT_1.AY, TXT_1.YIL
 SPDS_NOTE: Parallel group-select method chosen to execute this query.

NOTE: Table TMPLIB3.MHM_QNUM_WT_FARK created, with 40 rows and 7 columns.

370        quit;
NOTE: PROCEDURE SQL used (Total process time):
      real time           0.71 seconds
      cpu time            0.01 seconds
      

371        
372        /************Sapma Formülü -J -t3 query_for_append_table_E0007*********************/
373        
374        proc sql;
375        	create table TMPLIB3.MHM_QNUM_WT_SAPMA_FORMUL as
376        	select BOLGE,
377        			MHM_ADI_YENI,
378        			AY,
379        			YIL,
380        			AVG_of_WAIT_TIME_MIN,
381        			(SUM_of_FARK / COUNT) AS SAPMA
382        	from TMPLIB3.MHM_QNUM_WT_FARK;
NOTE: Table TMPLIB3.MHM_QNUM_WT_SAPMA_FORMUL created, with 40 rows and 6 columns.

383        quit;
NOTE: PROCEDURE SQL used (Total process time):
      real time           0.15 seconds
      cpu time            0.00 seconds
      

384        
385        
386        /********************iþlem sayýsý ve iþlem bekleme avg -D****************************/
387        
388        proc sql;
389        	create table TMPLIB3.MHM_QNUM_ISL_SAYI_BEKLEME_AVG as
390        	select distinct BOLGE,
391        					MHM_ADI_YENI,
392        					COUNT(*) as AVG_OF_CALCULATION21,
393        					AVG(ISLEM_TIME) as AVG_of_ISLEM_TIME,
394        					AVG(WAIT_TIME) as AVG_of_WAIT_TIME
395        	from TMPLIB3.MHM_QNUMBERS_ALL2
396        	group by BOLGE, MHM_ADI_YENI;
NOTE: User sas(ACL Group ) connected to SPD(AIX) 5.4 server at 10.166.0.39.
19                                                         The SAS System                            08:00 Tuesday, November 3, 2020

NOTE: Physical Name: TMPLIB3
 SPDS_NOTE: Libref X0000001 was successfully assigned as follows: 
            Engine:        SPDSENG 
            Physical Name: :10027676/spdsmeta1/TMPLIB3/

 SPDS_NOTE: Libref TMPLIB3 was successfully assigned as follows: 
            Engine:        SPDSENG 
            Physical Name: :10027676/spdsmeta1/TMPLIB3/

NOTE: Implicit SQL:  select distinct TXT_1.BOLGE, TXT_1.MHM_ADI_YENI, COUNT(*) as AVG_OF_CALCULATION21, AVG(TXT_1.ISLEM_TIME) as 
      AVG_of_ISLEM_TIME, AVG(TXT_1.WAIT_TIME) as AVG_of_WAIT_TIME from MHM_QNUMBERS_ALL2 TXT_1 group by TXT_1.BOLGE, 
      TXT_1.MHM_ADI_YENI
 SPDS_NOTE: Parallel group-select method chosen to execute this query.

NOTE: Table TMPLIB3.MHM_QNUM_ISL_SAYI_BEKLEME_AVG created, with 40 rows and 5 columns.

397        quit;
NOTE: PROCEDURE SQL used (Total process time):
      real time           0.91 seconds
      cpu time            0.01 seconds
      

398        
399        
400        /******************Transpose--K  -t4 - Transposed WORK.QUERY_FOR_APPEND_TABLE_0003*************************/
401        
402        PROC TRANSPOSE DATA=TMPLIB3.MHM_QNUM_ISL_SAYI_BEKLEME_AVG
403        	OUT=TMPLIB3.MHM_QNUM_TRN_ISL_SAYI
404        	PREFIX=Column
405        	NAME=Source
406        	LABEL=Label;
407        	BY MHM_ADI_YENI;
408        	VAR BOLGE;
409        	COPY AVG_OF_CALCULATION21 AVG_of_ISLEM_TIME AVG_of_WAIT_TIME;
410        QUIT;

NOTE: There were 40 observations read from the data set TMPLIB3.MHM_QNUM_ISL_SAYI_BEKLEME_AVG.
NOTE: The data set TMPLIB3.MHM_QNUM_TRN_ISL_SAYI has 40 observations and 6 variables.
NOTE: PROCEDURE TRANSPOSE used (Total process time):
      real time           0.18 seconds
      cpu time            0.00 seconds
      

411        
412        
413        /*********baþvuru-abonelik -E -t5 WORK.QUERY_FOR_APPEND_TABLE_0004*************/
414        proc sql;
415        	CREATE TABLE TMPLIB3.MHM_QNUM_BASVURU_ABONELIK as
416        	SELECT DISTINCT MHM_ADI_YENI,
417        					TARIH,
418        					ID,
419        					ISLEM_TIME,
420        					ISLEM_TIME_MIN,
421        					WAIT_TIME,
422        					WAIT_TIME_MIN,
423        					BOLGE,
424        					QNUM,
425        					(CASE  	
20                                                         The SAS System                            08:00 Tuesday, November 3, 2020

426        					   WHEN QNUM in ('2','3','4','5','6','7','8','17','18','19','20','21','22','23','31','32','33')	
427        					   THEN 'Baþvuru Yönetimi'	
428        					WHEN QNUM in ('1','9','10','11','12','13','14','15','16','24','25','26','27','28','29','30')	
429        					   THEN 'Abonelik'	
430        					WHEN QNUM in ('33')	
431        					   THEN 'deneme'
432        					   ELSE '0'	
433        					END) as BASVURU_ABONELIK
434        	from TMPLIB3.MHM_QNUMBERS_ALL2;
NOTE: User sas(ACL Group ) connected to SPD(AIX) 5.4 server at 10.166.0.39.
NOTE: Physical Name: TMPLIB3
 SPDS_NOTE: Libref X0000001 was successfully assigned as follows: 
            Engine:        SPDSENG 
            Physical Name: :10027676/spdsmeta1/TMPLIB3/

 SPDS_NOTE: Libref TMPLIB3 was successfully assigned as follows: 
            Engine:        SPDSENG 
            Physical Name: :10027676/spdsmeta1/TMPLIB3/

NOTE: Implicit SQL:  select distinct TXT_1.MHM_ADI_YENI, TXT_1.TARIH, TXT_1.ID, TXT_1.ISLEM_TIME, TXT_1.ISLEM_TIME_MIN, 
      TXT_1.WAIT_TIME, TXT_1.WAIT_TIME_MIN, TXT_1.BOLGE, TXT_1.QNUM, case  when ( TXT_1.QNUM in ('17', '18', '19', '2', '20', '21', 
      '22', '23', '3', '31', '32', '33', '4', '5', '6', '7', '8') ) then 'Baþvuru Yönetimi' when ( TXT_1.QNUM in ('1', '10', '11', 
      '12', '13', '14', '15', '16', '24', '25', '26', '27', '28', '29', '30', '9') ) then 'Abonelik' when TXT_1.QNUM = '33' then 
      'deneme' else '0' end as BASVURU_ABONELIK from MHM_QNUMBERS_ALL2 TXT_1
NOTE: Table TMPLIB3.MHM_QNUM_BASVURU_ABONELIK created, with 74960 rows and 10 columns.

435        quit;
NOTE: PROCEDURE SQL used (Total process time):
      real time           1.25 seconds
      cpu time            0.04 seconds
      

436        
437        
438        /**************CIKTI tablosu***************************/
439        
440        proc sql;
441        	create table TMPLIB3.MHM_QNUM_ANALIZ as
442        	select distinct t1.BOLGE,
443        					t1.MHM_ADI_YENI,
444        					count(t1.MHM_ADI_YENI) as COUNT_OF_MHM_ADI_YENI,
445        					t2.SOURCE,
446        					t1.AVG_ISLEM_TIME,
447        					t1.AVG_WAIT_TIME,
448        					t3.BASVURU_ABONELIK,
449        					t2.Column_Kucuk_Esit_10dk,
450        					t2.Column_Buyuktur_10dk,
451        					t2.RATIO_OF_WT_BUYUK_10dk,
452        					t4.BOLGE as BOLGE1,
453        					t4.MHM_ADI_YENI as MHM_ADI_YENI1,
454        					t4.AY,
455        					t4.YIL,
456        					t4.AVG_of_WAIT_TIME_MIN,
457        					t4.SAPMA
458        	from TMPLIB3.MHM_QNUM_AVG_TIME as t1
459        	inner join TMPLIB3.MHM_QNUM_BASVURU_ABONELIK as t3 on t3.MHM_ADI_YENI = t1.MHM_ADI_YENI and t3.BOLGE = t1.BOLGE
460        	inner join TMPLIB3.MHM_QNUM_WT_RATIO as t2 on t2.BOLGE = t1.BOLGE and t2.MHM_ADI_YENI = t3.MHM_ADI_YENI
461        	inner join TMPLIB3.MHM_QNUM_WT_SAPMA_FORMUL as t4 on t4.BOLGE = t1.BOLGE and t4.MHM_ADI_YENI = t2.MHM_ADI_YENI
21                                                         The SAS System                            08:00 Tuesday, November 3, 2020

462        	group by t1.BOLGE, t1.MHM_ADI_YENI, t2.SOURCE, t1.AVG_ISLEM_TIME, t1.AVG_WAIT_TIME, t3.BASVURU_ABONELIK,
462      ! t2.Column_Kucuk_Esit_10dk,
463        			 t2.Column_Buyuktur_10dk, t2.RATIO_OF_WT_BUYUK_10dk, t4.BOLGE, t4.MHM_ADI_YENI, t4.AY, t4.YIL,
463      ! t4.AVG_of_WAIT_TIME_MIN, t4.SAPMA;
NOTE: User sas(ACL Group ) connected to SPD(AIX) 5.4 server at 10.166.0.39.
NOTE: Physical Name: TMPLIB3
 SPDS_NOTE: Libref X0000001 was successfully assigned as follows: 
            Engine:        SPDSENG 
            Physical Name: :10027676/spdsmeta1/TMPLIB3/

 SPDS_NOTE: Libref TMPLIB3 was successfully assigned as follows: 
            Engine:        SPDSENG 
            Physical Name: :10027676/spdsmeta1/TMPLIB3/

NOTE: Implicit SQL:  select distinct t1.BOLGE, t1.MHM_ADI_YENI, COUNT(t1.MHM_ADI_YENI) as COUNT_OF_MHM_ADI_YENI, t2.Source, 
      t1.AVG_ISLEM_TIME, t1.AVG_WAIT_TIME, t3.BASVURU_ABONELIK, t2.Column_Kucuk_Esit_10dk, t2.Column_Buyuktur_10dk, 
      t2.RATIO_OF_WT_BUYUK_10dk, t4.BOLGE as BOLGE1, t4.MHM_ADI_YENI as MHM_ADI_YENI1, t4.AY, t4.YIL, t4.AVG_of_WAIT_TIME_MIN, 
      t4.SAPMA from MHM_QNUM_AVG_TIME t1 inner join MHM_QNUM_BASVURU_ABONELIK t3 on (t3.MHM_ADI_YENI = t1.MHM_ADI_YENI) and 
      (t3.BOLGE = t1.BOLGE) inner join MHM_QNUM_WT_RATIO t2 on (t2.BOLGE = t1.BOLGE) and (t2.MHM_ADI_YENI = t3.MHM_ADI_YENI) inner 
      join MHM_QNUM_WT_SAPMA_FORMUL t4 on (t4.BOLGE = t1.BOLGE) and (t4.MHM_ADI_YENI = t2.MHM_ADI_YENI) group by t1.BOLGE, 
      t1.MHM_ADI_YENI, t2.Source, t1.AVG_ISLEM_TIME, t1.AVG_WAIT_TIME, t3.BASVURU_ABONELIK, t2.Column_Kucuk_Esit_10dk, 
      t2.Column_Buyuktur_10dk, t2.RATIO_OF_WT_BUYUK_10dk, t4.BOLGE, t4.MHM_ADI_YENI, t4.AY, t4.YIL, t4.AVG_of_WAIT_TIME_MIN, 
      t4.SAPMA
NOTE: Table TMPLIB3.MHM_QNUM_ANALIZ created, with 92 rows and 16 columns.

464        quit;
NOTE: PROCEDURE SQL used (Total process time):
      real time           1.35 seconds
      cpu time            0.01 seconds
      

465        
466        %let Bugun=%sysfunc(today(),date9.);
467        
468        data test;
469        	abc = day("&Bugun."d);
470        run;

NOTE: The data set WORK.TEST has 1 observations and 1 variables.
NOTE: DATA statement used (Total process time):
      real time           0.00 seconds
      cpu time            0.00 seconds
      

471        
472        
473        %macro uploadTable;
474        
475        /*jobin tekrar calismasi durumunda tabloda double kayit olmamasi icin olusturulan aya ait veriyi sil**/
476        
477        /*data abc;*/
478        /*	StTarih = '01Feb2017'd;*/
479        /*	BtTarih = '28Feb2017'd;*/
480        /*	PrevM = Month(StTarih);*/
481        /*	PrevY = Year(StTarih);*/
482        /*	call symput('PrevM', PrevM);*/
483        /*	call symput('PrevY', PrevY);*/
484        /*run;*/
22                                                         The SAS System                            08:00 Tuesday, November 3, 2020

485        /**/
486        /*data TMPLIB3.TEST_MHM_QNUM_ANALIZ;*/
487        /*	set TMPLIB3.TEST_MHM_QNUM_ANALIZ(where=(AY ne &PrevM. and YIL ne &PrevY.));*/
488        /*run;*/
489        
490        /**/
491        /*data TMPLIB3.TEST_MHM_QNUM_ANALIZ;*/
492        /*	set TMPLIB3.TEST_MHM_QNUM_ANALIZ(where=(AY = &PrevMonth. and YIL = &PrevYear.));*/
493        /*run;*/
494        
495        /**yeni ayin verisini append et **/
496        /*proc append base=TMPLIB3.TEST_MHM_QNUM_ANALIZ data=TMPLIB3.MHM_QNUM_ANALIZ;*/
497        /*run;*/
498        
499        data TMPLIB3.MHM_QNUM_ANALIZ_ALL;
500        	set TMPLIB3.MHM_QNUM_ANALIZ_ALL
501        		TMPLIB3.MHM_QNUM_ANALIZ;
502        run;
503        
504        data MHMDM.MHM_QNUM_ANALIZ;
505        	set TMPLIB3.MHM_QNUM_ANALIZ_ALL;
506        run;
507        
508        %mend;
509        
510        
511        data _null_;
512        if day("&Bugun."d)= 1 then call execute('%uploadTable');
513        run;

NOTE: DATA statement used (Total process time):
      real time           0.00 seconds
      cpu time            0.00 seconds
      

514        
515        
516        
517        /*data TMPLIB3.TEST_MHM_QNUM_ANALIZ;*/
518        /*	set TMPLIB3.TEST_MHM_QNUM_ANALIZ(obs=0);*/
519        /*run;*/
520        
521        
522        /**/
523        /*data MHMDM.MHM_QNUM_ANALIZ;*/
524        /*	set TMPLIB3.TEST_MHM_QNUM_ANALIZ;*/
525        /*run;*/

NOTE: SAS Institute Inc., SAS Campus Drive, Cary, NC USA 27513-2414
NOTE: The SAS System used:
      real time           43.98 seconds
      cpu time            0.66 seconds
      
