NOTE: Log file opened at  Mon, 2 Nov 2020 17:40:01.153
1                                                          The SAS System                             17:40 Monday, November 2, 2020

ERROR: The SAS System is executing on a processor (CPU) whose model name, 
       model number, and serial number are not included in the setinit data 
       used to initialize the SAS System library in use. This is permitted if 
       this processor is a designated backup processor for a licensed CPU.
For this site, the SAS system is licensed for the following CPU serial 
numbers:
Model  **EEDPA0* Serial Number +4
ERROR: The requested node name EEDPA0 does not match the actual node name 
ERSDPA0.
NOTE: Copyright (c) 2016 by SAS Institute Inc., Cary, NC, USA. 
NOTE: SAS (r) Proprietary Software 9.4 (TS1M6) 
      Licensed to ENERJISA -TOROSLAR - DATA MANAGEMENT ADV PROD., Site 70166440.
NOTE: This session is executing on the AIX 7.2 (AIX 64) platform.



NOTE: Analytical products:
      
      SAS/STAT 15.1
      SAS/ETS 15.1

ERROR: The SAS System is executing on a processor (CPU) whose model name, model number, and serial number are not included in the 
       setinit data used to initialize the SAS System library in use. This is permitted if this processor is a designated backup 
       processor for a licensed CPU.
For this site, the SAS system is licensed for the following CPU serial numbers:

Model  **EEDPA0* Serial Number +4
ERROR: The requested node name EEDPA0 does not match the actual node name ERSDPA0.

NOTE: Additional host information:

IBM AIX AIX 64 2 7 00C9C0374C00 

You are running SAS 9. Some SAS 8 files will be automatically converted 
by the V9 engine; others are incompatible.  Please see 
http://support.sas.com/rnd/migration/planning/platform/64bit.html

PROC MIGRATE will preserve current SAS file attributes and is 
recommended for converting all your SAS libraries from any 
SAS 8 release to SAS 9.  For details and examples, please see
http://support.sas.com/rnd/migration/index.html


This message is contained in the SAS news file, and is presented upon
initialization.  Edit the file "news" in the "misc/base" directory to
display site-specific news and information in the program log.
The command line option "-nonews" will prevent this display.




NOTE: SAS initialization used:
      real time           0.05 seconds
      cpu time            0.00 seconds
      
NOTE: This is a SPD 5.4  Engine 
      executing SAS (r) 9.4 (TS1M6) on the AIX platform.
NOTE: User sas(ACL Group ) connected to SPD(AIX) 5.4 server at 10.166.0.39.
2                                                          The SAS System                             17:40 Monday, November 2, 2020

NOTE: User sas(ACL Group ) connected to SPD(AIX) 5.4 server at 10.166.0.39.
NOTE: User sas(ACL Group ) connected to SPD(AIX) 5.4 server at 10.166.0.39.
NOTE: User sas(ACL Group ) connected to SPD(AIX) 5.4 server at 10.166.0.39.
NOTE: User sas(ACL Group ) connected to SPD(AIX) 5.4 server at 10.166.0.39.
NOTE: User sas(ACL Group ) connected to SPD(AIX) 5.4 server at 10.166.0.39.
NOTE: User sas(ACL Group ) connected to SPD(AIX) 5.4 server at 10.166.0.39.
NOTE: User sas(ACL Group ) connected to SPD(AIX) 5.4 server at 10.166.0.39.
NOTE: User sas(ACL Group ) connected to SPD(AIX) 5.4 server at 10.166.0.39.
NOTE: User sas(ACL Group ) connected to SPD(AIX) 5.4 server at 10.166.0.39.
NOTE: User sas(ACL Group ) connected to SPD(AIX) 5.4 server at 10.166.0.39.
NOTE: User sas(ACL Group ) connected to SPD(AIX) 5.4 server at 10.166.0.39.
NOTE: User sas(ACL Group ) connected to SPD(AIX) 5.4 server at 10.166.0.39.
NOTE: User sas(ACL Group ) connected to SPD(AIX) 5.4 server at 10.166.0.39.
NOTE: User sas(ACL Group ) connected to SPD(AIX) 5.4 server at 10.166.0.39.
NOTE: User sas(ACL Group ) connected to SPD(AIX) 5.4 server at 10.166.0.39.
NOTE: User sas(ACL Group ) connected to SPD(AIX) 5.4 server at 10.166.0.39.
NOTE: User sas(ACL Group ) connected to SPD(AIX) 5.4 server at 10.166.0.39.
NOTE: User sas(ACL Group ) connected to SPD(AIX) 5.4 server at 10.166.0.39.
NOTE: User sas(ACL Group ) connected to SPD(AIX) 5.4 server at 10.166.0.39.
NOTE: User sas(ACL Group ) connected to SPD(AIX) 5.4 server at 10.166.0.39.
NOTE: User sas(ACL Group ) connected to SPD(AIX) 5.4 server at 10.166.0.39.
NOTE: User sas(ACL Group ) connected to SPD(AIX) 5.4 server at 10.166.0.39.
NOTE: User sas(ACL Group ) connected to SPD(AIX) 5.4 server at 10.166.0.39.
NOTE: User sas(ACL Group ) connected to SPD(AIX) 5.4 server at 10.166.0.39.
NOTE: User sas(ACL Group ) connected to SPD(AIX) 5.4 server at 10.166.0.39.
NOTE: User sas(ACL Group ) connected to SPD(AIX) 5.4 server at 10.166.0.39.
NOTE: User sas(ACL Group ) connected to SPD(AIX) 5.4 server at 10.166.0.39.
NOTE: User sas(ACL Group ) connected to SPD(AIX) 5.4 server at 10.166.0.39.
NOTE: User sas(ACL Group ) connected to SPD(AIX) 5.4 server at 10.166.0.39.
NOTE: User sas(ACL Group ) connected to SPD(AIX) 5.4 server at 10.166.0.39.
NOTE: User sas(ACL Group ) connected to SPD(AIX) 5.4 server at 10.166.0.39.
NOTE: User sas(ACL Group ) connected to SPD(AIX) 5.4 server at 10.166.0.39.
NOTE: User sas(ACL Group ) connected to SPD(AIX) 5.4 server at 10.166.0.39.
NOTE: User sas(ACL Group ) connected to SPD(AIX) 5.4 server at 10.166.0.39.
NOTE: User sas(ACL Group ) connected to SPD(AIX) 5.4 server at 10.166.0.39.
NOTE: User sas(ACL Group ) connected to SPD(AIX) 5.4 server at 10.166.0.39.
NOTE: User sas(ACL Group ) connected to SPD(AIX) 5.4 server at 10.166.0.39.
NOTE: User sas(ACL Group ) connected to SPD(AIX) 5.4 server at 10.166.0.39.
NOTE: User sas(ACL Group ) connected to SPD(AIX) 5.4 server at 10.166.0.39.
NOTE: User sas(ACL Group ) connected to SPD(AIX) 5.4 server at 10.166.0.39.
NOTE: User sas(ACL Group ) connected to SPD(AIX) 5.4 server at 10.166.0.39.
NOTE: User sas(ACL Group ) connected to SPD(AIX) 5.4 server at 10.166.0.39.
NOTE: User sas(ACL Group ) connected to SPD(AIX) 5.4 server at 10.166.0.39.
NOTE: User sas(ACL Group ) connected to SPD(AIX) 5.4 server at 10.166.0.39.
NOTE: User sas(ACL Group ) connected to SPD(AIX) 5.4 server at 10.166.0.39.
NOTE: User sas(ACL Group ) connected to SPD(AIX) 5.4 server at 10.166.0.39.
NOTE: User sas(ACL Group ) connected to SPD(AIX) 5.4 server at 10.166.0.39.
NOTE: User sas(ACL Group ) connected to SPD(AIX) 5.4 server at 10.166.0.39.
NOTE: User sas(ACL Group ) connected to SPD(AIX) 5.4 server at 10.166.0.39.
NOTE: User sas(ACL Group ) connected to SPD(AIX) 5.4 server at 10.166.0.39.
NOTE: User sas(ACL Group ) connected to SPD(AIX) 5.4 server at 10.166.0.39.
NOTE: User sas(ACL Group ) connected to SPD(AIX) 5.4 server at 10.166.0.39.
NOTE: User sas(ACL Group ) connected to SPD(AIX) 5.4 server at 10.166.0.39.
NOTE: User sas(ACL Group ) connected to SPD(AIX) 5.4 server at 10.166.0.39.
NOTE: User sas(ACL Group ) connected to SPD(AIX) 5.4 server at 10.166.0.39.
NOTE: User sas(ACL Group ) connected to SPD(AIX) 5.4 server at 10.166.0.39.
NOTE: User sas(ACL Group ) connected to SPD(AIX) 5.4 server at 10.166.0.39.
NOTE: User sas(ACL Group ) connected to SPD(AIX) 5.4 server at 10.166.0.39.
3                                                          The SAS System                             17:40 Monday, November 2, 2020

NOTE: User sas(ACL Group ) connected to SPD(AIX) 5.4 server at 10.166.0.39.
NOTE: User sas(ACL Group ) connected to SPD(AIX) 5.4 server at 10.166.0.39.
NOTE: User sas(ACL Group ) connected to SPD(AIX) 5.4 server at 10.166.0.39.
NOTE: User sas(ACL Group ) connected to SPD(AIX) 5.4 server at 10.166.0.39.
NOTE: User sas(ACL Group ) connected to SPD(AIX) 5.4 server at 10.166.0.39.
NOTE: User sas(ACL Group ) connected to SPD(AIX) 5.4 server at 10.166.0.39.
NOTE: User sas(ACL Group ) connected to SPD(AIX) 5.4 server at 10.166.0.39.
NOTE: User sas(ACL Group ) connected to SPD(AIX) 5.4 server at 10.166.0.39.
NOTE: User sas(ACL Group ) connected to SPD(AIX) 5.4 server at 10.166.0.39.
NOTE: User sas(ACL Group ) connected to SPD(AIX) 5.4 server at 10.166.0.39.
NOTE: User sas(ACL Group ) connected to SPD(AIX) 5.4 server at 10.166.0.39.
NOTE: User sas(ACL Group ) connected to SPD(AIX) 5.4 server at 10.166.0.39.
NOTE: User sas(ACL Group ) connected to SPD(AIX) 5.4 server at 10.166.0.39.
NOTE: User sas(ACL Group ) connected to SPD(AIX) 5.4 server at 10.166.0.39.
NOTE: User sas(ACL Group ) connected to SPD(AIX) 5.4 server at 10.166.0.39.
NOTE: User sas(ACL Group ) connected to SPD(AIX) 5.4 server at 10.166.0.39.
NOTE: User sas(ACL Group ) connected to SPD(AIX) 5.4 server at 10.166.0.39.
NOTE: User sas(ACL Group ) connected to SPD(AIX) 5.4 server at 10.166.0.39.
NOTE: User sas(ACL Group ) connected to SPD(AIX) 5.4 server at 10.166.0.39.
NOTE: User sas(ACL Group ) connected to SPD(AIX) 5.4 server at 10.166.0.39.
NOTE: User sas(ACL Group ) connected to SPD(AIX) 5.4 server at 10.166.0.39.
NOTE: User sas(ACL Group ) connected to SPD(AIX) 5.4 server at 10.166.0.39.
NOTE: User sas(ACL Group ) connected to SPD(AIX) 5.4 server at 10.166.0.39.
NOTE: User sas(ACL Group ) connected to SPD(AIX) 5.4 server at 10.166.0.39.
NOTE: User sas(ACL Group ) connected to SPD(AIX) 5.4 server at 10.166.0.39.
NOTE: User sas(ACL Group ) connected to SPD(AIX) 5.4 server at 10.166.0.39.
NOTE: User sas(ACL Group ) connected to SPD(AIX) 5.4 server at 10.166.0.39.
NOTE: User sas(ACL Group ) connected to SPD(AIX) 5.4 server at 10.166.0.39.
NOTE: User sas(ACL Group ) connected to SPD(AIX) 5.4 server at 10.166.0.39.
NOTE: User sas(ACL Group ) connected to SPD(AIX) 5.4 server at 10.166.0.39.
NOTE: User sas(ACL Group ) connected to SPD(AIX) 5.4 server at 10.166.0.39.
NOTE: User sas(ACL Group ) connected to SPD(AIX) 5.4 server at 10.166.0.39.
NOTE: User sas(ACL Group ) connected to SPD(AIX) 5.4 server at 10.166.0.39.
NOTE: User sas(ACL Group ) connected to SPD(AIX) 5.4 server at 10.166.0.39.
NOTE: User sas(ACL Group ) connected to SPD(AIX) 5.4 server at 10.166.0.39.
NOTE: User sas(ACL Group ) connected to SPD(AIX) 5.4 server at 10.166.0.39.
NOTE: User sas(ACL Group ) connected to SPD(AIX) 5.4 server at 10.166.0.39.
NOTE: User sas(ACL Group ) connected to SPD(AIX) 5.4 server at 10.166.0.39.
NOTE: User sas(ACL Group ) connected to SPD(AIX) 5.4 server at 10.166.0.39.
NOTE: User sas(ACL Group ) connected to SPD(AIX) 5.4 server at 10.166.0.39.
NOTE: User sas(ACL Group ) connected to SPD(AIX) 5.4 server at 10.166.0.39.
NOTE: User sas(ACL Group ) connected to SPD(AIX) 5.4 server at 10.166.0.39.
NOTE: User sas(ACL Group ) connected to SPD(AIX) 5.4 server at 10.166.0.39.
NOTE: User sas(ACL Group ) connected to SPD(AIX) 5.4 server at 10.166.0.39.
NOTE: User sas(ACL Group ) connected to SPD(AIX) 5.4 server at 10.166.0.39.
NOTE: User sas(ACL Group ) connected to SPD(AIX) 5.4 server at 10.166.0.39.
NOTE: User sas(ACL Group ) connected to SPD(AIX) 5.4 server at 10.166.0.39.
NOTE: User sas(ACL Group ) connected to SPD(AIX) 5.4 server at 10.166.0.39.
NOTE: User sas(ACL Group ) connected to SPD(AIX) 5.4 server at 10.166.0.39.
NOTE: User sas(ACL Group ) connected to SPD(AIX) 5.4 server at 10.166.0.39.
NOTE: User sas(ACL Group ) connected to SPD(AIX) 5.4 server at 10.166.0.39.
NOTE: User sas(ACL Group ) connected to SPD(AIX) 5.4 server at 10.166.0.39.
NOTE: User sas(ACL Group ) connected to SPD(AIX) 5.4 server at 10.166.0.39.
NOTE: User sas(ACL Group ) connected to SPD(AIX) 5.4 server at 10.166.0.39.
NOTE: User sas(ACL Group ) connected to SPD(AIX) 5.4 server at 10.166.0.39.
NOTE: User sas(ACL Group ) connected to SPD(AIX) 5.4 server at 10.166.0.39.
NOTE: User sas(ACL Group ) connected to SPD(AIX) 5.4 server at 10.166.0.39.
NOTE: User sas(ACL Group ) connected to SPD(AIX) 5.4 server at 10.166.0.39.
4                                                          The SAS System                             17:40 Monday, November 2, 2020

NOTE: User sas(ACL Group ) connected to SPD(AIX) 5.4 server at 10.166.0.39.
NOTE: User sas(ACL Group ) connected to SPD(AIX) 5.4 server at 10.166.0.39.
NOTE: User sas(ACL Group ) connected to SPD(AIX) 5.4 server at 10.166.0.39.
NOTE: User sas(ACL Group ) connected to SPD(AIX) 5.4 server at 10.166.0.39.
NOTE: Libref SASDATA successfully assigned from logical server.
NOTE: Libref STPSAMP successfully assigned from logical server.
NOTE: Libref MIGLIB successfully assigned from logical server.
NOTE: Libref TRNLIB2 successfully assigned from logical server.
NOTE: Libref TRNLIB successfully assigned from logical server.
NOTE: Libref NEDLIB successfully assigned from logical server.
NOTE: Libref PILIB successfully assigned from logical server.
NOTE: Libref DMLIB successfully assigned from logical server.
NOTE: Libref TMPLIB3 successfully assigned from logical server.
NOTE: Libref TMPLIB4 successfully assigned from logical server.
NOTE: Libref ODSLIB successfully assigned from logical server.
NOTE: Libref ODSLIB2 successfully assigned from logical server.
NOTE: Libref ODSLIB3 successfully assigned from logical server.
NOTE: Libref PODSLIB1 successfully assigned from logical server.
NOTE: Libref PODSLIB2 successfully assigned from logical server.
NOTE: Libref PODSLIB3 successfully assigned from logical server.
NOTE: Libref DASHLIBD successfully assigned from logical server.
NOTE: Libref QLIKLIB successfully assigned from logical server.
NOTE: Libref SQLKODA successfully assigned from logical server.
NOTE: Libref RISU successfully assigned from logical server.
NOTE: Libref DQ_ORCL successfully assigned from logical server.
NOTE: Library ZGRLIB does not exist.
NOTE: Libref HANARWP successfully assigned from logical server.
NOTE: Libref BFLIB successfully assigned from logical server.
NOTE: Libref PILIB2 successfully assigned from logical server.
NOTE: Libref TMPLIB2 successfully assigned from logical server.
NOTE: Libref DMLIB2 successfully assigned from logical server.
NOTE: Libref ARCLIB successfully assigned from logical server.
NOTE: Libref IADM successfully assigned from logical server.
NOTE: Libref IATMP successfully assigned from logical server.
NOTE: Libref AUTODIAL successfully assigned from logical server.
NOTE: Libref BCSDM successfully assigned from logical server.
NOTE: Libref BLDM successfully assigned from logical server.
NOTE: Libref BLTMP successfully assigned from logical server.
NOTE: Libref BADM successfully assigned from logical server.
NOTE: Libref BATMP successfully assigned from logical server.
NOTE: Libref CCDM successfully assigned from logical server.
NOTE: Libref CCDM2 successfully assigned from logical server.
NOTE: Libref CMPDM successfully assigned from logical server.
NOTE: Libref CPSFRC successfully assigned from logical server.
NOTE: Libref CPSHRLY successfully assigned from logical server.
NOTE: Libref CPSREG successfully assigned from logical server.
NOTE: Libref CPSUST successfully assigned from logical server.
NOTE: Libref CXDM successfully assigned from logical server.
NOTE: Libref DBALIB successfully assigned from logical server.
NOTE: Libref DSTDM successfully assigned from logical server.
NOTE: Libref DSTTMP successfully assigned from logical server.
NOTE: Libref DYMDM successfully assigned from logical server.
NOTE: Libref DYMTMP successfully assigned from logical server.
NOTE: Libref EAP_ETY successfully assigned from logical server.
NOTE: Libref EAP_PAY successfully assigned from logical server.
NOTE: Libref EAP_PR successfully assigned from logical server.
NOTE: Libref EPYDM successfully assigned from logical server.
NOTE: Libref EPYTMP successfully assigned from logical server.
5                                                          The SAS System                             17:40 Monday, November 2, 2020

NOTE: Libref ETSDM successfully assigned from logical server.
NOTE: Libref FADM successfully assigned from logical server.
NOTE: Libref FPCLIB successfully assigned from logical server.
NOTE: Libref FPCTMP successfully assigned from logical server.
NOTE: Libref HRDM successfully assigned from logical server.
NOTE: Libref KMHMDM successfully assigned from logical server.
NOTE: Libref CSSLIB successfully assigned from logical server.
NOTE: Libref MDLIB successfully assigned from logical server.
NOTE: Libref MHMAYEDS successfully assigned from logical server.
NOTE: Libref MHMDM successfully assigned from logical server.
NOTE: Libref MIGLIB2 successfully assigned from logical server.
NOTE: Libref MSADM successfully assigned from logical server.
NOTE: Libref MSATMP successfully assigned from logical server.
NOTE: Libref MTHEO successfully assigned from logical server.
NOTE: Libref MTHKA successfully assigned from logical server.
NOTE: Libref MTHMA successfully assigned from logical server.
NOTE: Libref MTHSO successfully assigned from logical server.
NOTE: Libref MTHTMP successfully assigned from logical server.
NOTE: Libref D2DLIB successfully assigned from logical server.
NOTE: Libref OKMDM successfully assigned from logical server.
NOTE: Libref OKMTMP successfully assigned from logical server.
NOTE: Libref PMDM successfully assigned from logical server.
NOTE: Libref CNPRCDM successfully assigned from logical server.
NOTE: Libref CNPRCTMP successfully assigned from logical server.
NOTE: Libref EDULIB successfully assigned from logical server.
NOTE: Libref PRCDM successfully assigned from logical server.
NOTE: Libref PRCDM2 successfully assigned from logical server.
NOTE: Libref PRCTMP successfully assigned from logical server.
NOTE: Libref PRFTBLIB successfully assigned from logical server.
NOTE: Libref TMPLIB successfully assigned from logical server.
NOTE: Libref FRCARC successfully assigned from logical server.
NOTE: Libref FRCPRD successfully assigned from logical server.
NOTE: Libref PRCHARC successfully assigned from logical server.
NOTE: Libref PRCHPRD successfully assigned from logical server.
NOTE: Libref PRICARC successfully assigned from logical server.
NOTE: Libref PRICPRD successfully assigned from logical server.
NOTE: Libref QL_SALES successfully assigned from logical server.
NOTE: Libref RAPOUT successfully assigned from logical server.
NOTE: Libref RAPREF successfully assigned from logical server.
NOTE: Libref RAPTEST successfully assigned from logical server.
NOTE: Libref RAPTMP successfully assigned from logical server.
NOTE: Libref RAPVAS successfully assigned from logical server.
NOTE: Libref REFCPS successfully assigned from logical server.
NOTE: Libref RMCDM successfully assigned from logical server.
NOTE: Libref RMCTMP successfully assigned from logical server.
NOTE: Libref SDLIB successfully assigned from logical server.
NOTE: Libref SOMLIB successfully assigned from logical server.
NOTE: Libref SHFDM successfully assigned from logical server.
NOTE: Libref SODM successfully assigned from logical server.
NOTE: Libref SOPDM successfully assigned from logical server.
NOTE: Libref SOSUF successfully assigned from logical server.
NOTE: Libref SOTMP successfully assigned from logical server.
NOTE: Libref SPDM successfully assigned from logical server.
NOTE: Libref SSIMDM successfully assigned from logical server.
NOTE: Libref STLF successfully assigned from logical server.
NOTE: Libref SMDM successfully assigned from logical server.
NOTE: Libref SMTMP successfully assigned from logical server.
NOTE: Libref TALDM successfully assigned from logical server.
6                                                          The SAS System                             17:40 Monday, November 2, 2020

NOTE: Libref TKDM successfully assigned from logical server.
NOTE: Libref TSDM successfully assigned from logical server.
NOTE: Libref QVYDM successfully assigned from logical server.
NOTE: Libref STJVYDM successfully assigned from logical server.
NOTE: Libref VYDM successfully assigned from logical server.
NOTE: Libref VYDMKVKK successfully assigned from logical server.
NOTE: Libref OGMDM successfully assigned from logical server.
NOTE: Libref OGMTMP successfully assigned from logical server.
NOTE: Libref CRLIB successfully assigned from logical server.
NOTE: Libref RASTMP successfully assigned from logical server.
NOTE: Libref SOSEC successfully assigned from logical server.
NOTE: Libref STATLIB successfully assigned from logical server.
ERROR: Libref SMARTHMP failed to assign from logical server.
ERROR: ORACLE connection error: ORA-12514: TNS: Dinleyici þu anda baðlantý açýklayýcýsýnda belirtilen hizmeti tanýmýyor..
ERROR: Libref SMARTHMT failed to assign from logical server.
ERROR: ORACLE connection error: ORA-12514: TNS: Dinleyici þu anda baðlantý açýklayýcýsýnda belirtilen hizmeti tanýmýyor..
ERROR: Libref SMSPRD failed to assign from logical server.
ERROR: ORACLE connection error: ORA-12170: TNS: Baðlantý zaman aþýmý oluþtu.
NOTE: Libref RAPARCH successfully assigned from logical server.
NOTE: Libref SAHOL successfully assigned from logical server.
NOTE: Libref MKVR successfully assigned from logical server.
NOTE: Libref RODQLIK successfully assigned from logical server.
NOTE: Libref UTFLIB successfully assigned from logical server.

NOTE: AUTOEXEC processing beginning; file is /sas/config/Lev1/SASApp/BatchServer/autoexec.sas.


NOTE: AUTOEXEC processing completed.

1          %include "/sas/sascodes/Autoexec_File/Autoexec.sas";
NOTE: User sas(ACL Group ) connected to SPD(AIX) 5.4 server at 10.166.0.39.
NOTE: Libref TMPLIB3 was successfully assigned as follows: 
      Engine:        SASSPDS 
      Physical Name: :5833552/spdsmeta1/TMPLIB3/
NOTE: User sas(ACL Group ) connected to SPD(AIX) 5.4 server at 10.166.0.39.
NOTE: Libref PODSLIB3 was successfully assigned as follows: 
      Engine:        SASSPDS 
      Physical Name: :5833552/spdsmeta1/PODSLIB3/
NOTE: User sas(ACL Group ) connected to SPD(AIX) 5.4 server at 10.166.0.39.
NOTE: Libref DMLIB was successfully assigned as follows: 
      Engine:        SASSPDS 
      Physical Name: :5833552/spdsmeta1/DMLIB/
NOTE: User sas(ACL Group ) connected to SPD(AIX) 5.4 server at 10.166.0.39.
NOTE: Libref TRNLIB was successfully assigned as follows: 
      Engine:        SASSPDS 
      Physical Name: :5833552/spdsmeta1/TRNLIB/
NOTE: User sas(ACL Group ) connected to SPD(AIX) 5.4 server at 10.166.0.39.
NOTE: Libref ODSLIB3 was successfully assigned as follows: 
      Engine:        SASSPDS 
      Physical Name: :5833552/spdsmeta1/ODSLIB3/
NOTE: User sas(ACL Group ) connected to SPD(AIX) 5.4 server at 10.166.0.39.
NOTE: Libref TMPLIB4 was successfully assigned as follows: 
      Engine:        SASSPDS 
      Physical Name: :5833552/spdsmeta1/TMPLIB4/
NOTE: User sas(ACL Group ) connected to SPD(AIX) 5.4 server at 10.166.0.39.
NOTE: Libref FADM was successfully assigned as follows: 
      Engine:        SASSPDS 
      Physical Name: :5833552/spdsmeta1/FADM/
7                                                          The SAS System                             17:40 Monday, November 2, 2020

NOTE: User sas(ACL Group ) connected to SPD(AIX) 5.4 server at 10.166.0.39.
NOTE: Libref VYDM was successfully assigned as follows: 
      Engine:        SASSPDS 
      Physical Name: :5833552/spdsmeta2/VYDM/
NOTE: User sas(ACL Group ) connected to SPD(AIX) 5.4 server at 10.166.0.39.
NOTE: Libref ODSLIB was successfully assigned as follows: 
      Engine:        SASSPDS 
      Physical Name: :5833552/spdsmeta2/ODSLIB/
NOTE: User sas(ACL Group ) connected to SPD(AIX) 5.4 server at 10.166.0.39.
NOTE: Libref NEDLIB was successfully assigned as follows: 
      Engine:        SASSPDS 
      Physical Name: :5833552/spdsmeta2/NEDLIB/
NOTE: User sas(ACL Group ) connected to SPD(AIX) 5.4 server at 10.166.0.39.
NOTE: Libref SMDM was successfully assigned as follows: 
      Engine:        SASSPDS 
      Physical Name: :5833552/spdsmeta2/smdm/
NOTE: User sas(ACL Group ) connected to SPD(AIX) 5.4 server at 10.166.0.39.
NOTE: Libref TRNLIB2 was successfully assigned as follows: 
      Engine:        SASSPDS 
      Physical Name: :5833552/spdsmeta2/TRNLIB2/
NOTE: User sas(ACL Group ) connected to SPD(AIX) 5.4 server at 10.166.0.39.
NOTE: Libref MSATMP was successfully assigned as follows: 
      Engine:        SASSPDS 
      Physical Name: :5833552/spdsmeta2/MSATMP/
NOTE: User sas(ACL Group ) connected to SPD(AIX) 5.4 server at 10.166.0.39.
NOTE: Libref OKMTMP was successfully assigned as follows: 
      Engine:        SASSPDS 
      Physical Name: :5833552/spdsmeta2/okmtmp/
NOTE: User sas(ACL Group ) connected to SPD(AIX) 5.4 server at 10.166.0.39.
NOTE: Libref MIGLIB was successfully assigned as follows: 
      Engine:        SASSPDS 
      Physical Name: :5833552/spdsmeta2/MIGLIB/
NOTE: User sas(ACL Group ) connected to SPD(AIX) 5.4 server at 10.166.0.39.
NOTE: Libref REFCPS was successfully assigned as follows: 
      Engine:        SASSPDS 
      Physical Name: :5833552/spdsmeta2/REFCPS/
NOTE: User sas(ACL Group ) connected to SPD(AIX) 5.4 server at 10.166.0.39.
NOTE: Libref EAP_ETY was successfully assigned as follows: 
      Engine:        SASSPDS 
      Physical Name: :5833552/spdsmeta2/EAP_ETY/
NOTE: User sas(ACL Group ) connected to SPD(AIX) 5.4 server at 10.166.0.39.
NOTE: Libref PODSLIB1 was successfully assigned as follows: 
      Engine:        SASSPDS 
      Physical Name: :5833552/spdsmeta2/PODSLIB1/
NOTE: User sas(ACL Group ) connected to SPD(AIX) 5.4 server at 10.166.0.39.
NOTE: Libref TMPLIB was successfully assigned as follows: 
      Engine:        SASSPDS 
      Physical Name: :5833552/spdsmeta2/tmplib/
NOTE: User sas(ACL Group ) connected to SPD(AIX) 5.4 server at 10.166.0.39.
NOTE: Libref CRLIB was successfully assigned as follows: 
      Engine:        SASSPDS 
      Physical Name: :5833552/spdsmeta2/crlib/
NOTE: User sas(ACL Group ) connected to SPD(AIX) 5.4 server at 10.166.0.39.
NOTE: Libref OKMDM was successfully assigned as follows: 
      Engine:        SASSPDS 
      Physical Name: :5833552/spdsmeta2/okmdm/
NOTE: User sas(ACL Group ) connected to SPD(AIX) 5.4 server at 10.166.0.39.
NOTE: Libref CCDM was successfully assigned as follows: 
8                                                          The SAS System                             17:40 Monday, November 2, 2020

      Engine:        SASSPDS 
      Physical Name: :5833552/spdsmeta2/CCDM/
NOTE: User sas(ACL Group ) connected to SPD(AIX) 5.4 server at 10.166.0.39.
NOTE: Libref RMCDM was successfully assigned as follows: 
      Engine:        SASSPDS 
      Physical Name: :5833552/spdsmeta2/rmcdm/
NOTE: User sas(ACL Group ) connected to SPD(AIX) 5.4 server at 10.166.0.39.
NOTE: Libref SMTMP was successfully assigned as follows: 
      Engine:        SASSPDS 
      Physical Name: :5833552/spdsmeta2/smtmp/
NOTE: User sas(ACL Group ) connected to SPD(AIX) 5.4 server at 10.166.0.39.
NOTE: Libref SOSEC was successfully assigned as follows: 
      Engine:        SASSPDS 
      Physical Name: :5833552/spdsmeta2/sosec/
NOTE: User sas(ACL Group ) connected to SPD(AIX) 5.4 server at 10.166.0.39.
NOTE: Libref PODSLIB2 was successfully assigned as follows: 
      Engine:        SASSPDS 
      Physical Name: :5833552/spdsmeta2/PODSLIB2/
NOTE: User sas(ACL Group ) connected to SPD(AIX) 5.4 server at 10.166.0.39.
NOTE: Libref MHMDM was successfully assigned as follows: 
      Engine:        SASSPDS 
      Physical Name: :5833552/spdsmeta2/MHMDM/
NOTE: User sas(ACL Group ) connected to SPD(AIX) 5.4 server at 10.166.0.39.
NOTE: Libref CCDM2 was successfully assigned as follows: 
      Engine:        SASSPDS 
      Physical Name: :5833552/spdsmeta2/CCDM2/
NOTE: User sas(ACL Group ) connected to SPD(AIX) 5.4 server at 10.166.0.39.
NOTE: Libref RASTMP was successfully assigned as follows: 
      Engine:        SASSPDS 
      Physical Name: :5833552/spdsmeta2/rastmp/
NOTE: User sas(ACL Group ) connected to SPD(AIX) 5.4 server at 10.166.0.39.
NOTE: Libref SODM was successfully assigned as follows: 
      Engine:        SASSPDS 
      Physical Name: :5833552/spdsmeta2/sodm/
NOTE: User sas(ACL Group ) connected to SPD(AIX) 5.4 server at 10.166.0.39.
NOTE: Libref D2DLIB was successfully assigned as follows: 
      Engine:        SASSPDS 
      Physical Name: :5833552/spdsmeta2/D2DLIB/
NOTE: User sas(ACL Group ) connected to SPD(AIX) 5.4 server at 10.166.0.39.
NOTE: Libref ODSLIB2 was successfully assigned as follows: 
      Engine:        SASSPDS 
      Physical Name: :5833552/spdsmeta2/ODSLIB2/
NOTE: User sas(ACL Group ) connected to SPD(AIX) 5.4 server at 10.166.0.39.
NOTE: Libref RAPREF was successfully assigned as follows: 
      Engine:        SASSPDS 
      Physical Name: :5833552/spdsmeta2/rapref/
NOTE: User sas(ACL Group ) connected to SPD(AIX) 5.4 server at 10.166.0.39.
NOTE: Libref SOMLIB was successfully assigned as follows: 
      Engine:        SASSPDS 
      Physical Name: :5833552/spdsmeta2/SOMLIB/
NOTE: User sas(ACL Group ) connected to SPD(AIX) 5.4 server at 10.166.0.39.
NOTE: Libref PRICARC was successfully assigned as follows: 
      Engine:        SASSPDS 
      Physical Name: :5833552/spdsmeta2/PRICARC/
NOTE: User sas(ACL Group ) connected to SPD(AIX) 5.4 server at 10.166.0.39.
NOTE: Libref MIGLIB2 was successfully assigned as follows: 
      Engine:        SASSPDS 
      Physical Name: :5833552/spdsmeta2/MIGLIB2/
9                                                          The SAS System                             17:40 Monday, November 2, 2020

NOTE: User sas(ACL Group ) connected to SPD(AIX) 5.4 server at 10.166.0.39.
NOTE: Libref SOTMP was successfully assigned as follows: 
      Engine:        SASSPDS 
      Physical Name: :5833552/spdsmeta2/sotmp/
NOTE: User sas(ACL Group ) connected to SPD(AIX) 5.4 server at 10.166.0.39.
NOTE: Libref TSDM was successfully assigned as follows: 
      Engine:        SASSPDS 
      Physical Name: :5833552/spdsmeta2/TSDM/
NOTE: User sas(ACL Group ) connected to SPD(AIX) 5.4 server at 10.166.0.39.
NOTE: Libref TALDM was successfully assigned as follows: 
      Engine:        SASSPDS 
      Physical Name: :5833552/spdsmeta2/taldm/
NOTE: User sas(ACL Group ) connected to SPD(AIX) 5.4 server at 10.166.0.39.
NOTE: Libref CPSUST was successfully assigned as follows: 
      Engine:        SASSPDS 
      Physical Name: :5833552/spdsmeta2/CPSUST/
NOTE: User sas(ACL Group ) connected to SPD(AIX) 5.4 server at 10.166.0.39.
NOTE: Libref STJVYDM was successfully assigned as follows: 
      Engine:        SASSPDS 
      Physical Name: :5833552/spdsmeta2/STJVYDM/
NOTE: User sas(ACL Group ) connected to SPD(AIX) 5.4 server at 10.166.0.39.
NOTE: Libref QLIKLIB was successfully assigned as follows: 
      Engine:        SASSPDS 
      Physical Name: :5833552/spdsmeta2/QLIKLIB/
NOTE: User sas(ACL Group ) connected to SPD(AIX) 5.4 server at 10.166.0.39.
NOTE: Libref BADM was successfully assigned as follows: 
      Engine:        SASSPDS 
      Physical Name: :5833552/spdsmeta2/badm/
NOTE: User sas(ACL Group ) connected to SPD(AIX) 5.4 server at 10.166.0.39.
NOTE: Libref EDULIB was successfully assigned as follows: 
      Engine:        SASSPDS 
      Physical Name: :5833552/spdsmeta2/edulib/
NOTE: User sas(ACL Group ) connected to SPD(AIX) 5.4 server at 10.166.0.39.
NOTE: Libref STLF was successfully assigned as follows: 
      Engine:        SASSPDS 
      Physical Name: :5833552/spdsmeta2/STLF/
NOTE: User sas(ACL Group ) connected to SPD(AIX) 5.4 server at 10.166.0.39.
NOTE: Libref DASHLIBD was successfully assigned as follows: 
      Engine:        SASSPDS 
      Physical Name: :5833552/spdsmeta2/DASHLIBD/
NOTE: User sas(ACL Group ) connected to SPD(AIX) 5.4 server at 10.166.0.39.
NOTE: Libref BFLIB was successfully assigned as follows: 
      Engine:        SASSPDS 
      Physical Name: :5833552/spdsmeta2/bflib/
NOTE: User sas(ACL Group ) connected to SPD(AIX) 5.4 server at 10.166.0.39.
NOTE: Libref BATMP was successfully assigned as follows: 
      Engine:        SASSPDS 
      Physical Name: :5833552/spdsmeta2/batmp/
NOTE: User sas(ACL Group ) connected to SPD(AIX) 5.4 server at 10.166.0.39.
NOTE: Libref SOPDM was successfully assigned as follows: 
      Engine:        SASSPDS 
      Physical Name: :5833552/spdsmeta2/sopdm/
NOTE: User sas(ACL Group ) connected to SPD(AIX) 5.4 server at 10.166.0.39.
NOTE: Libref KKLIB was successfully assigned as follows: 
      Engine:        SASSPDS 
      Physical Name: :5833552/spdsmeta2/kklib/
NOTE: User sas(ACL Group ) connected to SPD(AIX) 5.4 server at 10.166.0.39.
NOTE: Libref MHMAYEDS was successfully assigned as follows: 
10                                                         The SAS System                             17:40 Monday, November 2, 2020

      Engine:        SASSPDS 
      Physical Name: :5833552/spdsmeta2/MHMAYEDS/
NOTE: User sas(ACL Group ) connected to SPD(AIX) 5.4 server at 10.166.0.39.
NOTE: Libref MTHEO was successfully assigned as follows: 
      Engine:        SASSPDS 
      Physical Name: :5833552/spdsmeta2/MTHEO/
NOTE: User sas(ACL Group ) connected to SPD(AIX) 5.4 server at 10.166.0.39.
NOTE: Libref PRCDM was successfully assigned as follows: 
      Engine:        SASSPDS 
      Physical Name: :5833552/spdsmeta2/prcdm/
NOTE: User sas(ACL Group ) connected to SPD(AIX) 5.4 server at 10.166.0.39.
NOTE: Libref BLDM was successfully assigned as follows: 
      Engine:        SASSPDS 
      Physical Name: :5833552/spdsmeta2/bldm/
NOTE: User sas(ACL Group ) connected to SPD(AIX) 5.4 server at 10.166.0.39.
NOTE: Libref RAPTMP was successfully assigned as follows: 
      Engine:        SASSPDS 
      Physical Name: :5833552/spdsmeta2/raptmp/
NOTE: User sas(ACL Group ) connected to SPD(AIX) 5.4 server at 10.166.0.39.
NOTE: Libref PRFTBLIB was successfully assigned as follows: 
      Engine:        SASSPDS 
      Physical Name: :5833552/spdsmeta2/prftblib/
NOTE: User sas(ACL Group ) connected to SPD(AIX) 5.4 server at 10.166.0.39.
NOTE: Libref RAPOUT was successfully assigned as follows: 
      Engine:        SASSPDS 
      Physical Name: :5833552/spdsmeta2/rapout/
NOTE: User sas(ACL Group ) connected to SPD(AIX) 5.4 server at 10.166.0.39.
NOTE: Libref RAPTEST was successfully assigned as follows: 
      Engine:        SASSPDS 
      Physical Name: :5833552/spdsmeta2/RAPTEST/
NOTE: User sas(ACL Group ) connected to SPD(AIX) 5.4 server at 10.166.0.39.
NOTE: Libref DMLIB2 was successfully assigned as follows: 
      Engine:        SASSPDS 
      Physical Name: :5833552/spdsmeta2/DMLIB2/
NOTE: User sas(ACL Group ) connected to SPD(AIX) 5.4 server at 10.166.0.39.
NOTE: Libref BCSDM was successfully assigned as follows: 
      Engine:        SASSPDS 
      Physical Name: :5833552/spdsmeta2/BCSDM/
NOTE: User sas(ACL Group ) connected to SPD(AIX) 5.4 server at 10.166.0.39.
NOTE: Libref IATMP was successfully assigned as follows: 
      Engine:        SASSPDS 
      Physical Name: :5833552/spdsmeta2/iatmp/
NOTE: User sas(ACL Group ) connected to SPD(AIX) 5.4 server at 10.166.0.39.
NOTE: Libref SOSUF was successfully assigned as follows: 
      Engine:        SASSPDS 
      Physical Name: :5833552/spdsmeta2/sosuf/
NOTE: User sas(ACL Group ) connected to SPD(AIX) 5.4 server at 10.166.0.39.
NOTE: Libref RAPARCH was successfully assigned as follows: 
      Engine:        SASSPDS 
      Physical Name: :5833552/spdsmeta2/raparch/
NOTE: User sas(ACL Group ) connected to SPD(AIX) 5.4 server at 10.166.0.39.
NOTE: Libref RMCTMP was successfully assigned as follows: 
      Engine:        SASSPDS 
      Physical Name: :5833552/spdsmeta2/rmctmp/
NOTE: User sas(ACL Group ) connected to SPD(AIX) 5.4 server at 10.166.0.39.
NOTE: Libref MTHKA was successfully assigned as follows: 
      Engine:        SASSPDS 
      Physical Name: :5833552/spdsmeta2/MTHKA/
11                                                         The SAS System                             17:40 Monday, November 2, 2020

NOTE: User sas(ACL Group ) connected to SPD(AIX) 5.4 server at 10.166.0.39.
NOTE: Libref EPYDM was successfully assigned as follows: 
      Engine:        SASSPDS 
      Physical Name: :5833552/spdsmeta2/EPYDM/
NOTE: User sas(ACL Group ) connected to SPD(AIX) 5.4 server at 10.166.0.39.
NOTE: Libref DSTDM was successfully assigned as follows: 
      Engine:        SASSPDS 
      Physical Name: :5833552/spdsmeta2/DSTDM/
NOTE: User sas(ACL Group ) connected to SPD(AIX) 5.4 server at 10.166.0.39.
NOTE: Libref DYMTMP was successfully assigned as follows: 
      Engine:        SASSPDS 
      Physical Name: :5833552/spdsmeta2/DYMTMP/
NOTE: User sas(ACL Group ) connected to SPD(AIX) 5.4 server at 10.166.0.39.
NOTE: Libref MDLIB was successfully assigned as follows: 
      Engine:        SASSPDS 
      Physical Name: :5833552/spdsmeta2/MDLIB/
NOTE: User sas(ACL Group ) connected to SPD(AIX) 5.4 server at 10.166.0.39.
NOTE: Libref DSTTMP was successfully assigned as follows: 
      Engine:        SASSPDS 
      Physical Name: :5833552/spdsmeta2/DSTTMP/
NOTE: User sas(ACL Group ) connected to SPD(AIX) 5.4 server at 10.166.0.39.
NOTE: Libref TMPLIB2 was successfully assigned as follows: 
      Engine:        SASSPDS 
      Physical Name: :5833552/spdsmeta2/tmplib2/
NOTE: User sas(ACL Group ) connected to SPD(AIX) 5.4 server at 10.166.0.39.
NOTE: Libref PILIB was successfully assigned as follows: 
      Engine:        SASSPDS 
      Physical Name: :5833552/spdsmeta2/PILIB/
NOTE: User sas(ACL Group ) connected to SPD(AIX) 5.4 server at 10.166.0.39.
NOTE: Libref BLTMP was successfully assigned as follows: 
      Engine:        SASSPDS 
      Physical Name: :5833552/spdsmeta2/bltmp/
NOTE: User sas(ACL Group ) connected to SPD(AIX) 5.4 server at 10.166.0.39.
NOTE: Libref AUTODIAL was successfully assigned as follows: 
      Engine:        SASSPDS 
      Physical Name: :5833552/spdsmeta2/AUTODIAL/
NOTE: User sas(ACL Group ) connected to SPD(AIX) 5.4 server at 10.166.0.39.
NOTE: Libref PRICPRD was successfully assigned as follows: 
      Engine:        SASSPDS 
      Physical Name: :5833552/spdsmeta2/PRICPRD/
NOTE: User sas(ACL Group ) connected to SPD(AIX) 5.4 server at 10.166.0.39.
NOTE: Libref CPSREG was successfully assigned as follows: 
      Engine:        SASSPDS 
      Physical Name: :5833552/spdsmeta2/CPSREG/
NOTE: User sas(ACL Group ) connected to SPD(AIX) 5.4 server at 10.166.0.39.
NOTE: Libref CXDM was successfully assigned as follows: 
      Engine:        SASSPDS 
      Physical Name: :5833552/spdsmeta2/CXDM/
NOTE: User sas(ACL Group ) connected to SPD(AIX) 5.4 server at 10.166.0.39.
NOTE: Libref CPSFRC was successfully assigned as follows: 
      Engine:        SASSPDS 
      Physical Name: :5833552/spdsmeta2/CPSFRC/
NOTE: User sas(ACL Group ) connected to SPD(AIX) 5.4 server at 10.166.0.39.
NOTE: Libref SDLIB was successfully assigned as follows: 
      Engine:        SASSPDS 
      Physical Name: :5833552/spdsmeta2/SDLIB/
NOTE: User sas(ACL Group ) connected to SPD(AIX) 5.4 server at 10.166.0.39.
NOTE: Libref CMPDM was successfully assigned as follows: 
12                                                         The SAS System                             17:40 Monday, November 2, 2020

      Engine:        SASSPDS 
      Physical Name: :5833552/spdsmeta2/CMPDM/
NOTE: User sas(ACL Group ) connected to SPD(AIX) 5.4 server at 10.166.0.39.
NOTE: Libref PMDM was successfully assigned as follows: 
      Engine:        SASSPDS 
      Physical Name: :5833552/spdsmeta2/PMDM/
NOTE: User sas(ACL Group ) connected to SPD(AIX) 5.4 server at 10.166.0.39.
NOTE: Libref MSADM was successfully assigned as follows: 
      Engine:        SASSPDS 
      Physical Name: :5833552/spdsmeta2/MSADM/
NOTE: User sas(ACL Group ) connected to SPD(AIX) 5.4 server at 10.166.0.39.
NOTE: Libref FPCLIB was successfully assigned as follows: 
      Engine:        SASSPDS 
      Physical Name: :5833552/spdsmeta2/fpclib/
NOTE: User sas(ACL Group ) connected to SPD(AIX) 5.4 server at 10.166.0.39.
NOTE: Libref DBALIB was successfully assigned as follows: 
      Engine:        SASSPDS 
      Physical Name: :5833552/spdsmeta2/DBALIB/
NOTE: User sas(ACL Group ) connected to SPD(AIX) 5.4 server at 10.166.0.39.
NOTE: Libref CPSHRLY was successfully assigned as follows: 
      Engine:        SASSPDS 
      Physical Name: :5833552/spdsmeta2/CPSHRLY/
NOTE: User sas(ACL Group ) connected to SPD(AIX) 5.4 server at 10.166.0.39.
NOTE: Libref PRCDM2 was successfully assigned as follows: 
      Engine:        SASSPDS 
      Physical Name: :5833552/spdsmeta2/PRCDM2/
NOTE: User sas(ACL Group ) connected to SPD(AIX) 5.4 server at 10.166.0.39.
NOTE: Libref ARCLIB was successfully assigned as follows: 
      Engine:        SASSPDS 
      Physical Name: :5833552/spdsmeta2/ARCLIB/
NOTE: User sas(ACL Group ) connected to SPD(AIX) 5.4 server at 10.166.0.39.
NOTE: Libref QL_SALES was successfully assigned as follows: 
      Engine:        SASSPDS 
      Physical Name: :5833552/spdsmeta2/QL_SALES/
NOTE: User sas(ACL Group ) connected to SPD(AIX) 5.4 server at 10.166.0.39.
NOTE: Libref ETSDM was successfully assigned as follows: 
      Engine:        SASSPDS 
      Physical Name: :5833552/spdsmeta2/etsdm/
NOTE: User sas(ACL Group ) connected to SPD(AIX) 5.4 server at 10.166.0.39.
NOTE: Libref EPYTMP was successfully assigned as follows: 
      Engine:        SASSPDS 
      Physical Name: :5833552/spdsmeta2/EPYTMP/
NOTE: User sas(ACL Group ) connected to SPD(AIX) 5.4 server at 10.166.0.39.
NOTE: Libref HRDM was successfully assigned as follows: 
      Engine:        SASSPDS 
      Physical Name: :5833552/spdsmeta2/HRDM/
NOTE: User sas(ACL Group ) connected to SPD(AIX) 5.4 server at 10.166.0.39.
NOTE: Libref CNPRCTMP was successfully assigned as follows: 
      Engine:        SASSPDS 
      Physical Name: :5833552/spdsmeta2/cnprctmp/
NOTE: User sas(ACL Group ) connected to SPD(AIX) 5.4 server at 10.166.0.39.
NOTE: Libref DI_SMDM was successfully assigned as follows: 
      Engine:        SASSPDS 
      Physical Name: :5833552/spdsmeta2/DI_SMDM/
NOTE: User sas(ACL Group ) connected to SPD(AIX) 5.4 server at 10.166.0.39.
NOTE: Libref PREFLIB was successfully assigned as follows: 
      Engine:        SASSPDS 
      Physical Name: :5833552/spdsmeta2/PREFLIB/
13                                                         The SAS System                             17:40 Monday, November 2, 2020

NOTE: User sas(ACL Group ) connected to SPD(AIX) 5.4 server at 10.166.0.39.
NOTE: Libref TRNLIB3 was successfully assigned as follows: 
      Engine:        SASSPDS 
      Physical Name: :5833552/spdsmeta2/TRNLIB3/
NOTE: User sas(ACL Group ) connected to SPD(AIX) 5.4 server at 10.166.0.39.
NOTE: Libref TMPLIB33 was successfully assigned as follows: 
      Engine:        SASSPDS 
      Physical Name: :5833552/spdsmeta2/TMPLIB3/
NOTE: User sas(ACL Group ) connected to SPD(AIX) 5.4 server at 10.166.0.39.
NOTE: Libref SHFDM was successfully assigned as follows: 
      Engine:        SASSPDS 
      Physical Name: :5833552/spdsmeta2/SHFDM/
NOTE: User sas(ACL Group ) connected to SPD(AIX) 5.4 server at 10.166.0.39.
NOTE: Libref SPDM was successfully assigned as follows: 
      Engine:        SASSPDS 
      Physical Name: :5833552/spdsmeta2/SPDM/
NOTE: User sas(ACL Group ) connected to SPD(AIX) 5.4 server at 10.166.0.39.
NOTE: Libref SSIMDM was successfully assigned as follows: 
      Engine:        SASSPDS 
      Physical Name: :5833552/spdsmeta2/SSIMDM/
NOTE: User sas(ACL Group ) connected to SPD(AIX) 5.4 server at 10.166.0.39.
NOTE: Libref TKDM was successfully assigned as follows: 
      Engine:        SASSPDS 
      Physical Name: :5833552/spdsmeta2/TKDM/
NOTE: User sas(ACL Group ) connected to SPD(AIX) 5.4 server at 10.166.0.39.
NOTE: Libref EAP_PR was successfully assigned as follows: 
      Engine:        SASSPDS 
      Physical Name: :5833552/spdsmeta2/EAP_PR/
NOTE: User sas(ACL Group ) connected to SPD(AIX) 5.4 server at 10.166.0.39.
NOTE: Libref EAP_PAY was successfully assigned as follows: 
      Engine:        SASSPDS 
      Physical Name: :5833552/spdsmeta2/EAP_PAY/
NOTE: User sas(ACL Group ) connected to SPD(AIX) 5.4 server at 10.166.0.39.
NOTE: Libref KMHMDM was successfully assigned as follows: 
      Engine:        SASSPDS 
      Physical Name: :5833552/spdsmeta2/KMHMDM/
NOTE: User sas(ACL Group ) connected to SPD(AIX) 5.4 server at 10.166.0.39.
NOTE: Libref QVYDM was successfully assigned as follows: 
      Engine:        SASSPDS 
      Physical Name: :5833552/spdsmeta2/QVYDM/
NOTE: User sas(ACL Group ) connected to SPD(AIX) 5.4 server at 10.166.0.39.
NOTE: Libref VYDMKVKK was successfully assigned as follows: 
      Engine:        SASSPDS 
      Physical Name: :5833552/spdsmeta2/VYDMKVKK/
NOTE: User sas(ACL Group ) connected to SPD(AIX) 5.4 server at 10.166.0.39.
NOTE: Libref OGMTMP was successfully assigned as follows: 
      Engine:        SASSPDS 
      Physical Name: :5833552/spdsmeta2/OGMTMP/
NOTE: User sas(ACL Group ) connected to SPD(AIX) 5.4 server at 10.166.0.39.
NOTE: Libref OGMDM was successfully assigned as follows: 
      Engine:        SASSPDS 
      Physical Name: :5833552/spdsmeta2/OGMDM/
NOTE: User sas(ACL Group ) connected to SPD(AIX) 5.4 server at 10.166.0.39.
NOTE: Libref PRCTMP was successfully assigned as follows: 
      Engine:        SASSPDS 
      Physical Name: :5833552/spdsmeta2/prctmp/
NOTE: User sas(ACL Group ) connected to SPD(AIX) 5.4 server at 10.166.0.39.
NOTE: Libref CNPRCDM was successfully assigned as follows: 
14                                                         The SAS System                             17:40 Monday, November 2, 2020

      Engine:        SASSPDS 
      Physical Name: :5833552/spdsmeta2/cnprcdm/
NOTE: User sas(ACL Group ) connected to SPD(AIX) 5.4 server at 10.166.0.39.
NOTE: Libref IADM was successfully assigned as follows: 
      Engine:        SASSPDS 
      Physical Name: :5833552/spdsmeta2/iadm/
NOTE: User sas(ACL Group ) connected to SPD(AIX) 5.4 server at 10.166.0.39.
NOTE: Libref SMTMP2 was successfully assigned as follows: 
      Engine:        SASSPDS 
      Physical Name: :5833552/spdsmeta2/smtmp2/
NOTE: User sas(ACL Group ) connected to SPD(AIX) 5.4 server at 10.166.0.39.
NOTE: Libref ETSTMP was successfully assigned as follows: 
      Engine:        SASSPDS 
      Physical Name: :5833552/spdsmeta2/etstmp/
NOTE: User sas(ACL Group ) connected to SPD(AIX) 5.4 server at 10.166.0.39.
NOTE: Libref BITMP was successfully assigned as follows: 
      Engine:        SASSPDS 
      Physical Name: :5833552/spdsmeta2/bitmp/
NOTE: User sas(ACL Group ) connected to SPD(AIX) 5.4 server at 10.166.0.39.
NOTE: Libref BIDM was successfully assigned as follows: 
      Engine:        SASSPDS 
      Physical Name: :5833552/spdsmeta2/bidm/
NOTE: User sas(ACL Group ) connected to SPD(AIX) 5.4 server at 10.166.0.39.
NOTE: Libref HSLIB was successfully assigned as follows: 
      Engine:        SASSPDS 
      Physical Name: :5833552/spdsmeta2/hslib/
NOTE: User sas(ACL Group ) connected to SPD(AIX) 5.4 server at 10.166.0.39.
NOTE: Libref RASDM was successfully assigned as follows: 
      Engine:        SASSPDS 
      Physical Name: :5833552/spdsmeta2/rasdm/
NOTE: User sas(ACL Group ) connected to SPD(AIX) 5.4 server at 10.166.0.39.
NOTE: Libref RAPVAS was successfully assigned as follows: 
      Engine:        SASSPDS 
      Physical Name: :5833552/spdsmeta2/rapvas/
NOTE: User sas(ACL Group ) connected to SPD(AIX) 5.4 server at 10.166.0.39.
NOTE: Libref FPCTMP was successfully assigned as follows: 
      Engine:        SASSPDS 
      Physical Name: :5833552/spdsmeta2/fpctmp/
NOTE: User sas(ACL Group ) connected to SPD(AIX) 5.4 server at 10.166.0.39.
NOTE: Libref FRCPRD was successfully assigned as follows: 
      Engine:        SASSPDS 
      Physical Name: :5833552/spdsmeta2/FRCPRD/
NOTE: User sas(ACL Group ) connected to SPD(AIX) 5.4 server at 10.166.0.39.
NOTE: Libref FRCARC was successfully assigned as follows: 
      Engine:        SASSPDS 
      Physical Name: :5833552/spdsmeta2/FRCARC/
NOTE: User sas(ACL Group ) connected to SPD(AIX) 5.4 server at 10.166.0.39.
NOTE: Libref PRCHPRD was successfully assigned as follows: 
      Engine:        SASSPDS 
      Physical Name: :5833552/spdsmeta2/PRCHPRD/
NOTE: User sas(ACL Group ) connected to SPD(AIX) 5.4 server at 10.166.0.39.
NOTE: Libref PRCHARC was successfully assigned as follows: 
      Engine:        SASSPDS 
      Physical Name: :5833552/spdsmeta2/PRCHARC/
NOTE: User sas(ACL Group ) connected to SPD(AIX) 5.4 server at 10.166.0.39.
NOTE: Libref HDGPRD was successfully assigned as follows: 
      Engine:        SASSPDS 
      Physical Name: :5833552/spdsmeta2/HDGPRD/
15                                                         The SAS System                             17:40 Monday, November 2, 2020

NOTE: User sas(ACL Group ) connected to SPD(AIX) 5.4 server at 10.166.0.39.
NOTE: Libref HDGARC was successfully assigned as follows: 
      Engine:        SASSPDS 
      Physical Name: :5833552/spdsmeta2/HDGARC/
NOTE: User sas(ACL Group ) connected to SPD(AIX) 5.4 server at 10.166.0.39.
NOTE: Libref PILIB2 was successfully assigned as follows: 
      Engine:        SASSPDS 
      Physical Name: :5833552/spdsmeta2/PILIB2/
NOTE: User sas(ACL Group ) connected to SPD(AIX) 5.4 server at 10.166.0.39.
NOTE: Libref MTHSO was successfully assigned as follows: 
      Engine:        SASSPDS 
      Physical Name: :5833552/spdsmeta2/MTHSO/
NOTE: User sas(ACL Group ) connected to SPD(AIX) 5.4 server at 10.166.0.39.
NOTE: Libref MTHMA was successfully assigned as follows: 
      Engine:        SASSPDS 
      Physical Name: :5833552/spdsmeta2/MTHMA/
NOTE: User sas(ACL Group ) connected to SPD(AIX) 5.4 server at 10.166.0.39.
NOTE: Libref MTHTMP was successfully assigned as follows: 
      Engine:        SASSPDS 
      Physical Name: :5833552/spdsmeta2/MTHTMP/
NOTE: User sas(ACL Group ) connected to SPD(AIX) 5.4 server at 10.166.0.39.
NOTE: Libref DYMDM was successfully assigned as follows: 
      Engine:        SASSPDS 
      Physical Name: :5833552/spdsmeta2/DYMDM/
NOTE: User sas(ACL Group ) connected to SPD(AIX) 5.4 server at 10.166.0.39.
NOTE: Libref CSSLIB was successfully assigned as follows: 
      Engine:        SASSPDS 
      Physical Name: :5833552/spdsmeta2/CSSLIB/
NOTE: User sas(ACL Group ) connected to SPD(AIX) 5.4 server at 10.166.0.39.
NOTE: Libref SAHOL was successfully assigned as follows: 
      Engine:        SASSPDS 
      Physical Name: :5833552/spdsmeta2/SAHOL/
NOTE: User sas(ACL Group ) connected to SPD(AIX) 5.4 server at 10.166.0.39.
NOTE: Libref MKVR was successfully assigned as follows: 
      Engine:        SASSPDS 
      Physical Name: :5833552/spdsmeta2/MKVR/
137        
138        PROC SQL;
139           CREATE TABLE RMCDM.PASIF_ANALIZ_RAPORU AS
140           SELECT t1.CACONT_ACC as SOZLESME_HESAP_NO,
141                  t1.RECORDMODE as RECORDMODE,
142                  t1.UCCONTRACT as SOZLESME_NO,
143                  t1.COMP_CODE as SIRKET_KODU,
144                  t1.UCINSTALLA as TESISAT_NO,
145                  t1.UCMOVEOUTD as ABON_IPTAL_TARIHI,
146                  t1._BIC_ZPSGBRN2 as PSG_OPR_MRK,
147                  t1._BIC_ZFS_SEG2 as SABIT_FONK_MUH_SEG,
148                  t1.UCBILL_CLA as TAHAKKUK_SINIFI,
149                  t1.FC_STRAT as TAHSILAT_STRATEJISI,
150                  t1.FCACTDETID as HBK,
151                  t1.UCACC_CLAS as HESAP_SINIFI,
152                  t1.FC_MANSP as IHTAR_BLOKAJ_NEDENI,
153                  t1.UCRATEFAKT as NOMINAL_DEGER_GR,
154                  t1.BPARTNER as MUHATAP_NO,
155        		  t1.SMD_TXTL as MUHATAP_UZUN_AD,
156        /*          t1.BP_FSTNAME as MUHATAP_AD1, */
157        /*          t1.BP_MDLNAME as MUHATAP_AD2, */
158                  t1._BIC_ZIDNUMBER as TCKN,
16                                                         The SAS System                             17:40 Monday, November 2, 2020

159                  t1.TAX_NUMB2 as VERGI_NO,
160                  t1.TAX_NUMB as VERGI_DAIRESI,
161                  t1._BIC_ZINS_CITY as TESISAT_IL,
162                  t1._BIC_ZPHONE2 as TELEFON1,
163                  t1._BIC_ZPHONE1 as TELEFON2,
164                  t1._BIC_ZPROCESS as PROCESS,
165                  t1._BIC_ZBRCARAG as BORC_ARALIGI,
166                  t1.UCPROCSTCO as ISLEME_DURUMU,
167                  t1._BIC_ZBPODMFT2 as ODENMEMIS_FT_SAY_VG,
168                  t1._BIC_ZFCBETR14 as TOPLAM_BORC,
169                  t1._BIC_ZFCBETR20 as VADESI_GELMEMIS_TUTAR,
170                  t1._BIC_ZFCBETR21 as TOPLAM_FAIZ_BORC,
171                  t1._BIC_ZFCBETR12 as BONUS_DONEM_BORC,
172                  t1._BIC_ZFCBETR11 as HEDEF_DONEM_HERC,
173                  t1._BIC_ZFCBETR13 as REGULE_BORC_2017,
174                  t1._BIC_ZFCBETR15 as TOPLAM_REGULE_BORC,
175                  t1._BIC_ZFCBETR16 as TOPLAM_ST_BORC,
176                  t1._BIC_ZFCBETR17 as TOPLAM_ALACAK,
177        		  t1._BIC_ZFCBETR23 as REGULE_BORC_2016,
178                  t1._BIC_ZGUVBED as GUVENCE_BEDELI,
179                  t1._BIC_ZTEMMEK as TEMINAT_MEKTUBU,
180                  t1._BIC_ZFCBETR19 as TOPLAM_IST_FAIZ_BORC,
181                  t1._BIC_ZFCBETR22 as TOPLAM_IST_BORC,
182                  t1._BIC_ZFCBETR1 as _2000_VE_ONCESI_BORC,
183                  t1._BIC_ZFCBETR2 as _2001_2005_BORC,
184        /*          t1._BIC_ZFCBETR3 as _2006_2010_BORC, */
185        		  t1._BIC_ZFCBETR24 as _2006_BORC,
186        		  t1._BIC_ZFCBETR25  as _2007_BORC,
187        		  t1._BIC_ZFCBETR26  as _2008_BORC,
188        		  t1._BIC_ZFCBETR27 as  _2009_BORC,
189        		  t1._BIC_ZFCBETR28  as _2010_BORC,
190        		  t1._BIC_ZFCBETR4 as _2011_BORC,
191                  t1._BIC_ZFCBETR5 as _2012_BORC,
192                  t1._BIC_ZFCBETR6 as _2013_BORC,
193                  t1._BIC_ZFCBETR7 as _2014_BORC,
194                  t1._BIC_ZFCBETRH8 as _2015_BORC,
195                  t1._BIC_ZFCBETRH9 as _2016_BORC,
196                  t1._BIC_ZFCBETR10 as _2017_BORC,
197        		  t1._BIC_ZFCBETR29  as  _2018_BORC,
198                  t1.LOC_CURRCY as PARA_BIRIMI,
199                  t1._BIC_ZLEG10 as ICRA_10,
200                  t1._BIC_ZLEG11 as ICRA_11,
201                  t1._BIC_ZLEG12 as ICRA_12,
202                  t1._BIC_ZLEG15 as ICRA_15,
203                  t1._BIC_ZLEG22 as ICRA_22,
204                  t1._BIC_ZLEG25 as ICRA_25,
205                  t1._BIC_ZLEG26 as ICRA_26,
206                  t1._BIC_ZLEG30 as ICRA_30,
207                  t1._BIC_ZLEG90 as ICRA_90,
208                  t1._BIC_ZLEG91 as ICRA_91,
209                  t1._BIC_ZLEG92 as ICRA_92,
210                  t1._BIC_ZLEG93 as ICRA_93,
211                  t1._BIC_ZLEG98 as ICRA_98,
212                  t1._BIC_ZLEG99 as ICRA_99,
213                  t1._BIC_ZLEGTOT as ICRA_TOPLAM,
214                  t1._BIC_ZKKFATSAY as KAPANIS_FT_SAYISI,
215        		  t1._BIC_ZFCBETR30 as _2019_BORC,
216        		  t1._BIC_ZFCBETR31 as REGULE_BORC_2018,
17                                                         The SAS System                             17:40 Monday, November 2, 2020

217        		  t1._BIC_ZFCBETR34 as REGULE_BORC_2019,
218        		  t1._BIC_ZFCBETR35 as REGULE_BORC_2020,
219        		  t1._BIC_ZFCBETR36 as _2020_BORC
220              FROM podslib1.rwp_aypca210400 t1 ;
NOTE: Table RMCDM.PASIF_ANALIZ_RAPORU created, with 2886892 rows and 77 columns.

221        QUIT;
NOTE: PROCEDURE SQL used (Total process time):
      real time           11.56 seconds
      cpu time            4.26 seconds
      

222        
223        

ERROR: Errors printed on page 6.

NOTE: SAS Institute Inc., SAS Campus Drive, Cary, NC USA 27513-2414
NOTE: The SAS System used:
      real time           2:05.26
      cpu time            6.46 seconds
      


