NOTE: Log file opened at  Tue, 3 Nov 2020 08:00:00.816
1                                                          The SAS System                            08:00 Tuesday, November 3, 2020

ERROR: The SAS System is executing on a processor (CPU) whose model name, 
       model number, and serial number are not included in the setinit data 
       used to initialize the SAS System library in use. This is permitted if 
       this processor is a designated backup processor for a licensed CPU.
For this site, the SAS system is licensed for the following CPU serial 
numbers:
Model  **EEDPA0* Serial Number +4
ERROR: The requested node name EEDPA0 does not match the actual node name 
ERSDPA0.
NOTE: Copyright (c) 2016 by SAS Institute Inc., Cary, NC, USA. 
NOTE: SAS (r) Proprietary Software 9.4 (TS1M6) 
      Licensed to ENERJISA -TOROSLAR - DATA MANAGEMENT ADV PROD., Site 70166440.
NOTE: This session is executing on the AIX 7.2 (AIX 64) platform.



NOTE: Analytical products:
      
      SAS/STAT 15.1
      SAS/ETS 15.1

ERROR: The SAS System is executing on a processor (CPU) whose model name, model number, and serial number are not included in the 
       setinit data used to initialize the SAS System library in use. This is permitted if this processor is a designated backup 
       processor for a licensed CPU.
For this site, the SAS system is licensed for the following CPU serial numbers:

Model  **EEDPA0* Serial Number +4
ERROR: The requested node name EEDPA0 does not match the actual node name ERSDPA0.

NOTE: Additional host information:

IBM AIX AIX 64 2 7 00C9C0374C00 

You are running SAS 9. Some SAS 8 files will be automatically converted 
by the V9 engine; others are incompatible.  Please see 
http://support.sas.com/rnd/migration/planning/platform/64bit.html

PROC MIGRATE will preserve current SAS file attributes and is 
recommended for converting all your SAS libraries from any 
SAS 8 release to SAS 9.  For details and examples, please see
http://support.sas.com/rnd/migration/index.html


This message is contained in the SAS news file, and is presented upon
initialization.  Edit the file "news" in the "misc/base" directory to
display site-specific news and information in the program log.
The command line option "-nonews" will prevent this display.




NOTE: SAS initialization used:
      real time           0.06 seconds
      cpu time            0.01 seconds
      
NOTE: This is a SPD 5.4  Engine 
      executing SAS (r) 9.4 (TS1M6) on the AIX platform.
NOTE: User sas(ACL Group ) connected to SPD(AIX) 5.4 server at 10.166.0.39.
2                                                          The SAS System                            08:00 Tuesday, November 3, 2020

NOTE: User sas(ACL Group ) connected to SPD(AIX) 5.4 server at 10.166.0.39.
NOTE: User sas(ACL Group ) connected to SPD(AIX) 5.4 server at 10.166.0.39.
NOTE: User sas(ACL Group ) connected to SPD(AIX) 5.4 server at 10.166.0.39.
NOTE: User sas(ACL Group ) connected to SPD(AIX) 5.4 server at 10.166.0.39.
NOTE: User sas(ACL Group ) connected to SPD(AIX) 5.4 server at 10.166.0.39.
NOTE: User sas(ACL Group ) connected to SPD(AIX) 5.4 server at 10.166.0.39.
NOTE: User sas(ACL Group ) connected to SPD(AIX) 5.4 server at 10.166.0.39.
NOTE: User sas(ACL Group ) connected to SPD(AIX) 5.4 server at 10.166.0.39.
NOTE: User sas(ACL Group ) connected to SPD(AIX) 5.4 server at 10.166.0.39.
NOTE: User sas(ACL Group ) connected to SPD(AIX) 5.4 server at 10.166.0.39.
NOTE: User sas(ACL Group ) connected to SPD(AIX) 5.4 server at 10.166.0.39.
NOTE: User sas(ACL Group ) connected to SPD(AIX) 5.4 server at 10.166.0.39.
NOTE: User sas(ACL Group ) connected to SPD(AIX) 5.4 server at 10.166.0.39.
NOTE: User sas(ACL Group ) connected to SPD(AIX) 5.4 server at 10.166.0.39.
NOTE: User sas(ACL Group ) connected to SPD(AIX) 5.4 server at 10.166.0.39.
NOTE: User sas(ACL Group ) connected to SPD(AIX) 5.4 server at 10.166.0.39.
NOTE: User sas(ACL Group ) connected to SPD(AIX) 5.4 server at 10.166.0.39.
NOTE: User sas(ACL Group ) connected to SPD(AIX) 5.4 server at 10.166.0.39.
NOTE: User sas(ACL Group ) connected to SPD(AIX) 5.4 server at 10.166.0.39.
NOTE: User sas(ACL Group ) connected to SPD(AIX) 5.4 server at 10.166.0.39.
NOTE: User sas(ACL Group ) connected to SPD(AIX) 5.4 server at 10.166.0.39.
NOTE: User sas(ACL Group ) connected to SPD(AIX) 5.4 server at 10.166.0.39.
NOTE: User sas(ACL Group ) connected to SPD(AIX) 5.4 server at 10.166.0.39.
NOTE: User sas(ACL Group ) connected to SPD(AIX) 5.4 server at 10.166.0.39.
NOTE: User sas(ACL Group ) connected to SPD(AIX) 5.4 server at 10.166.0.39.
NOTE: User sas(ACL Group ) connected to SPD(AIX) 5.4 server at 10.166.0.39.
NOTE: User sas(ACL Group ) connected to SPD(AIX) 5.4 server at 10.166.0.39.
NOTE: User sas(ACL Group ) connected to SPD(AIX) 5.4 server at 10.166.0.39.
NOTE: User sas(ACL Group ) connected to SPD(AIX) 5.4 server at 10.166.0.39.
NOTE: User sas(ACL Group ) connected to SPD(AIX) 5.4 server at 10.166.0.39.
NOTE: User sas(ACL Group ) connected to SPD(AIX) 5.4 server at 10.166.0.39.
NOTE: User sas(ACL Group ) connected to SPD(AIX) 5.4 server at 10.166.0.39.
NOTE: User sas(ACL Group ) connected to SPD(AIX) 5.4 server at 10.166.0.39.
NOTE: User sas(ACL Group ) connected to SPD(AIX) 5.4 server at 10.166.0.39.
NOTE: User sas(ACL Group ) connected to SPD(AIX) 5.4 server at 10.166.0.39.
NOTE: User sas(ACL Group ) connected to SPD(AIX) 5.4 server at 10.166.0.39.
NOTE: User sas(ACL Group ) connected to SPD(AIX) 5.4 server at 10.166.0.39.
NOTE: User sas(ACL Group ) connected to SPD(AIX) 5.4 server at 10.166.0.39.
NOTE: User sas(ACL Group ) connected to SPD(AIX) 5.4 server at 10.166.0.39.
NOTE: User sas(ACL Group ) connected to SPD(AIX) 5.4 server at 10.166.0.39.
NOTE: User sas(ACL Group ) connected to SPD(AIX) 5.4 server at 10.166.0.39.
NOTE: User sas(ACL Group ) connected to SPD(AIX) 5.4 server at 10.166.0.39.
NOTE: User sas(ACL Group ) connected to SPD(AIX) 5.4 server at 10.166.0.39.
NOTE: User sas(ACL Group ) connected to SPD(AIX) 5.4 server at 10.166.0.39.
NOTE: User sas(ACL Group ) connected to SPD(AIX) 5.4 server at 10.166.0.39.
NOTE: User sas(ACL Group ) connected to SPD(AIX) 5.4 server at 10.166.0.39.
NOTE: User sas(ACL Group ) connected to SPD(AIX) 5.4 server at 10.166.0.39.
NOTE: User sas(ACL Group ) connected to SPD(AIX) 5.4 server at 10.166.0.39.
NOTE: User sas(ACL Group ) connected to SPD(AIX) 5.4 server at 10.166.0.39.
NOTE: User sas(ACL Group ) connected to SPD(AIX) 5.4 server at 10.166.0.39.
NOTE: User sas(ACL Group ) connected to SPD(AIX) 5.4 server at 10.166.0.39.
NOTE: User sas(ACL Group ) connected to SPD(AIX) 5.4 server at 10.166.0.39.
NOTE: User sas(ACL Group ) connected to SPD(AIX) 5.4 server at 10.166.0.39.
NOTE: User sas(ACL Group ) connected to SPD(AIX) 5.4 server at 10.166.0.39.
NOTE: User sas(ACL Group ) connected to SPD(AIX) 5.4 server at 10.166.0.39.
NOTE: User sas(ACL Group ) connected to SPD(AIX) 5.4 server at 10.166.0.39.
NOTE: User sas(ACL Group ) connected to SPD(AIX) 5.4 server at 10.166.0.39.
NOTE: User sas(ACL Group ) connected to SPD(AIX) 5.4 server at 10.166.0.39.
3                                                          The SAS System                            08:00 Tuesday, November 3, 2020

NOTE: User sas(ACL Group ) connected to SPD(AIX) 5.4 server at 10.166.0.39.
NOTE: User sas(ACL Group ) connected to SPD(AIX) 5.4 server at 10.166.0.39.
NOTE: User sas(ACL Group ) connected to SPD(AIX) 5.4 server at 10.166.0.39.
NOTE: User sas(ACL Group ) connected to SPD(AIX) 5.4 server at 10.166.0.39.
NOTE: User sas(ACL Group ) connected to SPD(AIX) 5.4 server at 10.166.0.39.
NOTE: User sas(ACL Group ) connected to SPD(AIX) 5.4 server at 10.166.0.39.
NOTE: User sas(ACL Group ) connected to SPD(AIX) 5.4 server at 10.166.0.39.
NOTE: User sas(ACL Group ) connected to SPD(AIX) 5.4 server at 10.166.0.39.
NOTE: User sas(ACL Group ) connected to SPD(AIX) 5.4 server at 10.166.0.39.
NOTE: User sas(ACL Group ) connected to SPD(AIX) 5.4 server at 10.166.0.39.
NOTE: User sas(ACL Group ) connected to SPD(AIX) 5.4 server at 10.166.0.39.
NOTE: User sas(ACL Group ) connected to SPD(AIX) 5.4 server at 10.166.0.39.
NOTE: User sas(ACL Group ) connected to SPD(AIX) 5.4 server at 10.166.0.39.
NOTE: User sas(ACL Group ) connected to SPD(AIX) 5.4 server at 10.166.0.39.
NOTE: User sas(ACL Group ) connected to SPD(AIX) 5.4 server at 10.166.0.39.
NOTE: User sas(ACL Group ) connected to SPD(AIX) 5.4 server at 10.166.0.39.
NOTE: User sas(ACL Group ) connected to SPD(AIX) 5.4 server at 10.166.0.39.
NOTE: User sas(ACL Group ) connected to SPD(AIX) 5.4 server at 10.166.0.39.
NOTE: User sas(ACL Group ) connected to SPD(AIX) 5.4 server at 10.166.0.39.
NOTE: User sas(ACL Group ) connected to SPD(AIX) 5.4 server at 10.166.0.39.
NOTE: User sas(ACL Group ) connected to SPD(AIX) 5.4 server at 10.166.0.39.
NOTE: User sas(ACL Group ) connected to SPD(AIX) 5.4 server at 10.166.0.39.
NOTE: User sas(ACL Group ) connected to SPD(AIX) 5.4 server at 10.166.0.39.
NOTE: User sas(ACL Group ) connected to SPD(AIX) 5.4 server at 10.166.0.39.
NOTE: User sas(ACL Group ) connected to SPD(AIX) 5.4 server at 10.166.0.39.
NOTE: User sas(ACL Group ) connected to SPD(AIX) 5.4 server at 10.166.0.39.
NOTE: User sas(ACL Group ) connected to SPD(AIX) 5.4 server at 10.166.0.39.
NOTE: User sas(ACL Group ) connected to SPD(AIX) 5.4 server at 10.166.0.39.
NOTE: User sas(ACL Group ) connected to SPD(AIX) 5.4 server at 10.166.0.39.
NOTE: User sas(ACL Group ) connected to SPD(AIX) 5.4 server at 10.166.0.39.
NOTE: User sas(ACL Group ) connected to SPD(AIX) 5.4 server at 10.166.0.39.
NOTE: User sas(ACL Group ) connected to SPD(AIX) 5.4 server at 10.166.0.39.
NOTE: User sas(ACL Group ) connected to SPD(AIX) 5.4 server at 10.166.0.39.
NOTE: User sas(ACL Group ) connected to SPD(AIX) 5.4 server at 10.166.0.39.
NOTE: User sas(ACL Group ) connected to SPD(AIX) 5.4 server at 10.166.0.39.
NOTE: User sas(ACL Group ) connected to SPD(AIX) 5.4 server at 10.166.0.39.
NOTE: User sas(ACL Group ) connected to SPD(AIX) 5.4 server at 10.166.0.39.
NOTE: User sas(ACL Group ) connected to SPD(AIX) 5.4 server at 10.166.0.39.
NOTE: User sas(ACL Group ) connected to SPD(AIX) 5.4 server at 10.166.0.39.
NOTE: User sas(ACL Group ) connected to SPD(AIX) 5.4 server at 10.166.0.39.
NOTE: User sas(ACL Group ) connected to SPD(AIX) 5.4 server at 10.166.0.39.
NOTE: User sas(ACL Group ) connected to SPD(AIX) 5.4 server at 10.166.0.39.
NOTE: User sas(ACL Group ) connected to SPD(AIX) 5.4 server at 10.166.0.39.
NOTE: User sas(ACL Group ) connected to SPD(AIX) 5.4 server at 10.166.0.39.
NOTE: User sas(ACL Group ) connected to SPD(AIX) 5.4 server at 10.166.0.39.
NOTE: User sas(ACL Group ) connected to SPD(AIX) 5.4 server at 10.166.0.39.
NOTE: User sas(ACL Group ) connected to SPD(AIX) 5.4 server at 10.166.0.39.
NOTE: User sas(ACL Group ) connected to SPD(AIX) 5.4 server at 10.166.0.39.
NOTE: User sas(ACL Group ) connected to SPD(AIX) 5.4 server at 10.166.0.39.
NOTE: User sas(ACL Group ) connected to SPD(AIX) 5.4 server at 10.166.0.39.
NOTE: User sas(ACL Group ) connected to SPD(AIX) 5.4 server at 10.166.0.39.
NOTE: User sas(ACL Group ) connected to SPD(AIX) 5.4 server at 10.166.0.39.
NOTE: User sas(ACL Group ) connected to SPD(AIX) 5.4 server at 10.166.0.39.
NOTE: User sas(ACL Group ) connected to SPD(AIX) 5.4 server at 10.166.0.39.
NOTE: User sas(ACL Group ) connected to SPD(AIX) 5.4 server at 10.166.0.39.
NOTE: User sas(ACL Group ) connected to SPD(AIX) 5.4 server at 10.166.0.39.
NOTE: User sas(ACL Group ) connected to SPD(AIX) 5.4 server at 10.166.0.39.
NOTE: User sas(ACL Group ) connected to SPD(AIX) 5.4 server at 10.166.0.39.
4                                                          The SAS System                            08:00 Tuesday, November 3, 2020

NOTE: User sas(ACL Group ) connected to SPD(AIX) 5.4 server at 10.166.0.39.
NOTE: User sas(ACL Group ) connected to SPD(AIX) 5.4 server at 10.166.0.39.
NOTE: User sas(ACL Group ) connected to SPD(AIX) 5.4 server at 10.166.0.39.
NOTE: User sas(ACL Group ) connected to SPD(AIX) 5.4 server at 10.166.0.39.
NOTE: Libref SASDATA successfully assigned from logical server.
NOTE: Libref STPSAMP successfully assigned from logical server.
NOTE: Libref MIGLIB successfully assigned from logical server.
NOTE: Libref TRNLIB2 successfully assigned from logical server.
NOTE: Libref TRNLIB successfully assigned from logical server.
NOTE: Libref NEDLIB successfully assigned from logical server.
NOTE: Libref PILIB successfully assigned from logical server.
NOTE: Libref DMLIB successfully assigned from logical server.
NOTE: Libref TMPLIB3 successfully assigned from logical server.
NOTE: Libref TMPLIB4 successfully assigned from logical server.
NOTE: Libref ODSLIB successfully assigned from logical server.
NOTE: Libref ODSLIB2 successfully assigned from logical server.
NOTE: Libref ODSLIB3 successfully assigned from logical server.
NOTE: Libref PODSLIB1 successfully assigned from logical server.
NOTE: Libref PODSLIB2 successfully assigned from logical server.
NOTE: Libref PODSLIB3 successfully assigned from logical server.
NOTE: Libref DASHLIBD successfully assigned from logical server.
NOTE: Libref QLIKLIB successfully assigned from logical server.
NOTE: Libref SQLKODA successfully assigned from logical server.
NOTE: Libref RISU successfully assigned from logical server.
NOTE: Libref DQ_ORCL successfully assigned from logical server.
NOTE: Library ZGRLIB does not exist.
NOTE: Libref HANARWP successfully assigned from logical server.
NOTE: Libref BFLIB successfully assigned from logical server.
NOTE: Libref PILIB2 successfully assigned from logical server.
NOTE: Libref TMPLIB2 successfully assigned from logical server.
NOTE: Libref DMLIB2 successfully assigned from logical server.
NOTE: Libref ARCLIB successfully assigned from logical server.
NOTE: Libref IADM successfully assigned from logical server.
NOTE: Libref IATMP successfully assigned from logical server.
NOTE: Libref AUTODIAL successfully assigned from logical server.
NOTE: Libref BCSDM successfully assigned from logical server.
NOTE: Libref BLDM successfully assigned from logical server.
NOTE: Libref BLTMP successfully assigned from logical server.
NOTE: Libref BADM successfully assigned from logical server.
NOTE: Libref BATMP successfully assigned from logical server.
NOTE: Libref CCDM successfully assigned from logical server.
NOTE: Libref CCDM2 successfully assigned from logical server.
NOTE: Libref CMPDM successfully assigned from logical server.
NOTE: Libref CPSFRC successfully assigned from logical server.
NOTE: Libref CPSHRLY successfully assigned from logical server.
NOTE: Libref CPSREG successfully assigned from logical server.
NOTE: Libref CPSUST successfully assigned from logical server.
NOTE: Libref CXDM successfully assigned from logical server.
NOTE: Libref DBALIB successfully assigned from logical server.
NOTE: Libref DSTDM successfully assigned from logical server.
NOTE: Libref DSTTMP successfully assigned from logical server.
NOTE: Libref DYMDM successfully assigned from logical server.
NOTE: Libref DYMTMP successfully assigned from logical server.
NOTE: Libref EAP_ETY successfully assigned from logical server.
NOTE: Libref EAP_PAY successfully assigned from logical server.
NOTE: Libref EAP_PR successfully assigned from logical server.
NOTE: Libref EPYDM successfully assigned from logical server.
NOTE: Libref EPYTMP successfully assigned from logical server.
5                                                          The SAS System                            08:00 Tuesday, November 3, 2020

NOTE: Libref ETSDM successfully assigned from logical server.
NOTE: Libref FADM successfully assigned from logical server.
NOTE: Libref FPCLIB successfully assigned from logical server.
NOTE: Libref FPCTMP successfully assigned from logical server.
NOTE: Libref HRDM successfully assigned from logical server.
NOTE: Libref KMHMDM successfully assigned from logical server.
NOTE: Libref CSSLIB successfully assigned from logical server.
NOTE: Libref MDLIB successfully assigned from logical server.
NOTE: Libref MHMAYEDS successfully assigned from logical server.
NOTE: Libref MHMDM successfully assigned from logical server.
NOTE: Libref MIGLIB2 successfully assigned from logical server.
NOTE: Libref MSADM successfully assigned from logical server.
NOTE: Libref MSATMP successfully assigned from logical server.
NOTE: Libref MTHEO successfully assigned from logical server.
NOTE: Libref MTHKA successfully assigned from logical server.
NOTE: Libref MTHMA successfully assigned from logical server.
NOTE: Libref MTHSO successfully assigned from logical server.
NOTE: Libref MTHTMP successfully assigned from logical server.
NOTE: Libref D2DLIB successfully assigned from logical server.
NOTE: Libref OKMDM successfully assigned from logical server.
NOTE: Libref OKMTMP successfully assigned from logical server.
NOTE: Libref PMDM successfully assigned from logical server.
NOTE: Libref CNPRCDM successfully assigned from logical server.
NOTE: Libref CNPRCTMP successfully assigned from logical server.
NOTE: Libref EDULIB successfully assigned from logical server.
NOTE: Libref PRCDM successfully assigned from logical server.
NOTE: Libref PRCDM2 successfully assigned from logical server.
NOTE: Libref PRCTMP successfully assigned from logical server.
NOTE: Libref PRFTBLIB successfully assigned from logical server.
NOTE: Libref TMPLIB successfully assigned from logical server.
NOTE: Libref FRCARC successfully assigned from logical server.
NOTE: Libref FRCPRD successfully assigned from logical server.
NOTE: Libref PRCHARC successfully assigned from logical server.
NOTE: Libref PRCHPRD successfully assigned from logical server.
NOTE: Libref PRICARC successfully assigned from logical server.
NOTE: Libref PRICPRD successfully assigned from logical server.
NOTE: Libref QL_SALES successfully assigned from logical server.
NOTE: Libref RAPOUT successfully assigned from logical server.
NOTE: Libref RAPREF successfully assigned from logical server.
NOTE: Libref RAPTEST successfully assigned from logical server.
NOTE: Libref RAPTMP successfully assigned from logical server.
NOTE: Libref RAPVAS successfully assigned from logical server.
NOTE: Libref REFCPS successfully assigned from logical server.
NOTE: Libref RMCDM successfully assigned from logical server.
NOTE: Libref RMCTMP successfully assigned from logical server.
NOTE: Libref SDLIB successfully assigned from logical server.
NOTE: Libref SOMLIB successfully assigned from logical server.
NOTE: Libref SHFDM successfully assigned from logical server.
NOTE: Libref SODM successfully assigned from logical server.
NOTE: Libref SOPDM successfully assigned from logical server.
NOTE: Libref SOSUF successfully assigned from logical server.
NOTE: Libref SOTMP successfully assigned from logical server.
NOTE: Libref SPDM successfully assigned from logical server.
NOTE: Libref SSIMDM successfully assigned from logical server.
NOTE: Libref STLF successfully assigned from logical server.
NOTE: Libref SMDM successfully assigned from logical server.
NOTE: Libref SMTMP successfully assigned from logical server.
NOTE: Libref TALDM successfully assigned from logical server.
6                                                          The SAS System                            08:00 Tuesday, November 3, 2020

NOTE: Libref TKDM successfully assigned from logical server.
NOTE: Libref TSDM successfully assigned from logical server.
NOTE: Libref QVYDM successfully assigned from logical server.
NOTE: Libref STJVYDM successfully assigned from logical server.
NOTE: Libref VYDM successfully assigned from logical server.
NOTE: Libref VYDMKVKK successfully assigned from logical server.
NOTE: Libref OGMDM successfully assigned from logical server.
NOTE: Libref OGMTMP successfully assigned from logical server.
NOTE: Libref CRLIB successfully assigned from logical server.
NOTE: Libref RASTMP successfully assigned from logical server.
NOTE: Libref SOSEC successfully assigned from logical server.
NOTE: Libref STATLIB successfully assigned from logical server.
ERROR: Libref SMARTHMP failed to assign from logical server.
ERROR: ORACLE connection error: ORA-12514: TNS: Dinleyici þu anda baðlantý açýklayýcýsýnda belirtilen hizmeti tanýmýyor..
ERROR: Libref SMARTHMT failed to assign from logical server.
ERROR: ORACLE connection error: ORA-12514: TNS: Dinleyici þu anda baðlantý açýklayýcýsýnda belirtilen hizmeti tanýmýyor..
ERROR: Libref SMSPRD failed to assign from logical server.
ERROR: ORACLE connection error: ORA-12170: TNS: Baðlantý zaman aþýmý oluþtu.
NOTE: Libref RAPARCH successfully assigned from logical server.
NOTE: Libref SAHOL successfully assigned from logical server.
NOTE: Libref MKVR successfully assigned from logical server.
NOTE: Libref RODQLIK successfully assigned from logical server.
NOTE: Libref UTFLIB successfully assigned from logical server.

NOTE: AUTOEXEC processing beginning; file is /sas/config/Lev1/SASApp/BatchServer/autoexec.sas.


NOTE: AUTOEXEC processing completed.

1          %include "/sas/sascodes/Autoexec_File/Autoexec.sas";
NOTE: User sas(ACL Group ) connected to SPD(AIX) 5.4 server at 10.166.0.39.
NOTE: Libref TMPLIB3 was successfully assigned as follows: 
      Engine:        SASSPDS 
      Physical Name: :11797098/spdsmeta1/TMPLIB3/
NOTE: User sas(ACL Group ) connected to SPD(AIX) 5.4 server at 10.166.0.39.
NOTE: Libref PODSLIB3 was successfully assigned as follows: 
      Engine:        SASSPDS 
      Physical Name: :11797098/spdsmeta1/PODSLIB3/
NOTE: User sas(ACL Group ) connected to SPD(AIX) 5.4 server at 10.166.0.39.
NOTE: Libref DMLIB was successfully assigned as follows: 
      Engine:        SASSPDS 
      Physical Name: :11797098/spdsmeta1/DMLIB/
NOTE: User sas(ACL Group ) connected to SPD(AIX) 5.4 server at 10.166.0.39.
NOTE: Libref TRNLIB was successfully assigned as follows: 
      Engine:        SASSPDS 
      Physical Name: :11797098/spdsmeta1/TRNLIB/
NOTE: User sas(ACL Group ) connected to SPD(AIX) 5.4 server at 10.166.0.39.
NOTE: Libref ODSLIB3 was successfully assigned as follows: 
      Engine:        SASSPDS 
      Physical Name: :11797098/spdsmeta1/ODSLIB3/
NOTE: User sas(ACL Group ) connected to SPD(AIX) 5.4 server at 10.166.0.39.
NOTE: Libref TMPLIB4 was successfully assigned as follows: 
      Engine:        SASSPDS 
      Physical Name: :11797098/spdsmeta1/TMPLIB4/
NOTE: User sas(ACL Group ) connected to SPD(AIX) 5.4 server at 10.166.0.39.
NOTE: Libref FADM was successfully assigned as follows: 
      Engine:        SASSPDS 
      Physical Name: :11797098/spdsmeta1/FADM/
7                                                          The SAS System                            08:00 Tuesday, November 3, 2020

NOTE: User sas(ACL Group ) connected to SPD(AIX) 5.4 server at 10.166.0.39.
NOTE: Libref VYDM was successfully assigned as follows: 
      Engine:        SASSPDS 
      Physical Name: :11797098/spdsmeta2/VYDM/
NOTE: User sas(ACL Group ) connected to SPD(AIX) 5.4 server at 10.166.0.39.
NOTE: Libref ODSLIB was successfully assigned as follows: 
      Engine:        SASSPDS 
      Physical Name: :11797098/spdsmeta2/ODSLIB/
NOTE: User sas(ACL Group ) connected to SPD(AIX) 5.4 server at 10.166.0.39.
NOTE: Libref NEDLIB was successfully assigned as follows: 
      Engine:        SASSPDS 
      Physical Name: :11797098/spdsmeta2/NEDLIB/
NOTE: User sas(ACL Group ) connected to SPD(AIX) 5.4 server at 10.166.0.39.
NOTE: Libref SMDM was successfully assigned as follows: 
      Engine:        SASSPDS 
      Physical Name: :11797098/spdsmeta2/smdm/
NOTE: User sas(ACL Group ) connected to SPD(AIX) 5.4 server at 10.166.0.39.
NOTE: Libref TRNLIB2 was successfully assigned as follows: 
      Engine:        SASSPDS 
      Physical Name: :11797098/spdsmeta2/TRNLIB2/
NOTE: User sas(ACL Group ) connected to SPD(AIX) 5.4 server at 10.166.0.39.
NOTE: Libref MSATMP was successfully assigned as follows: 
      Engine:        SASSPDS 
      Physical Name: :11797098/spdsmeta2/MSATMP/
NOTE: User sas(ACL Group ) connected to SPD(AIX) 5.4 server at 10.166.0.39.
NOTE: Libref OKMTMP was successfully assigned as follows: 
      Engine:        SASSPDS 
      Physical Name: :11797098/spdsmeta2/okmtmp/
NOTE: User sas(ACL Group ) connected to SPD(AIX) 5.4 server at 10.166.0.39.
NOTE: Libref MIGLIB was successfully assigned as follows: 
      Engine:        SASSPDS 
      Physical Name: :11797098/spdsmeta2/MIGLIB/
NOTE: User sas(ACL Group ) connected to SPD(AIX) 5.4 server at 10.166.0.39.
NOTE: Libref REFCPS was successfully assigned as follows: 
      Engine:        SASSPDS 
      Physical Name: :11797098/spdsmeta2/REFCPS/
NOTE: User sas(ACL Group ) connected to SPD(AIX) 5.4 server at 10.166.0.39.
NOTE: Libref EAP_ETY was successfully assigned as follows: 
      Engine:        SASSPDS 
      Physical Name: :11797098/spdsmeta2/EAP_ETY/
NOTE: User sas(ACL Group ) connected to SPD(AIX) 5.4 server at 10.166.0.39.
NOTE: Libref PODSLIB1 was successfully assigned as follows: 
      Engine:        SASSPDS 
      Physical Name: :11797098/spdsmeta2/PODSLIB1/
NOTE: User sas(ACL Group ) connected to SPD(AIX) 5.4 server at 10.166.0.39.
NOTE: Libref TMPLIB was successfully assigned as follows: 
      Engine:        SASSPDS 
      Physical Name: :11797098/spdsmeta2/tmplib/
NOTE: User sas(ACL Group ) connected to SPD(AIX) 5.4 server at 10.166.0.39.
NOTE: Libref CRLIB was successfully assigned as follows: 
      Engine:        SASSPDS 
      Physical Name: :11797098/spdsmeta2/crlib/
NOTE: User sas(ACL Group ) connected to SPD(AIX) 5.4 server at 10.166.0.39.
NOTE: Libref OKMDM was successfully assigned as follows: 
      Engine:        SASSPDS 
      Physical Name: :11797098/spdsmeta2/okmdm/
NOTE: User sas(ACL Group ) connected to SPD(AIX) 5.4 server at 10.166.0.39.
NOTE: Libref CCDM was successfully assigned as follows: 
8                                                          The SAS System                            08:00 Tuesday, November 3, 2020

      Engine:        SASSPDS 
      Physical Name: :11797098/spdsmeta2/CCDM/
NOTE: User sas(ACL Group ) connected to SPD(AIX) 5.4 server at 10.166.0.39.
NOTE: Libref RMCDM was successfully assigned as follows: 
      Engine:        SASSPDS 
      Physical Name: :11797098/spdsmeta2/rmcdm/
NOTE: User sas(ACL Group ) connected to SPD(AIX) 5.4 server at 10.166.0.39.
NOTE: Libref SMTMP was successfully assigned as follows: 
      Engine:        SASSPDS 
      Physical Name: :11797098/spdsmeta2/smtmp/
NOTE: User sas(ACL Group ) connected to SPD(AIX) 5.4 server at 10.166.0.39.
NOTE: Libref SOSEC was successfully assigned as follows: 
      Engine:        SASSPDS 
      Physical Name: :11797098/spdsmeta2/sosec/
NOTE: User sas(ACL Group ) connected to SPD(AIX) 5.4 server at 10.166.0.39.
NOTE: Libref PODSLIB2 was successfully assigned as follows: 
      Engine:        SASSPDS 
      Physical Name: :11797098/spdsmeta2/PODSLIB2/
NOTE: User sas(ACL Group ) connected to SPD(AIX) 5.4 server at 10.166.0.39.
NOTE: Libref MHMDM was successfully assigned as follows: 
      Engine:        SASSPDS 
      Physical Name: :11797098/spdsmeta2/MHMDM/
NOTE: User sas(ACL Group ) connected to SPD(AIX) 5.4 server at 10.166.0.39.
NOTE: Libref CCDM2 was successfully assigned as follows: 
      Engine:        SASSPDS 
      Physical Name: :11797098/spdsmeta2/CCDM2/
NOTE: User sas(ACL Group ) connected to SPD(AIX) 5.4 server at 10.166.0.39.
NOTE: Libref RASTMP was successfully assigned as follows: 
      Engine:        SASSPDS 
      Physical Name: :11797098/spdsmeta2/rastmp/
NOTE: User sas(ACL Group ) connected to SPD(AIX) 5.4 server at 10.166.0.39.
NOTE: Libref SODM was successfully assigned as follows: 
      Engine:        SASSPDS 
      Physical Name: :11797098/spdsmeta2/sodm/
NOTE: User sas(ACL Group ) connected to SPD(AIX) 5.4 server at 10.166.0.39.
NOTE: Libref D2DLIB was successfully assigned as follows: 
      Engine:        SASSPDS 
      Physical Name: :11797098/spdsmeta2/D2DLIB/
NOTE: User sas(ACL Group ) connected to SPD(AIX) 5.4 server at 10.166.0.39.
NOTE: Libref ODSLIB2 was successfully assigned as follows: 
      Engine:        SASSPDS 
      Physical Name: :11797098/spdsmeta2/ODSLIB2/
NOTE: User sas(ACL Group ) connected to SPD(AIX) 5.4 server at 10.166.0.39.
NOTE: Libref RAPREF was successfully assigned as follows: 
      Engine:        SASSPDS 
      Physical Name: :11797098/spdsmeta2/rapref/
NOTE: User sas(ACL Group ) connected to SPD(AIX) 5.4 server at 10.166.0.39.
NOTE: Libref SOMLIB was successfully assigned as follows: 
      Engine:        SASSPDS 
      Physical Name: :11797098/spdsmeta2/SOMLIB/
NOTE: User sas(ACL Group ) connected to SPD(AIX) 5.4 server at 10.166.0.39.
NOTE: Libref PRICARC was successfully assigned as follows: 
      Engine:        SASSPDS 
      Physical Name: :11797098/spdsmeta2/PRICARC/
NOTE: User sas(ACL Group ) connected to SPD(AIX) 5.4 server at 10.166.0.39.
NOTE: Libref MIGLIB2 was successfully assigned as follows: 
      Engine:        SASSPDS 
      Physical Name: :11797098/spdsmeta2/MIGLIB2/
9                                                          The SAS System                            08:00 Tuesday, November 3, 2020

NOTE: User sas(ACL Group ) connected to SPD(AIX) 5.4 server at 10.166.0.39.
NOTE: Libref SOTMP was successfully assigned as follows: 
      Engine:        SASSPDS 
      Physical Name: :11797098/spdsmeta2/sotmp/
NOTE: User sas(ACL Group ) connected to SPD(AIX) 5.4 server at 10.166.0.39.
NOTE: Libref TSDM was successfully assigned as follows: 
      Engine:        SASSPDS 
      Physical Name: :11797098/spdsmeta2/TSDM/
NOTE: User sas(ACL Group ) connected to SPD(AIX) 5.4 server at 10.166.0.39.
NOTE: Libref TALDM was successfully assigned as follows: 
      Engine:        SASSPDS 
      Physical Name: :11797098/spdsmeta2/taldm/
NOTE: User sas(ACL Group ) connected to SPD(AIX) 5.4 server at 10.166.0.39.
NOTE: Libref CPSUST was successfully assigned as follows: 
      Engine:        SASSPDS 
      Physical Name: :11797098/spdsmeta2/CPSUST/
NOTE: User sas(ACL Group ) connected to SPD(AIX) 5.4 server at 10.166.0.39.
NOTE: Libref STJVYDM was successfully assigned as follows: 
      Engine:        SASSPDS 
      Physical Name: :11797098/spdsmeta2/STJVYDM/
NOTE: User sas(ACL Group ) connected to SPD(AIX) 5.4 server at 10.166.0.39.
NOTE: Libref QLIKLIB was successfully assigned as follows: 
      Engine:        SASSPDS 
      Physical Name: :11797098/spdsmeta2/QLIKLIB/
NOTE: User sas(ACL Group ) connected to SPD(AIX) 5.4 server at 10.166.0.39.
NOTE: Libref BADM was successfully assigned as follows: 
      Engine:        SASSPDS 
      Physical Name: :11797098/spdsmeta2/badm/
NOTE: User sas(ACL Group ) connected to SPD(AIX) 5.4 server at 10.166.0.39.
NOTE: Libref EDULIB was successfully assigned as follows: 
      Engine:        SASSPDS 
      Physical Name: :11797098/spdsmeta2/edulib/
NOTE: User sas(ACL Group ) connected to SPD(AIX) 5.4 server at 10.166.0.39.
NOTE: Libref STLF was successfully assigned as follows: 
      Engine:        SASSPDS 
      Physical Name: :11797098/spdsmeta2/STLF/
NOTE: User sas(ACL Group ) connected to SPD(AIX) 5.4 server at 10.166.0.39.
NOTE: Libref DASHLIBD was successfully assigned as follows: 
      Engine:        SASSPDS 
      Physical Name: :11797098/spdsmeta2/DASHLIBD/
NOTE: User sas(ACL Group ) connected to SPD(AIX) 5.4 server at 10.166.0.39.
NOTE: Libref BFLIB was successfully assigned as follows: 
      Engine:        SASSPDS 
      Physical Name: :11797098/spdsmeta2/bflib/
NOTE: User sas(ACL Group ) connected to SPD(AIX) 5.4 server at 10.166.0.39.
NOTE: Libref BATMP was successfully assigned as follows: 
      Engine:        SASSPDS 
      Physical Name: :11797098/spdsmeta2/batmp/
NOTE: User sas(ACL Group ) connected to SPD(AIX) 5.4 server at 10.166.0.39.
NOTE: Libref SOPDM was successfully assigned as follows: 
      Engine:        SASSPDS 
      Physical Name: :11797098/spdsmeta2/sopdm/
NOTE: User sas(ACL Group ) connected to SPD(AIX) 5.4 server at 10.166.0.39.
NOTE: Libref KKLIB was successfully assigned as follows: 
      Engine:        SASSPDS 
      Physical Name: :11797098/spdsmeta2/kklib/
NOTE: User sas(ACL Group ) connected to SPD(AIX) 5.4 server at 10.166.0.39.
NOTE: Libref MHMAYEDS was successfully assigned as follows: 
10                                                         The SAS System                            08:00 Tuesday, November 3, 2020

      Engine:        SASSPDS 
      Physical Name: :11797098/spdsmeta2/MHMAYEDS/
NOTE: User sas(ACL Group ) connected to SPD(AIX) 5.4 server at 10.166.0.39.
NOTE: Libref MTHEO was successfully assigned as follows: 
      Engine:        SASSPDS 
      Physical Name: :11797098/spdsmeta2/MTHEO/
NOTE: User sas(ACL Group ) connected to SPD(AIX) 5.4 server at 10.166.0.39.
NOTE: Libref PRCDM was successfully assigned as follows: 
      Engine:        SASSPDS 
      Physical Name: :11797098/spdsmeta2/prcdm/
NOTE: User sas(ACL Group ) connected to SPD(AIX) 5.4 server at 10.166.0.39.
NOTE: Libref BLDM was successfully assigned as follows: 
      Engine:        SASSPDS 
      Physical Name: :11797098/spdsmeta2/bldm/
NOTE: User sas(ACL Group ) connected to SPD(AIX) 5.4 server at 10.166.0.39.
NOTE: Libref RAPTMP was successfully assigned as follows: 
      Engine:        SASSPDS 
      Physical Name: :11797098/spdsmeta2/raptmp/
NOTE: User sas(ACL Group ) connected to SPD(AIX) 5.4 server at 10.166.0.39.
NOTE: Libref PRFTBLIB was successfully assigned as follows: 
      Engine:        SASSPDS 
      Physical Name: :11797098/spdsmeta2/prftblib/
NOTE: User sas(ACL Group ) connected to SPD(AIX) 5.4 server at 10.166.0.39.
NOTE: Libref RAPOUT was successfully assigned as follows: 
      Engine:        SASSPDS 
      Physical Name: :11797098/spdsmeta2/rapout/
NOTE: User sas(ACL Group ) connected to SPD(AIX) 5.4 server at 10.166.0.39.
NOTE: Libref RAPTEST was successfully assigned as follows: 
      Engine:        SASSPDS 
      Physical Name: :11797098/spdsmeta2/RAPTEST/
NOTE: User sas(ACL Group ) connected to SPD(AIX) 5.4 server at 10.166.0.39.
NOTE: Libref DMLIB2 was successfully assigned as follows: 
      Engine:        SASSPDS 
      Physical Name: :11797098/spdsmeta2/DMLIB2/
NOTE: User sas(ACL Group ) connected to SPD(AIX) 5.4 server at 10.166.0.39.
NOTE: Libref BCSDM was successfully assigned as follows: 
      Engine:        SASSPDS 
      Physical Name: :11797098/spdsmeta2/BCSDM/
NOTE: User sas(ACL Group ) connected to SPD(AIX) 5.4 server at 10.166.0.39.
NOTE: Libref IATMP was successfully assigned as follows: 
      Engine:        SASSPDS 
      Physical Name: :11797098/spdsmeta2/iatmp/
NOTE: User sas(ACL Group ) connected to SPD(AIX) 5.4 server at 10.166.0.39.
NOTE: Libref SOSUF was successfully assigned as follows: 
      Engine:        SASSPDS 
      Physical Name: :11797098/spdsmeta2/sosuf/
NOTE: User sas(ACL Group ) connected to SPD(AIX) 5.4 server at 10.166.0.39.
NOTE: Libref RAPARCH was successfully assigned as follows: 
      Engine:        SASSPDS 
      Physical Name: :11797098/spdsmeta2/raparch/
NOTE: User sas(ACL Group ) connected to SPD(AIX) 5.4 server at 10.166.0.39.
NOTE: Libref RMCTMP was successfully assigned as follows: 
      Engine:        SASSPDS 
      Physical Name: :11797098/spdsmeta2/rmctmp/
NOTE: User sas(ACL Group ) connected to SPD(AIX) 5.4 server at 10.166.0.39.
NOTE: Libref MTHKA was successfully assigned as follows: 
      Engine:        SASSPDS 
      Physical Name: :11797098/spdsmeta2/MTHKA/
11                                                         The SAS System                            08:00 Tuesday, November 3, 2020

NOTE: User sas(ACL Group ) connected to SPD(AIX) 5.4 server at 10.166.0.39.
NOTE: Libref EPYDM was successfully assigned as follows: 
      Engine:        SASSPDS 
      Physical Name: :11797098/spdsmeta2/EPYDM/
NOTE: User sas(ACL Group ) connected to SPD(AIX) 5.4 server at 10.166.0.39.
NOTE: Libref DSTDM was successfully assigned as follows: 
      Engine:        SASSPDS 
      Physical Name: :11797098/spdsmeta2/DSTDM/
NOTE: User sas(ACL Group ) connected to SPD(AIX) 5.4 server at 10.166.0.39.
NOTE: Libref DYMTMP was successfully assigned as follows: 
      Engine:        SASSPDS 
      Physical Name: :11797098/spdsmeta2/DYMTMP/
NOTE: User sas(ACL Group ) connected to SPD(AIX) 5.4 server at 10.166.0.39.
NOTE: Libref MDLIB was successfully assigned as follows: 
      Engine:        SASSPDS 
      Physical Name: :11797098/spdsmeta2/MDLIB/
NOTE: User sas(ACL Group ) connected to SPD(AIX) 5.4 server at 10.166.0.39.
NOTE: Libref DSTTMP was successfully assigned as follows: 
      Engine:        SASSPDS 
      Physical Name: :11797098/spdsmeta2/DSTTMP/
NOTE: User sas(ACL Group ) connected to SPD(AIX) 5.4 server at 10.166.0.39.
NOTE: Libref TMPLIB2 was successfully assigned as follows: 
      Engine:        SASSPDS 
      Physical Name: :11797098/spdsmeta2/tmplib2/
NOTE: User sas(ACL Group ) connected to SPD(AIX) 5.4 server at 10.166.0.39.
NOTE: Libref PILIB was successfully assigned as follows: 
      Engine:        SASSPDS 
      Physical Name: :11797098/spdsmeta2/PILIB/
NOTE: User sas(ACL Group ) connected to SPD(AIX) 5.4 server at 10.166.0.39.
NOTE: Libref BLTMP was successfully assigned as follows: 
      Engine:        SASSPDS 
      Physical Name: :11797098/spdsmeta2/bltmp/
NOTE: User sas(ACL Group ) connected to SPD(AIX) 5.4 server at 10.166.0.39.
NOTE: Libref AUTODIAL was successfully assigned as follows: 
      Engine:        SASSPDS 
      Physical Name: :11797098/spdsmeta2/AUTODIAL/
NOTE: User sas(ACL Group ) connected to SPD(AIX) 5.4 server at 10.166.0.39.
NOTE: Libref PRICPRD was successfully assigned as follows: 
      Engine:        SASSPDS 
      Physical Name: :11797098/spdsmeta2/PRICPRD/
NOTE: User sas(ACL Group ) connected to SPD(AIX) 5.4 server at 10.166.0.39.
NOTE: Libref CPSREG was successfully assigned as follows: 
      Engine:        SASSPDS 
      Physical Name: :11797098/spdsmeta2/CPSREG/
NOTE: User sas(ACL Group ) connected to SPD(AIX) 5.4 server at 10.166.0.39.
NOTE: Libref CXDM was successfully assigned as follows: 
      Engine:        SASSPDS 
      Physical Name: :11797098/spdsmeta2/CXDM/
NOTE: User sas(ACL Group ) connected to SPD(AIX) 5.4 server at 10.166.0.39.
NOTE: Libref CPSFRC was successfully assigned as follows: 
      Engine:        SASSPDS 
      Physical Name: :11797098/spdsmeta2/CPSFRC/
NOTE: User sas(ACL Group ) connected to SPD(AIX) 5.4 server at 10.166.0.39.
NOTE: Libref SDLIB was successfully assigned as follows: 
      Engine:        SASSPDS 
      Physical Name: :11797098/spdsmeta2/SDLIB/
NOTE: User sas(ACL Group ) connected to SPD(AIX) 5.4 server at 10.166.0.39.
NOTE: Libref CMPDM was successfully assigned as follows: 
12                                                         The SAS System                            08:00 Tuesday, November 3, 2020

      Engine:        SASSPDS 
      Physical Name: :11797098/spdsmeta2/CMPDM/
NOTE: User sas(ACL Group ) connected to SPD(AIX) 5.4 server at 10.166.0.39.
NOTE: Libref PMDM was successfully assigned as follows: 
      Engine:        SASSPDS 
      Physical Name: :11797098/spdsmeta2/PMDM/
NOTE: User sas(ACL Group ) connected to SPD(AIX) 5.4 server at 10.166.0.39.
NOTE: Libref MSADM was successfully assigned as follows: 
      Engine:        SASSPDS 
      Physical Name: :11797098/spdsmeta2/MSADM/
NOTE: User sas(ACL Group ) connected to SPD(AIX) 5.4 server at 10.166.0.39.
NOTE: Libref FPCLIB was successfully assigned as follows: 
      Engine:        SASSPDS 
      Physical Name: :11797098/spdsmeta2/fpclib/
NOTE: User sas(ACL Group ) connected to SPD(AIX) 5.4 server at 10.166.0.39.
NOTE: Libref DBALIB was successfully assigned as follows: 
      Engine:        SASSPDS 
      Physical Name: :11797098/spdsmeta2/DBALIB/
NOTE: User sas(ACL Group ) connected to SPD(AIX) 5.4 server at 10.166.0.39.
NOTE: Libref CPSHRLY was successfully assigned as follows: 
      Engine:        SASSPDS 
      Physical Name: :11797098/spdsmeta2/CPSHRLY/
NOTE: User sas(ACL Group ) connected to SPD(AIX) 5.4 server at 10.166.0.39.
NOTE: Libref PRCDM2 was successfully assigned as follows: 
      Engine:        SASSPDS 
      Physical Name: :11797098/spdsmeta2/PRCDM2/
NOTE: User sas(ACL Group ) connected to SPD(AIX) 5.4 server at 10.166.0.39.
NOTE: Libref ARCLIB was successfully assigned as follows: 
      Engine:        SASSPDS 
      Physical Name: :11797098/spdsmeta2/ARCLIB/
NOTE: User sas(ACL Group ) connected to SPD(AIX) 5.4 server at 10.166.0.39.
NOTE: Libref QL_SALES was successfully assigned as follows: 
      Engine:        SASSPDS 
      Physical Name: :11797098/spdsmeta2/QL_SALES/
NOTE: User sas(ACL Group ) connected to SPD(AIX) 5.4 server at 10.166.0.39.
NOTE: Libref ETSDM was successfully assigned as follows: 
      Engine:        SASSPDS 
      Physical Name: :11797098/spdsmeta2/etsdm/
NOTE: User sas(ACL Group ) connected to SPD(AIX) 5.4 server at 10.166.0.39.
NOTE: Libref EPYTMP was successfully assigned as follows: 
      Engine:        SASSPDS 
      Physical Name: :11797098/spdsmeta2/EPYTMP/
NOTE: User sas(ACL Group ) connected to SPD(AIX) 5.4 server at 10.166.0.39.
NOTE: Libref HRDM was successfully assigned as follows: 
      Engine:        SASSPDS 
      Physical Name: :11797098/spdsmeta2/HRDM/
NOTE: User sas(ACL Group ) connected to SPD(AIX) 5.4 server at 10.166.0.39.
NOTE: Libref CNPRCTMP was successfully assigned as follows: 
      Engine:        SASSPDS 
      Physical Name: :11797098/spdsmeta2/cnprctmp/
NOTE: User sas(ACL Group ) connected to SPD(AIX) 5.4 server at 10.166.0.39.
NOTE: Libref DI_SMDM was successfully assigned as follows: 
      Engine:        SASSPDS 
      Physical Name: :11797098/spdsmeta2/DI_SMDM/
NOTE: User sas(ACL Group ) connected to SPD(AIX) 5.4 server at 10.166.0.39.
NOTE: Libref PREFLIB was successfully assigned as follows: 
      Engine:        SASSPDS 
      Physical Name: :11797098/spdsmeta2/PREFLIB/
13                                                         The SAS System                            08:00 Tuesday, November 3, 2020

NOTE: User sas(ACL Group ) connected to SPD(AIX) 5.4 server at 10.166.0.39.
NOTE: Libref TRNLIB3 was successfully assigned as follows: 
      Engine:        SASSPDS 
      Physical Name: :11797098/spdsmeta2/TRNLIB3/
NOTE: User sas(ACL Group ) connected to SPD(AIX) 5.4 server at 10.166.0.39.
NOTE: Libref TMPLIB33 was successfully assigned as follows: 
      Engine:        SASSPDS 
      Physical Name: :11797098/spdsmeta2/TMPLIB3/
NOTE: User sas(ACL Group ) connected to SPD(AIX) 5.4 server at 10.166.0.39.
NOTE: Libref SHFDM was successfully assigned as follows: 
      Engine:        SASSPDS 
      Physical Name: :11797098/spdsmeta2/SHFDM/
NOTE: User sas(ACL Group ) connected to SPD(AIX) 5.4 server at 10.166.0.39.
NOTE: Libref SPDM was successfully assigned as follows: 
      Engine:        SASSPDS 
      Physical Name: :11797098/spdsmeta2/SPDM/
NOTE: User sas(ACL Group ) connected to SPD(AIX) 5.4 server at 10.166.0.39.
NOTE: Libref SSIMDM was successfully assigned as follows: 
      Engine:        SASSPDS 
      Physical Name: :11797098/spdsmeta2/SSIMDM/
NOTE: User sas(ACL Group ) connected to SPD(AIX) 5.4 server at 10.166.0.39.
NOTE: Libref TKDM was successfully assigned as follows: 
      Engine:        SASSPDS 
      Physical Name: :11797098/spdsmeta2/TKDM/
NOTE: User sas(ACL Group ) connected to SPD(AIX) 5.4 server at 10.166.0.39.
NOTE: Libref EAP_PR was successfully assigned as follows: 
      Engine:        SASSPDS 
      Physical Name: :11797098/spdsmeta2/EAP_PR/
NOTE: User sas(ACL Group ) connected to SPD(AIX) 5.4 server at 10.166.0.39.
NOTE: Libref EAP_PAY was successfully assigned as follows: 
      Engine:        SASSPDS 
      Physical Name: :11797098/spdsmeta2/EAP_PAY/
NOTE: User sas(ACL Group ) connected to SPD(AIX) 5.4 server at 10.166.0.39.
NOTE: Libref KMHMDM was successfully assigned as follows: 
      Engine:        SASSPDS 
      Physical Name: :11797098/spdsmeta2/KMHMDM/
NOTE: User sas(ACL Group ) connected to SPD(AIX) 5.4 server at 10.166.0.39.
NOTE: Libref QVYDM was successfully assigned as follows: 
      Engine:        SASSPDS 
      Physical Name: :11797098/spdsmeta2/QVYDM/
NOTE: User sas(ACL Group ) connected to SPD(AIX) 5.4 server at 10.166.0.39.
NOTE: Libref VYDMKVKK was successfully assigned as follows: 
      Engine:        SASSPDS 
      Physical Name: :11797098/spdsmeta2/VYDMKVKK/
NOTE: User sas(ACL Group ) connected to SPD(AIX) 5.4 server at 10.166.0.39.
NOTE: Libref OGMTMP was successfully assigned as follows: 
      Engine:        SASSPDS 
      Physical Name: :11797098/spdsmeta2/OGMTMP/
NOTE: User sas(ACL Group ) connected to SPD(AIX) 5.4 server at 10.166.0.39.
NOTE: Libref OGMDM was successfully assigned as follows: 
      Engine:        SASSPDS 
      Physical Name: :11797098/spdsmeta2/OGMDM/
NOTE: User sas(ACL Group ) connected to SPD(AIX) 5.4 server at 10.166.0.39.
NOTE: Libref PRCTMP was successfully assigned as follows: 
      Engine:        SASSPDS 
      Physical Name: :11797098/spdsmeta2/prctmp/
NOTE: User sas(ACL Group ) connected to SPD(AIX) 5.4 server at 10.166.0.39.
NOTE: Libref CNPRCDM was successfully assigned as follows: 
14                                                         The SAS System                            08:00 Tuesday, November 3, 2020

      Engine:        SASSPDS 
      Physical Name: :11797098/spdsmeta2/cnprcdm/
NOTE: User sas(ACL Group ) connected to SPD(AIX) 5.4 server at 10.166.0.39.
NOTE: Libref IADM was successfully assigned as follows: 
      Engine:        SASSPDS 
      Physical Name: :11797098/spdsmeta2/iadm/
NOTE: User sas(ACL Group ) connected to SPD(AIX) 5.4 server at 10.166.0.39.
NOTE: Libref SMTMP2 was successfully assigned as follows: 
      Engine:        SASSPDS 
      Physical Name: :11797098/spdsmeta2/smtmp2/
NOTE: User sas(ACL Group ) connected to SPD(AIX) 5.4 server at 10.166.0.39.
NOTE: Libref ETSTMP was successfully assigned as follows: 
      Engine:        SASSPDS 
      Physical Name: :11797098/spdsmeta2/etstmp/
NOTE: User sas(ACL Group ) connected to SPD(AIX) 5.4 server at 10.166.0.39.
NOTE: Libref BITMP was successfully assigned as follows: 
      Engine:        SASSPDS 
      Physical Name: :11797098/spdsmeta2/bitmp/
NOTE: User sas(ACL Group ) connected to SPD(AIX) 5.4 server at 10.166.0.39.
NOTE: Libref BIDM was successfully assigned as follows: 
      Engine:        SASSPDS 
      Physical Name: :11797098/spdsmeta2/bidm/
NOTE: User sas(ACL Group ) connected to SPD(AIX) 5.4 server at 10.166.0.39.
NOTE: Libref HSLIB was successfully assigned as follows: 
      Engine:        SASSPDS 
      Physical Name: :11797098/spdsmeta2/hslib/
NOTE: User sas(ACL Group ) connected to SPD(AIX) 5.4 server at 10.166.0.39.
NOTE: Libref RASDM was successfully assigned as follows: 
      Engine:        SASSPDS 
      Physical Name: :11797098/spdsmeta2/rasdm/
NOTE: User sas(ACL Group ) connected to SPD(AIX) 5.4 server at 10.166.0.39.
NOTE: Libref RAPVAS was successfully assigned as follows: 
      Engine:        SASSPDS 
      Physical Name: :11797098/spdsmeta2/rapvas/
NOTE: User sas(ACL Group ) connected to SPD(AIX) 5.4 server at 10.166.0.39.
NOTE: Libref FPCTMP was successfully assigned as follows: 
      Engine:        SASSPDS 
      Physical Name: :11797098/spdsmeta2/fpctmp/
NOTE: User sas(ACL Group ) connected to SPD(AIX) 5.4 server at 10.166.0.39.
NOTE: Libref FRCPRD was successfully assigned as follows: 
      Engine:        SASSPDS 
      Physical Name: :11797098/spdsmeta2/FRCPRD/
NOTE: User sas(ACL Group ) connected to SPD(AIX) 5.4 server at 10.166.0.39.
NOTE: Libref FRCARC was successfully assigned as follows: 
      Engine:        SASSPDS 
      Physical Name: :11797098/spdsmeta2/FRCARC/
NOTE: User sas(ACL Group ) connected to SPD(AIX) 5.4 server at 10.166.0.39.
NOTE: Libref PRCHPRD was successfully assigned as follows: 
      Engine:        SASSPDS 
      Physical Name: :11797098/spdsmeta2/PRCHPRD/
NOTE: User sas(ACL Group ) connected to SPD(AIX) 5.4 server at 10.166.0.39.
NOTE: Libref PRCHARC was successfully assigned as follows: 
      Engine:        SASSPDS 
      Physical Name: :11797098/spdsmeta2/PRCHARC/
NOTE: User sas(ACL Group ) connected to SPD(AIX) 5.4 server at 10.166.0.39.
NOTE: Libref HDGPRD was successfully assigned as follows: 
      Engine:        SASSPDS 
      Physical Name: :11797098/spdsmeta2/HDGPRD/
15                                                         The SAS System                            08:00 Tuesday, November 3, 2020

NOTE: User sas(ACL Group ) connected to SPD(AIX) 5.4 server at 10.166.0.39.
NOTE: Libref HDGARC was successfully assigned as follows: 
      Engine:        SASSPDS 
      Physical Name: :11797098/spdsmeta2/HDGARC/
NOTE: User sas(ACL Group ) connected to SPD(AIX) 5.4 server at 10.166.0.39.
NOTE: Libref PILIB2 was successfully assigned as follows: 
      Engine:        SASSPDS 
      Physical Name: :11797098/spdsmeta2/PILIB2/
NOTE: User sas(ACL Group ) connected to SPD(AIX) 5.4 server at 10.166.0.39.
NOTE: Libref MTHSO was successfully assigned as follows: 
      Engine:        SASSPDS 
      Physical Name: :11797098/spdsmeta2/MTHSO/
NOTE: User sas(ACL Group ) connected to SPD(AIX) 5.4 server at 10.166.0.39.
NOTE: Libref MTHMA was successfully assigned as follows: 
      Engine:        SASSPDS 
      Physical Name: :11797098/spdsmeta2/MTHMA/
NOTE: User sas(ACL Group ) connected to SPD(AIX) 5.4 server at 10.166.0.39.
NOTE: Libref MTHTMP was successfully assigned as follows: 
      Engine:        SASSPDS 
      Physical Name: :11797098/spdsmeta2/MTHTMP/
NOTE: User sas(ACL Group ) connected to SPD(AIX) 5.4 server at 10.166.0.39.
NOTE: Libref DYMDM was successfully assigned as follows: 
      Engine:        SASSPDS 
      Physical Name: :11797098/spdsmeta2/DYMDM/
NOTE: User sas(ACL Group ) connected to SPD(AIX) 5.4 server at 10.166.0.39.
NOTE: Libref CSSLIB was successfully assigned as follows: 
      Engine:        SASSPDS 
      Physical Name: :11797098/spdsmeta2/CSSLIB/
NOTE: User sas(ACL Group ) connected to SPD(AIX) 5.4 server at 10.166.0.39.
NOTE: Libref SAHOL was successfully assigned as follows: 
      Engine:        SASSPDS 
      Physical Name: :11797098/spdsmeta2/SAHOL/
NOTE: User sas(ACL Group ) connected to SPD(AIX) 5.4 server at 10.166.0.39.
NOTE: Libref MKVR was successfully assigned as follows: 
      Engine:        SASSPDS 
      Physical Name: :11797098/spdsmeta2/MKVR/
137        
138        /* --------------------------------------------------------------------------------------
139         * <doc:>
140         * <program:>Treasury_Top100_Payments.sas
141         * <path:> TBD
142         * <server:>Miner_Prod
143         * <amac:>Kredi Riskten Ýsmail Bayarslan için yapýlmýþtýr.
144         * <version:>1.0
145         * <yazan:>Yagmur Devir
146         * <iletisim:>BIScheduling@enerjisa.com
147         * <tarih:>Mart 2017
148         * <proje:>Daily
149         * <projekisakodu:>Daily
150         * <domain:>
151         * <konu:>
152         * <notlar:>Hergun calisir ama sadece Pazartesi günleri mail atar.
153         * </doc:>
154         * <tarihi:>
155         * <olustu:>06.03.2017
156         * <degisti:>
157         * <degisti:>
158         * </tarihi:>
16                                                         The SAS System                            08:00 Tuesday, November 3, 2020

159        
160        ----------------------------------------------------------------------------------------*/
161        
162        
163        
164        
165        /*1*/
166        PROC SQL noprint;
167        CREATE TABLE CRLIB.N_TREASURY_TOP100 AS
168        SELECT
169        COMPANY_NAME AS SIRKET,
170        DATA_SYSTEM AS SISTEM,
171        BUSINESS_PARTNER AS CUST,
172        INV_DUE_DATE AS DUE_DATE,
173        SUM(INV_AMNT) AS TUTAR
174        FROM
175        CRLIB.CRI_SAP_INVOICE_PAYMENTS_ALL
176        WHERE
177        INV_AMNT>0
178        AND INV_PYMT_FLAG=0
179        AND INV_DUE_DATE  >=TODAY()
180        AND INV_DUE_DATE  <=TODAY()+10
181        AND DATA_SYSTEM='RIP'
182        
183        group by
184        COMPANY_NAME,
185        DATA_SYSTEM,
186        BUSINESS_PARTNER,
187        INV_DUE_DATE
188        
189        HAVING SUM(INV_AMNT)>10000
190        ;
NOTE: User sas(ACL Group ) connected to SPD(AIX) 5.4 server at 10.166.0.39.
NOTE: Physical Name: CRLIB
 SPDS_NOTE: User sas(ACL Group ) connected to SPD(AIX) 5.4  Server at 10.166.0.39.
 SPDS_NOTE: Libref X0000001 was successfully assigned as follows: 
            Engine:        SPDSENG 
            Physical Name: :5768048/spdsmeta2/crlib/

 SPDS_NOTE: Libref CRLIB was successfully assigned as follows: 
            Engine:        SPDSENG 
            Physical Name: :5768048/spdsmeta2/crlib/

NOTE: Implicit SQL:  select TXT_1.COMPANY_NAME as SIRKET, TXT_1.DATA_SYSTEM as SISTEM, TXT_1.BUSINESS_PARTNER as CUST, 
      TXT_1.INV_DUE_DATE as DUE_DATE, SUM(TXT_1.INV_AMNT) as TUTAR from CRI_SAP_INVOICE_PAYMENTS_ALL TXT_1 where (TXT_1.INV_AMNT > 
      0) and (TXT_1.INV_PYMT_FLAG = 0) and (TXT_1.INV_DUE_DATE between '03NOV2020'd and '13NOV2020'd) and (TXT_1.DATA_SYSTEM = 
      'RIP') group by TXT_1.COMPANY_NAME, TXT_1.DATA_SYSTEM, TXT_1.BUSINESS_PARTNER, TXT_1.INV_DUE_DATE having SUM(TXT_1.INV_AMNT) 
      > 10000
 SPDS_NOTE: Parallel group-select method chosen to execute this query.

NOTE: Table CRLIB.N_TREASURY_TOP100 created, with 564 rows and 5 columns.

191        quit;
NOTE: PROCEDURE SQL used (Total process time):
      real time           2:57.02
      cpu time            0.01 seconds
      

17                                                         The SAS System                            08:00 Tuesday, November 3, 2020

192        
193        /*2*/
194        
195        PROC SQL noprint;
196        CREATE TABLE CRLIB.N_TREASURY_TOP100_NAMES  AS
197        SELECT DISTINCT
198        T1.MUHATAP_NO,
199        T1.MUHATAP_ADI
200        FROM
201        CRLIB.MUSTERI_SAYISI AS T1,
202        CRLIB.N_TREASURY_TOP100 AS T2
203        WHERE
204        T1.MUHATAP_NO=T2.CUST
205        ;
NOTE: User sas(ACL Group ) connected to SPD(AIX) 5.4 server at 10.166.0.39.
NOTE: Physical Name: CRLIB
 SPDS_NOTE: Libref X0000001 was successfully assigned as follows: 
            Engine:        SPDSENG 
            Physical Name: :5768048/spdsmeta2/crlib/

 SPDS_NOTE: Libref CRLIB was successfully assigned as follows: 
            Engine:        SPDSENG 
            Physical Name: :5768048/spdsmeta2/crlib/

NOTE: Implicit SQL:  select distinct T1.MUHATAP_NO, T1.MUHATAP_ADI from MUSTERI_SAYISI T1, N_TREASURY_TOP100 T2 where T1.MUHATAP_NO 
      = T2.CUST
NOTE: Table CRLIB.N_TREASURY_TOP100_NAMES created, with 554 rows and 2 columns.

206        QUIT;
NOTE: PROCEDURE SQL used (Total process time):
      real time           43.93 seconds
      cpu time            0.01 seconds
      

207        
208        /*3*/
209        
210        PROC SQL;
211        CREATE TABLE CRLIB.TREASURY_SORTED_BANK AS
212        SELECT
213        MUHATAP_NO,
214        MAX(BANKA) AS BANKA
215        FROM
216        (
217        SELECT
218        T1.MUHATAP_NO,
219        CASE WHEN T1.BANKA IS NULL THEN 'NO INFO' ELSE T1.BANKA END AS BANKA,
220        T2.SON_BANKA
221        FROM
222        	(
223        	SELECT
224        	BUSINESS_PARTNER AS MUHATAP_NO,
225        	TRIM(INV_PYMT_BANK) AS BANKA,
226        	COUNT(*) AS ADET
227        	FROM
228        	CRLIB.CRI_SAP_INVOICE_PAYMENTS_ALL
229        	WHERE
230        	BUSINESS_PARTNER IN (SELECT DISTINCT CUST FROM CRLIB.N_TREASURY_TOP100)
18                                                         The SAS System                            08:00 Tuesday, November 3, 2020

231        	AND INV_AMNT>0
232        	AND INV_PYMT_FLAG=1
233        	AND DATA_SYSTEM='RIP'
234        	AND INV_PYMT_DATE>=TODAY()-100
235        	GROUP BY
236        	BUSINESS_PARTNER,
237        	INV_PYMT_BANK
238        	) AS T1
239        
240        INNER JOIN
241        
242        	(
243        	SELECT
244        	MUHATAP_NO,
245        	MAX(ADET) AS SON_BANKA
246        	FROM
247        	(
248        	SELECT
249        	BUSINESS_PARTNER AS MUHATAP_NO,
250        	TRIM(INV_PYMT_BANK) AS BANKA,
251        	COUNT(*) AS ADET
252        	FROM CRLIB.CRI_SAP_INVOICE_PAYMENTS_ALL WHERE BUSINESS_PARTNER IN (SELECT DISTINCT CUST FROM CRLIB.N_TREASURY_TOP100)
253        	AND INV_AMNT>0
254        		AND INV_PYMT_FLAG=1
255        		AND DATA_SYSTEM='RIP'
256        		AND INV_PYMT_DATE>=TODAY()-100
257        		GROUP BY
258        		BUSINESS_PARTNER,
259        		INV_PYMT_BANK
260        	) AS X
261        	GROUP BY MUHATAP_NO
262        	) AS T2 ON T1.MUHATAP_NO=T2.MUHATAP_NO AND T1.ADET=T2.SON_BANKA
263        ) AS T3
264        GROUP BY MUHATAP_NO
265        ;
NOTE: User sas(ACL Group ) connected to SPD(AIX) 5.4 server at 10.166.0.39.
NOTE: Physical Name: CRLIB
 SPDS_NOTE: Libref X0000001 was successfully assigned as follows: 
            Engine:        SPDSENG 
            Physical Name: :5768048/spdsmeta2/crlib/

 SPDS_NOTE: Libref CRLIB was successfully assigned as follows: 
            Engine:        SPDSENG 
            Physical Name: :5768048/spdsmeta2/crlib/

NOTE: Implicit SQL:  select T3.MUHATAP_NO, MAX(case  when T3.BANKA is null then 'NO INFO' else T3.BANKA end) as BANKA from ( select 
      T1.MUHATAP_NO, T1.BANKA from ( select TXT_1.MUHATAP_NO, \TRIM(TXT_1.INV_PYMT_BANK) as BANKA, COUNT(*) as ADET from ( select 
      CRI_SAP_INVOICE_PAYMENTS_ALL.BUSINESS_PARTNER as MUHATAP_NO, CRI_SAP_INVOICE_PAYMENTS_ALL.INV_PYMT_BANK from 
      CRI_SAP_INVOICE_PAYMENTS_ALL where (CRI_SAP_INVOICE_PAYMENTS_ALL.INV_AMNT > 0) and 
      (CRI_SAP_INVOICE_PAYMENTS_ALL.INV_PYMT_FLAG = 1) and (CRI_SAP_INVOICE_PAYMENTS_ALL.DATA_SYSTEM = 'RIP') and 
      (CRI_SAP_INVOICE_PAYMENTS_ALL.INV_PYMT_DATE >= '26JUL2020'd) ) TXT_1 where TXT_1.MUHATAP_NO in ( select distinct TXT_2.CUST 
      from N_TREASURY_TOP100 TXT_2 ) group by TXT_1.MUHATAP_NO, TXT_1.INV_PYMT_BANK ) T1 inner join ( select X.MUHATAP_NO, 
      MAX(X.ADET) as SON_BANKA from ( select TXT_3.MUHATAP_NO, \TRIM(TXT_3.INV_PYMT_BANK) as BANKA, COUNT(*) as ADET from ( select 
      CRI_SAP_INVOICE_PAYMENTS_ALL.BUSINESS_PARTNER as MUHATAP_NO, CRI_SAP_INVOICE_PAYMENTS_ALL.INV_PYMT_BANK from 
      CRI_SAP_INVOICE_PAYMENTS_ALL where (CRI_SAP_INVOICE_PAYMENTS_ALL.INV_AMNT > 0) and 
      (CRI_SAP_INVOICE_PAYMENTS_ALL.INV_PYMT_FLAG = 1) and (CRI_SAP_INVOICE_PAYMENTS_ALL.DATA_SYSTEM = 'RIP') and 
      (CRI_SAP_INVOICE_PAYMENTS_ALL.INV_PYMT_DATE >= '26JUL2020'd) ) TXT_3 where TXT_3.MUHATAP_NO in ( select distinct TXT_4.CUST 
      from N_TREASURY_TOP100 TXT_4 ) group by TXT_3.MUHATAP_NO, TXT_3.INV_PYMT_BANK ) X group by X.MUHATAP_NO ) T2 on 
19                                                         The SAS System                            08:00 Tuesday, November 3, 2020

      (T1.MUHATAP_NO = T2.MUHATAP_NO) and (T1.ADET = T2.SON_BANKA) ) T3 group by T3.MUHATAP_NO
NOTE: Table CRLIB.TREASURY_SORTED_BANK created, with 541 rows and 2 columns.

266        QUIT;
NOTE: PROCEDURE SQL used (Total process time):
      real time           6:05.77
      cpu time            0.01 seconds
      

267        /*4*/
268        
269        PROC SQL;
270           CREATE TABLE CRLIB.N_TREASURY_TOP100_FINAL AS
271           SELECT t1.SIRKET,
272                  t1.SISTEM,
273                  t1.CUST,
274                  t2.MUHATAP_ADI,
275                  t1.DUE_DATE,
276                  t1.TUTAR FORMAT=COMMA.,
277                  t3.BANKA
278              FROM CRLIB.N_TREASURY_TOP100_NAMES t2, CRLIB.TREASURY_SORTED_BANK t3, CRLIB.N_TREASURY_TOP100 t1
279              WHERE (t2.MUHATAP_NO = t3.MUHATAP_NO AND t1.CUST = t2.MUHATAP_NO)
280        	ORDER BY t1.TUTAR DESC
281        ;
NOTE: User sas(ACL Group ) connected to SPD(AIX) 5.4 server at 10.166.0.39.
NOTE: Physical Name: CRLIB
 SPDS_NOTE: Libref X0000001 was successfully assigned as follows: 
            Engine:        SPDSENG 
            Physical Name: :5768048/spdsmeta2/crlib/

 SPDS_NOTE: Libref CRLIB was successfully assigned as follows: 
            Engine:        SPDSENG 
            Physical Name: :5768048/spdsmeta2/crlib/

NOTE: Implicit SQL:  select t1.SIRKET, t1.SISTEM, t1.CUST, t2.MUHATAP_ADI, t1.DUE_DATE, t1.TUTAR, t3.BANKA from 
      N_TREASURY_TOP100_NAMES t2, TREASURY_SORTED_BANK t3, N_TREASURY_TOP100 t1 where (t2.MUHATAP_NO = t3.MUHATAP_NO) and (t1.CUST 
      = t2.MUHATAP_NO) order by t1.TUTAR desc
NOTE: Table CRLIB.N_TREASURY_TOP100_FINAL created, with 551 rows and 7 columns.

282        QUIT;
NOTE: PROCEDURE SQL used (Total process time):
      real time           0.75 seconds
      cpu time            0.01 seconds
      

283        
284        
285        proc sql;
286        	create table work.CRI_TEMINAT_SUMMARY
287        	as
288        	select MUHATAP_NO, SUM(TEMINAT_TIPI_DBS_GUNCEL_LIMIT) as SUM_DBS,
289        		  sum(TEMINAT_TIPI_DBS_LIMIT) as ORJ_SUM_DBS
290        	from CRLIB.CRI_TEMINATLAR2
291        	where TEMINAT_TIPI_DBS_LIMIT NOT = .
292        	group by MUHATAP_NO;
NOTE: User sas(ACL Group ) connected to SPD(AIX) 5.4 server at 10.166.0.39.
NOTE: Physical Name: CRLIB
 SPDS_NOTE: Libref X0000001 was successfully assigned as follows: 
20                                                         The SAS System                            08:00 Tuesday, November 3, 2020

            Engine:        SPDSENG 
            Physical Name: :5768048/spdsmeta2/crlib/

 SPDS_NOTE: Libref CRLIB was successfully assigned as follows: 
            Engine:        SPDSENG 
            Physical Name: :5768048/spdsmeta2/crlib/

NOTE: Implicit SQL:  select TXT_1.MUHATAP_NO, SUM(TXT_1.TEMINAT_TIPI_DBS_GUNCEL_LIMIT) as SUM_DBS, 
      SUM(TXT_1.TEMINAT_TIPI_DBS_LIMIT) as ORJ_SUM_DBS from CRI_TEMINATLAR2 TXT_1 where TXT_1.TEMINAT_TIPI_DBS_LIMIT <>  .  group 
      by TXT_1.MUHATAP_NO
 SPDS_NOTE: Parallel group-select method chosen to execute this query.

NOTE: Table WORK.CRI_TEMINAT_SUMMARY created, with 822 rows and 3 columns.

293        run;
NOTE: PROC SQL statements are executed immediately; The RUN statement has no effect.
294        
NOTE: PROCEDURE SQL used (Total process time):
      real time           2.31 seconds
      cpu time            0.01 seconds
      

295        proc sort data=work.CRI_TEMINAT_SUMMARY; by MUHATAP_NO; run;

NOTE: There were 822 observations read from the data set WORK.CRI_TEMINAT_SUMMARY.
NOTE: The data set WORK.CRI_TEMINAT_SUMMARY has 822 observations and 3 variables.
NOTE: PROCEDURE SORT used (Total process time):
      real time           0.00 seconds
      cpu time            0.00 seconds
      

296        
297        data CRLIB.N_TREASURY_TOP100_FINAL2;
298        	merge CRLIB.N_TREASURY_TOP100_FINAL(in=s1)
299        		  work.CRI_TEMINAT_SUMMARY(in=s2 keep=MUHATAP_NO SUM_DBS ORJ_SUM_DBS rename= (MUHATAP_NO = CUST));
300        	by CUST;
301        
302        	if s1;
303        run;

NOTE: There were 551 observations read from the data set CRLIB.N_TREASURY_TOP100_FINAL.
NOTE: There were 822 observations read from the data set WORK.CRI_TEMINAT_SUMMARY.
NOTE: The data set CRLIB.N_TREASURY_TOP100_FINAL2 has 551 observations and 9 variables.
NOTE: DATA statement used (Total process time):
      real time           0.14 seconds
      cpu time            0.00 seconds
      

304        
305        
306        proc sort data=CRLIB.N_TREASURY_TOP100_FINAL2; by CUST DUE_DATE; run;

NOTE: Sorting was performed by the data source.
NOTE: There were 551 observations read from the data set CRLIB.N_TREASURY_TOP100_FINAL2.
NOTE: The data set CRLIB.N_TREASURY_TOP100_FINAL2 has 551 observations and 9 variables.
NOTE: PROCEDURE SORT used (Total process time):
      real time           0.13 seconds
      cpu time            0.01 seconds
21                                                         The SAS System                            08:00 Tuesday, November 3, 2020

      

307        
308        
309        data CRLIB.Kalan_DBS_Limitleri;
310        	set CRLIB.N_TREASURY_TOP100_FINAL2;
311        	by CUST DUE_DATE;
312        	
313        	retain KALAN_DBS 0;
314        
315        	if first.CUST and first.DUE_DATE then do;
316        		KALAN_DBS = SUM_DBS;		
317        	end;
318        
319        	if SUM_DBS ne . then do;
320        		KALAN_DBS = sum(KALAN_DBS,(-1)*TUTAR);
321        	end;
322        
323        	if last.DUE_DATE;
324        run;

NOTE: There were 551 observations read from the data set CRLIB.N_TREASURY_TOP100_FINAL2.
NOTE: The data set CRLIB.KALAN_DBS_LIMITLERI has 549 observations and 10 variables.
NOTE: DATA statement used (Total process time):
      real time           0.12 seconds
      cpu time            0.01 seconds
      

325        
326        proc sql;
327        drop table CRLIB.N_TREASURY_TOP100;
NOTE: Table CRLIB.N_TREASURY_TOP100 has been dropped.
328        drop table CRLIB.N_TREASURY_TOP100_NAMES;
NOTE: Table CRLIB.N_TREASURY_TOP100_NAMES has been dropped.
329        drop table CRLIB.TREASURY_SORTED_BANK;
NOTE: Table CRLIB.TREASURY_SORTED_BANK has been dropped.
330        quit;
NOTE: PROCEDURE SQL used (Total process time):
      real time           0.01 seconds
      cpu time            0.00 seconds
      

331        
332        /*ADDED 06.03.2017  -- YAGMUR DEVIR*/
333        
334        proc export data= CRLIB.N_TREASURY_TOP100_FINAL
335        outfile="/bidm/ExcelFiles/TreasuryPayments/TREASURY_TOP100_FINAL" dbms=xlsx replace;
336        run;

NOTE: The export data set has 551 observations and 7 variables.
NOTE: "/bidm/ExcelFiles/TreasuryPayments/TREASURY_TOP100_FINAL.xlsx" file was successfully created.
NOTE: PROCEDURE EXPORT used (Total process time):
      real time           0.76 seconds
      cpu time            0.27 seconds
      

337        
338        %let Bugun=%sysfunc(today(),ddmmyy10.);
22                                                         The SAS System                            08:00 Tuesday, November 3, 2020

339        %let day=WEEKDAY( today() );
340        %put &Bugun;
03/11/2020
341        %let tolist= "ismail.bayarslan@enerjisa.com" "tepsas.finans@enerjisa.com" "eps.finans@enerjisa.com"
341      ! "aesas.finans@enerjisa.com" ;
342        %let bcclist= "yagmur.devir@enerjisa.com" "ozden.ovali@enerjisa.com";
343        %let MailSubject1 = %STR(Treasury Top100 Payments);
344        %let MailText1 = %STR(&Bugun. tarihli raporu ekte bulabilirsiniz. );
345        /* SEND INFORMATION E-MAIL */
346        %macro sendmail;
347        
348        filename mymail email
349        	from="BI-Inform@enerjisa.com"
350        	to=(&tolist.)
351        	bcc=(&bcclist.)
352        	subject = "&MailSubject1"
353            attach=("/bidm/ExcelFiles/TreasuryPayments/TREASURY_TOP100_FINAL.xlsx"  content_type="application/xlsx");
354        
355        data _null_;
356        	file mymail;
357        	put "&MailText1";
358        run;
359        
360        filename mymail email;
361        
362        %mend;
363        
364        data _null_;
365        if &day.= 2 then call execute('%sendmail');
366        run;

NOTE: DATA statement used (Total process time):
      real time           0.00 seconds
      cpu time            0.00 seconds
      

ERROR: Errors printed on page 6.

NOTE: SAS Institute Inc., SAS Campus Drive, Cary, NC USA 27513-2414
NOTE: The SAS System used:
      real time           11:40.82
      cpu time            1.44 seconds
      


