1                                                          The SAS System                                17:00 Friday, July 24, 2020

NOTE: Unable to open SASUSER.REGSTRY. WORK.REGSTRY will be opened instead.
NOTE: All registry changes will be lost at the end of the session.

WARNING: Unable to copy SASUSER registry to WORK registry. Because of this, you will not see registry customizations during this 
         session.
ERROR: The SAS System is executing on a processor (CPU) whose model name, 
       model number, and serial number are not included in the setinit data 
       used to initialize the SAS System library in use. This is permitted if 
       this processor is a designated backup processor for a licensed CPU.
For this site, the SAS system is licensed for the following CPU serial 
numbers:
Model  **EEDPA0* Serial Number +4
ERROR: The requested node name EEDPA0 does not match the actual node name 
ERSDPA0.
NOTE: Unable to open SASUSER.PROFILE. WORK.PROFILE will be opened instead.
NOTE: All profile changes will be lost at the end of the session.
NOTE: Copyright (c) 2016 by SAS Institute Inc., Cary, NC, USA. 
NOTE: SAS (r) Proprietary Software 9.4 (TS1M6) 
      Licensed to ENERJISA -TOROSLAR - DATA MANAGEMENT ADV PROD., Site 70166440.
NOTE: This session is executing on the AIX 7.2 (AIX 64) platform.



NOTE: Analytical products:
      
      SAS/STAT 15.1
      SAS/ETS 15.1

ERROR: The SAS System is executing on a processor (CPU) whose model name, model number, and serial number are not included in the 
       setinit data used to initialize the SAS System library in use. This is permitted if this processor is a designated backup 
       processor for a licensed CPU.
For this site, the SAS system is licensed for the following CPU serial numbers:

Model  **EEDPA0* Serial Number +4
ERROR: The requested node name EEDPA0 does not match the actual node name ERSDPA0.

WARNING: Your system is scheduled to expire on July 30, 2020, which is 6 days from now. The SAS System will no longer function on 
         or after that date. Please contact your SAS Installation Representative to obtain your updated SAS Installation Data (SID) 
         file, which includes SETINIT information.
To locate the name of your SAS Installation Representative go to http://support.sas.com/repfinder and provide your site number 
70166440 and company name as ENERJISA -TOROSLAR - DATA MANAGEMENT ADV PROD.. On the SAS REP list provided, locate the REP for 
operating system AIX 64.
NOTE: Additional host information:

IBM AIX AIX 64 2 7 00C9C0374C00 

You are running SAS 9. Some SAS 8 files will be automatically converted 
by the V9 engine; others are incompatible.  Please see 
http://support.sas.com/rnd/migration/planning/platform/64bit.html

PROC MIGRATE will preserve current SAS file attributes and is 
recommended for converting all your SAS libraries from any 
SAS 8 release to SAS 9.  For details and examples, please see
http://support.sas.com/rnd/migration/index.html


This message is contained in the SAS news file, and is presented upon
initialization.  Edit the file "news" in the "misc/base" directory to
2                                                          The SAS System                                17:00 Friday, July 24, 2020

display site-specific news and information in the program log.
The command line option "-nonews" will prevent this display.




NOTE: SAS initialization used:
      real time           0.05 seconds
      cpu time            0.02 seconds
      
1          %include "/sas/sascodes/Autoexec_File/Autoexec.sas";
NOTE: This is a SPD 5.4  Engine 
      executing SAS (r) 9.4 (TS1M6) on the AIX platform.
WARNING: SPD server setinit date is going to expire in 22 days.
NOTE: User sas(ACL Group ) connected to SPD(AIX) 5.4 server at 10.166.0.39.
NOTE: Libref TMPLIB3 was successfully assigned as follows: 
      Engine:        SASSPDS 
      Physical Name: :8586190/spdsmeta1/TMPLIB3/
WARNING: SPD server setinit date is going to expire in 22 days.
NOTE: User sas(ACL Group ) connected to SPD(AIX) 5.4 server at 10.166.0.39.
NOTE: Libref PODSLIB3 was successfully assigned as follows: 
      Engine:        SASSPDS 
      Physical Name: :8586190/spdsmeta1/PODSLIB3/
WARNING: SPD server setinit date is going to expire in 22 days.
NOTE: User sas(ACL Group ) connected to SPD(AIX) 5.4 server at 10.166.0.39.
NOTE: Libref DMLIB was successfully assigned as follows: 
      Engine:        SASSPDS 
      Physical Name: :8586190/spdsmeta1/DMLIB/
WARNING: SPD server setinit date is going to expire in 22 days.
NOTE: User sas(ACL Group ) connected to SPD(AIX) 5.4 server at 10.166.0.39.
NOTE: Libref TRNLIB was successfully assigned as follows: 
      Engine:        SASSPDS 
      Physical Name: :8586190/spdsmeta1/TRNLIB/
WARNING: SPD server setinit date is going to expire in 22 days.
NOTE: User sas(ACL Group ) connected to SPD(AIX) 5.4 server at 10.166.0.39.
NOTE: Libref ODSLIB3 was successfully assigned as follows: 
      Engine:        SASSPDS 
      Physical Name: :8586190/spdsmeta1/ODSLIB3/
WARNING: SPD server setinit date is going to expire in 22 days.
NOTE: User sas(ACL Group ) connected to SPD(AIX) 5.4 server at 10.166.0.39.
NOTE: Libref TMPLIB4 was successfully assigned as follows: 
      Engine:        SASSPDS 
      Physical Name: :8586190/spdsmeta1/TMPLIB4/
WARNING: SPD server setinit date is going to expire in 22 days.
NOTE: User sas(ACL Group ) connected to SPD(AIX) 5.4 server at 10.166.0.39.
NOTE: Libref FADM was successfully assigned as follows: 
      Engine:        SASSPDS 
      Physical Name: :8586190/spdsmeta1/FADM/
WARNING: SPD server setinit date is going to expire in 22 days.
NOTE: User sas(ACL Group ) connected to SPD(AIX) 5.4 server at 10.166.0.39.
NOTE: Libref VYDM was successfully assigned as follows: 
      Engine:        SASSPDS 
      Physical Name: :8586190/spdsmeta2/VYDM/
WARNING: SPD server setinit date is going to expire in 22 days.
NOTE: User sas(ACL Group ) connected to SPD(AIX) 5.4 server at 10.166.0.39.
NOTE: Libref ODSLIB was successfully assigned as follows: 
      Engine:        SASSPDS 
      Physical Name: :8586190/spdsmeta2/ODSLIB/
3                                                          The SAS System                                17:00 Friday, July 24, 2020

WARNING: SPD server setinit date is going to expire in 22 days.
NOTE: User sas(ACL Group ) connected to SPD(AIX) 5.4 server at 10.166.0.39.
NOTE: Libref NEDLIB was successfully assigned as follows: 
      Engine:        SASSPDS 
      Physical Name: :8586190/spdsmeta2/NEDLIB/
WARNING: SPD server setinit date is going to expire in 22 days.
NOTE: User sas(ACL Group ) connected to SPD(AIX) 5.4 server at 10.166.0.39.
NOTE: Libref SMDM was successfully assigned as follows: 
      Engine:        SASSPDS 
      Physical Name: :8586190/spdsmeta2/smdm/
WARNING: SPD server setinit date is going to expire in 22 days.
NOTE: User sas(ACL Group ) connected to SPD(AIX) 5.4 server at 10.166.0.39.
NOTE: Libref TRNLIB2 was successfully assigned as follows: 
      Engine:        SASSPDS 
      Physical Name: :8586190/spdsmeta2/TRNLIB2/
WARNING: SPD server setinit date is going to expire in 22 days.
NOTE: User sas(ACL Group ) connected to SPD(AIX) 5.4 server at 10.166.0.39.
NOTE: Libref MSATMP was successfully assigned as follows: 
      Engine:        SASSPDS 
      Physical Name: :8586190/spdsmeta2/MSATMP/
WARNING: SPD server setinit date is going to expire in 22 days.
NOTE: User sas(ACL Group ) connected to SPD(AIX) 5.4 server at 10.166.0.39.
NOTE: Libref OKMTMP was successfully assigned as follows: 
      Engine:        SASSPDS 
      Physical Name: :8586190/spdsmeta2/okmtmp/
WARNING: SPD server setinit date is going to expire in 22 days.
NOTE: User sas(ACL Group ) connected to SPD(AIX) 5.4 server at 10.166.0.39.
NOTE: Libref MIGLIB was successfully assigned as follows: 
      Engine:        SASSPDS 
      Physical Name: :8586190/spdsmeta2/MIGLIB/
WARNING: SPD server setinit date is going to expire in 22 days.
NOTE: User sas(ACL Group ) connected to SPD(AIX) 5.4 server at 10.166.0.39.
NOTE: Libref REFCPS was successfully assigned as follows: 
      Engine:        SASSPDS 
      Physical Name: :8586190/spdsmeta2/REFCPS/
WARNING: SPD server setinit date is going to expire in 22 days.
NOTE: User sas(ACL Group ) connected to SPD(AIX) 5.4 server at 10.166.0.39.
NOTE: Libref EAP_ETY was successfully assigned as follows: 
      Engine:        SASSPDS 
      Physical Name: :8586190/spdsmeta2/EAP_ETY/
WARNING: SPD server setinit date is going to expire in 22 days.
NOTE: User sas(ACL Group ) connected to SPD(AIX) 5.4 server at 10.166.0.39.
NOTE: Libref PODSLIB1 was successfully assigned as follows: 
      Engine:        SASSPDS 
      Physical Name: :8586190/spdsmeta2/PODSLIB1/
WARNING: SPD server setinit date is going to expire in 22 days.
NOTE: User sas(ACL Group ) connected to SPD(AIX) 5.4 server at 10.166.0.39.
NOTE: Libref TMPLIB was successfully assigned as follows: 
      Engine:        SASSPDS 
      Physical Name: :8586190/spdsmeta2/tmplib/
WARNING: SPD server setinit date is going to expire in 22 days.
NOTE: User sas(ACL Group ) connected to SPD(AIX) 5.4 server at 10.166.0.39.
NOTE: Libref CRLIB was successfully assigned as follows: 
      Engine:        SASSPDS 
      Physical Name: :8586190/spdsmeta2/crlib/
WARNING: SPD server setinit date is going to expire in 22 days.
NOTE: User sas(ACL Group ) connected to SPD(AIX) 5.4 server at 10.166.0.39.
NOTE: Libref OKMDM was successfully assigned as follows: 
4                                                          The SAS System                                17:00 Friday, July 24, 2020

      Engine:        SASSPDS 
      Physical Name: :8586190/spdsmeta2/okmdm/
WARNING: SPD server setinit date is going to expire in 22 days.
NOTE: User sas(ACL Group ) connected to SPD(AIX) 5.4 server at 10.166.0.39.
NOTE: Libref CCDM was successfully assigned as follows: 
      Engine:        SASSPDS 
      Physical Name: :8586190/spdsmeta2/CCDM/
WARNING: SPD server setinit date is going to expire in 22 days.
NOTE: User sas(ACL Group ) connected to SPD(AIX) 5.4 server at 10.166.0.39.
NOTE: Libref RMCDM was successfully assigned as follows: 
      Engine:        SASSPDS 
      Physical Name: :8586190/spdsmeta2/rmcdm/
WARNING: SPD server setinit date is going to expire in 22 days.
NOTE: User sas(ACL Group ) connected to SPD(AIX) 5.4 server at 10.166.0.39.
NOTE: Libref SMTMP was successfully assigned as follows: 
      Engine:        SASSPDS 
      Physical Name: :8586190/spdsmeta2/smtmp/
WARNING: SPD server setinit date is going to expire in 22 days.
NOTE: User sas(ACL Group ) connected to SPD(AIX) 5.4 server at 10.166.0.39.
NOTE: Libref SOSEC was successfully assigned as follows: 
      Engine:        SASSPDS 
      Physical Name: :8586190/spdsmeta2/sosec/
WARNING: SPD server setinit date is going to expire in 22 days.
NOTE: User sas(ACL Group ) connected to SPD(AIX) 5.4 server at 10.166.0.39.
NOTE: Libref PODSLIB2 was successfully assigned as follows: 
      Engine:        SASSPDS 
      Physical Name: :8586190/spdsmeta2/PODSLIB2/
WARNING: SPD server setinit date is going to expire in 22 days.
NOTE: User sas(ACL Group ) connected to SPD(AIX) 5.4 server at 10.166.0.39.
NOTE: Libref MHMDM was successfully assigned as follows: 
      Engine:        SASSPDS 
      Physical Name: :8586190/spdsmeta2/MHMDM/
WARNING: SPD server setinit date is going to expire in 22 days.
NOTE: User sas(ACL Group ) connected to SPD(AIX) 5.4 server at 10.166.0.39.
NOTE: Libref CCDM2 was successfully assigned as follows: 
      Engine:        SASSPDS 
      Physical Name: :8586190/spdsmeta2/CCDM2/
WARNING: SPD server setinit date is going to expire in 22 days.
NOTE: User sas(ACL Group ) connected to SPD(AIX) 5.4 server at 10.166.0.39.
NOTE: Libref RASTMP was successfully assigned as follows: 
      Engine:        SASSPDS 
      Physical Name: :8586190/spdsmeta2/rastmp/
WARNING: SPD server setinit date is going to expire in 22 days.
NOTE: User sas(ACL Group ) connected to SPD(AIX) 5.4 server at 10.166.0.39.
NOTE: Libref SODM was successfully assigned as follows: 
      Engine:        SASSPDS 
      Physical Name: :8586190/spdsmeta2/sodm/
WARNING: SPD server setinit date is going to expire in 22 days.
NOTE: User sas(ACL Group ) connected to SPD(AIX) 5.4 server at 10.166.0.39.
NOTE: Libref D2DLIB was successfully assigned as follows: 
      Engine:        SASSPDS 
      Physical Name: :8586190/spdsmeta2/D2DLIB/
WARNING: SPD server setinit date is going to expire in 22 days.
NOTE: User sas(ACL Group ) connected to SPD(AIX) 5.4 server at 10.166.0.39.
NOTE: Libref ODSLIB2 was successfully assigned as follows: 
      Engine:        SASSPDS 
      Physical Name: :8586190/spdsmeta2/ODSLIB2/
WARNING: SPD server setinit date is going to expire in 22 days.
5                                                          The SAS System                                17:00 Friday, July 24, 2020

NOTE: User sas(ACL Group ) connected to SPD(AIX) 5.4 server at 10.166.0.39.
NOTE: Libref RAPREF was successfully assigned as follows: 
      Engine:        SASSPDS 
      Physical Name: :8586190/spdsmeta2/rapref/
WARNING: SPD server setinit date is going to expire in 22 days.
NOTE: User sas(ACL Group ) connected to SPD(AIX) 5.4 server at 10.166.0.39.
NOTE: Libref SOMLIB was successfully assigned as follows: 
      Engine:        SASSPDS 
      Physical Name: :8586190/spdsmeta2/SOMLIB/
WARNING: SPD server setinit date is going to expire in 22 days.
NOTE: User sas(ACL Group ) connected to SPD(AIX) 5.4 server at 10.166.0.39.
NOTE: Libref PRICARC was successfully assigned as follows: 
      Engine:        SASSPDS 
      Physical Name: :8586190/spdsmeta2/PRICARC/
WARNING: SPD server setinit date is going to expire in 22 days.
NOTE: User sas(ACL Group ) connected to SPD(AIX) 5.4 server at 10.166.0.39.
NOTE: Libref MIGLIB2 was successfully assigned as follows: 
      Engine:        SASSPDS 
      Physical Name: :8586190/spdsmeta2/MIGLIB2/
WARNING: SPD server setinit date is going to expire in 22 days.
NOTE: User sas(ACL Group ) connected to SPD(AIX) 5.4 server at 10.166.0.39.
NOTE: Libref SOTMP was successfully assigned as follows: 
      Engine:        SASSPDS 
      Physical Name: :8586190/spdsmeta2/sotmp/
WARNING: SPD server setinit date is going to expire in 22 days.
NOTE: User sas(ACL Group ) connected to SPD(AIX) 5.4 server at 10.166.0.39.
NOTE: Libref TSDM was successfully assigned as follows: 
      Engine:        SASSPDS 
      Physical Name: :8586190/spdsmeta2/TSDM/
WARNING: SPD server setinit date is going to expire in 22 days.
NOTE: User sas(ACL Group ) connected to SPD(AIX) 5.4 server at 10.166.0.39.
NOTE: Libref TALDM was successfully assigned as follows: 
      Engine:        SASSPDS 
      Physical Name: :8586190/spdsmeta2/taldm/
WARNING: SPD server setinit date is going to expire in 22 days.
NOTE: User sas(ACL Group ) connected to SPD(AIX) 5.4 server at 10.166.0.39.
NOTE: Libref CPSUST was successfully assigned as follows: 
      Engine:        SASSPDS 
      Physical Name: :8586190/spdsmeta2/CPSUST/
WARNING: SPD server setinit date is going to expire in 22 days.
NOTE: User sas(ACL Group ) connected to SPD(AIX) 5.4 server at 10.166.0.39.
NOTE: Libref STJVYDM was successfully assigned as follows: 
      Engine:        SASSPDS 
      Physical Name: :8586190/spdsmeta2/STJVYDM/
WARNING: SPD server setinit date is going to expire in 22 days.
NOTE: User sas(ACL Group ) connected to SPD(AIX) 5.4 server at 10.166.0.39.
NOTE: Libref QLIKLIB was successfully assigned as follows: 
      Engine:        SASSPDS 
      Physical Name: :8586190/spdsmeta2/QLIKLIB/
WARNING: SPD server setinit date is going to expire in 22 days.
NOTE: User sas(ACL Group ) connected to SPD(AIX) 5.4 server at 10.166.0.39.
NOTE: Libref BADM was successfully assigned as follows: 
      Engine:        SASSPDS 
      Physical Name: :8586190/spdsmeta2/badm/
WARNING: SPD server setinit date is going to expire in 22 days.
NOTE: User sas(ACL Group ) connected to SPD(AIX) 5.4 server at 10.166.0.39.
NOTE: Libref EDULIB was successfully assigned as follows: 
      Engine:        SASSPDS 
6                                                          The SAS System                                17:00 Friday, July 24, 2020

      Physical Name: :8586190/spdsmeta2/edulib/
WARNING: SPD server setinit date is going to expire in 22 days.
NOTE: User sas(ACL Group ) connected to SPD(AIX) 5.4 server at 10.166.0.39.
NOTE: Libref STLF was successfully assigned as follows: 
      Engine:        SASSPDS 
      Physical Name: :8586190/spdsmeta2/STLF/
WARNING: SPD server setinit date is going to expire in 22 days.
NOTE: User sas(ACL Group ) connected to SPD(AIX) 5.4 server at 10.166.0.39.
NOTE: Libref DASHLIBD was successfully assigned as follows: 
      Engine:        SASSPDS 
      Physical Name: :8586190/spdsmeta2/DASHLIBD/
WARNING: SPD server setinit date is going to expire in 22 days.
NOTE: User sas(ACL Group ) connected to SPD(AIX) 5.4 server at 10.166.0.39.
NOTE: Libref BFLIB was successfully assigned as follows: 
      Engine:        SASSPDS 
      Physical Name: :8586190/spdsmeta2/bflib/
WARNING: SPD server setinit date is going to expire in 22 days.
NOTE: User sas(ACL Group ) connected to SPD(AIX) 5.4 server at 10.166.0.39.
NOTE: Libref BATMP was successfully assigned as follows: 
      Engine:        SASSPDS 
      Physical Name: :8586190/spdsmeta2/batmp/
WARNING: SPD server setinit date is going to expire in 22 days.
NOTE: User sas(ACL Group ) connected to SPD(AIX) 5.4 server at 10.166.0.39.
NOTE: Libref SOPDM was successfully assigned as follows: 
      Engine:        SASSPDS 
      Physical Name: :8586190/spdsmeta2/sopdm/
WARNING: SPD server setinit date is going to expire in 22 days.
NOTE: User sas(ACL Group ) connected to SPD(AIX) 5.4 server at 10.166.0.39.
NOTE: Libref KKLIB was successfully assigned as follows: 
      Engine:        SASSPDS 
      Physical Name: :8586190/spdsmeta2/kklib/
WARNING: SPD server setinit date is going to expire in 22 days.
NOTE: User sas(ACL Group ) connected to SPD(AIX) 5.4 server at 10.166.0.39.
NOTE: Libref MHMAYEDS was successfully assigned as follows: 
      Engine:        SASSPDS 
      Physical Name: :8586190/spdsmeta2/MHMAYEDS/
WARNING: SPD server setinit date is going to expire in 22 days.
NOTE: User sas(ACL Group ) connected to SPD(AIX) 5.4 server at 10.166.0.39.
NOTE: Libref MTHEO was successfully assigned as follows: 
      Engine:        SASSPDS 
      Physical Name: :8586190/spdsmeta2/MTHEO/
WARNING: SPD server setinit date is going to expire in 22 days.
NOTE: User sas(ACL Group ) connected to SPD(AIX) 5.4 server at 10.166.0.39.
NOTE: Libref PRCDM was successfully assigned as follows: 
      Engine:        SASSPDS 
      Physical Name: :8586190/spdsmeta2/prcdm/
WARNING: SPD server setinit date is going to expire in 22 days.
NOTE: User sas(ACL Group ) connected to SPD(AIX) 5.4 server at 10.166.0.39.
NOTE: Libref BLDM was successfully assigned as follows: 
      Engine:        SASSPDS 
      Physical Name: :8586190/spdsmeta2/bldm/
WARNING: SPD server setinit date is going to expire in 22 days.
NOTE: User sas(ACL Group ) connected to SPD(AIX) 5.4 server at 10.166.0.39.
NOTE: Libref RAPTMP was successfully assigned as follows: 
      Engine:        SASSPDS 
      Physical Name: :8586190/spdsmeta2/raptmp/
WARNING: SPD server setinit date is going to expire in 22 days.
NOTE: User sas(ACL Group ) connected to SPD(AIX) 5.4 server at 10.166.0.39.
7                                                          The SAS System                                17:00 Friday, July 24, 2020

NOTE: Libref PRFTBLIB was successfully assigned as follows: 
      Engine:        SASSPDS 
      Physical Name: :8586190/spdsmeta2/prftblib/
WARNING: SPD server setinit date is going to expire in 22 days.
NOTE: User sas(ACL Group ) connected to SPD(AIX) 5.4 server at 10.166.0.39.
NOTE: Libref RAPOUT was successfully assigned as follows: 
      Engine:        SASSPDS 
      Physical Name: :8586190/spdsmeta2/rapout/
WARNING: SPD server setinit date is going to expire in 22 days.
NOTE: User sas(ACL Group ) connected to SPD(AIX) 5.4 server at 10.166.0.39.
NOTE: Libref RAPTEST was successfully assigned as follows: 
      Engine:        SASSPDS 
      Physical Name: :8586190/spdsmeta2/RAPTEST/
WARNING: SPD server setinit date is going to expire in 22 days.
NOTE: User sas(ACL Group ) connected to SPD(AIX) 5.4 server at 10.166.0.39.
NOTE: Libref DMLIB2 was successfully assigned as follows: 
      Engine:        SASSPDS 
      Physical Name: :8586190/spdsmeta2/DMLIB2/
WARNING: SPD server setinit date is going to expire in 22 days.
NOTE: User sas(ACL Group ) connected to SPD(AIX) 5.4 server at 10.166.0.39.
NOTE: Libref BCSDM was successfully assigned as follows: 
      Engine:        SASSPDS 
      Physical Name: :8586190/spdsmeta2/BCSDM/
WARNING: SPD server setinit date is going to expire in 22 days.
NOTE: User sas(ACL Group ) connected to SPD(AIX) 5.4 server at 10.166.0.39.
NOTE: Libref IATMP was successfully assigned as follows: 
      Engine:        SASSPDS 
      Physical Name: :8586190/spdsmeta2/iatmp/
WARNING: SPD server setinit date is going to expire in 22 days.
NOTE: User sas(ACL Group ) connected to SPD(AIX) 5.4 server at 10.166.0.39.
NOTE: Libref SOSUF was successfully assigned as follows: 
      Engine:        SASSPDS 
      Physical Name: :8586190/spdsmeta2/sosuf/
WARNING: SPD server setinit date is going to expire in 22 days.
NOTE: User sas(ACL Group ) connected to SPD(AIX) 5.4 server at 10.166.0.39.
NOTE: Libref RAPARCH was successfully assigned as follows: 
      Engine:        SASSPDS 
      Physical Name: :8586190/spdsmeta2/raparch/
WARNING: SPD server setinit date is going to expire in 22 days.
NOTE: User sas(ACL Group ) connected to SPD(AIX) 5.4 server at 10.166.0.39.
NOTE: Libref RMCTMP was successfully assigned as follows: 
      Engine:        SASSPDS 
      Physical Name: :8586190/spdsmeta2/rmctmp/
WARNING: SPD server setinit date is going to expire in 22 days.
NOTE: User sas(ACL Group ) connected to SPD(AIX) 5.4 server at 10.166.0.39.
NOTE: Libref MTHKA was successfully assigned as follows: 
      Engine:        SASSPDS 
      Physical Name: :8586190/spdsmeta2/MTHKA/
WARNING: SPD server setinit date is going to expire in 22 days.
NOTE: User sas(ACL Group ) connected to SPD(AIX) 5.4 server at 10.166.0.39.
NOTE: Libref EPYDM was successfully assigned as follows: 
      Engine:        SASSPDS 
      Physical Name: :8586190/spdsmeta2/EPYDM/
WARNING: SPD server setinit date is going to expire in 22 days.
NOTE: User sas(ACL Group ) connected to SPD(AIX) 5.4 server at 10.166.0.39.
NOTE: Libref DSTDM was successfully assigned as follows: 
      Engine:        SASSPDS 
      Physical Name: :8586190/spdsmeta2/DSTDM/
8                                                          The SAS System                                17:00 Friday, July 24, 2020

WARNING: SPD server setinit date is going to expire in 22 days.
NOTE: User sas(ACL Group ) connected to SPD(AIX) 5.4 server at 10.166.0.39.
NOTE: Libref DYMTMP was successfully assigned as follows: 
      Engine:        SASSPDS 
      Physical Name: :8586190/spdsmeta2/DYMTMP/
WARNING: SPD server setinit date is going to expire in 22 days.
NOTE: User sas(ACL Group ) connected to SPD(AIX) 5.4 server at 10.166.0.39.
NOTE: Libref MDLIB was successfully assigned as follows: 
      Engine:        SASSPDS 
      Physical Name: :8586190/spdsmeta2/MDLIB/
WARNING: SPD server setinit date is going to expire in 22 days.
NOTE: User sas(ACL Group ) connected to SPD(AIX) 5.4 server at 10.166.0.39.
NOTE: Libref DSTTMP was successfully assigned as follows: 
      Engine:        SASSPDS 
      Physical Name: :8586190/spdsmeta2/DSTTMP/
WARNING: SPD server setinit date is going to expire in 22 days.
NOTE: User sas(ACL Group ) connected to SPD(AIX) 5.4 server at 10.166.0.39.
NOTE: Libref TMPLIB2 was successfully assigned as follows: 
      Engine:        SASSPDS 
      Physical Name: :8586190/spdsmeta2/tmplib2/
WARNING: SPD server setinit date is going to expire in 22 days.
NOTE: User sas(ACL Group ) connected to SPD(AIX) 5.4 server at 10.166.0.39.
NOTE: Libref PILIB was successfully assigned as follows: 
      Engine:        SASSPDS 
      Physical Name: :8586190/spdsmeta2/PILIB/
WARNING: SPD server setinit date is going to expire in 22 days.
NOTE: User sas(ACL Group ) connected to SPD(AIX) 5.4 server at 10.166.0.39.
NOTE: Libref BLTMP was successfully assigned as follows: 
      Engine:        SASSPDS 
      Physical Name: :8586190/spdsmeta2/bltmp/
WARNING: SPD server setinit date is going to expire in 22 days.
NOTE: User sas(ACL Group ) connected to SPD(AIX) 5.4 server at 10.166.0.39.
NOTE: Libref AUTODIAL was successfully assigned as follows: 
      Engine:        SASSPDS 
      Physical Name: :8586190/spdsmeta2/AUTODIAL/
WARNING: SPD server setinit date is going to expire in 22 days.
NOTE: User sas(ACL Group ) connected to SPD(AIX) 5.4 server at 10.166.0.39.
NOTE: Libref PRICPRD was successfully assigned as follows: 
      Engine:        SASSPDS 
      Physical Name: :8586190/spdsmeta2/PRICPRD/
WARNING: SPD server setinit date is going to expire in 22 days.
NOTE: User sas(ACL Group ) connected to SPD(AIX) 5.4 server at 10.166.0.39.
NOTE: Libref CPSREG was successfully assigned as follows: 
      Engine:        SASSPDS 
      Physical Name: :8586190/spdsmeta2/CPSREG/
WARNING: SPD server setinit date is going to expire in 22 days.
NOTE: User sas(ACL Group ) connected to SPD(AIX) 5.4 server at 10.166.0.39.
NOTE: Libref CXDM was successfully assigned as follows: 
      Engine:        SASSPDS 
      Physical Name: :8586190/spdsmeta2/CXDM/
WARNING: SPD server setinit date is going to expire in 22 days.
NOTE: User sas(ACL Group ) connected to SPD(AIX) 5.4 server at 10.166.0.39.
NOTE: Libref CPSFRC was successfully assigned as follows: 
      Engine:        SASSPDS 
      Physical Name: :8586190/spdsmeta2/CPSFRC/
WARNING: SPD server setinit date is going to expire in 22 days.
NOTE: User sas(ACL Group ) connected to SPD(AIX) 5.4 server at 10.166.0.39.
NOTE: Libref SDLIB was successfully assigned as follows: 
9                                                          The SAS System                                17:00 Friday, July 24, 2020

      Engine:        SASSPDS 
      Physical Name: :8586190/spdsmeta2/SDLIB/
WARNING: SPD server setinit date is going to expire in 22 days.
NOTE: User sas(ACL Group ) connected to SPD(AIX) 5.4 server at 10.166.0.39.
NOTE: Libref CMPDM was successfully assigned as follows: 
      Engine:        SASSPDS 
      Physical Name: :8586190/spdsmeta2/CMPDM/
WARNING: SPD server setinit date is going to expire in 22 days.
NOTE: User sas(ACL Group ) connected to SPD(AIX) 5.4 server at 10.166.0.39.
NOTE: Libref PMDM was successfully assigned as follows: 
      Engine:        SASSPDS 
      Physical Name: :8586190/spdsmeta2/PMDM/
WARNING: SPD server setinit date is going to expire in 22 days.
NOTE: User sas(ACL Group ) connected to SPD(AIX) 5.4 server at 10.166.0.39.
NOTE: Libref MSADM was successfully assigned as follows: 
      Engine:        SASSPDS 
      Physical Name: :8586190/spdsmeta2/MSADM/
WARNING: SPD server setinit date is going to expire in 22 days.
NOTE: User sas(ACL Group ) connected to SPD(AIX) 5.4 server at 10.166.0.39.
NOTE: Libref FPCLIB was successfully assigned as follows: 
      Engine:        SASSPDS 
      Physical Name: :8586190/spdsmeta2/fpclib/
WARNING: SPD server setinit date is going to expire in 22 days.
NOTE: User sas(ACL Group ) connected to SPD(AIX) 5.4 server at 10.166.0.39.
NOTE: Libref DBALIB was successfully assigned as follows: 
      Engine:        SASSPDS 
      Physical Name: :8586190/spdsmeta2/DBALIB/
WARNING: SPD server setinit date is going to expire in 22 days.
NOTE: User sas(ACL Group ) connected to SPD(AIX) 5.4 server at 10.166.0.39.
NOTE: Libref CPSHRLY was successfully assigned as follows: 
      Engine:        SASSPDS 
      Physical Name: :8586190/spdsmeta2/CPSHRLY/
WARNING: SPD server setinit date is going to expire in 22 days.
NOTE: User sas(ACL Group ) connected to SPD(AIX) 5.4 server at 10.166.0.39.
NOTE: Libref PRCDM2 was successfully assigned as follows: 
      Engine:        SASSPDS 
      Physical Name: :8586190/spdsmeta2/PRCDM2/
WARNING: SPD server setinit date is going to expire in 22 days.
NOTE: User sas(ACL Group ) connected to SPD(AIX) 5.4 server at 10.166.0.39.
NOTE: Libref ARCLIB was successfully assigned as follows: 
      Engine:        SASSPDS 
      Physical Name: :8586190/spdsmeta2/ARCLIB/
WARNING: SPD server setinit date is going to expire in 22 days.
NOTE: User sas(ACL Group ) connected to SPD(AIX) 5.4 server at 10.166.0.39.
NOTE: Libref QL_SALES was successfully assigned as follows: 
      Engine:        SASSPDS 
      Physical Name: :8586190/spdsmeta2/QL_SALES/
WARNING: SPD server setinit date is going to expire in 22 days.
NOTE: User sas(ACL Group ) connected to SPD(AIX) 5.4 server at 10.166.0.39.
NOTE: Libref ETSDM was successfully assigned as follows: 
      Engine:        SASSPDS 
      Physical Name: :8586190/spdsmeta2/etsdm/
WARNING: SPD server setinit date is going to expire in 22 days.
NOTE: User sas(ACL Group ) connected to SPD(AIX) 5.4 server at 10.166.0.39.
NOTE: Libref EPYTMP was successfully assigned as follows: 
      Engine:        SASSPDS 
      Physical Name: :8586190/spdsmeta2/EPYTMP/
WARNING: SPD server setinit date is going to expire in 22 days.
10                                                         The SAS System                                17:00 Friday, July 24, 2020

NOTE: User sas(ACL Group ) connected to SPD(AIX) 5.4 server at 10.166.0.39.
NOTE: Libref HRDM was successfully assigned as follows: 
      Engine:        SASSPDS 
      Physical Name: :8586190/spdsmeta2/HRDM/
WARNING: SPD server setinit date is going to expire in 22 days.
NOTE: User sas(ACL Group ) connected to SPD(AIX) 5.4 server at 10.166.0.39.
NOTE: Libref CNPRCTMP was successfully assigned as follows: 
      Engine:        SASSPDS 
      Physical Name: :8586190/spdsmeta2/cnprctmp/
WARNING: SPD server setinit date is going to expire in 22 days.
NOTE: User sas(ACL Group ) connected to SPD(AIX) 5.4 server at 10.166.0.39.
NOTE: Libref DI_SMDM was successfully assigned as follows: 
      Engine:        SASSPDS 
      Physical Name: :8586190/spdsmeta2/DI_SMDM/
WARNING: SPD server setinit date is going to expire in 22 days.
NOTE: User sas(ACL Group ) connected to SPD(AIX) 5.4 server at 10.166.0.39.
NOTE: Libref PREFLIB was successfully assigned as follows: 
      Engine:        SASSPDS 
      Physical Name: :8586190/spdsmeta2/PREFLIB/
WARNING: SPD server setinit date is going to expire in 22 days.
NOTE: User sas(ACL Group ) connected to SPD(AIX) 5.4 server at 10.166.0.39.
NOTE: Libref TRNLIB3 was successfully assigned as follows: 
      Engine:        SASSPDS 
      Physical Name: :8586190/spdsmeta2/TRNLIB3/
WARNING: SPD server setinit date is going to expire in 22 days.
NOTE: User sas(ACL Group ) connected to SPD(AIX) 5.4 server at 10.166.0.39.
NOTE: Libref TMPLIB33 was successfully assigned as follows: 
      Engine:        SASSPDS 
      Physical Name: :8586190/spdsmeta2/TMPLIB3/
WARNING: SPD server setinit date is going to expire in 22 days.
NOTE: User sas(ACL Group ) connected to SPD(AIX) 5.4 server at 10.166.0.39.
NOTE: Libref SHFDM was successfully assigned as follows: 
      Engine:        SASSPDS 
      Physical Name: :8586190/spdsmeta2/SHFDM/
WARNING: SPD server setinit date is going to expire in 22 days.
NOTE: User sas(ACL Group ) connected to SPD(AIX) 5.4 server at 10.166.0.39.
NOTE: Libref SPDM was successfully assigned as follows: 
      Engine:        SASSPDS 
      Physical Name: :8586190/spdsmeta2/SPDM/
WARNING: SPD server setinit date is going to expire in 22 days.
NOTE: User sas(ACL Group ) connected to SPD(AIX) 5.4 server at 10.166.0.39.
NOTE: Libref SSIMDM was successfully assigned as follows: 
      Engine:        SASSPDS 
      Physical Name: :8586190/spdsmeta2/SSIMDM/
WARNING: SPD server setinit date is going to expire in 22 days.
NOTE: User sas(ACL Group ) connected to SPD(AIX) 5.4 server at 10.166.0.39.
NOTE: Libref TKDM was successfully assigned as follows: 
      Engine:        SASSPDS 
      Physical Name: :8586190/spdsmeta2/TKDM/
WARNING: SPD server setinit date is going to expire in 22 days.
NOTE: User sas(ACL Group ) connected to SPD(AIX) 5.4 server at 10.166.0.39.
NOTE: Libref EAP_PR was successfully assigned as follows: 
      Engine:        SASSPDS 
      Physical Name: :8586190/spdsmeta2/EAP_PR/
WARNING: SPD server setinit date is going to expire in 22 days.
NOTE: User sas(ACL Group ) connected to SPD(AIX) 5.4 server at 10.166.0.39.
NOTE: Libref EAP_PAY was successfully assigned as follows: 
      Engine:        SASSPDS 
11                                                         The SAS System                                17:00 Friday, July 24, 2020

      Physical Name: :8586190/spdsmeta2/EAP_PAY/
WARNING: SPD server setinit date is going to expire in 22 days.
NOTE: User sas(ACL Group ) connected to SPD(AIX) 5.4 server at 10.166.0.39.
NOTE: Libref KMHMDM was successfully assigned as follows: 
      Engine:        SASSPDS 
      Physical Name: :8586190/spdsmeta2/KMHMDM/
WARNING: SPD server setinit date is going to expire in 22 days.
NOTE: User sas(ACL Group ) connected to SPD(AIX) 5.4 server at 10.166.0.39.
NOTE: Libref QVYDM was successfully assigned as follows: 
      Engine:        SASSPDS 
      Physical Name: :8586190/spdsmeta2/QVYDM/
WARNING: SPD server setinit date is going to expire in 22 days.
NOTE: User sas(ACL Group ) connected to SPD(AIX) 5.4 server at 10.166.0.39.
NOTE: Libref VYDMKVKK was successfully assigned as follows: 
      Engine:        SASSPDS 
      Physical Name: :8586190/spdsmeta2/VYDMKVKK/
WARNING: SPD server setinit date is going to expire in 22 days.
NOTE: User sas(ACL Group ) connected to SPD(AIX) 5.4 server at 10.166.0.39.
NOTE: Libref OGMTMP was successfully assigned as follows: 
      Engine:        SASSPDS 
      Physical Name: :8586190/spdsmeta2/OGMTMP/
WARNING: SPD server setinit date is going to expire in 22 days.
NOTE: User sas(ACL Group ) connected to SPD(AIX) 5.4 server at 10.166.0.39.
NOTE: Libref OGMDM was successfully assigned as follows: 
      Engine:        SASSPDS 
      Physical Name: :8586190/spdsmeta2/OGMDM/
WARNING: SPD server setinit date is going to expire in 22 days.
NOTE: User sas(ACL Group ) connected to SPD(AIX) 5.4 server at 10.166.0.39.
NOTE: Libref PRCTMP was successfully assigned as follows: 
      Engine:        SASSPDS 
      Physical Name: :8586190/spdsmeta2/prctmp/
WARNING: SPD server setinit date is going to expire in 22 days.
NOTE: User sas(ACL Group ) connected to SPD(AIX) 5.4 server at 10.166.0.39.
NOTE: Libref CNPRCDM was successfully assigned as follows: 
      Engine:        SASSPDS 
      Physical Name: :8586190/spdsmeta2/cnprcdm/
WARNING: SPD server setinit date is going to expire in 22 days.
NOTE: User sas(ACL Group ) connected to SPD(AIX) 5.4 server at 10.166.0.39.
NOTE: Libref IADM was successfully assigned as follows: 
      Engine:        SASSPDS 
      Physical Name: :8586190/spdsmeta2/iadm/
WARNING: SPD server setinit date is going to expire in 22 days.
NOTE: User sas(ACL Group ) connected to SPD(AIX) 5.4 server at 10.166.0.39.
NOTE: Libref SMTMP2 was successfully assigned as follows: 
      Engine:        SASSPDS 
      Physical Name: :8586190/spdsmeta2/smtmp2/
WARNING: SPD server setinit date is going to expire in 22 days.
NOTE: User sas(ACL Group ) connected to SPD(AIX) 5.4 server at 10.166.0.39.
NOTE: Libref ETSTMP was successfully assigned as follows: 
      Engine:        SASSPDS 
      Physical Name: :8586190/spdsmeta2/etstmp/
WARNING: SPD server setinit date is going to expire in 22 days.
NOTE: User sas(ACL Group ) connected to SPD(AIX) 5.4 server at 10.166.0.39.
NOTE: Libref BITMP was successfully assigned as follows: 
      Engine:        SASSPDS 
      Physical Name: :8586190/spdsmeta2/bitmp/
WARNING: SPD server setinit date is going to expire in 22 days.
NOTE: User sas(ACL Group ) connected to SPD(AIX) 5.4 server at 10.166.0.39.
12                                                         The SAS System                                17:00 Friday, July 24, 2020

NOTE: Libref BIDM was successfully assigned as follows: 
      Engine:        SASSPDS 
      Physical Name: :8586190/spdsmeta2/bidm/
WARNING: SPD server setinit date is going to expire in 22 days.
NOTE: User sas(ACL Group ) connected to SPD(AIX) 5.4 server at 10.166.0.39.
NOTE: Libref HSLIB was successfully assigned as follows: 
      Engine:        SASSPDS 
      Physical Name: :8586190/spdsmeta2/hslib/
WARNING: SPD server setinit date is going to expire in 22 days.
NOTE: User sas(ACL Group ) connected to SPD(AIX) 5.4 server at 10.166.0.39.
NOTE: Libref RASDM was successfully assigned as follows: 
      Engine:        SASSPDS 
      Physical Name: :8586190/spdsmeta2/rasdm/
WARNING: SPD server setinit date is going to expire in 22 days.
NOTE: User sas(ACL Group ) connected to SPD(AIX) 5.4 server at 10.166.0.39.
NOTE: Libref RAPVAS was successfully assigned as follows: 
      Engine:        SASSPDS 
      Physical Name: :8586190/spdsmeta2/rapvas/
WARNING: SPD server setinit date is going to expire in 22 days.
NOTE: User sas(ACL Group ) connected to SPD(AIX) 5.4 server at 10.166.0.39.
NOTE: Libref FPCTMP was successfully assigned as follows: 
      Engine:        SASSPDS 
      Physical Name: :8586190/spdsmeta2/fpctmp/
WARNING: SPD server setinit date is going to expire in 22 days.
NOTE: User sas(ACL Group ) connected to SPD(AIX) 5.4 server at 10.166.0.39.
NOTE: Libref FRCPRD was successfully assigned as follows: 
      Engine:        SASSPDS 
      Physical Name: :8586190/spdsmeta2/FRCPRD/
WARNING: SPD server setinit date is going to expire in 22 days.
NOTE: User sas(ACL Group ) connected to SPD(AIX) 5.4 server at 10.166.0.39.
NOTE: Libref FRCARC was successfully assigned as follows: 
      Engine:        SASSPDS 
      Physical Name: :8586190/spdsmeta2/FRCARC/
WARNING: SPD server setinit date is going to expire in 22 days.
NOTE: User sas(ACL Group ) connected to SPD(AIX) 5.4 server at 10.166.0.39.
NOTE: Libref PRCHPRD was successfully assigned as follows: 
      Engine:        SASSPDS 
      Physical Name: :8586190/spdsmeta2/PRCHPRD/
WARNING: SPD server setinit date is going to expire in 22 days.
NOTE: User sas(ACL Group ) connected to SPD(AIX) 5.4 server at 10.166.0.39.
NOTE: Libref PRCHARC was successfully assigned as follows: 
      Engine:        SASSPDS 
      Physical Name: :8586190/spdsmeta2/PRCHARC/
WARNING: SPD server setinit date is going to expire in 22 days.
NOTE: User sas(ACL Group ) connected to SPD(AIX) 5.4 server at 10.166.0.39.
NOTE: Libref HDGPRD was successfully assigned as follows: 
      Engine:        SASSPDS 
      Physical Name: :8586190/spdsmeta2/HDGPRD/
WARNING: SPD server setinit date is going to expire in 22 days.
NOTE: User sas(ACL Group ) connected to SPD(AIX) 5.4 server at 10.166.0.39.
NOTE: Libref HDGARC was successfully assigned as follows: 
      Engine:        SASSPDS 
      Physical Name: :8586190/spdsmeta2/HDGARC/
WARNING: SPD server setinit date is going to expire in 22 days.
NOTE: User sas(ACL Group ) connected to SPD(AIX) 5.4 server at 10.166.0.39.
NOTE: Libref PILIB2 was successfully assigned as follows: 
      Engine:        SASSPDS 
      Physical Name: :8586190/spdsmeta2/PILIB2/
13                                                         The SAS System                                17:00 Friday, July 24, 2020

WARNING: SPD server setinit date is going to expire in 22 days.
NOTE: User sas(ACL Group ) connected to SPD(AIX) 5.4 server at 10.166.0.39.
NOTE: Libref MTHSO was successfully assigned as follows: 
      Engine:        SASSPDS 
      Physical Name: :8586190/spdsmeta2/MTHSO/
WARNING: SPD server setinit date is going to expire in 22 days.
NOTE: User sas(ACL Group ) connected to SPD(AIX) 5.4 server at 10.166.0.39.
NOTE: Libref MTHMA was successfully assigned as follows: 
      Engine:        SASSPDS 
      Physical Name: :8586190/spdsmeta2/MTHMA/
WARNING: SPD server setinit date is going to expire in 22 days.
NOTE: User sas(ACL Group ) connected to SPD(AIX) 5.4 server at 10.166.0.39.
NOTE: Libref MTHTMP was successfully assigned as follows: 
      Engine:        SASSPDS 
      Physical Name: :8586190/spdsmeta2/MTHTMP/
WARNING: SPD server setinit date is going to expire in 22 days.
NOTE: User sas(ACL Group ) connected to SPD(AIX) 5.4 server at 10.166.0.39.
NOTE: Libref DYMDM was successfully assigned as follows: 
      Engine:        SASSPDS 
      Physical Name: :8586190/spdsmeta2/DYMDM/
WARNING: SPD server setinit date is going to expire in 22 days.
NOTE: User sas(ACL Group ) connected to SPD(AIX) 5.4 server at 10.166.0.39.
NOTE: Libref CSSLIB was successfully assigned as follows: 
      Engine:        SASSPDS 
      Physical Name: :8586190/spdsmeta2/CSSLIB/
WARNING: SPD server setinit date is going to expire in 22 days.
NOTE: User sas(ACL Group ) connected to SPD(AIX) 5.4 server at 10.166.0.39.
NOTE: Libref SAHOL was successfully assigned as follows: 
      Engine:        SASSPDS 
      Physical Name: :8586190/spdsmeta2/SAHOL/
WARNING: SPD server setinit date is going to expire in 22 days.
NOTE: User sas(ACL Group ) connected to SPD(AIX) 5.4 server at 10.166.0.39.
NOTE: Libref MKVR was successfully assigned as follows: 
      Engine:        SASSPDS 
      Physical Name: :8586190/spdsmeta2/MKVR/
137        
138        %let sbjmetin = Üstseri Mape Tarihçesi;
139        /*%let tolist = "emre.hasgulec@enerjisa.com";*/
140        /*%let day = today();*/
141        
142        %let tolist ="Ozcan.Cavus@enerjisa.com"
143        "Sohret.Hantal@enerjisa.com"
144        "Onur.Karadeli@enerjisa.com"
145        "gizem.gunel@enerjisa.com"
146        "osmancan.uslu@enerjisa.com"
147        ;
148        
WARNING: The Base SAS Software product with which SQL is associated will be expiring soon, and is currently in warning mode to 
         indicate this upcoming expiration. Please run PROC SETINIT to obtain more information on your warning period.
149        PROC sql;
150        create table TMPLIB3.EXPORT_MAPE_EXCEL_AYEDAS AS
151        
152        /*DAILY MAPE AYEDAS*/
153        
154        SELECT
155             AVG(MAPE) AS avg_mape,
156             SUM(ACT_CONS) AS act_cons,
157             DATADATE AS DATADATE,
14                                                         The SAS System                                17:00 Friday, July 24, 2020

158             "AYEDAS" as COMPANY
159        
160        FROM
161        (
162             /*HOURLY MAPE*/
163             SELECT
164                   t1.company as COMPANY ,
165                   t1.pred_cons as PRED_CONS,
166                   t2.actual_cons AS ACT_CONS,
167                   100*ABS(t2.actual_cons-t1.pred_cons)/ABS(t2.actual_cons) as MAPE,
168                   t1.datadate AS DATADATE,
169                   t1.datahour AS DATAHOUR
170             FROM
171                   (
172                        SELECT FORECAST_SUM AS PRED_CONS,COMPANY as company,DATADATE as datadate,DATAHOUR as datahour
173                        FROM CPSUST.AYEDAS_USTSERI_ROLLING_MAPE
174                   )t1
175             INNER JOIN
176                   (
177                        SELECT SUM(CONSUMPTION) AS ACTUAL_CONS,"AYEDAS" as company,datadate,datahour
178                        FROM TMPLIB3.USTSERI_FINAL_AYEDAS
179                        GROUP BY company,datadate,datahour
180                   )t2
181             ON t1.company=t2.company and t1.datadate=t2.datadate and t1.datahour=t2.datahour
182        
183             WHERE
184                   t1.datadate >= "01OCT2019"d AND
185                   t2.actual_cons IS NOT NULL
186             /*ORDER BY t1.COMPANY ASC, t1.DATADATE DESC,t1.DATAHOUR ASC */
187        )
188        GROUP BY DATADATE
189        ;
ERROR: File TMPLIB3.USTSERI_FINAL_AYEDAS.DATA does not exist.
NOTE: PROC SQL set option NOEXEC and will continue to check the syntax of statements.
190        QUIT;
NOTE: The SAS System stopped processing this step because of errors.
NOTE: PROCEDURE SQL used (Total process time):
      real time           0.02 seconds
      cpu time            0.00 seconds
      


191        PROC SQL;
192        CREATE TABLE TMPLIB3.EXPORT_MAPE_EXCEL_BASKENT AS
193        /*DAILY MAPE BASKENT*/
194        SELECT
195             AVG(MAPE) AS avg_mape,
196             SUM(ACT_CONS) AS act_cons,
197             DATADATE AS DATADATE,
198             "BASKENT" as COMPANY
199        
200        FROM
201        (
202             /*HOURLY MAPE*/
203             SELECT
204                   t1.company as COMPANY ,
205                   t1.pred_cons as PRED_CONS,
206                   t2.actual_cons AS ACT_CONS,
15                                                         The SAS System                                17:00 Friday, July 24, 2020

207                   100*ABS(t2.actual_cons-t1.pred_cons)/ABS(t2.actual_cons) as MAPE,
208                   t1.datadate AS DATADATE,
209                   t1.datahour AS DATAHOUR
210             FROM
211                   (
212                        SELECT FORECAST_SUM AS PRED_CONS,COMPANY as company,DATADATE as datadate,DATAHOUR as datahour
213                        FROM CPSUST.BASKENT_USTSERI_ROLLING_MAPE
214                   )t1
215             INNER JOIN
216                   (
217                        SELECT SUM(CONSUMPTION) AS ACTUAL_CONS,"BASKENT" as company,datadate,datahour
218                        FROM TMPLIB3.USTSERI_FINAL_BASKENT
219                        GROUP BY company,datadate,datahour
220                   )t2
221             ON t1.company=t2.company and t1.datadate=t2.datadate and t1.datahour=t2.datahour
222        
223             WHERE
224                   t1.datadate >= "01OCT2019"d AND
225                   t2.actual_cons IS NOT NULL
226             /*ORDER BY t1.COMPANY ASC, t1.DATADATE DESC,t1.DATAHOUR ASC */
227        )
228        GROUP BY DATADATE
229        ;
ERROR: File TMPLIB3.USTSERI_FINAL_BASKENT.DATA does not exist.
NOTE: PROC SQL set option NOEXEC and will continue to check the syntax of statements.
230        QUIT;
NOTE: The SAS System stopped processing this step because of errors.
NOTE: PROCEDURE SQL used (Total process time):
      real time           0.01 seconds
      cpu time            0.00 seconds
      


231        PROC SQL;
232        CREATE TABLE TMPLIB3.EXPORT_MAPE_EXCEL_TOROSLAR AS
233        /*DAILY MAPE TOROSLAR*/
234        SELECT
235             AVG(MAPE) AS avg_mape,
236             SUM(ACT_CONS) AS act_cons,
237             DATADATE AS DATADATE,
238             "TOROSLAR" as COMPANY
239        
240        FROM
241        (
242             /*HOURLY MAPE*/
243             SELECT
244                   t1.company as COMPANY ,
245                   t1.pred_cons as PRED_CONS,
246                   t2.actual_cons AS ACT_CONS,
247                   100*ABS(t2.actual_cons-t1.pred_cons)/ABS(t2.actual_cons) as MAPE,
248                   t1.datadate AS DATADATE,
249                   t1.datahour AS DATAHOUR
250             FROM
251                   (
252                        SELECT FORECAST_SUM AS PRED_CONS,COMPANY as company,DATADATE as datadate,DATAHOUR as datahour
253                        FROM CPSUST.TOROSLAR_USTSERI_ROLLING_MAPE
254                   )t1
255             INNER JOIN
16                                                         The SAS System                                17:00 Friday, July 24, 2020

256                   (
257                        SELECT SUM(CONSUMPTION) AS ACTUAL_CONS,"TOROSLAR" as company,datadate,datahour
258                        FROM TMPLIB3.USTSERI_FINAL_TOROSLAR
259                        GROUP BY company,datadate,datahour
260                   )t2
261             ON t1.company=t2.company and t1.datadate=t2.datadate and t1.datahour=t2.datahour
262        
263             WHERE
264                   t1.datadate >= "01OCT2019"d AND
265                   t2.actual_cons IS NOT NULL
266             /*ORDER BY t1.COMPANY ASC, t1.DATADATE DESC,t1.DATAHOUR ASC */
267        )
268        GROUP BY DATADATE
269        ;
ERROR: File TMPLIB3.USTSERI_FINAL_TOROSLAR.DATA does not exist.
NOTE: PROC SQL set option NOEXEC and will continue to check the syntax of statements.
270        
271        QUIT;
NOTE: The SAS System stopped processing this step because of errors.
NOTE: PROCEDURE SQL used (Total process time):
      real time           0.01 seconds
      cpu time            0.00 seconds
      
272        


273        proc export data=TMPLIB3.EXPORT_MAPE_EXCEL_AYEDAS
274        outfile="/bidm/ExcelFiles/export_mape_excel_ayedas.xlsx" dbms=xlsx replace;
275        run;

ERROR: File TMPLIB3.EXPORT_MAPE_EXCEL_AYEDAS.DATA does not exist.
NOTE: The SAS System stopped processing this step because of errors.
NOTE: PROCEDURE EXPORT used (Total process time):
      real time           0.00 seconds
      cpu time            0.00 seconds
      


276        proc export data=TMPLIB3.EXPORT_MAPE_EXCEL_BASKENT
277        outfile="/bidm/ExcelFiles/export_mape_excel_baskent.xlsx" dbms=xlsx replace;
278        run;

ERROR: File TMPLIB3.EXPORT_MAPE_EXCEL_BASKENT.DATA does not exist.
NOTE: The SAS System stopped processing this step because of errors.
NOTE: PROCEDURE EXPORT used (Total process time):
      real time           0.00 seconds
      cpu time            0.00 seconds
      


279        proc export data=TMPLIB3.EXPORT_MAPE_EXCEL_TOROSLAR
280        outfile="/bidm/ExcelFiles/export_mape_excel_toroslar.xlsx" dbms=xlsx replace;
281        run;

ERROR: File TMPLIB3.EXPORT_MAPE_EXCEL_TOROSLAR.DATA does not exist.
NOTE: The SAS System stopped processing this step because of errors.
NOTE: PROCEDURE EXPORT used (Total process time):
      real time           0.00 seconds
17                                                         The SAS System                                17:00 Friday, July 24, 2020

      cpu time            0.00 seconds
      
282        
283        filename mymail email
284        from="Ustseri_CPS_PROD@enerjisa.com"
285        to=(&tolist.)
286        ;
287        


288        data _null_;
289        	file mymail subject = "&sbjmetin."
290        	attach = ( "/bidm/ExcelFiles/export_mape_excel_ayedas.xlsx" ct="application/octet-stream"
290      ! "/bidm/ExcelFiles/export_mape_excel_baskent.xlsx" ct="application/octet-stream"
290      ! "/bidm/ExcelFiles/export_mape_excel_toroslar.xlsx"  ct="application/octet-stream" );
291           put "Bilginize..";
292        run;

NOTE: The file MYMAIL is:
      E-Mail Access Device

Message sent
      To:          "Ozcan.Cavus@enerjisa.com" "Sohret.Hantal@enerjisa.com" "Onur.Karadeli@enerjisa.com" "gizem.gunel@enerjisa.com" 
"osmancan.uslu@enerjisa.com"
      Cc:          
      Bcc:         
      Subject:     Üstseri Mape Tarihçesi
      Attachments: ( "/bidm/ExcelFiles/export_mape_excel_ayedas.xlsx" CT = "application/octet-stream" 
"/bidm/ExcelFiles/export_mape_excel_baskent.xlsx" CT = "application/octet-stream" 
"/bidm/ExcelFiles/export_mape_excel_toroslar.xlsx" CT = "application/octet-stream" )
NOTE: 1 record was written to the file MYMAIL.
      The minimum record length was 11.
      The maximum record length was 11.
NOTE: DATA statement used (Total process time):
      real time           0.46 seconds
      cpu time            0.00 seconds
      


ERROR: Errors printed on pages 14,15,16.

NOTE: SAS Institute Inc., SAS Campus Drive, Cary, NC USA 27513-2414
NOTE: The SAS System used:
      real time           29.88 seconds
      cpu time            0.56 seconds
      
