NOTE: Log file opened at  Tue, 8 Jan 2019 06:33:01.130
1                                                          The SAS System                             06:33 Tuesday, January 8, 2019

NOTE: Copyright (c) 2002-2012 by SAS Institute Inc., Cary, NC, USA. 
NOTE: SAS (r) Proprietary Software 9.4 (TS1M4) 
      Licensed to ENERJISA -TOROSLAR - DATA MANAGEMENT ADV PROD., Site 70166440.
NOTE: This session is executing on the AIX 7.1 (AIX 64) platform.



WARNING: Your system is scheduled to expire on January 30, 2019, which is 22 days from now. The SAS System will no longer function 
         on or after that date. Please contact your SAS Installation Representative to obtain your updated SAS Installation Data 
         (SID) file, which includes SETINIT information.
To locate the name of your SAS Installation Representative go to http://support.sas.com/repfinder and provide your site number 
70166440 and company name as ENERJISA -TOROSLAR - DATA MANAGEMENT ADV PROD.. On the SAS REP list provided, locate the REP for 
operating system AIX 64.
NOTE: Additional host information:

IBM AIX AIX 64 1 7 00C9C0174C00 

You are running SAS 9. Some SAS 8 files will be automatically converted 
by the V9 engine; others are incompatible.  Please see 
http://support.sas.com/rnd/migration/planning/platform/64bit.html

PROC MIGRATE will preserve current SAS file attributes and is 
recommended for converting all your SAS libraries from any 
SAS 8 release to SAS 9.  For details and examples, please see
http://support.sas.com/rnd/migration/index.html


This message is contained in the SAS news file, and is presented upon
initialization.  Edit the file "news" in the "misc/base" directory to
display site-specific news and information in the program log.
The command line option "-nonews" will prevent this display.




NOTE: SAS initialization used:
      real time           0.06 seconds
      cpu time            0.02 seconds
      
WARNING: The Base SAS Software product with which IOM CLSID:6E56FD51-CFC1-11D5-87BD-00C04F38F0DB is associated will be expiring 
         soon, and is currently in warning mode to indicate this upcoming expiration. Please run PROC SETINIT to obtain more 
         information on your warning period.
NOTE: This is a SPD 5.3  Engine 
      executing SAS (r) 9.4 (TS1M4) on the AIX platform.
NOTE: User anonymous(ACL Group ) connected to SPD(AIX) 5.3 server at 10.166.0.236.
NOTE: User anonymous(ACL Group ) connected to SPD(AIX) 5.3 server at 10.166.0.236.
NOTE: User anonymous(ACL Group ) connected to SPD(AIX) 5.3 server at 10.166.0.236.
NOTE: User anonymous(ACL Group ) connected to SPD(AIX) 5.3 server at 10.166.0.236.
NOTE: User anonymous(ACL Group ) connected to SPD(AIX) 5.3 server at 10.166.0.236.
NOTE: User anonymous(ACL Group ) connected to SPD(AIX) 5.3 server at 10.166.0.236.
NOTE: User anonymous(ACL Group ) connected to SPD(AIX) 5.3 server at 10.166.0.236.
NOTE: User anonymous(ACL Group ) connected to SPD(AIX) 5.3 server at 10.166.0.236.
NOTE: User anonymous(ACL Group ) connected to SPD(AIX) 5.3 server at 10.166.0.235.
NOTE: User anonymous(ACL Group ) connected to SPD(AIX) 5.3 server at 10.166.0.236.
NOTE: User anonymous(ACL Group ) connected to SPD(AIX) 5.3 server at 10.166.0.236.
NOTE: User anonymous(ACL Group ) connected to SPD(AIX) 5.3 server at 10.166.0.236.
NOTE: User anonymous(ACL Group ) connected to SPD(AIX) 5.3 server at 10.166.0.236.
NOTE: User anonymous(ACL Group ) connected to SPD(AIX) 5.3 server at 10.166.0.236.
2                                                          The SAS System                             06:33 Tuesday, January 8, 2019

NOTE: User anonymous(ACL Group ) connected to SPD(AIX) 5.3 server at 10.166.0.236.
NOTE: User anonymous(ACL Group ) connected to SPD(AIX) 5.3 server at 10.166.0.236.
NOTE: User anonymous(ACL Group ) connected to SPD(AIX) 5.3 server at 10.166.0.236.
NOTE: Libref DATARIR successfully assigned from logical server.
NOTE: Libref DASHLIBD successfully assigned from logical server.
NOTE: Libref DMLIB successfully assigned from logical server.
NOTE: Libref PODSLIB1 successfully assigned from logical server.
NOTE: Libref ODSLIB successfully assigned from logical server.
WARNING: Libref ENCODLIB may not have assigned correctly from logical server.
NOTE: Library ENCODLIB does not exist.
NOTE: Libref TMPLIB successfully assigned from logical server.
NOTE: Libref TMPLIB2 successfully assigned from logical server.
NOTE: Libref PODSLIB3 successfully assigned from logical server.
NOTE: Libref STATLIB successfully assigned from logical server.
NOTE: Libref STPSAMP successfully assigned from logical server.
NOTE: Libref SMHOME successfully assigned from logical server.
NOTE: Libref SASDATA successfully assigned from logical server.
NOTE: Libref SASDATA successfully assigned from logical server.
NOTE: Libref PODSLIB2 successfully assigned from logical server.
NOTE: Libref OKMDM successfully assigned from logical server.
NOTE: Libref ODSLIB3 successfully assigned from logical server.
NOTE: Libref ODSLIB2 successfully assigned from logical server.
WARNING: Libref HANARWP may not have assigned correctly from logical server.
NOTE: The product with which the engine SAPHANA is associated will be expiring soon, and is currently in warning mode to indicate 
this upcoming expiration.  Please run PROC SETINIT to obtain more information on your warning period.
NOTE: Libref HANADWP successfully assigned from logical server.
NOTE: Libref EXPORT successfully assigned from logical server.
NOTE: Libref TRNLIB2 successfully assigned from logical server.
NOTE: Libref RISU successfully assigned from logical server.
NOTE: Libref PILIB successfully assigned from logical server.
NOTE: Libref NEDLIB successfully assigned from logical server.
NOTE: Libref MIGLIB successfully assigned from logical server.
NOTE: Libref TRNLIB successfully assigned from logical server.
NOTE: Libref QLIKLIB successfully assigned from logical server.
WARNING: Libref SMARTHMT may not have assigned correctly from logical server.
NOTE: The product with which the engine ORACLE is associated will be expiring soon, and is currently in warning mode to indicate 
this upcoming expiration.  Please run PROC SETINIT to obtain more information on your warning period.
NOTE: Libref SMARTHMP successfully assigned from logical server.
NOTE: Libref DQ_ORCL successfully assigned from logical server.
WARNING: Libref SQLKODA may not have assigned correctly from logical server.
NOTE: The product with which the engine SQLSVR is associated will be expiring soon, and is currently in warning mode to indicate 
this upcoming expiration.  Please run PROC SETINIT to obtain more information on your warning period.
NOTE: Libref ZGRLIB successfully assigned from logical server.

NOTE: AUTOEXEC processing beginning; file is /sas/sascodes/SMS_JOBS/Insert_Jobs/Autoexec.sas.

NOTE: Libref SMSPRD was successfully assigned as follows: 
      Engine:        ORACLE 
      Physical Name: SMSPRD
NOTE: Libref SMSPRD2 was successfully assigned as follows: 
      Engine:        ORACLE 
      Physical Name: SMSPRD
NOTE: User anonymous(ACL Group ) connected to SPD(AIX) 5.3 server at 10.166.0.236.
NOTE: Libref NEDLIB was successfully assigned as follows: 
      Engine:        SASSPDS 
      Physical Name: :6488116/spdsmeta/NEDLIB/
NOTE: User anonymous(ACL Group ) connected to SPD(AIX) 5.3 server at 10.166.0.236.
NOTE: Libref DMLIB was successfully assigned as follows: 
3                                                          The SAS System                             06:33 Tuesday, January 8, 2019

      Engine:        SASSPDS 
      Physical Name: :6488116/spdsmeta/DMLIB/
NOTE: User anonymous(ACL Group ) connected to SPD(AIX) 5.3 server at 10.166.0.236.
NOTE: Libref PODSLIB1 was successfully assigned as follows: 
      Engine:        SASSPDS 
      Physical Name: :6488116/spdsmeta/PODSLIB1/
NOTE: User anonymous(ACL Group ) connected to SPD(AIX) 5.3 server at 10.166.0.235.
NOTE: Libref RMCDM was successfully assigned as follows: 
      Engine:        SASSPDS 
      Physical Name: :38928594/spdsmeta/rmc/rmcdm/
NOTE: User anonymous(ACL Group ) connected to SPD(AIX) 5.3 server at 10.166.0.235.
NOTE: Libref VYDM was successfully assigned as follows: 
      Engine:        SASSPDS 
      Physical Name: :38928594/spdsmeta/VYDM/
NOTE: Libref RISUH was successfully assigned as follows: 
      Engine:        SAPHANA 
      Physical Name: ephana.enerjisa.local

NOTE: AUTOEXEC processing completed.

1          
2          data vydm.ODC_LINK_REPORT ;
3          set NEDLIB.ODC_LINK_REPORT_v1 ;
4          run;

NOTE: There were 77091 observations read from the data set NEDLIB.ODC_LINK_REPORT_V1.
NOTE: The data set VYDM.ODC_LINK_REPORT has 77091 observations and 10 variables.
NOTE: DATA statement used (Total process time):
      real time           0.43 seconds
      cpu time            0.11 seconds
      

NOTE: SAS Institute Inc., SAS Campus Drive, Cary, NC USA 27513-2414
NOTE: The SAS System used:
      real time           2.81 seconds
      cpu time            0.29 seconds
      


