1                                                          The SAS System                             05:30 Sunday, October 18, 2020

NOTE: Unable to open SASUSER.REGSTRY. WORK.REGSTRY will be opened instead.
NOTE: All registry changes will be lost at the end of the session.

WARNING: Unable to copy SASUSER registry to WORK registry. Because of this, you will not see registry customizations during this 
         session.
ERROR: The SAS System is executing on a processor (CPU) whose model name, 
       model number, and serial number are not included in the setinit data 
       used to initialize the SAS System library in use. This is permitted if 
       this processor is a designated backup processor for a licensed CPU.
For this site, the SAS system is licensed for the following CPU serial 
numbers:
Model  **EEDPA0* Serial Number +4
ERROR: The requested node name EEDPA0 does not match the actual node name 
ERSDPA0.
NOTE: Unable to open SASUSER.PROFILE. WORK.PROFILE will be opened instead.
NOTE: All profile changes will be lost at the end of the session.
NOTE: Copyright (c) 2016 by SAS Institute Inc., Cary, NC, USA. 
NOTE: SAS (r) Proprietary Software 9.4 (TS1M6) 
      Licensed to ENERJISA -TOROSLAR - DATA MANAGEMENT ADV PROD., Site 70166440.
NOTE: This session is executing on the AIX 7.2 (AIX 64) platform.



NOTE: Analytical products:
      
      SAS/STAT 15.1
      SAS/ETS 15.1

ERROR: The SAS System is executing on a processor (CPU) whose model name, model number, and serial number are not included in the 
       setinit data used to initialize the SAS System library in use. This is permitted if this processor is a designated backup 
       processor for a licensed CPU.
For this site, the SAS system is licensed for the following CPU serial numbers:

Model  **EEDPA0* Serial Number +4
ERROR: The requested node name EEDPA0 does not match the actual node name ERSDPA0.

NOTE: Additional host information:

IBM AIX AIX 64 2 7 00C9C0374C00 

You are running SAS 9. Some SAS 8 files will be automatically converted 
by the V9 engine; others are incompatible.  Please see 
http://support.sas.com/rnd/migration/planning/platform/64bit.html

PROC MIGRATE will preserve current SAS file attributes and is 
recommended for converting all your SAS libraries from any 
SAS 8 release to SAS 9.  For details and examples, please see
http://support.sas.com/rnd/migration/index.html


This message is contained in the SAS news file, and is presented upon
initialization.  Edit the file "news" in the "misc/base" directory to
display site-specific news and information in the program log.
The command line option "-nonews" will prevent this display.




2                                                          The SAS System                             05:30 Sunday, October 18, 2020

NOTE: SAS initialization used:
      real time           0.03 seconds
      cpu time            0.01 seconds
      

NOTE: AUTOEXEC processing beginning; file is /bidm/sascodes/Musteri_Sayisi/Autoexec.sas.


NOTE: AUTOEXEC processing completed.

1          %include "/sas/sascodes/Autoexec_File/Autoexec.sas";
NOTE: This is a SPD 5.4  Engine 
      executing SAS (r) 9.4 (TS1M6) on the AIX platform.
NOTE: User sas(ACL Group ) connected to SPD(AIX) 5.4 server at 10.166.0.39.
NOTE: Libref TMPLIB3 was successfully assigned as follows: 
      Engine:        SASSPDS 
      Physical Name: :9044710/spdsmeta1/TMPLIB3/
NOTE: User sas(ACL Group ) connected to SPD(AIX) 5.4 server at 10.166.0.39.
NOTE: Libref PODSLIB3 was successfully assigned as follows: 
      Engine:        SASSPDS 
      Physical Name: :9044710/spdsmeta1/PODSLIB3/
NOTE: User sas(ACL Group ) connected to SPD(AIX) 5.4 server at 10.166.0.39.
NOTE: Libref DMLIB was successfully assigned as follows: 
      Engine:        SASSPDS 
      Physical Name: :9044710/spdsmeta1/DMLIB/
NOTE: User sas(ACL Group ) connected to SPD(AIX) 5.4 server at 10.166.0.39.
NOTE: Libref TRNLIB was successfully assigned as follows: 
      Engine:        SASSPDS 
      Physical Name: :9044710/spdsmeta1/TRNLIB/
NOTE: User sas(ACL Group ) connected to SPD(AIX) 5.4 server at 10.166.0.39.
NOTE: Libref ODSLIB3 was successfully assigned as follows: 
      Engine:        SASSPDS 
      Physical Name: :9044710/spdsmeta1/ODSLIB3/
NOTE: User sas(ACL Group ) connected to SPD(AIX) 5.4 server at 10.166.0.39.
NOTE: Libref TMPLIB4 was successfully assigned as follows: 
      Engine:        SASSPDS 
      Physical Name: :9044710/spdsmeta1/TMPLIB4/
NOTE: User sas(ACL Group ) connected to SPD(AIX) 5.4 server at 10.166.0.39.
NOTE: Libref FADM was successfully assigned as follows: 
      Engine:        SASSPDS 
      Physical Name: :9044710/spdsmeta1/FADM/
NOTE: User sas(ACL Group ) connected to SPD(AIX) 5.4 server at 10.166.0.39.
NOTE: Libref VYDM was successfully assigned as follows: 
      Engine:        SASSPDS 
      Physical Name: :9044710/spdsmeta2/VYDM/
NOTE: User sas(ACL Group ) connected to SPD(AIX) 5.4 server at 10.166.0.39.
NOTE: Libref ODSLIB was successfully assigned as follows: 
      Engine:        SASSPDS 
      Physical Name: :9044710/spdsmeta2/ODSLIB/
NOTE: User sas(ACL Group ) connected to SPD(AIX) 5.4 server at 10.166.0.39.
NOTE: Libref NEDLIB was successfully assigned as follows: 
      Engine:        SASSPDS 
      Physical Name: :9044710/spdsmeta2/NEDLIB/
NOTE: User sas(ACL Group ) connected to SPD(AIX) 5.4 server at 10.166.0.39.
NOTE: Libref SMDM was successfully assigned as follows: 
      Engine:        SASSPDS 
      Physical Name: :9044710/spdsmeta2/smdm/
NOTE: User sas(ACL Group ) connected to SPD(AIX) 5.4 server at 10.166.0.39.
3                                                          The SAS System                             05:30 Sunday, October 18, 2020

NOTE: Libref TRNLIB2 was successfully assigned as follows: 
      Engine:        SASSPDS 
      Physical Name: :9044710/spdsmeta2/TRNLIB2/
NOTE: User sas(ACL Group ) connected to SPD(AIX) 5.4 server at 10.166.0.39.
NOTE: Libref MSATMP was successfully assigned as follows: 
      Engine:        SASSPDS 
      Physical Name: :9044710/spdsmeta2/MSATMP/
NOTE: User sas(ACL Group ) connected to SPD(AIX) 5.4 server at 10.166.0.39.
NOTE: Libref OKMTMP was successfully assigned as follows: 
      Engine:        SASSPDS 
      Physical Name: :9044710/spdsmeta2/okmtmp/
NOTE: User sas(ACL Group ) connected to SPD(AIX) 5.4 server at 10.166.0.39.
NOTE: Libref MIGLIB was successfully assigned as follows: 
      Engine:        SASSPDS 
      Physical Name: :9044710/spdsmeta2/MIGLIB/
NOTE: User sas(ACL Group ) connected to SPD(AIX) 5.4 server at 10.166.0.39.
NOTE: Libref REFCPS was successfully assigned as follows: 
      Engine:        SASSPDS 
      Physical Name: :9044710/spdsmeta2/REFCPS/
NOTE: User sas(ACL Group ) connected to SPD(AIX) 5.4 server at 10.166.0.39.
NOTE: Libref EAP_ETY was successfully assigned as follows: 
      Engine:        SASSPDS 
      Physical Name: :9044710/spdsmeta2/EAP_ETY/
NOTE: User sas(ACL Group ) connected to SPD(AIX) 5.4 server at 10.166.0.39.
NOTE: Libref PODSLIB1 was successfully assigned as follows: 
      Engine:        SASSPDS 
      Physical Name: :9044710/spdsmeta2/PODSLIB1/
NOTE: User sas(ACL Group ) connected to SPD(AIX) 5.4 server at 10.166.0.39.
NOTE: Libref TMPLIB was successfully assigned as follows: 
      Engine:        SASSPDS 
      Physical Name: :9044710/spdsmeta2/tmplib/
NOTE: User sas(ACL Group ) connected to SPD(AIX) 5.4 server at 10.166.0.39.
NOTE: Libref CRLIB was successfully assigned as follows: 
      Engine:        SASSPDS 
      Physical Name: :9044710/spdsmeta2/crlib/
NOTE: User sas(ACL Group ) connected to SPD(AIX) 5.4 server at 10.166.0.39.
NOTE: Libref OKMDM was successfully assigned as follows: 
      Engine:        SASSPDS 
      Physical Name: :9044710/spdsmeta2/okmdm/
NOTE: User sas(ACL Group ) connected to SPD(AIX) 5.4 server at 10.166.0.39.
NOTE: Libref CCDM was successfully assigned as follows: 
      Engine:        SASSPDS 
      Physical Name: :9044710/spdsmeta2/CCDM/
NOTE: User sas(ACL Group ) connected to SPD(AIX) 5.4 server at 10.166.0.39.
NOTE: Libref RMCDM was successfully assigned as follows: 
      Engine:        SASSPDS 
      Physical Name: :9044710/spdsmeta2/rmcdm/
NOTE: User sas(ACL Group ) connected to SPD(AIX) 5.4 server at 10.166.0.39.
NOTE: Libref SMTMP was successfully assigned as follows: 
      Engine:        SASSPDS 
      Physical Name: :9044710/spdsmeta2/smtmp/
NOTE: User sas(ACL Group ) connected to SPD(AIX) 5.4 server at 10.166.0.39.
NOTE: Libref SOSEC was successfully assigned as follows: 
      Engine:        SASSPDS 
      Physical Name: :9044710/spdsmeta2/sosec/
NOTE: User sas(ACL Group ) connected to SPD(AIX) 5.4 server at 10.166.0.39.
NOTE: Libref PODSLIB2 was successfully assigned as follows: 
      Engine:        SASSPDS 
4                                                          The SAS System                             05:30 Sunday, October 18, 2020

      Physical Name: :9044710/spdsmeta2/PODSLIB2/
NOTE: User sas(ACL Group ) connected to SPD(AIX) 5.4 server at 10.166.0.39.
NOTE: Libref MHMDM was successfully assigned as follows: 
      Engine:        SASSPDS 
      Physical Name: :9044710/spdsmeta2/MHMDM/
NOTE: User sas(ACL Group ) connected to SPD(AIX) 5.4 server at 10.166.0.39.
NOTE: Libref CCDM2 was successfully assigned as follows: 
      Engine:        SASSPDS 
      Physical Name: :9044710/spdsmeta2/CCDM2/
NOTE: User sas(ACL Group ) connected to SPD(AIX) 5.4 server at 10.166.0.39.
NOTE: Libref RASTMP was successfully assigned as follows: 
      Engine:        SASSPDS 
      Physical Name: :9044710/spdsmeta2/rastmp/
NOTE: User sas(ACL Group ) connected to SPD(AIX) 5.4 server at 10.166.0.39.
NOTE: Libref SODM was successfully assigned as follows: 
      Engine:        SASSPDS 
      Physical Name: :9044710/spdsmeta2/sodm/
NOTE: User sas(ACL Group ) connected to SPD(AIX) 5.4 server at 10.166.0.39.
NOTE: Libref D2DLIB was successfully assigned as follows: 
      Engine:        SASSPDS 
      Physical Name: :9044710/spdsmeta2/D2DLIB/
NOTE: User sas(ACL Group ) connected to SPD(AIX) 5.4 server at 10.166.0.39.
NOTE: Libref ODSLIB2 was successfully assigned as follows: 
      Engine:        SASSPDS 
      Physical Name: :9044710/spdsmeta2/ODSLIB2/
NOTE: User sas(ACL Group ) connected to SPD(AIX) 5.4 server at 10.166.0.39.
NOTE: Libref RAPREF was successfully assigned as follows: 
      Engine:        SASSPDS 
      Physical Name: :9044710/spdsmeta2/rapref/
NOTE: User sas(ACL Group ) connected to SPD(AIX) 5.4 server at 10.166.0.39.
NOTE: Libref SOMLIB was successfully assigned as follows: 
      Engine:        SASSPDS 
      Physical Name: :9044710/spdsmeta2/SOMLIB/
NOTE: User sas(ACL Group ) connected to SPD(AIX) 5.4 server at 10.166.0.39.
NOTE: Libref PRICARC was successfully assigned as follows: 
      Engine:        SASSPDS 
      Physical Name: :9044710/spdsmeta2/PRICARC/
NOTE: User sas(ACL Group ) connected to SPD(AIX) 5.4 server at 10.166.0.39.
NOTE: Libref MIGLIB2 was successfully assigned as follows: 
      Engine:        SASSPDS 
      Physical Name: :9044710/spdsmeta2/MIGLIB2/
NOTE: User sas(ACL Group ) connected to SPD(AIX) 5.4 server at 10.166.0.39.
NOTE: Libref SOTMP was successfully assigned as follows: 
      Engine:        SASSPDS 
      Physical Name: :9044710/spdsmeta2/sotmp/
NOTE: User sas(ACL Group ) connected to SPD(AIX) 5.4 server at 10.166.0.39.
NOTE: Libref TSDM was successfully assigned as follows: 
      Engine:        SASSPDS 
      Physical Name: :9044710/spdsmeta2/TSDM/
NOTE: User sas(ACL Group ) connected to SPD(AIX) 5.4 server at 10.166.0.39.
NOTE: Libref TALDM was successfully assigned as follows: 
      Engine:        SASSPDS 
      Physical Name: :9044710/spdsmeta2/taldm/
NOTE: User sas(ACL Group ) connected to SPD(AIX) 5.4 server at 10.166.0.39.
NOTE: Libref CPSUST was successfully assigned as follows: 
      Engine:        SASSPDS 
      Physical Name: :9044710/spdsmeta2/CPSUST/
NOTE: User sas(ACL Group ) connected to SPD(AIX) 5.4 server at 10.166.0.39.
5                                                          The SAS System                             05:30 Sunday, October 18, 2020

NOTE: Libref STJVYDM was successfully assigned as follows: 
      Engine:        SASSPDS 
      Physical Name: :9044710/spdsmeta2/STJVYDM/
NOTE: User sas(ACL Group ) connected to SPD(AIX) 5.4 server at 10.166.0.39.
NOTE: Libref QLIKLIB was successfully assigned as follows: 
      Engine:        SASSPDS 
      Physical Name: :9044710/spdsmeta2/QLIKLIB/
NOTE: User sas(ACL Group ) connected to SPD(AIX) 5.4 server at 10.166.0.39.
NOTE: Libref BADM was successfully assigned as follows: 
      Engine:        SASSPDS 
      Physical Name: :9044710/spdsmeta2/badm/
NOTE: User sas(ACL Group ) connected to SPD(AIX) 5.4 server at 10.166.0.39.
NOTE: Libref EDULIB was successfully assigned as follows: 
      Engine:        SASSPDS 
      Physical Name: :9044710/spdsmeta2/edulib/
NOTE: User sas(ACL Group ) connected to SPD(AIX) 5.4 server at 10.166.0.39.
NOTE: Libref STLF was successfully assigned as follows: 
      Engine:        SASSPDS 
      Physical Name: :9044710/spdsmeta2/STLF/
NOTE: User sas(ACL Group ) connected to SPD(AIX) 5.4 server at 10.166.0.39.
NOTE: Libref DASHLIBD was successfully assigned as follows: 
      Engine:        SASSPDS 
      Physical Name: :9044710/spdsmeta2/DASHLIBD/
NOTE: User sas(ACL Group ) connected to SPD(AIX) 5.4 server at 10.166.0.39.
NOTE: Libref BFLIB was successfully assigned as follows: 
      Engine:        SASSPDS 
      Physical Name: :9044710/spdsmeta2/bflib/
NOTE: User sas(ACL Group ) connected to SPD(AIX) 5.4 server at 10.166.0.39.
NOTE: Libref BATMP was successfully assigned as follows: 
      Engine:        SASSPDS 
      Physical Name: :9044710/spdsmeta2/batmp/
NOTE: User sas(ACL Group ) connected to SPD(AIX) 5.4 server at 10.166.0.39.
NOTE: Libref SOPDM was successfully assigned as follows: 
      Engine:        SASSPDS 
      Physical Name: :9044710/spdsmeta2/sopdm/
NOTE: User sas(ACL Group ) connected to SPD(AIX) 5.4 server at 10.166.0.39.
NOTE: Libref KKLIB was successfully assigned as follows: 
      Engine:        SASSPDS 
      Physical Name: :9044710/spdsmeta2/kklib/
NOTE: User sas(ACL Group ) connected to SPD(AIX) 5.4 server at 10.166.0.39.
NOTE: Libref MHMAYEDS was successfully assigned as follows: 
      Engine:        SASSPDS 
      Physical Name: :9044710/spdsmeta2/MHMAYEDS/
NOTE: User sas(ACL Group ) connected to SPD(AIX) 5.4 server at 10.166.0.39.
NOTE: Libref MTHEO was successfully assigned as follows: 
      Engine:        SASSPDS 
      Physical Name: :9044710/spdsmeta2/MTHEO/
NOTE: User sas(ACL Group ) connected to SPD(AIX) 5.4 server at 10.166.0.39.
NOTE: Libref PRCDM was successfully assigned as follows: 
      Engine:        SASSPDS 
      Physical Name: :9044710/spdsmeta2/prcdm/
NOTE: User sas(ACL Group ) connected to SPD(AIX) 5.4 server at 10.166.0.39.
NOTE: Libref BLDM was successfully assigned as follows: 
      Engine:        SASSPDS 
      Physical Name: :9044710/spdsmeta2/bldm/
NOTE: User sas(ACL Group ) connected to SPD(AIX) 5.4 server at 10.166.0.39.
NOTE: Libref RAPTMP was successfully assigned as follows: 
      Engine:        SASSPDS 
6                                                          The SAS System                             05:30 Sunday, October 18, 2020

      Physical Name: :9044710/spdsmeta2/raptmp/
NOTE: User sas(ACL Group ) connected to SPD(AIX) 5.4 server at 10.166.0.39.
NOTE: Libref PRFTBLIB was successfully assigned as follows: 
      Engine:        SASSPDS 
      Physical Name: :9044710/spdsmeta2/prftblib/
NOTE: User sas(ACL Group ) connected to SPD(AIX) 5.4 server at 10.166.0.39.
NOTE: Libref RAPOUT was successfully assigned as follows: 
      Engine:        SASSPDS 
      Physical Name: :9044710/spdsmeta2/rapout/
NOTE: User sas(ACL Group ) connected to SPD(AIX) 5.4 server at 10.166.0.39.
NOTE: Libref RAPTEST was successfully assigned as follows: 
      Engine:        SASSPDS 
      Physical Name: :9044710/spdsmeta2/RAPTEST/
NOTE: User sas(ACL Group ) connected to SPD(AIX) 5.4 server at 10.166.0.39.
NOTE: Libref DMLIB2 was successfully assigned as follows: 
      Engine:        SASSPDS 
      Physical Name: :9044710/spdsmeta2/DMLIB2/
NOTE: User sas(ACL Group ) connected to SPD(AIX) 5.4 server at 10.166.0.39.
NOTE: Libref BCSDM was successfully assigned as follows: 
      Engine:        SASSPDS 
      Physical Name: :9044710/spdsmeta2/BCSDM/
NOTE: User sas(ACL Group ) connected to SPD(AIX) 5.4 server at 10.166.0.39.
NOTE: Libref IATMP was successfully assigned as follows: 
      Engine:        SASSPDS 
      Physical Name: :9044710/spdsmeta2/iatmp/
NOTE: User sas(ACL Group ) connected to SPD(AIX) 5.4 server at 10.166.0.39.
NOTE: Libref SOSUF was successfully assigned as follows: 
      Engine:        SASSPDS 
      Physical Name: :9044710/spdsmeta2/sosuf/
NOTE: User sas(ACL Group ) connected to SPD(AIX) 5.4 server at 10.166.0.39.
NOTE: Libref RAPARCH was successfully assigned as follows: 
      Engine:        SASSPDS 
      Physical Name: :9044710/spdsmeta2/raparch/
NOTE: User sas(ACL Group ) connected to SPD(AIX) 5.4 server at 10.166.0.39.
NOTE: Libref RMCTMP was successfully assigned as follows: 
      Engine:        SASSPDS 
      Physical Name: :9044710/spdsmeta2/rmctmp/
NOTE: User sas(ACL Group ) connected to SPD(AIX) 5.4 server at 10.166.0.39.
NOTE: Libref MTHKA was successfully assigned as follows: 
      Engine:        SASSPDS 
      Physical Name: :9044710/spdsmeta2/MTHKA/
NOTE: User sas(ACL Group ) connected to SPD(AIX) 5.4 server at 10.166.0.39.
NOTE: Libref EPYDM was successfully assigned as follows: 
      Engine:        SASSPDS 
      Physical Name: :9044710/spdsmeta2/EPYDM/
NOTE: User sas(ACL Group ) connected to SPD(AIX) 5.4 server at 10.166.0.39.
NOTE: Libref DSTDM was successfully assigned as follows: 
      Engine:        SASSPDS 
      Physical Name: :9044710/spdsmeta2/DSTDM/
NOTE: User sas(ACL Group ) connected to SPD(AIX) 5.4 server at 10.166.0.39.
NOTE: Libref DYMTMP was successfully assigned as follows: 
      Engine:        SASSPDS 
      Physical Name: :9044710/spdsmeta2/DYMTMP/
NOTE: User sas(ACL Group ) connected to SPD(AIX) 5.4 server at 10.166.0.39.
NOTE: Libref MDLIB was successfully assigned as follows: 
      Engine:        SASSPDS 
      Physical Name: :9044710/spdsmeta2/MDLIB/
NOTE: User sas(ACL Group ) connected to SPD(AIX) 5.4 server at 10.166.0.39.
7                                                          The SAS System                             05:30 Sunday, October 18, 2020

NOTE: Libref DSTTMP was successfully assigned as follows: 
      Engine:        SASSPDS 
      Physical Name: :9044710/spdsmeta2/DSTTMP/
NOTE: User sas(ACL Group ) connected to SPD(AIX) 5.4 server at 10.166.0.39.
NOTE: Libref TMPLIB2 was successfully assigned as follows: 
      Engine:        SASSPDS 
      Physical Name: :9044710/spdsmeta2/tmplib2/
NOTE: User sas(ACL Group ) connected to SPD(AIX) 5.4 server at 10.166.0.39.
NOTE: Libref PILIB was successfully assigned as follows: 
      Engine:        SASSPDS 
      Physical Name: :9044710/spdsmeta2/PILIB/
NOTE: User sas(ACL Group ) connected to SPD(AIX) 5.4 server at 10.166.0.39.
NOTE: Libref BLTMP was successfully assigned as follows: 
      Engine:        SASSPDS 
      Physical Name: :9044710/spdsmeta2/bltmp/
NOTE: User sas(ACL Group ) connected to SPD(AIX) 5.4 server at 10.166.0.39.
NOTE: Libref AUTODIAL was successfully assigned as follows: 
      Engine:        SASSPDS 
      Physical Name: :9044710/spdsmeta2/AUTODIAL/
NOTE: User sas(ACL Group ) connected to SPD(AIX) 5.4 server at 10.166.0.39.
NOTE: Libref PRICPRD was successfully assigned as follows: 
      Engine:        SASSPDS 
      Physical Name: :9044710/spdsmeta2/PRICPRD/
NOTE: User sas(ACL Group ) connected to SPD(AIX) 5.4 server at 10.166.0.39.
NOTE: Libref CPSREG was successfully assigned as follows: 
      Engine:        SASSPDS 
      Physical Name: :9044710/spdsmeta2/CPSREG/
NOTE: User sas(ACL Group ) connected to SPD(AIX) 5.4 server at 10.166.0.39.
NOTE: Libref CXDM was successfully assigned as follows: 
      Engine:        SASSPDS 
      Physical Name: :9044710/spdsmeta2/CXDM/
NOTE: User sas(ACL Group ) connected to SPD(AIX) 5.4 server at 10.166.0.39.
NOTE: Libref CPSFRC was successfully assigned as follows: 
      Engine:        SASSPDS 
      Physical Name: :9044710/spdsmeta2/CPSFRC/
NOTE: User sas(ACL Group ) connected to SPD(AIX) 5.4 server at 10.166.0.39.
NOTE: Libref SDLIB was successfully assigned as follows: 
      Engine:        SASSPDS 
      Physical Name: :9044710/spdsmeta2/SDLIB/
NOTE: User sas(ACL Group ) connected to SPD(AIX) 5.4 server at 10.166.0.39.
NOTE: Libref CMPDM was successfully assigned as follows: 
      Engine:        SASSPDS 
      Physical Name: :9044710/spdsmeta2/CMPDM/
NOTE: User sas(ACL Group ) connected to SPD(AIX) 5.4 server at 10.166.0.39.
NOTE: Libref PMDM was successfully assigned as follows: 
      Engine:        SASSPDS 
      Physical Name: :9044710/spdsmeta2/PMDM/
NOTE: User sas(ACL Group ) connected to SPD(AIX) 5.4 server at 10.166.0.39.
NOTE: Libref MSADM was successfully assigned as follows: 
      Engine:        SASSPDS 
      Physical Name: :9044710/spdsmeta2/MSADM/
NOTE: User sas(ACL Group ) connected to SPD(AIX) 5.4 server at 10.166.0.39.
NOTE: Libref FPCLIB was successfully assigned as follows: 
      Engine:        SASSPDS 
      Physical Name: :9044710/spdsmeta2/fpclib/
NOTE: User sas(ACL Group ) connected to SPD(AIX) 5.4 server at 10.166.0.39.
NOTE: Libref DBALIB was successfully assigned as follows: 
      Engine:        SASSPDS 
8                                                          The SAS System                             05:30 Sunday, October 18, 2020

      Physical Name: :9044710/spdsmeta2/DBALIB/
NOTE: User sas(ACL Group ) connected to SPD(AIX) 5.4 server at 10.166.0.39.
NOTE: Libref CPSHRLY was successfully assigned as follows: 
      Engine:        SASSPDS 
      Physical Name: :9044710/spdsmeta2/CPSHRLY/
NOTE: User sas(ACL Group ) connected to SPD(AIX) 5.4 server at 10.166.0.39.
NOTE: Libref PRCDM2 was successfully assigned as follows: 
      Engine:        SASSPDS 
      Physical Name: :9044710/spdsmeta2/PRCDM2/
NOTE: User sas(ACL Group ) connected to SPD(AIX) 5.4 server at 10.166.0.39.
NOTE: Libref ARCLIB was successfully assigned as follows: 
      Engine:        SASSPDS 
      Physical Name: :9044710/spdsmeta2/ARCLIB/
NOTE: User sas(ACL Group ) connected to SPD(AIX) 5.4 server at 10.166.0.39.
NOTE: Libref QL_SALES was successfully assigned as follows: 
      Engine:        SASSPDS 
      Physical Name: :9044710/spdsmeta2/QL_SALES/
NOTE: User sas(ACL Group ) connected to SPD(AIX) 5.4 server at 10.166.0.39.
NOTE: Libref ETSDM was successfully assigned as follows: 
      Engine:        SASSPDS 
      Physical Name: :9044710/spdsmeta2/etsdm/
NOTE: User sas(ACL Group ) connected to SPD(AIX) 5.4 server at 10.166.0.39.
NOTE: Libref EPYTMP was successfully assigned as follows: 
      Engine:        SASSPDS 
      Physical Name: :9044710/spdsmeta2/EPYTMP/
NOTE: User sas(ACL Group ) connected to SPD(AIX) 5.4 server at 10.166.0.39.
NOTE: Libref HRDM was successfully assigned as follows: 
      Engine:        SASSPDS 
      Physical Name: :9044710/spdsmeta2/HRDM/
NOTE: User sas(ACL Group ) connected to SPD(AIX) 5.4 server at 10.166.0.39.
NOTE: Libref CNPRCTMP was successfully assigned as follows: 
      Engine:        SASSPDS 
      Physical Name: :9044710/spdsmeta2/cnprctmp/
NOTE: User sas(ACL Group ) connected to SPD(AIX) 5.4 server at 10.166.0.39.
NOTE: Libref DI_SMDM was successfully assigned as follows: 
      Engine:        SASSPDS 
      Physical Name: :9044710/spdsmeta2/DI_SMDM/
NOTE: User sas(ACL Group ) connected to SPD(AIX) 5.4 server at 10.166.0.39.
NOTE: Libref PREFLIB was successfully assigned as follows: 
      Engine:        SASSPDS 
      Physical Name: :9044710/spdsmeta2/PREFLIB/
NOTE: User sas(ACL Group ) connected to SPD(AIX) 5.4 server at 10.166.0.39.
NOTE: Libref TRNLIB3 was successfully assigned as follows: 
      Engine:        SASSPDS 
      Physical Name: :9044710/spdsmeta2/TRNLIB3/
NOTE: User sas(ACL Group ) connected to SPD(AIX) 5.4 server at 10.166.0.39.
NOTE: Libref TMPLIB33 was successfully assigned as follows: 
      Engine:        SASSPDS 
      Physical Name: :9044710/spdsmeta2/TMPLIB3/
NOTE: User sas(ACL Group ) connected to SPD(AIX) 5.4 server at 10.166.0.39.
NOTE: Libref SHFDM was successfully assigned as follows: 
      Engine:        SASSPDS 
      Physical Name: :9044710/spdsmeta2/SHFDM/
NOTE: User sas(ACL Group ) connected to SPD(AIX) 5.4 server at 10.166.0.39.
NOTE: Libref SPDM was successfully assigned as follows: 
      Engine:        SASSPDS 
      Physical Name: :9044710/spdsmeta2/SPDM/
NOTE: User sas(ACL Group ) connected to SPD(AIX) 5.4 server at 10.166.0.39.
9                                                          The SAS System                             05:30 Sunday, October 18, 2020

NOTE: Libref SSIMDM was successfully assigned as follows: 
      Engine:        SASSPDS 
      Physical Name: :9044710/spdsmeta2/SSIMDM/
NOTE: User sas(ACL Group ) connected to SPD(AIX) 5.4 server at 10.166.0.39.
NOTE: Libref TKDM was successfully assigned as follows: 
      Engine:        SASSPDS 
      Physical Name: :9044710/spdsmeta2/TKDM/
NOTE: User sas(ACL Group ) connected to SPD(AIX) 5.4 server at 10.166.0.39.
NOTE: Libref EAP_PR was successfully assigned as follows: 
      Engine:        SASSPDS 
      Physical Name: :9044710/spdsmeta2/EAP_PR/
NOTE: User sas(ACL Group ) connected to SPD(AIX) 5.4 server at 10.166.0.39.
NOTE: Libref EAP_PAY was successfully assigned as follows: 
      Engine:        SASSPDS 
      Physical Name: :9044710/spdsmeta2/EAP_PAY/
NOTE: User sas(ACL Group ) connected to SPD(AIX) 5.4 server at 10.166.0.39.
NOTE: Libref KMHMDM was successfully assigned as follows: 
      Engine:        SASSPDS 
      Physical Name: :9044710/spdsmeta2/KMHMDM/
NOTE: User sas(ACL Group ) connected to SPD(AIX) 5.4 server at 10.166.0.39.
NOTE: Libref QVYDM was successfully assigned as follows: 
      Engine:        SASSPDS 
      Physical Name: :9044710/spdsmeta2/QVYDM/
NOTE: User sas(ACL Group ) connected to SPD(AIX) 5.4 server at 10.166.0.39.
NOTE: Libref VYDMKVKK was successfully assigned as follows: 
      Engine:        SASSPDS 
      Physical Name: :9044710/spdsmeta2/VYDMKVKK/
NOTE: User sas(ACL Group ) connected to SPD(AIX) 5.4 server at 10.166.0.39.
NOTE: Libref OGMTMP was successfully assigned as follows: 
      Engine:        SASSPDS 
      Physical Name: :9044710/spdsmeta2/OGMTMP/
NOTE: User sas(ACL Group ) connected to SPD(AIX) 5.4 server at 10.166.0.39.
NOTE: Libref OGMDM was successfully assigned as follows: 
      Engine:        SASSPDS 
      Physical Name: :9044710/spdsmeta2/OGMDM/
NOTE: User sas(ACL Group ) connected to SPD(AIX) 5.4 server at 10.166.0.39.
NOTE: Libref PRCTMP was successfully assigned as follows: 
      Engine:        SASSPDS 
      Physical Name: :9044710/spdsmeta2/prctmp/
NOTE: User sas(ACL Group ) connected to SPD(AIX) 5.4 server at 10.166.0.39.
NOTE: Libref CNPRCDM was successfully assigned as follows: 
      Engine:        SASSPDS 
      Physical Name: :9044710/spdsmeta2/cnprcdm/
NOTE: User sas(ACL Group ) connected to SPD(AIX) 5.4 server at 10.166.0.39.
NOTE: Libref IADM was successfully assigned as follows: 
      Engine:        SASSPDS 
      Physical Name: :9044710/spdsmeta2/iadm/
NOTE: User sas(ACL Group ) connected to SPD(AIX) 5.4 server at 10.166.0.39.
NOTE: Libref SMTMP2 was successfully assigned as follows: 
      Engine:        SASSPDS 
      Physical Name: :9044710/spdsmeta2/smtmp2/
NOTE: User sas(ACL Group ) connected to SPD(AIX) 5.4 server at 10.166.0.39.
NOTE: Libref ETSTMP was successfully assigned as follows: 
      Engine:        SASSPDS 
      Physical Name: :9044710/spdsmeta2/etstmp/
NOTE: User sas(ACL Group ) connected to SPD(AIX) 5.4 server at 10.166.0.39.
NOTE: Libref BITMP was successfully assigned as follows: 
      Engine:        SASSPDS 
10                                                         The SAS System                             05:30 Sunday, October 18, 2020

      Physical Name: :9044710/spdsmeta2/bitmp/
NOTE: User sas(ACL Group ) connected to SPD(AIX) 5.4 server at 10.166.0.39.
NOTE: Libref BIDM was successfully assigned as follows: 
      Engine:        SASSPDS 
      Physical Name: :9044710/spdsmeta2/bidm/
NOTE: User sas(ACL Group ) connected to SPD(AIX) 5.4 server at 10.166.0.39.
NOTE: Libref HSLIB was successfully assigned as follows: 
      Engine:        SASSPDS 
      Physical Name: :9044710/spdsmeta2/hslib/
NOTE: User sas(ACL Group ) connected to SPD(AIX) 5.4 server at 10.166.0.39.
NOTE: Libref RASDM was successfully assigned as follows: 
      Engine:        SASSPDS 
      Physical Name: :9044710/spdsmeta2/rasdm/
NOTE: User sas(ACL Group ) connected to SPD(AIX) 5.4 server at 10.166.0.39.
NOTE: Libref RAPVAS was successfully assigned as follows: 
      Engine:        SASSPDS 
      Physical Name: :9044710/spdsmeta2/rapvas/
NOTE: User sas(ACL Group ) connected to SPD(AIX) 5.4 server at 10.166.0.39.
NOTE: Libref FPCTMP was successfully assigned as follows: 
      Engine:        SASSPDS 
      Physical Name: :9044710/spdsmeta2/fpctmp/
NOTE: User sas(ACL Group ) connected to SPD(AIX) 5.4 server at 10.166.0.39.
NOTE: Libref FRCPRD was successfully assigned as follows: 
      Engine:        SASSPDS 
      Physical Name: :9044710/spdsmeta2/FRCPRD/
NOTE: User sas(ACL Group ) connected to SPD(AIX) 5.4 server at 10.166.0.39.
NOTE: Libref FRCARC was successfully assigned as follows: 
      Engine:        SASSPDS 
      Physical Name: :9044710/spdsmeta2/FRCARC/
NOTE: User sas(ACL Group ) connected to SPD(AIX) 5.4 server at 10.166.0.39.
NOTE: Libref PRCHPRD was successfully assigned as follows: 
      Engine:        SASSPDS 
      Physical Name: :9044710/spdsmeta2/PRCHPRD/
NOTE: User sas(ACL Group ) connected to SPD(AIX) 5.4 server at 10.166.0.39.
NOTE: Libref PRCHARC was successfully assigned as follows: 
      Engine:        SASSPDS 
      Physical Name: :9044710/spdsmeta2/PRCHARC/
NOTE: User sas(ACL Group ) connected to SPD(AIX) 5.4 server at 10.166.0.39.
NOTE: Libref HDGPRD was successfully assigned as follows: 
      Engine:        SASSPDS 
      Physical Name: :9044710/spdsmeta2/HDGPRD/
NOTE: User sas(ACL Group ) connected to SPD(AIX) 5.4 server at 10.166.0.39.
NOTE: Libref HDGARC was successfully assigned as follows: 
      Engine:        SASSPDS 
      Physical Name: :9044710/spdsmeta2/HDGARC/
NOTE: User sas(ACL Group ) connected to SPD(AIX) 5.4 server at 10.166.0.39.
NOTE: Libref PILIB2 was successfully assigned as follows: 
      Engine:        SASSPDS 
      Physical Name: :9044710/spdsmeta2/PILIB2/
NOTE: User sas(ACL Group ) connected to SPD(AIX) 5.4 server at 10.166.0.39.
NOTE: Libref MTHSO was successfully assigned as follows: 
      Engine:        SASSPDS 
      Physical Name: :9044710/spdsmeta2/MTHSO/
NOTE: User sas(ACL Group ) connected to SPD(AIX) 5.4 server at 10.166.0.39.
NOTE: Libref MTHMA was successfully assigned as follows: 
      Engine:        SASSPDS 
      Physical Name: :9044710/spdsmeta2/MTHMA/
NOTE: User sas(ACL Group ) connected to SPD(AIX) 5.4 server at 10.166.0.39.
11                                                         The SAS System                             05:30 Sunday, October 18, 2020

NOTE: Libref MTHTMP was successfully assigned as follows: 
      Engine:        SASSPDS 
      Physical Name: :9044710/spdsmeta2/MTHTMP/
NOTE: User sas(ACL Group ) connected to SPD(AIX) 5.4 server at 10.166.0.39.
NOTE: Libref DYMDM was successfully assigned as follows: 
      Engine:        SASSPDS 
      Physical Name: :9044710/spdsmeta2/DYMDM/
NOTE: User sas(ACL Group ) connected to SPD(AIX) 5.4 server at 10.166.0.39.
NOTE: Libref CSSLIB was successfully assigned as follows: 
      Engine:        SASSPDS 
      Physical Name: :9044710/spdsmeta2/CSSLIB/
NOTE: User sas(ACL Group ) connected to SPD(AIX) 5.4 server at 10.166.0.39.
NOTE: Libref SAHOL was successfully assigned as follows: 
      Engine:        SASSPDS 
      Physical Name: :9044710/spdsmeta2/SAHOL/
NOTE: User sas(ACL Group ) connected to SPD(AIX) 5.4 server at 10.166.0.39.
NOTE: Libref MKVR was successfully assigned as follows: 
      Engine:        SASSPDS 
      Physical Name: :9044710/spdsmeta2/MKVR/
137        PROC SQL;
138        	CREATE TABLE TMPLIB3.SEGMENT_MUSTERI_V2_3 AS
139        		SELECT DISTINCT t1.VERTRAG AS SOZLESME_NO,
140        			t1.ZZMUSTERI_TIPI AS MUSTERI_TIPI,
141        					t1.ZZPOLICEno as DASK_POLICE_NO,
142        			t1.STAGRUVER AS IST_GRUBU_SOZLESME_KOD,
143        			t2.TEXT AS IST_GRUBU_SOZLESME,
144        			t1.INVOICING_PARTY AS FTRYN_HZM_SGLC_KOD,
145        			t3.SP_NAME AS FTRYN_HZM_SGLC,
146        			t1.BUKRS AS SIRKET_KODU,
147        			t1.EINZDAT AS ABONELIK_TARIHI,
148        			t1.AUSZDAT AS ABONELIK_IPT_TARIHI,
149        			t1.AEDAT AS DEGISIKLIK_TARIHI,
150        			t1.ERDAT AS SOZ_YARATMA_TARIHI,
151        			t1.STRAT AS TAHSILAT_STRATEJISI_KOD,
152        			t6.STRATTEXT AS TAHSILAT_STRATEJISI,
153        			t1.VBEGINN AS SOZ_BASLANGIC_TARIHI,
154        			t1.VENDE AS SOZ_BITIS_TARIHI,
155        			t1.ABRSPERR AS THK_BLOKAJ_NEDENI,
156        			t1.VKONTO AS SOZLESME_HESABI_NO,
157        			t1.EBVTY AS BANK_ID_OTOMATIK_ODEME,
158        			t1.KTOKL AS HESAP_SINIFI_KOD,
159        			t7.KTOTX AS HESAP_SINIFI,
160        			t1.GPART AS MUHATAP_NO,
161        			t1.DEKLERASYON_BELGE_NO, t1.DEKLERASYON_ALINMA_TARIHI,  	t1.VERSIYON_BILGISI,
162        			t1.DEKLERASYON_DURUMU,
163        			t1.DEK_ALINMA_SAATI,
164        			t1.BARKOD_BILGISI,
165        			/*			t1.KAYNAK, */
166        	t1.ZZFLD000003 AS ONLINE_ISLEMLER_UYELIGI,
167        	t1.BIRTHDT AS MUHATAP_DOGUM_TARIHI,
168        	t1.DEATHDT AS MUHATAP_OLUM_TARIHI,
169        	t1.IDNUMBER AS MUHATAP_TCKN,
170        	t1.MUHATAP_VKN,
171        	t1.MUHATAP_VD,
172        	t1.MUHATAP_SATIS_UZMANI,
173        	t1.ANA_MUSTERI_KAM,
174        	t1.OLCEK AS MUSTERI_OLCEGI,
175        	t1.ANA_MUSTERI_NO,
12                                                         The SAS System                             05:30 Sunday, October 18, 2020

176        	t1.ANLAGE AS TESISAT,
177        	t1.AKLASSE AS TAHAKKUK_SINIFI,
178        	t4.TEXT30 AS NOMINAL_DEGER_GRUBU,
179        	t1.TARIFTYP AS TARIFE_TIPI_KOD,
180        	t5.TTYPBEZ AS TARIFE_TIPI,
181        	t1.TARIFART AS TARIFE_TURU,
182        	t1.REGION AS TESISAT_IL_KOD,
183        	t1.BEZEI AS TESISAT_IL,
184        	t1.COUNTY_CODE AS TESISAT_ILCE_KODU,
185        	t1.COUNTY AS TESISAT_ILCE,
186        	t1.ZZESKIADRES AS TESISAT_ADRES,
187        	t1.REGNAME AS PSG_OP_MERKEZI_2,
188        	t1.USULSUZ_DURUMU,
189        	t1.VBSART AS TUK_NOK_TURU,
190        	t1.SBT_KONS_SEG_OZT,
191        	t1.SBT_KONS_SEG,
192        	t1.SBT_KONS_SEG_DET,
193        	t1.SBT_FONKS_MHTP_SEG,
194        	t1.SBT_TSST_SEG_DET,
195        	t1.SBT_OLC_VS_SEG,
196        	t1.GNCL_KONS_SEG_OZT,
197        	t1.GNCL_KONS_SEG,
198        	t1.GNCL_KONS_SEG_DET,
199        	t1.GNCL_TSST_SEG_DET,
200        	t1.GNCL_OLC_VS_SEG,
201        	t1.FONKS_MUHATAP_SEGMENT,
202        	T1.HAUS AS BAGLANTI_NESNESI
203        	FROM TMPLIB3.SEGMENT_MUSTERI_V2_2 t1
204        		LEFT JOIN PODSLIB1.RIP_TE770T t2 ON (t1.STAGRUVER = t2.STAGRUVER AND (t2.SPRAS='T'))
205        		LEFT JOIN PODSLIB1.RIP_ESERVPROVT t3 ON (t1.INVOICING_PARTY = t3.SERVICEID AND (t3.SPRAS='T'))
206        		LEFT JOIN PODSLIB1.RIP_TE067T t4 ON (t1.KONDIGR = t4.KONDIGR AND (t4.SPRAS='T'))
207        		LEFT JOIN PODSLIB1.RIP_ETTAT t5 ON (t1.TARIFTYP = t5.TARIFTYP AND (t5.SPRAS='T'))
208        		LEFT JOIN PODSLIB1.RIP_TFK047XT t6 ON (t1.STRAT = t6.STRAT AND (t6.SPRAS='T'))
209        		LEFT JOIN PODSLIB1.RIP_KONTOKLASSET t7 ON (t1.KTOKL = t7.KTOKL AND (t7.SPRAS='T'))
210        
211        	;
NOTE: User sas(ACL Group ) connected to SPD(AIX) 5.4 server at 10.166.0.39.
NOTE: Physical Name: TMPLIB3
 SPDS_NOTE: User sas(ACL Group ) connected to SPD(AIX) 5.4  Server at 10.166.0.39.
 SPDS_NOTE: Libref X0000001 was successfully assigned as follows: 
            Engine:        SPDSENG 
            Physical Name: :8782620/spdsmeta1/TMPLIB3/

 SPDS_NOTE: Libref TMPLIB3 was successfully assigned as follows: 
            Engine:        SPDSENG 
            Physical Name: :8782620/spdsmeta1/TMPLIB3/

 SPDS_NOTE: Libref PODSLIB1 was successfully assigned as follows: 
            Engine:        SPDSENG 
            Physical Name: :8782620/spdsmeta2/PODSLIB1/

NOTE: Implicit SQL:  select distinct t1.VERTRAG as SOZLESME_NO, t1.ZZMUSTERI_TIPI as MUSTERI_TIPI, t1.ZZPOLICENO as DASK_POLICE_NO, 
      t1.STAGRUVER as IST_GRUBU_SOZLESME_KOD, t2.TEXT as IST_GRUBU_SOZLESME, t1.INVOICING_PARTY as FTRYN_HZM_SGLC_KOD, t3.SP_NAME 
      as FTRYN_HZM_SGLC, t1.BUKRS as SIRKET_KODU, t1.EINZDAT as ABONELIK_TARIHI, t1.AUSZDAT as ABONELIK_IPT_TARIHI, t1.AEDAT as 
      DEGISIKLIK_TARIHI, t1.ERDAT as SOZ_YARATMA_TARIHI, t1.STRAT as TAHSILAT_STRATEJISI_KOD, t6.STRATTEXT as TAHSILAT_STRATEJISI, 
      t1.VBEGINN as SOZ_BASLANGIC_TARIHI, t1.VENDE as SOZ_BITIS_TARIHI, t1.ABRSPERR as THK_BLOKAJ_NEDENI, t1.VKONTO as 
      SOZLESME_HESABI_NO, t1.EBVTY as BANK_ID_OTOMATIK_ODEME, t1.KTOKL as HESAP_SINIFI_KOD, t7.KTOTX as HESAP_SINIFI, t1.GPART as 
      MUHATAP_NO, t1.DEKLERASYON_BELGE_NO, t1.DEKLERASYON_ALINMA_TARIHI, t1.VERSIYON_BILGISI, t1.DEKLERASYON_DURUMU, 
13                                                         The SAS System                             05:30 Sunday, October 18, 2020

      t1.DEK_ALINMA_SAATI, t1.BARKOD_BILGISI, t1.ZZFLD000003 as ONLINE_ISLEMLER_UYELIGI, t1.BIRTHDT as MUHATAP_DOGUM_TARIHI, 
      t1.DEATHDT as MUHATAP_OLUM_TARIHI, t1.IDNUMBER as MUHATAP_TCKN, t1.MUHATAP_VKN, t1.MUHATAP_VD, t1.MUHATAP_SATIS_UZMANI, 
      t1.ANA_MUSTERI_KAM, t1.OLCEK as MUSTERI_OLCEGI, t1.ANA_MUSTERI_NO, t1.ANLAGE as TESISAT, t1.AKLASSE as TAHAKKUK_SINIFI, 
      t4.TEXT30 as NOMINAL_DEGER_GRUBU, t1.TARIFTYP as TARIFE_TIPI_KOD, t5.TTYPBEZ as TARIFE_TIPI, t1.TARIFART as TARIFE_TURU, 
      t1.REGION as TESISAT_IL_KOD, t1.BEZEI as TESISAT_IL, t1.COUNTY_CODE as TESISAT_ILCE_KODU, t1.COUNTY as TESISAT_ILCE, 
      t1.ZZESKIADRES as TESISAT_ADRES, t1.REGNAME as PSG_OP_MERKEZI_2, t1.USULSUZ_DURUMU, t1.VBSART as TUK_NOK_TURU, 
      t1.SBT_KONS_SEG_OZT, t1.SBT_KONS_SEG, t1.SBT_KONS_SEG_DET, t1.SBT_FONKS_MHTP_SEG, t1.SBT_TSST_SEG_DET, t1.SBT_OLC_VS_SEG, 
      t1.GNCL_KONS_SEG_OZT, t1.GNCL_KONS_SEG, t1.GNCL_KONS_SEG_DET, t1.GNCL_TSST_SEG_DET, t1.GNCL_OLC_VS_SEG, 
      t1.FONKS_MUHATAP_SEGMENT, t1.HAUS as BAGLANTI_NESNESI from TMPLIB3.SEGMENT_MUSTERI_V2_2 t1 left join PODSLIB1.RIP_TE770T t2 
      on (t1.STAGRUVER = t2.STAGRUVER) and ((t2.SPRAS = 'T')) left join PODSLIB1.RIP_ESERVPROVT t3 on (t1.INVOICING_PARTY = 
      t3.SERVICEID) and ((t3.SPRAS = 'T')) left join PODSLIB1.RIP_TE067T t4 on (t1.KONDIGR = t4.KONDIGR) and ((t4.SPRAS = 'T')) 
      left join PODSLIB1.RIP_ETTAT t5 on (t1.TARIFTYP = t5.TARIFTYP) and ((t5.SPRAS = 'T')) left join PODSLIB1.RIP_TFK047XT t6 on 
      (t1.STRAT = t6.STRAT) and ((t6.SPRAS = 'T')) left join PODSLIB1.RIP_KONTOKLASSET t7 on (t1.KTOKL = t7.KTOKL) and ((t7.SPRAS = 
      'T'))
 SPDS_NOTE: Parallel Merge Join Method Selected

 SPDS_NOTE: Libref PODSLIB1 was successfully assigned as follows: 
            Engine:        SPDSENG 
            Physical Name: :8782620/spdsmeta2/PODSLIB1/
 SPDS_NOTE: Libref TMPLIB3 was successfully assigned as follows: 
            Engine:        SPDSENG 
            Physical Name: :8782620/spdsmeta1/TMPLIB3/

NOTE: Table TMPLIB3.SEGMENT_MUSTERI_V2_3 created, with 31342258 rows and 65 columns.

212        QUIT;
NOTE: PROCEDURE SQL used (Total process time):
      real time           1:35:45.56
      cpu time            1:30.25
      

NOTE: SAS Institute Inc., SAS Campus Drive, Cary, NC USA 27513-2414
NOTE: The SAS System used:
      real time           1:36:08.17
      cpu time            1:30.77
      
