1                                                          The SAS System                             11:52 Sunday, October 18, 2020

NOTE: Unable to open SASUSER.REGSTRY. WORK.REGSTRY will be opened instead.
NOTE: All registry changes will be lost at the end of the session.

WARNING: Unable to copy SASUSER registry to WORK registry. Because of this, you will not see registry customizations during this 
         session.
ERROR: The SAS System is executing on a processor (CPU) whose model name, 
       model number, and serial number are not included in the setinit data 
       used to initialize the SAS System library in use. This is permitted if 
       this processor is a designated backup processor for a licensed CPU.
For this site, the SAS system is licensed for the following CPU serial 
numbers:
Model  **EEDPA0* Serial Number +4
ERROR: The requested node name EEDPA0 does not match the actual node name 
ERSDPA0.
NOTE: Unable to open SASUSER.PROFILE. WORK.PROFILE will be opened instead.
NOTE: All profile changes will be lost at the end of the session.
NOTE: Copyright (c) 2016 by SAS Institute Inc., Cary, NC, USA. 
NOTE: SAS (r) Proprietary Software 9.4 (TS1M6) 
      Licensed to ENERJISA -TOROSLAR - DATA MANAGEMENT ADV PROD., Site 70166440.
NOTE: This session is executing on the AIX 7.2 (AIX 64) platform.



NOTE: Analytical products:
      
      SAS/STAT 15.1
      SAS/ETS 15.1

ERROR: The SAS System is executing on a processor (CPU) whose model name, model number, and serial number are not included in the 
       setinit data used to initialize the SAS System library in use. This is permitted if this processor is a designated backup 
       processor for a licensed CPU.
For this site, the SAS system is licensed for the following CPU serial numbers:

Model  **EEDPA0* Serial Number +4
ERROR: The requested node name EEDPA0 does not match the actual node name ERSDPA0.

NOTE: Additional host information:

IBM AIX AIX 64 2 7 00C9C0374C00 

You are running SAS 9. Some SAS 8 files will be automatically converted 
by the V9 engine; others are incompatible.  Please see 
http://support.sas.com/rnd/migration/planning/platform/64bit.html

PROC MIGRATE will preserve current SAS file attributes and is 
recommended for converting all your SAS libraries from any 
SAS 8 release to SAS 9.  For details and examples, please see
http://support.sas.com/rnd/migration/index.html


This message is contained in the SAS news file, and is presented upon
initialization.  Edit the file "news" in the "misc/base" directory to
display site-specific news and information in the program log.
The command line option "-nonews" will prevent this display.




2                                                          The SAS System                             11:52 Sunday, October 18, 2020

NOTE: SAS initialization used:
      real time           0.03 seconds
      cpu time            0.02 seconds
      

NOTE: AUTOEXEC processing beginning; file is /bidm/sascodes/Musteri_Sayisi/Autoexec.sas.


NOTE: AUTOEXEC processing completed.

1          %include "/sas/sascodes/Autoexec_File/Autoexec.sas";
NOTE: This is a SPD 5.4  Engine 
      executing SAS (r) 9.4 (TS1M6) on the AIX platform.
NOTE: User sas(ACL Group ) connected to SPD(AIX) 5.4 server at 10.166.0.39.
NOTE: Libref TMPLIB3 was successfully assigned as follows: 
      Engine:        SASSPDS 
      Physical Name: :12779890/spdsmeta1/TMPLIB3/
NOTE: User sas(ACL Group ) connected to SPD(AIX) 5.4 server at 10.166.0.39.
NOTE: Libref PODSLIB3 was successfully assigned as follows: 
      Engine:        SASSPDS 
      Physical Name: :12779890/spdsmeta1/PODSLIB3/
NOTE: User sas(ACL Group ) connected to SPD(AIX) 5.4 server at 10.166.0.39.
NOTE: Libref DMLIB was successfully assigned as follows: 
      Engine:        SASSPDS 
      Physical Name: :12779890/spdsmeta1/DMLIB/
NOTE: User sas(ACL Group ) connected to SPD(AIX) 5.4 server at 10.166.0.39.
NOTE: Libref TRNLIB was successfully assigned as follows: 
      Engine:        SASSPDS 
      Physical Name: :12779890/spdsmeta1/TRNLIB/
NOTE: User sas(ACL Group ) connected to SPD(AIX) 5.4 server at 10.166.0.39.
NOTE: Libref ODSLIB3 was successfully assigned as follows: 
      Engine:        SASSPDS 
      Physical Name: :12779890/spdsmeta1/ODSLIB3/
NOTE: User sas(ACL Group ) connected to SPD(AIX) 5.4 server at 10.166.0.39.
NOTE: Libref TMPLIB4 was successfully assigned as follows: 
      Engine:        SASSPDS 
      Physical Name: :12779890/spdsmeta1/TMPLIB4/
NOTE: User sas(ACL Group ) connected to SPD(AIX) 5.4 server at 10.166.0.39.
NOTE: Libref FADM was successfully assigned as follows: 
      Engine:        SASSPDS 
      Physical Name: :12779890/spdsmeta1/FADM/
NOTE: User sas(ACL Group ) connected to SPD(AIX) 5.4 server at 10.166.0.39.
NOTE: Libref VYDM was successfully assigned as follows: 
      Engine:        SASSPDS 
      Physical Name: :12779890/spdsmeta2/VYDM/
NOTE: User sas(ACL Group ) connected to SPD(AIX) 5.4 server at 10.166.0.39.
NOTE: Libref ODSLIB was successfully assigned as follows: 
      Engine:        SASSPDS 
      Physical Name: :12779890/spdsmeta2/ODSLIB/
NOTE: User sas(ACL Group ) connected to SPD(AIX) 5.4 server at 10.166.0.39.
NOTE: Libref NEDLIB was successfully assigned as follows: 
      Engine:        SASSPDS 
      Physical Name: :12779890/spdsmeta2/NEDLIB/
NOTE: User sas(ACL Group ) connected to SPD(AIX) 5.4 server at 10.166.0.39.
NOTE: Libref SMDM was successfully assigned as follows: 
      Engine:        SASSPDS 
      Physical Name: :12779890/spdsmeta2/smdm/
NOTE: User sas(ACL Group ) connected to SPD(AIX) 5.4 server at 10.166.0.39.
3                                                          The SAS System                             11:52 Sunday, October 18, 2020

NOTE: Libref TRNLIB2 was successfully assigned as follows: 
      Engine:        SASSPDS 
      Physical Name: :12779890/spdsmeta2/TRNLIB2/
NOTE: User sas(ACL Group ) connected to SPD(AIX) 5.4 server at 10.166.0.39.
NOTE: Libref MSATMP was successfully assigned as follows: 
      Engine:        SASSPDS 
      Physical Name: :12779890/spdsmeta2/MSATMP/
NOTE: User sas(ACL Group ) connected to SPD(AIX) 5.4 server at 10.166.0.39.
NOTE: Libref OKMTMP was successfully assigned as follows: 
      Engine:        SASSPDS 
      Physical Name: :12779890/spdsmeta2/okmtmp/
NOTE: User sas(ACL Group ) connected to SPD(AIX) 5.4 server at 10.166.0.39.
NOTE: Libref MIGLIB was successfully assigned as follows: 
      Engine:        SASSPDS 
      Physical Name: :12779890/spdsmeta2/MIGLIB/
NOTE: User sas(ACL Group ) connected to SPD(AIX) 5.4 server at 10.166.0.39.
NOTE: Libref REFCPS was successfully assigned as follows: 
      Engine:        SASSPDS 
      Physical Name: :12779890/spdsmeta2/REFCPS/
NOTE: User sas(ACL Group ) connected to SPD(AIX) 5.4 server at 10.166.0.39.
NOTE: Libref EAP_ETY was successfully assigned as follows: 
      Engine:        SASSPDS 
      Physical Name: :12779890/spdsmeta2/EAP_ETY/
NOTE: User sas(ACL Group ) connected to SPD(AIX) 5.4 server at 10.166.0.39.
NOTE: Libref PODSLIB1 was successfully assigned as follows: 
      Engine:        SASSPDS 
      Physical Name: :12779890/spdsmeta2/PODSLIB1/
NOTE: User sas(ACL Group ) connected to SPD(AIX) 5.4 server at 10.166.0.39.
NOTE: Libref TMPLIB was successfully assigned as follows: 
      Engine:        SASSPDS 
      Physical Name: :12779890/spdsmeta2/tmplib/
NOTE: User sas(ACL Group ) connected to SPD(AIX) 5.4 server at 10.166.0.39.
NOTE: Libref CRLIB was successfully assigned as follows: 
      Engine:        SASSPDS 
      Physical Name: :12779890/spdsmeta2/crlib/
NOTE: User sas(ACL Group ) connected to SPD(AIX) 5.4 server at 10.166.0.39.
NOTE: Libref OKMDM was successfully assigned as follows: 
      Engine:        SASSPDS 
      Physical Name: :12779890/spdsmeta2/okmdm/
NOTE: User sas(ACL Group ) connected to SPD(AIX) 5.4 server at 10.166.0.39.
NOTE: Libref CCDM was successfully assigned as follows: 
      Engine:        SASSPDS 
      Physical Name: :12779890/spdsmeta2/CCDM/
NOTE: User sas(ACL Group ) connected to SPD(AIX) 5.4 server at 10.166.0.39.
NOTE: Libref RMCDM was successfully assigned as follows: 
      Engine:        SASSPDS 
      Physical Name: :12779890/spdsmeta2/rmcdm/
NOTE: User sas(ACL Group ) connected to SPD(AIX) 5.4 server at 10.166.0.39.
NOTE: Libref SMTMP was successfully assigned as follows: 
      Engine:        SASSPDS 
      Physical Name: :12779890/spdsmeta2/smtmp/
NOTE: User sas(ACL Group ) connected to SPD(AIX) 5.4 server at 10.166.0.39.
NOTE: Libref SOSEC was successfully assigned as follows: 
      Engine:        SASSPDS 
      Physical Name: :12779890/spdsmeta2/sosec/
NOTE: User sas(ACL Group ) connected to SPD(AIX) 5.4 server at 10.166.0.39.
NOTE: Libref PODSLIB2 was successfully assigned as follows: 
      Engine:        SASSPDS 
4                                                          The SAS System                             11:52 Sunday, October 18, 2020

      Physical Name: :12779890/spdsmeta2/PODSLIB2/
NOTE: User sas(ACL Group ) connected to SPD(AIX) 5.4 server at 10.166.0.39.
NOTE: Libref MHMDM was successfully assigned as follows: 
      Engine:        SASSPDS 
      Physical Name: :12779890/spdsmeta2/MHMDM/
NOTE: User sas(ACL Group ) connected to SPD(AIX) 5.4 server at 10.166.0.39.
NOTE: Libref CCDM2 was successfully assigned as follows: 
      Engine:        SASSPDS 
      Physical Name: :12779890/spdsmeta2/CCDM2/
NOTE: User sas(ACL Group ) connected to SPD(AIX) 5.4 server at 10.166.0.39.
NOTE: Libref RASTMP was successfully assigned as follows: 
      Engine:        SASSPDS 
      Physical Name: :12779890/spdsmeta2/rastmp/
NOTE: User sas(ACL Group ) connected to SPD(AIX) 5.4 server at 10.166.0.39.
NOTE: Libref SODM was successfully assigned as follows: 
      Engine:        SASSPDS 
      Physical Name: :12779890/spdsmeta2/sodm/
NOTE: User sas(ACL Group ) connected to SPD(AIX) 5.4 server at 10.166.0.39.
NOTE: Libref D2DLIB was successfully assigned as follows: 
      Engine:        SASSPDS 
      Physical Name: :12779890/spdsmeta2/D2DLIB/
NOTE: User sas(ACL Group ) connected to SPD(AIX) 5.4 server at 10.166.0.39.
NOTE: Libref ODSLIB2 was successfully assigned as follows: 
      Engine:        SASSPDS 
      Physical Name: :12779890/spdsmeta2/ODSLIB2/
NOTE: User sas(ACL Group ) connected to SPD(AIX) 5.4 server at 10.166.0.39.
NOTE: Libref RAPREF was successfully assigned as follows: 
      Engine:        SASSPDS 
      Physical Name: :12779890/spdsmeta2/rapref/
NOTE: User sas(ACL Group ) connected to SPD(AIX) 5.4 server at 10.166.0.39.
NOTE: Libref SOMLIB was successfully assigned as follows: 
      Engine:        SASSPDS 
      Physical Name: :12779890/spdsmeta2/SOMLIB/
NOTE: User sas(ACL Group ) connected to SPD(AIX) 5.4 server at 10.166.0.39.
NOTE: Libref PRICARC was successfully assigned as follows: 
      Engine:        SASSPDS 
      Physical Name: :12779890/spdsmeta2/PRICARC/
NOTE: User sas(ACL Group ) connected to SPD(AIX) 5.4 server at 10.166.0.39.
NOTE: Libref MIGLIB2 was successfully assigned as follows: 
      Engine:        SASSPDS 
      Physical Name: :12779890/spdsmeta2/MIGLIB2/
NOTE: User sas(ACL Group ) connected to SPD(AIX) 5.4 server at 10.166.0.39.
NOTE: Libref SOTMP was successfully assigned as follows: 
      Engine:        SASSPDS 
      Physical Name: :12779890/spdsmeta2/sotmp/
NOTE: User sas(ACL Group ) connected to SPD(AIX) 5.4 server at 10.166.0.39.
NOTE: Libref TSDM was successfully assigned as follows: 
      Engine:        SASSPDS 
      Physical Name: :12779890/spdsmeta2/TSDM/
NOTE: User sas(ACL Group ) connected to SPD(AIX) 5.4 server at 10.166.0.39.
NOTE: Libref TALDM was successfully assigned as follows: 
      Engine:        SASSPDS 
      Physical Name: :12779890/spdsmeta2/taldm/
NOTE: User sas(ACL Group ) connected to SPD(AIX) 5.4 server at 10.166.0.39.
NOTE: Libref CPSUST was successfully assigned as follows: 
      Engine:        SASSPDS 
      Physical Name: :12779890/spdsmeta2/CPSUST/
NOTE: User sas(ACL Group ) connected to SPD(AIX) 5.4 server at 10.166.0.39.
5                                                          The SAS System                             11:52 Sunday, October 18, 2020

NOTE: Libref STJVYDM was successfully assigned as follows: 
      Engine:        SASSPDS 
      Physical Name: :12779890/spdsmeta2/STJVYDM/
NOTE: User sas(ACL Group ) connected to SPD(AIX) 5.4 server at 10.166.0.39.
NOTE: Libref QLIKLIB was successfully assigned as follows: 
      Engine:        SASSPDS 
      Physical Name: :12779890/spdsmeta2/QLIKLIB/
NOTE: User sas(ACL Group ) connected to SPD(AIX) 5.4 server at 10.166.0.39.
NOTE: Libref BADM was successfully assigned as follows: 
      Engine:        SASSPDS 
      Physical Name: :12779890/spdsmeta2/badm/
NOTE: User sas(ACL Group ) connected to SPD(AIX) 5.4 server at 10.166.0.39.
NOTE: Libref EDULIB was successfully assigned as follows: 
      Engine:        SASSPDS 
      Physical Name: :12779890/spdsmeta2/edulib/
NOTE: User sas(ACL Group ) connected to SPD(AIX) 5.4 server at 10.166.0.39.
NOTE: Libref STLF was successfully assigned as follows: 
      Engine:        SASSPDS 
      Physical Name: :12779890/spdsmeta2/STLF/
NOTE: User sas(ACL Group ) connected to SPD(AIX) 5.4 server at 10.166.0.39.
NOTE: Libref DASHLIBD was successfully assigned as follows: 
      Engine:        SASSPDS 
      Physical Name: :12779890/spdsmeta2/DASHLIBD/
NOTE: User sas(ACL Group ) connected to SPD(AIX) 5.4 server at 10.166.0.39.
NOTE: Libref BFLIB was successfully assigned as follows: 
      Engine:        SASSPDS 
      Physical Name: :12779890/spdsmeta2/bflib/
NOTE: User sas(ACL Group ) connected to SPD(AIX) 5.4 server at 10.166.0.39.
NOTE: Libref BATMP was successfully assigned as follows: 
      Engine:        SASSPDS 
      Physical Name: :12779890/spdsmeta2/batmp/
NOTE: User sas(ACL Group ) connected to SPD(AIX) 5.4 server at 10.166.0.39.
NOTE: Libref SOPDM was successfully assigned as follows: 
      Engine:        SASSPDS 
      Physical Name: :12779890/spdsmeta2/sopdm/
NOTE: User sas(ACL Group ) connected to SPD(AIX) 5.4 server at 10.166.0.39.
NOTE: Libref KKLIB was successfully assigned as follows: 
      Engine:        SASSPDS 
      Physical Name: :12779890/spdsmeta2/kklib/
NOTE: User sas(ACL Group ) connected to SPD(AIX) 5.4 server at 10.166.0.39.
NOTE: Libref MHMAYEDS was successfully assigned as follows: 
      Engine:        SASSPDS 
      Physical Name: :12779890/spdsmeta2/MHMAYEDS/
NOTE: User sas(ACL Group ) connected to SPD(AIX) 5.4 server at 10.166.0.39.
NOTE: Libref MTHEO was successfully assigned as follows: 
      Engine:        SASSPDS 
      Physical Name: :12779890/spdsmeta2/MTHEO/
NOTE: User sas(ACL Group ) connected to SPD(AIX) 5.4 server at 10.166.0.39.
NOTE: Libref PRCDM was successfully assigned as follows: 
      Engine:        SASSPDS 
      Physical Name: :12779890/spdsmeta2/prcdm/
NOTE: User sas(ACL Group ) connected to SPD(AIX) 5.4 server at 10.166.0.39.
NOTE: Libref BLDM was successfully assigned as follows: 
      Engine:        SASSPDS 
      Physical Name: :12779890/spdsmeta2/bldm/
NOTE: User sas(ACL Group ) connected to SPD(AIX) 5.4 server at 10.166.0.39.
NOTE: Libref RAPTMP was successfully assigned as follows: 
      Engine:        SASSPDS 
6                                                          The SAS System                             11:52 Sunday, October 18, 2020

      Physical Name: :12779890/spdsmeta2/raptmp/
NOTE: User sas(ACL Group ) connected to SPD(AIX) 5.4 server at 10.166.0.39.
NOTE: Libref PRFTBLIB was successfully assigned as follows: 
      Engine:        SASSPDS 
      Physical Name: :12779890/spdsmeta2/prftblib/
NOTE: User sas(ACL Group ) connected to SPD(AIX) 5.4 server at 10.166.0.39.
NOTE: Libref RAPOUT was successfully assigned as follows: 
      Engine:        SASSPDS 
      Physical Name: :12779890/spdsmeta2/rapout/
NOTE: User sas(ACL Group ) connected to SPD(AIX) 5.4 server at 10.166.0.39.
NOTE: Libref RAPTEST was successfully assigned as follows: 
      Engine:        SASSPDS 
      Physical Name: :12779890/spdsmeta2/RAPTEST/
NOTE: User sas(ACL Group ) connected to SPD(AIX) 5.4 server at 10.166.0.39.
NOTE: Libref DMLIB2 was successfully assigned as follows: 
      Engine:        SASSPDS 
      Physical Name: :12779890/spdsmeta2/DMLIB2/
NOTE: User sas(ACL Group ) connected to SPD(AIX) 5.4 server at 10.166.0.39.
NOTE: Libref BCSDM was successfully assigned as follows: 
      Engine:        SASSPDS 
      Physical Name: :12779890/spdsmeta2/BCSDM/
NOTE: User sas(ACL Group ) connected to SPD(AIX) 5.4 server at 10.166.0.39.
NOTE: Libref IATMP was successfully assigned as follows: 
      Engine:        SASSPDS 
      Physical Name: :12779890/spdsmeta2/iatmp/
NOTE: User sas(ACL Group ) connected to SPD(AIX) 5.4 server at 10.166.0.39.
NOTE: Libref SOSUF was successfully assigned as follows: 
      Engine:        SASSPDS 
      Physical Name: :12779890/spdsmeta2/sosuf/
NOTE: User sas(ACL Group ) connected to SPD(AIX) 5.4 server at 10.166.0.39.
NOTE: Libref RAPARCH was successfully assigned as follows: 
      Engine:        SASSPDS 
      Physical Name: :12779890/spdsmeta2/raparch/
NOTE: User sas(ACL Group ) connected to SPD(AIX) 5.4 server at 10.166.0.39.
NOTE: Libref RMCTMP was successfully assigned as follows: 
      Engine:        SASSPDS 
      Physical Name: :12779890/spdsmeta2/rmctmp/
NOTE: User sas(ACL Group ) connected to SPD(AIX) 5.4 server at 10.166.0.39.
NOTE: Libref MTHKA was successfully assigned as follows: 
      Engine:        SASSPDS 
      Physical Name: :12779890/spdsmeta2/MTHKA/
NOTE: User sas(ACL Group ) connected to SPD(AIX) 5.4 server at 10.166.0.39.
NOTE: Libref EPYDM was successfully assigned as follows: 
      Engine:        SASSPDS 
      Physical Name: :12779890/spdsmeta2/EPYDM/
NOTE: User sas(ACL Group ) connected to SPD(AIX) 5.4 server at 10.166.0.39.
NOTE: Libref DSTDM was successfully assigned as follows: 
      Engine:        SASSPDS 
      Physical Name: :12779890/spdsmeta2/DSTDM/
NOTE: User sas(ACL Group ) connected to SPD(AIX) 5.4 server at 10.166.0.39.
NOTE: Libref DYMTMP was successfully assigned as follows: 
      Engine:        SASSPDS 
      Physical Name: :12779890/spdsmeta2/DYMTMP/
NOTE: User sas(ACL Group ) connected to SPD(AIX) 5.4 server at 10.166.0.39.
NOTE: Libref MDLIB was successfully assigned as follows: 
      Engine:        SASSPDS 
      Physical Name: :12779890/spdsmeta2/MDLIB/
NOTE: User sas(ACL Group ) connected to SPD(AIX) 5.4 server at 10.166.0.39.
7                                                          The SAS System                             11:52 Sunday, October 18, 2020

NOTE: Libref DSTTMP was successfully assigned as follows: 
      Engine:        SASSPDS 
      Physical Name: :12779890/spdsmeta2/DSTTMP/
NOTE: User sas(ACL Group ) connected to SPD(AIX) 5.4 server at 10.166.0.39.
NOTE: Libref TMPLIB2 was successfully assigned as follows: 
      Engine:        SASSPDS 
      Physical Name: :12779890/spdsmeta2/tmplib2/
NOTE: User sas(ACL Group ) connected to SPD(AIX) 5.4 server at 10.166.0.39.
NOTE: Libref PILIB was successfully assigned as follows: 
      Engine:        SASSPDS 
      Physical Name: :12779890/spdsmeta2/PILIB/
NOTE: User sas(ACL Group ) connected to SPD(AIX) 5.4 server at 10.166.0.39.
NOTE: Libref BLTMP was successfully assigned as follows: 
      Engine:        SASSPDS 
      Physical Name: :12779890/spdsmeta2/bltmp/
NOTE: User sas(ACL Group ) connected to SPD(AIX) 5.4 server at 10.166.0.39.
NOTE: Libref AUTODIAL was successfully assigned as follows: 
      Engine:        SASSPDS 
      Physical Name: :12779890/spdsmeta2/AUTODIAL/
NOTE: User sas(ACL Group ) connected to SPD(AIX) 5.4 server at 10.166.0.39.
NOTE: Libref PRICPRD was successfully assigned as follows: 
      Engine:        SASSPDS 
      Physical Name: :12779890/spdsmeta2/PRICPRD/
NOTE: User sas(ACL Group ) connected to SPD(AIX) 5.4 server at 10.166.0.39.
NOTE: Libref CPSREG was successfully assigned as follows: 
      Engine:        SASSPDS 
      Physical Name: :12779890/spdsmeta2/CPSREG/
NOTE: User sas(ACL Group ) connected to SPD(AIX) 5.4 server at 10.166.0.39.
NOTE: Libref CXDM was successfully assigned as follows: 
      Engine:        SASSPDS 
      Physical Name: :12779890/spdsmeta2/CXDM/
NOTE: User sas(ACL Group ) connected to SPD(AIX) 5.4 server at 10.166.0.39.
NOTE: Libref CPSFRC was successfully assigned as follows: 
      Engine:        SASSPDS 
      Physical Name: :12779890/spdsmeta2/CPSFRC/
NOTE: User sas(ACL Group ) connected to SPD(AIX) 5.4 server at 10.166.0.39.
NOTE: Libref SDLIB was successfully assigned as follows: 
      Engine:        SASSPDS 
      Physical Name: :12779890/spdsmeta2/SDLIB/
NOTE: User sas(ACL Group ) connected to SPD(AIX) 5.4 server at 10.166.0.39.
NOTE: Libref CMPDM was successfully assigned as follows: 
      Engine:        SASSPDS 
      Physical Name: :12779890/spdsmeta2/CMPDM/
NOTE: User sas(ACL Group ) connected to SPD(AIX) 5.4 server at 10.166.0.39.
NOTE: Libref PMDM was successfully assigned as follows: 
      Engine:        SASSPDS 
      Physical Name: :12779890/spdsmeta2/PMDM/
NOTE: User sas(ACL Group ) connected to SPD(AIX) 5.4 server at 10.166.0.39.
NOTE: Libref MSADM was successfully assigned as follows: 
      Engine:        SASSPDS 
      Physical Name: :12779890/spdsmeta2/MSADM/
NOTE: User sas(ACL Group ) connected to SPD(AIX) 5.4 server at 10.166.0.39.
NOTE: Libref FPCLIB was successfully assigned as follows: 
      Engine:        SASSPDS 
      Physical Name: :12779890/spdsmeta2/fpclib/
NOTE: User sas(ACL Group ) connected to SPD(AIX) 5.4 server at 10.166.0.39.
NOTE: Libref DBALIB was successfully assigned as follows: 
      Engine:        SASSPDS 
8                                                          The SAS System                             11:52 Sunday, October 18, 2020

      Physical Name: :12779890/spdsmeta2/DBALIB/
NOTE: User sas(ACL Group ) connected to SPD(AIX) 5.4 server at 10.166.0.39.
NOTE: Libref CPSHRLY was successfully assigned as follows: 
      Engine:        SASSPDS 
      Physical Name: :12779890/spdsmeta2/CPSHRLY/
NOTE: User sas(ACL Group ) connected to SPD(AIX) 5.4 server at 10.166.0.39.
NOTE: Libref PRCDM2 was successfully assigned as follows: 
      Engine:        SASSPDS 
      Physical Name: :12779890/spdsmeta2/PRCDM2/
NOTE: User sas(ACL Group ) connected to SPD(AIX) 5.4 server at 10.166.0.39.
NOTE: Libref ARCLIB was successfully assigned as follows: 
      Engine:        SASSPDS 
      Physical Name: :12779890/spdsmeta2/ARCLIB/
NOTE: User sas(ACL Group ) connected to SPD(AIX) 5.4 server at 10.166.0.39.
NOTE: Libref QL_SALES was successfully assigned as follows: 
      Engine:        SASSPDS 
      Physical Name: :12779890/spdsmeta2/QL_SALES/
NOTE: User sas(ACL Group ) connected to SPD(AIX) 5.4 server at 10.166.0.39.
NOTE: Libref ETSDM was successfully assigned as follows: 
      Engine:        SASSPDS 
      Physical Name: :12779890/spdsmeta2/etsdm/
NOTE: User sas(ACL Group ) connected to SPD(AIX) 5.4 server at 10.166.0.39.
NOTE: Libref EPYTMP was successfully assigned as follows: 
      Engine:        SASSPDS 
      Physical Name: :12779890/spdsmeta2/EPYTMP/
NOTE: User sas(ACL Group ) connected to SPD(AIX) 5.4 server at 10.166.0.39.
NOTE: Libref HRDM was successfully assigned as follows: 
      Engine:        SASSPDS 
      Physical Name: :12779890/spdsmeta2/HRDM/
NOTE: User sas(ACL Group ) connected to SPD(AIX) 5.4 server at 10.166.0.39.
NOTE: Libref CNPRCTMP was successfully assigned as follows: 
      Engine:        SASSPDS 
      Physical Name: :12779890/spdsmeta2/cnprctmp/
NOTE: User sas(ACL Group ) connected to SPD(AIX) 5.4 server at 10.166.0.39.
NOTE: Libref DI_SMDM was successfully assigned as follows: 
      Engine:        SASSPDS 
      Physical Name: :12779890/spdsmeta2/DI_SMDM/
NOTE: User sas(ACL Group ) connected to SPD(AIX) 5.4 server at 10.166.0.39.
NOTE: Libref PREFLIB was successfully assigned as follows: 
      Engine:        SASSPDS 
      Physical Name: :12779890/spdsmeta2/PREFLIB/
NOTE: User sas(ACL Group ) connected to SPD(AIX) 5.4 server at 10.166.0.39.
NOTE: Libref TRNLIB3 was successfully assigned as follows: 
      Engine:        SASSPDS 
      Physical Name: :12779890/spdsmeta2/TRNLIB3/
NOTE: User sas(ACL Group ) connected to SPD(AIX) 5.4 server at 10.166.0.39.
NOTE: Libref TMPLIB33 was successfully assigned as follows: 
      Engine:        SASSPDS 
      Physical Name: :12779890/spdsmeta2/TMPLIB3/
NOTE: User sas(ACL Group ) connected to SPD(AIX) 5.4 server at 10.166.0.39.
NOTE: Libref SHFDM was successfully assigned as follows: 
      Engine:        SASSPDS 
      Physical Name: :12779890/spdsmeta2/SHFDM/
NOTE: User sas(ACL Group ) connected to SPD(AIX) 5.4 server at 10.166.0.39.
NOTE: Libref SPDM was successfully assigned as follows: 
      Engine:        SASSPDS 
      Physical Name: :12779890/spdsmeta2/SPDM/
NOTE: User sas(ACL Group ) connected to SPD(AIX) 5.4 server at 10.166.0.39.
9                                                          The SAS System                             11:52 Sunday, October 18, 2020

NOTE: Libref SSIMDM was successfully assigned as follows: 
      Engine:        SASSPDS 
      Physical Name: :12779890/spdsmeta2/SSIMDM/
NOTE: User sas(ACL Group ) connected to SPD(AIX) 5.4 server at 10.166.0.39.
NOTE: Libref TKDM was successfully assigned as follows: 
      Engine:        SASSPDS 
      Physical Name: :12779890/spdsmeta2/TKDM/
NOTE: User sas(ACL Group ) connected to SPD(AIX) 5.4 server at 10.166.0.39.
NOTE: Libref EAP_PR was successfully assigned as follows: 
      Engine:        SASSPDS 
      Physical Name: :12779890/spdsmeta2/EAP_PR/
NOTE: User sas(ACL Group ) connected to SPD(AIX) 5.4 server at 10.166.0.39.
NOTE: Libref EAP_PAY was successfully assigned as follows: 
      Engine:        SASSPDS 
      Physical Name: :12779890/spdsmeta2/EAP_PAY/
NOTE: User sas(ACL Group ) connected to SPD(AIX) 5.4 server at 10.166.0.39.
NOTE: Libref KMHMDM was successfully assigned as follows: 
      Engine:        SASSPDS 
      Physical Name: :12779890/spdsmeta2/KMHMDM/
NOTE: User sas(ACL Group ) connected to SPD(AIX) 5.4 server at 10.166.0.39.
NOTE: Libref QVYDM was successfully assigned as follows: 
      Engine:        SASSPDS 
      Physical Name: :12779890/spdsmeta2/QVYDM/
NOTE: User sas(ACL Group ) connected to SPD(AIX) 5.4 server at 10.166.0.39.
NOTE: Libref VYDMKVKK was successfully assigned as follows: 
      Engine:        SASSPDS 
      Physical Name: :12779890/spdsmeta2/VYDMKVKK/
NOTE: User sas(ACL Group ) connected to SPD(AIX) 5.4 server at 10.166.0.39.
NOTE: Libref OGMTMP was successfully assigned as follows: 
      Engine:        SASSPDS 
      Physical Name: :12779890/spdsmeta2/OGMTMP/
NOTE: User sas(ACL Group ) connected to SPD(AIX) 5.4 server at 10.166.0.39.
NOTE: Libref OGMDM was successfully assigned as follows: 
      Engine:        SASSPDS 
      Physical Name: :12779890/spdsmeta2/OGMDM/
NOTE: User sas(ACL Group ) connected to SPD(AIX) 5.4 server at 10.166.0.39.
NOTE: Libref PRCTMP was successfully assigned as follows: 
      Engine:        SASSPDS 
      Physical Name: :12779890/spdsmeta2/prctmp/
NOTE: User sas(ACL Group ) connected to SPD(AIX) 5.4 server at 10.166.0.39.
NOTE: Libref CNPRCDM was successfully assigned as follows: 
      Engine:        SASSPDS 
      Physical Name: :12779890/spdsmeta2/cnprcdm/
NOTE: User sas(ACL Group ) connected to SPD(AIX) 5.4 server at 10.166.0.39.
NOTE: Libref IADM was successfully assigned as follows: 
      Engine:        SASSPDS 
      Physical Name: :12779890/spdsmeta2/iadm/
NOTE: User sas(ACL Group ) connected to SPD(AIX) 5.4 server at 10.166.0.39.
NOTE: Libref SMTMP2 was successfully assigned as follows: 
      Engine:        SASSPDS 
      Physical Name: :12779890/spdsmeta2/smtmp2/
NOTE: User sas(ACL Group ) connected to SPD(AIX) 5.4 server at 10.166.0.39.
NOTE: Libref ETSTMP was successfully assigned as follows: 
      Engine:        SASSPDS 
      Physical Name: :12779890/spdsmeta2/etstmp/
NOTE: User sas(ACL Group ) connected to SPD(AIX) 5.4 server at 10.166.0.39.
NOTE: Libref BITMP was successfully assigned as follows: 
      Engine:        SASSPDS 
10                                                         The SAS System                             11:52 Sunday, October 18, 2020

      Physical Name: :12779890/spdsmeta2/bitmp/
NOTE: User sas(ACL Group ) connected to SPD(AIX) 5.4 server at 10.166.0.39.
NOTE: Libref BIDM was successfully assigned as follows: 
      Engine:        SASSPDS 
      Physical Name: :12779890/spdsmeta2/bidm/
NOTE: User sas(ACL Group ) connected to SPD(AIX) 5.4 server at 10.166.0.39.
NOTE: Libref HSLIB was successfully assigned as follows: 
      Engine:        SASSPDS 
      Physical Name: :12779890/spdsmeta2/hslib/
NOTE: User sas(ACL Group ) connected to SPD(AIX) 5.4 server at 10.166.0.39.
NOTE: Libref RASDM was successfully assigned as follows: 
      Engine:        SASSPDS 
      Physical Name: :12779890/spdsmeta2/rasdm/
NOTE: User sas(ACL Group ) connected to SPD(AIX) 5.4 server at 10.166.0.39.
NOTE: Libref RAPVAS was successfully assigned as follows: 
      Engine:        SASSPDS 
      Physical Name: :12779890/spdsmeta2/rapvas/
NOTE: User sas(ACL Group ) connected to SPD(AIX) 5.4 server at 10.166.0.39.
NOTE: Libref FPCTMP was successfully assigned as follows: 
      Engine:        SASSPDS 
      Physical Name: :12779890/spdsmeta2/fpctmp/
NOTE: User sas(ACL Group ) connected to SPD(AIX) 5.4 server at 10.166.0.39.
NOTE: Libref FRCPRD was successfully assigned as follows: 
      Engine:        SASSPDS 
      Physical Name: :12779890/spdsmeta2/FRCPRD/
NOTE: User sas(ACL Group ) connected to SPD(AIX) 5.4 server at 10.166.0.39.
NOTE: Libref FRCARC was successfully assigned as follows: 
      Engine:        SASSPDS 
      Physical Name: :12779890/spdsmeta2/FRCARC/
NOTE: User sas(ACL Group ) connected to SPD(AIX) 5.4 server at 10.166.0.39.
NOTE: Libref PRCHPRD was successfully assigned as follows: 
      Engine:        SASSPDS 
      Physical Name: :12779890/spdsmeta2/PRCHPRD/
NOTE: User sas(ACL Group ) connected to SPD(AIX) 5.4 server at 10.166.0.39.
NOTE: Libref PRCHARC was successfully assigned as follows: 
      Engine:        SASSPDS 
      Physical Name: :12779890/spdsmeta2/PRCHARC/
NOTE: User sas(ACL Group ) connected to SPD(AIX) 5.4 server at 10.166.0.39.
NOTE: Libref HDGPRD was successfully assigned as follows: 
      Engine:        SASSPDS 
      Physical Name: :12779890/spdsmeta2/HDGPRD/
NOTE: User sas(ACL Group ) connected to SPD(AIX) 5.4 server at 10.166.0.39.
NOTE: Libref HDGARC was successfully assigned as follows: 
      Engine:        SASSPDS 
      Physical Name: :12779890/spdsmeta2/HDGARC/
NOTE: User sas(ACL Group ) connected to SPD(AIX) 5.4 server at 10.166.0.39.
NOTE: Libref PILIB2 was successfully assigned as follows: 
      Engine:        SASSPDS 
      Physical Name: :12779890/spdsmeta2/PILIB2/
NOTE: User sas(ACL Group ) connected to SPD(AIX) 5.4 server at 10.166.0.39.
NOTE: Libref MTHSO was successfully assigned as follows: 
      Engine:        SASSPDS 
      Physical Name: :12779890/spdsmeta2/MTHSO/
NOTE: User sas(ACL Group ) connected to SPD(AIX) 5.4 server at 10.166.0.39.
NOTE: Libref MTHMA was successfully assigned as follows: 
      Engine:        SASSPDS 
      Physical Name: :12779890/spdsmeta2/MTHMA/
NOTE: User sas(ACL Group ) connected to SPD(AIX) 5.4 server at 10.166.0.39.
11                                                         The SAS System                             11:52 Sunday, October 18, 2020

NOTE: Libref MTHTMP was successfully assigned as follows: 
      Engine:        SASSPDS 
      Physical Name: :12779890/spdsmeta2/MTHTMP/
NOTE: User sas(ACL Group ) connected to SPD(AIX) 5.4 server at 10.166.0.39.
NOTE: Libref DYMDM was successfully assigned as follows: 
      Engine:        SASSPDS 
      Physical Name: :12779890/spdsmeta2/DYMDM/
NOTE: User sas(ACL Group ) connected to SPD(AIX) 5.4 server at 10.166.0.39.
NOTE: Libref CSSLIB was successfully assigned as follows: 
      Engine:        SASSPDS 
      Physical Name: :12779890/spdsmeta2/CSSLIB/
NOTE: User sas(ACL Group ) connected to SPD(AIX) 5.4 server at 10.166.0.39.
NOTE: Libref SAHOL was successfully assigned as follows: 
      Engine:        SASSPDS 
      Physical Name: :12779890/spdsmeta2/SAHOL/
NOTE: User sas(ACL Group ) connected to SPD(AIX) 5.4 server at 10.166.0.39.
NOTE: Libref MKVR was successfully assigned as follows: 
      Engine:        SASSPDS 
      Physical Name: :12779890/spdsmeta2/MKVR/
137        data _null_;
138        	call symput('y0',put(YEAR(TODAY()),4.));
139        	call symput('y1',put(YEAR(TODAY())-1,4.));
140        	call symput('y2',put(YEAR(TODAY())-2,4.));
141        run;

NOTE: DATA statement used (Total process time):
      real time           0.00 seconds
      cpu time            0.00 seconds
      

142        
143        PROC SQL;
144        	CREATE TABLE TMPLIB3.Musteri_Segment_Name1 AS
145        		SELECT t1.SOZLESME_NO,
146        			t1.MUSTERI_TIPI,
147        	T1.DASK_POLICE_NO,
148        			t1.IST_GRUBU_SOZLESME_KOD,
149        			t1.IST_GRUBU_SOZLESME,
150        			t1.FTRYN_HZM_SGLC_KOD,
151        			t1.FTRYN_HZM_SGLC,
152        			t1.SIRKET_KODU,
153        			t1.ABONELIK_TARIHI,
154        			t1.ABONELIK_IPT_TARIHI,
155        			t1.DEGISIKLIK_TARIHI,
156        			t1.SOZ_YARATMA_TARIHI,
157        			t1.TAHSILAT_STRATEJISI_KOD,
158        			t1.TAHSILAT_STRATEJISI,
159        			t1.SOZ_BASLANGIC_TARIHI,
160        			t1.SOZ_BITIS_TARIHI,
161        			t1.THK_BLOKAJ_NEDENI,
162        			t1.SOZLESME_HESABI_NO,
163        			t1.BANK_ID_OTOMATIK_ODEME,
164        			t1.HESAP_SINIFI_KOD,
165        			t1.HESAP_SINIFI,
166        			t1.MUHATAP_NO,
167        			/* MUHATAP_ADI */
168        	(CASE
169        		WHEN t2.TYPE='1' THEN CATX(' ', STRIP(t2.NAME_FIRST), STRIP(t2.NAME_LAST))
12                                                         The SAS System                             11:52 Sunday, October 18, 2020

170        		ELSE CATX(' ', STRIP(t2.NAME_ORG1), STRIP(t2.NAME_ORG2),STRIP(t2.NAME_ORG3),STRIP(t2.NAME_ORG4))
171        		END)
172        	AS MUHATAP_ADI,
173        			   t1.DEKLERASYON_BELGE_NO, t1.DEKLERASYON_ALINMA_TARIHI,  t1.VERSIYON_BILGISI,
174        			t1.DEKLERASYON_DURUMU,
175        			t1.DEK_ALINMA_SAATI,
176        			t1.BARKOD_BILGISI,
177        			t1.ONLINE_ISLEMLER_UYELIGI,
178        			t1.MUHATAP_DOGUM_TARIHI,
179        			t1.MUHATAP_OLUM_TARIHI,
180        			t1.MUHATAP_TCKN,
181        			t1.MUHATAP_VKN,
182        			t1.MUHATAP_VD,
183        			t1.MUHATAP_SATIS_UZMANI,
184        			t1.ANA_MUSTERI_KAM,
185        			t1.MUSTERI_OLCEGI,
186        			t1.ANA_MUSTERI_NO,
187        			t1.TESISAT,
188        			t1.TAHAKKUK_SINIFI,
189        			t1.NOMINAL_DEGER_GRUBU,
190        			t1.TARIFE_TIPI_KOD,
191        			t1.TARIFE_TIPI,
192        			t1.TARIFE_TURU,
193        			t1.TESISAT_IL_KOD , t1.TESISAT_IL,
194        			t1.TESISAT_ILCE_KODU,
195        			t1.TESISAT_ILCE,
196        			t1.TESISAT_ADRES,
197        			t1.PSG_OP_MERKEZI_2,
198        			t1.USULSUZ_DURUMU,
199        			t1.TUK_NOK_TURU,
200        			t1.SBT_KONS_SEG_OZT,
201        			t1.SBT_KONS_SEG,
202        			t1.SBT_KONS_SEG_DET,
203        			t1.SBT_TSST_SEG_DET,
204        			t1.SBT_OLC_VS_SEG,
205        			t1.GNCL_KONS_SEG_OZT,
206        			t1.GNCL_KONS_SEG,
207        			t1.GNCL_KONS_SEG_DET,
208        			t1.SBT_FONKS_MHTP_SEG,
209        			t1.GNCL_TSST_SEG_DET,
210        			t1.GNCL_OLC_VS_SEG,
211        			t1.FONKS_MUHATAP_SEGMENT,
212        				T1.BAGLANTI_NESNESI,
213        			t1.SEG_TUK_M0,
214        			t1.SEG_TUK_M0_TRH,
215        			t1.SEG_TUK_M1,
216        			t1.SEG_TUK_M1_TRH,
217        			t1.AKTIF_TUKETIM_KWH_m24,
218        			t1.AKTIF_TUKETIM_KWH_m23,
219        			t1.AKTIF_TUKETIM_KWH_m22,
220        			t1.AKTIF_TUKETIM_KWH_m21,
221        			t1.AKTIF_TUKETIM_KWH_m20,
222        			t1.AKTIF_TUKETIM_KWH_m19,
223        			t1.AKTIF_TUKETIM_KWH_m18,
224        			t1.AKTIF_TUKETIM_KWH_m17,
225        			t1.AKTIF_TUKETIM_KWH_m16,
226        			t1.AKTIF_TUKETIM_KWH_m15,
227        			t1.AKTIF_TUKETIM_KWH_m14,
13                                                         The SAS System                             11:52 Sunday, October 18, 2020

228        			t1.AKTIF_TUKETIM_KWH_m13,
229        			t1.AKTIF_TUKETIM_KWH_m12,
230        			t1.AKTIF_TUKETIM_KWH_m11,
231        			t1.AKTIF_TUKETIM_KWH_m10,
232        			t1.AKTIF_TUKETIM_KWH_m9,
233        			t1.AKTIF_TUKETIM_KWH_m8,
234        			t1.AKTIF_TUKETIM_KWH_m7,
235        			t1.AKTIF_TUKETIM_KWH_m6,
236        			t1.AKTIF_TUKETIM_KWH_m5,
237        			t1.AKTIF_TUKETIM_KWH_m4,
238        			t1.AKTIF_TUKETIM_KWH_m3,
239        			t1.AKTIF_TUKETIM_KWH_m2,
240        			t1.AKTIF_TUKETIM_KWH_m1,
241        			t1.AKTIF_TUKETIM_KWH_m0,
242        			t1.AKTIF_TUKETIM_KWH_&y2.,
243        			t1.AKTIF_TUKETIM_KWH_&y1.,
244        			t1.AKTIF_TUKETIM_KWH_&y0.
245        FROM TMPLIB3.MUSTERI_SEGMENT t1 LEFT JOIN PODSLIB1.RCP_BUT000 t2 ON (t1.MUHATAP_NO = t2.PARTNER);
NOTE: User sas(ACL Group ) connected to SPD(AIX) 5.4 server at 10.166.0.39.
NOTE: Physical Name: TMPLIB3
 SPDS_NOTE: User sas(ACL Group ) connected to SPD(AIX) 5.4  Server at 10.166.0.39.
 SPDS_NOTE: Libref X0000001 was successfully assigned as follows: 
            Engine:        SPDSENG 
            Physical Name: :13631976/spdsmeta1/TMPLIB3/

 SPDS_NOTE: Libref TMPLIB3 was successfully assigned as follows: 
            Engine:        SPDSENG 
            Physical Name: :13631976/spdsmeta1/TMPLIB3/

 SPDS_NOTE: Libref PODSLIB1 was successfully assigned as follows: 
            Engine:        SPDSENG 
            Physical Name: :13631976/spdsmeta2/PODSLIB1/

NOTE: Implicit SQL:  select t1.SOZLESME_NO, t1.MUSTERI_TIPI, t1.DASK_POLICE_NO, t1.IST_GRUBU_SOZLESME_KOD, t1.IST_GRUBU_SOZLESME, 
      t1.FTRYN_HZM_SGLC_KOD, t1.FTRYN_HZM_SGLC, t1.SIRKET_KODU, t1.ABONELIK_TARIHI, t1.ABONELIK_IPT_TARIHI, t1.DEGISIKLIK_TARIHI, 
      t1.SOZ_YARATMA_TARIHI, t1.TAHSILAT_STRATEJISI_KOD, t1.TAHSILAT_STRATEJISI, t1.SOZ_BASLANGIC_TARIHI, t1.SOZ_BITIS_TARIHI, 
      t1.THK_BLOKAJ_NEDENI, t1.SOZLESME_HESABI_NO, t1.BANK_ID_OTOMATIK_ODEME, t1.HESAP_SINIFI_KOD, t1.HESAP_SINIFI, t1.MUHATAP_NO, 
      t2.TYPE, t2.NAME_FIRST, t2.NAME_LAST, t2.NAME_ORG1, t2.NAME_ORG2, t2.NAME_ORG3, t2.NAME_ORG4, t1.DEKLERASYON_BELGE_NO, 
      t1.DEKLERASYON_ALINMA_TARIHI, t1.VERSIYON_BILGISI, t1.DEKLERASYON_DURUMU, t1.DEK_ALINMA_SAATI, t1.BARKOD_BILGISI, 
      t1.ONLINE_ISLEMLER_UYELIGI, t1.MUHATAP_DOGUM_TARIHI, t1.MUHATAP_OLUM_TARIHI, t1.MUHATAP_TCKN, t1.MUHATAP_VKN, t1.MUHATAP_VD, 
      t1.MUHATAP_SATIS_UZMANI, t1.ANA_MUSTERI_KAM, t1.MUSTERI_OLCEGI, t1.ANA_MUSTERI_NO, t1.TESISAT, t1.TAHAKKUK_SINIFI, 
      t1.NOMINAL_DEGER_GRUBU, t1.TARIFE_TIPI_KOD, t1.TARIFE_TIPI, t1.TARIFE_TURU, t1.TESISAT_IL_KOD, t1.TESISAT_IL, 
      t1.TESISAT_ILCE_KODU, t1.TESISAT_ILCE, t1.TESISAT_ADRES, t1.PSG_OP_MERKEZI_2, t1.USULSUZ_DURUMU, t1.TUK_NOK_TURU, 
      t1.SBT_KONS_SEG_OZT, t1.SBT_KONS_SEG, t1.SBT_KONS_SEG_DET, t1.SBT_TSST_SEG_DET, t1.SBT_OLC_VS_SEG, t1.GNCL_KONS_SEG_OZT, 
      t1.GNCL_KONS_SEG, t1.GNCL_KONS_SEG_DET, t1.SBT_FONKS_MHTP_SEG, t1.GNCL_TSST_SEG_DET, t1.GNCL_OLC_VS_SEG, 
      t1.FONKS_MUHATAP_SEGMENT, t1.BAGLANTI_NESNESI, t1.SEG_TUK_M0, t1.SEG_TUK_M0_TRH, t1.SEG_TUK_M1, t1.SEG_TUK_M1_TRH, 
      t1.AKTIF_TUKETIM_KWH_m24, t1.AKTIF_TUKETIM_KWH_m23, t1.AKTIF_TUKETIM_KWH_m22, t1.AKTIF_TUKETIM_KWH_m21, 
      t1.AKTIF_TUKETIM_KWH_m20, t1.AKTIF_TUKETIM_KWH_m19, t1.AKTIF_TUKETIM_KWH_m18, t1.AKTIF_TUKETIM_KWH_m17, 
      t1.AKTIF_TUKETIM_KWH_m16, t1.AKTIF_TUKETIM_KWH_m15, t1.AKTIF_TUKETIM_KWH_m14, t1.AKTIF_TUKETIM_KWH_m13, 
      t1.AKTIF_TUKETIM_KWH_m12, t1.AKTIF_TUKETIM_KWH_m11, t1.AKTIF_TUKETIM_KWH_m10, t1.AKTIF_TUKETIM_KWH_m9, 
      t1.AKTIF_TUKETIM_KWH_m8, t1.AKTIF_TUKETIM_KWH_m7, t1.AKTIF_TUKETIM_KWH_m6, t1.AKTIF_TUKETIM_KWH_m5, t1.AKTIF_TUKETIM_KWH_m4, 
      t1.AKTIF_TUKETIM_KWH_m3, t1.AKTIF_TUKETIM_KWH_m2, t1.AKTIF_TUKETIM_KWH_m1, t1.AKTIF_TUKETIM_KWH_m0, 
      t1.AKTIF_TUKETIM_KWH_2018, t1.AKTIF_TUKETIM_KWH_2019, t1.AKTIF_TUKETIM_KWH_2020 from TMPLIB3.MUSTERI_SEGMENT t1 left join 
      PODSLIB1.RCP_BUT000 t2 on t1.MUHATAP_NO = t2.PARTNER
 SPDS_NOTE: Parallel Merge Join Method Selected

 SPDS_NOTE: Libref PODSLIB1 was successfully assigned as follows: 
            Engine:        SPDSENG 
14                                                         The SAS System                             11:52 Sunday, October 18, 2020

            Physical Name: :13631976/spdsmeta2/PODSLIB1/
 SPDS_NOTE: Libref TMPLIB3 was successfully assigned as follows: 
            Engine:        SPDSENG 
            Physical Name: :13631976/spdsmeta1/TMPLIB3/

NOTE: Table TMPLIB3.MUSTERI_SEGMENT_NAME1 created, with 31342222 rows and 98 columns.

246        
247        QUIT;
NOTE: PROCEDURE SQL used (Total process time):
      real time           5:30.44
      cpu time            2:17.66
      

248        
249        PROC SQL;
250        	CREATE TABLE TMPLIB3.Musteri_Segment_Name2 AS
251        		SELECT t1.SOZLESME_NO,
252        			t1.MUSTERI_TIPI,
253        				T1.DASK_POLICE_NO,
254        			t1.IST_GRUBU_SOZLESME_KOD,
255        			t1.IST_GRUBU_SOZLESME,
256        			t1.FTRYN_HZM_SGLC_KOD,
257        			t1.FTRYN_HZM_SGLC,
258        			t1.SIRKET_KODU,
259        			t1.ABONELIK_TARIHI,
260        			t1.ABONELIK_IPT_TARIHI,
261        			t1.DEGISIKLIK_TARIHI,
262        			t1.SOZ_YARATMA_TARIHI,
263        			t1.TAHSILAT_STRATEJISI_KOD,
264        			t1.TAHSILAT_STRATEJISI,
265        			t1.SOZ_BASLANGIC_TARIHI,
266        			t1.SOZ_BITIS_TARIHI,
267        			t1.THK_BLOKAJ_NEDENI,
268        			t1.SOZLESME_HESABI_NO,
269        			t1.BANK_ID_OTOMATIK_ODEME,
270        			t1.HESAP_SINIFI_KOD,
271        			t1.HESAP_SINIFI,
272        			t1.MUHATAP_NO,
273        			t1.MUHATAP_ADI,
274        			   t1.DEKLERASYON_BELGE_NO, t1.DEKLERASYON_ALINMA_TARIHI, t1.VERSIYON_BILGISI,
275        			   	t1.DEKLERASYON_DURUMU,
276        			t1.DEK_ALINMA_SAATI,
277        			t1.BARKOD_BILGISI,
278        			t1.ONLINE_ISLEMLER_UYELIGI,
279        			t1.MUHATAP_DOGUM_TARIHI,
280        			t1.MUHATAP_OLUM_TARIHI,
281        			t1.MUHATAP_TCKN,
282        			t1.MUHATAP_VKN,
283        			t1.MUHATAP_VD,
284        			t1.MUHATAP_SATIS_UZMANI,
285        			t1.ANA_MUSTERI_KAM,
286        			t1.MUSTERI_OLCEGI,
287        			t1.ANA_MUSTERI_NO,
288        		(CASE
289        			WHEN t2.TYPE='1'
290        			THEN CATX(' ', STRIP(t2.NAME_FIRST), STRIP(t2.NAME_LAST))
291        		ELSE CATX(' ', STRIP(t2.NAME_ORG1), STRIP(t2.NAME_ORG2),STRIP(t2.NAME_ORG3),STRIP(t2.NAME_ORG4))
15                                                         The SAS System                             11:52 Sunday, October 18, 2020

292        		END)
293        	AS ANA_MUSTERI_ADI,
294        		t1.TESISAT,
295        		t1.TAHAKKUK_SINIFI,
296        		t1.NOMINAL_DEGER_GRUBU,
297        		t1.TARIFE_TIPI_KOD,
298        		t1.TARIFE_TIPI,
299        		t1.TARIFE_TURU,
300        		t1.TESISAT_IL_KOD , t1.TESISAT_IL,
301        		t1.TESISAT_ILCE_KODU,
302        		t1.TESISAT_ILCE,
303        		t1.TESISAT_ADRES,
304        		t1.PSG_OP_MERKEZI_2,
305        		t1.USULSUZ_DURUMU,
306        		t1.TUK_NOK_TURU,
307        		t1.SBT_KONS_SEG_OZT,
308        		t1.SBT_KONS_SEG,
309        		t1.SBT_KONS_SEG_DET,
310        		t1.SBT_FONKS_MHTP_SEG,
311        		t1.SBT_TSST_SEG_DET,
312        		t1.SBT_OLC_VS_SEG,
313        		t1.GNCL_KONS_SEG_OZT,
314        		t1.GNCL_KONS_SEG,
315        		t1.GNCL_KONS_SEG_DET,
316        		t1.GNCL_TSST_SEG_DET,
317        		t1.GNCL_OLC_VS_SEG,
318        		t1.FONKS_MUHATAP_SEGMENT,
319        			T1.BAGLANTI_NESNESI,
320        		t1.SEG_TUK_M0,
321        		t1.SEG_TUK_M0_TRH,
322        		t1.SEG_TUK_M1,
323        		t1.SEG_TUK_M1_TRH,
324        		t1.AKTIF_TUKETIM_KWH_m24,
325        		t1.AKTIF_TUKETIM_KWH_m23,
326        		t1.AKTIF_TUKETIM_KWH_m22,
327        		t1.AKTIF_TUKETIM_KWH_m21,
328        		t1.AKTIF_TUKETIM_KWH_m20,
329        		t1.AKTIF_TUKETIM_KWH_m19,
330        		t1.AKTIF_TUKETIM_KWH_m18,
331        		t1.AKTIF_TUKETIM_KWH_m17,
332        		t1.AKTIF_TUKETIM_KWH_m16,
333        		t1.AKTIF_TUKETIM_KWH_m15,
334        		t1.AKTIF_TUKETIM_KWH_m14,
335        		t1.AKTIF_TUKETIM_KWH_m13,
336        		t1.AKTIF_TUKETIM_KWH_m12,
337        		t1.AKTIF_TUKETIM_KWH_m11,
338        		t1.AKTIF_TUKETIM_KWH_m10,
339        		t1.AKTIF_TUKETIM_KWH_m9,
340        		t1.AKTIF_TUKETIM_KWH_m8,
341        		t1.AKTIF_TUKETIM_KWH_m7,
342        		t1.AKTIF_TUKETIM_KWH_m6,
343        		t1.AKTIF_TUKETIM_KWH_m5,
344        		t1.AKTIF_TUKETIM_KWH_m4,
345        		t1.AKTIF_TUKETIM_KWH_m3,
346        		t1.AKTIF_TUKETIM_KWH_m2,
347        		t1.AKTIF_TUKETIM_KWH_m1,
348        		t1.AKTIF_TUKETIM_KWH_m0,
349        		t1.AKTIF_TUKETIM_KWH_&y2.,
16                                                         The SAS System                             11:52 Sunday, October 18, 2020

350        		t1.AKTIF_TUKETIM_KWH_&y1.,
351        		t1.AKTIF_TUKETIM_KWH_&y0.
352        	FROM TMPLIB3.Musteri_Segment_Name1 t1
353        		LEFT JOIN PODSLIB1.RCP_BUT000 t2 ON (t1.ANA_MUSTERI_NO = t2.PARTNER);
NOTE: User sas(ACL Group ) connected to SPD(AIX) 5.4 server at 10.166.0.39.
NOTE: Physical Name: TMPLIB3
 SPDS_NOTE: Libref X0000001 was successfully assigned as follows: 
            Engine:        SPDSENG 
            Physical Name: :13631976/spdsmeta1/TMPLIB3/

 SPDS_NOTE: Libref TMPLIB3 was successfully assigned as follows: 
            Engine:        SPDSENG 
            Physical Name: :13631976/spdsmeta1/TMPLIB3/

 SPDS_NOTE: Libref PODSLIB1 was successfully assigned as follows: 
            Engine:        SPDSENG 
            Physical Name: :13631976/spdsmeta2/PODSLIB1/

NOTE: Implicit SQL:  select t1.SOZLESME_NO, t1.MUSTERI_TIPI, t1.DASK_POLICE_NO, t1.IST_GRUBU_SOZLESME_KOD, t1.IST_GRUBU_SOZLESME, 
      t1.FTRYN_HZM_SGLC_KOD, t1.FTRYN_HZM_SGLC, t1.SIRKET_KODU, t1.ABONELIK_TARIHI, t1.ABONELIK_IPT_TARIHI, t1.DEGISIKLIK_TARIHI, 
      t1.SOZ_YARATMA_TARIHI, t1.TAHSILAT_STRATEJISI_KOD, t1.TAHSILAT_STRATEJISI, t1.SOZ_BASLANGIC_TARIHI, t1.SOZ_BITIS_TARIHI, 
      t1.THK_BLOKAJ_NEDENI, t1.SOZLESME_HESABI_NO, t1.BANK_ID_OTOMATIK_ODEME, t1.HESAP_SINIFI_KOD, t1.HESAP_SINIFI, t1.MUHATAP_NO, 
      t1.MUHATAP_ADI, t1.DEKLERASYON_BELGE_NO, t1.DEKLERASYON_ALINMA_TARIHI, t1.VERSIYON_BILGISI, t1.DEKLERASYON_DURUMU, 
      t1.DEK_ALINMA_SAATI, t1.BARKOD_BILGISI, t1.ONLINE_ISLEMLER_UYELIGI, t1.MUHATAP_DOGUM_TARIHI, t1.MUHATAP_OLUM_TARIHI, 
      t1.MUHATAP_TCKN, t1.MUHATAP_VKN, t1.MUHATAP_VD, t1.MUHATAP_SATIS_UZMANI, t1.ANA_MUSTERI_KAM, t1.MUSTERI_OLCEGI, 
      t1.ANA_MUSTERI_NO, t2.TYPE, t2.NAME_FIRST, t2.NAME_LAST, t2.NAME_ORG1, t2.NAME_ORG2, t2.NAME_ORG3, t2.NAME_ORG4, t1.TESISAT, 
      t1.TAHAKKUK_SINIFI, t1.NOMINAL_DEGER_GRUBU, t1.TARIFE_TIPI_KOD, t1.TARIFE_TIPI, t1.TARIFE_TURU, t1.TESISAT_IL_KOD, 
      t1.TESISAT_IL, t1.TESISAT_ILCE_KODU, t1.TESISAT_ILCE, t1.TESISAT_ADRES, t1.PSG_OP_MERKEZI_2, t1.USULSUZ_DURUMU, 
      t1.TUK_NOK_TURU, t1.SBT_KONS_SEG_OZT, t1.SBT_KONS_SEG, t1.SBT_KONS_SEG_DET, t1.SBT_FONKS_MHTP_SEG, t1.SBT_TSST_SEG_DET, 
      t1.SBT_OLC_VS_SEG, t1.GNCL_KONS_SEG_OZT, t1.GNCL_KONS_SEG, t1.GNCL_KONS_SEG_DET, t1.GNCL_TSST_SEG_DET, t1.GNCL_OLC_VS_SEG, 
      t1.FONKS_MUHATAP_SEGMENT, t1.BAGLANTI_NESNESI, t1.SEG_TUK_M0, t1.SEG_TUK_M0_TRH, t1.SEG_TUK_M1, t1.SEG_TUK_M1_TRH, 
      t1.AKTIF_TUKETIM_KWH_m24, t1.AKTIF_TUKETIM_KWH_m23, t1.AKTIF_TUKETIM_KWH_m22, t1.AKTIF_TUKETIM_KWH_m21, 
      t1.AKTIF_TUKETIM_KWH_m20, t1.AKTIF_TUKETIM_KWH_m19, t1.AKTIF_TUKETIM_KWH_m18, t1.AKTIF_TUKETIM_KWH_m17, 
      t1.AKTIF_TUKETIM_KWH_m16, t1.AKTIF_TUKETIM_KWH_m15, t1.AKTIF_TUKETIM_KWH_m14, t1.AKTIF_TUKETIM_KWH_m13, 
      t1.AKTIF_TUKETIM_KWH_m12, t1.AKTIF_TUKETIM_KWH_m11, t1.AKTIF_TUKETIM_KWH_m10, t1.AKTIF_TUKETIM_KWH_m9, 
      t1.AKTIF_TUKETIM_KWH_m8, t1.AKTIF_TUKETIM_KWH_m7, t1.AKTIF_TUKETIM_KWH_m6, t1.AKTIF_TUKETIM_KWH_m5, t1.AKTIF_TUKETIM_KWH_m4, 
      t1.AKTIF_TUKETIM_KWH_m3, t1.AKTIF_TUKETIM_KWH_m2, t1.AKTIF_TUKETIM_KWH_m1, t1.AKTIF_TUKETIM_KWH_m0, 
      t1.AKTIF_TUKETIM_KWH_2018, t1.AKTIF_TUKETIM_KWH_2019, t1.AKTIF_TUKETIM_KWH_2020 from TMPLIB3.MUSTERI_SEGMENT_NAME1 t1 left 
      join PODSLIB1.RCP_BUT000 t2 on t1.ANA_MUSTERI_NO = t2.PARTNER
 SPDS_NOTE: Parallel Merge Join Method Selected

 SPDS_NOTE: Libref PODSLIB1 was successfully assigned as follows: 
            Engine:        SPDSENG 
            Physical Name: :13631976/spdsmeta2/PODSLIB1/
 SPDS_NOTE: Libref TMPLIB3 was successfully assigned as follows: 
            Engine:        SPDSENG 
            Physical Name: :13631976/spdsmeta1/TMPLIB3/

NOTE: Table TMPLIB3.MUSTERI_SEGMENT_NAME2 created, with 31342222 rows and 99 columns.

354        QUIT;
NOTE: PROCEDURE SQL used (Total process time):
      real time           7:25.64
      cpu time            2:25.83
      

355        
356        proc sql;
17                                                         The SAS System                             11:52 Sunday, October 18, 2020

357        	drop table TMPLIB3.Musteri_Segment_Name1;
NOTE: Table TMPLIB3.MUSTERI_SEGMENT_NAME1 has been dropped.
358        quit;
NOTE: PROCEDURE SQL used (Total process time):
      real time           0.19 seconds
      cpu time            0.00 seconds
      

359        
360        PROC SQL;
361        	CREATE TABLE TMPLIB3.Musteri_Segment_Name3 AS
362        		SELECT t1.SOZLESME_NO,
363        			t1.MUSTERI_TIPI,
364        				T1.DASK_POLICE_NO,
365        			t1.IST_GRUBU_SOZLESME_KOD,
366        			t1.IST_GRUBU_SOZLESME,
367        			t1.FTRYN_HZM_SGLC_KOD,
368        			t1.FTRYN_HZM_SGLC,
369        			t1.SIRKET_KODU,
370        			t1.ABONELIK_TARIHI,
371        			t1.ABONELIK_IPT_TARIHI,
372        			t1.DEGISIKLIK_TARIHI,
373        			t1.SOZ_YARATMA_TARIHI,
374        			t1.TAHSILAT_STRATEJISI_KOD,
375        			t1.TAHSILAT_STRATEJISI,
376        			t1.SOZ_BASLANGIC_TARIHI,
377        			t1.SOZ_BITIS_TARIHI,
378        			t1.THK_BLOKAJ_NEDENI,
379        			t1.SOZLESME_HESABI_NO,
380        			t1.BANK_ID_OTOMATIK_ODEME,
381        			t1.HESAP_SINIFI_KOD,
382        			t1.HESAP_SINIFI,
383        			t1.MUHATAP_NO,
384        			t1.MUHATAP_ADI,
385        			   t1.DEKLERASYON_BELGE_NO, t1.DEKLERASYON_ALINMA_TARIHI, t1.VERSIYON_BILGISI,
386        			   	t1.DEKLERASYON_DURUMU,
387        			t1.DEK_ALINMA_SAATI,
388        			t1.BARKOD_BILGISI,
389        			t1.ONLINE_ISLEMLER_UYELIGI,
390        			t1.MUHATAP_DOGUM_TARIHI,
391        			t1.MUHATAP_OLUM_TARIHI,
392        			t1.MUHATAP_TCKN,
393        			t1.MUHATAP_VKN,
394        			t1.MUHATAP_VD,
395        			t1.MUHATAP_SATIS_UZMANI,
396        		(CASE
397        			WHEN t2.TYPE='1'
398        			THEN CATX(' ', STRIP(t2.NAME_FIRST), STRIP(t2.NAME_LAST))
399        		ELSE CATX(' ', STRIP(t2.NAME_ORG1), STRIP(t2.NAME_ORG2),STRIP(t2.NAME_ORG3),STRIP(t2.NAME_ORG4))
400        		END)
401        	AS  MUHATAP_SATIS_UZMANI_ADI,
402        		t1.ANA_MUSTERI_KAM,
403        		t1.MUSTERI_OLCEGI,
404        		t1.ANA_MUSTERI_NO,
405        		t1.ANA_MUSTERI_ADI,
406        		t1.TESISAT,
407        		t1.TAHAKKUK_SINIFI,
408        		t1.NOMINAL_DEGER_GRUBU,
18                                                         The SAS System                             11:52 Sunday, October 18, 2020

409        		t1.TARIFE_TIPI_KOD,
410        		t1.TARIFE_TIPI,
411        		t1.TARIFE_TURU,
412        		t1.TESISAT_IL_KOD , t1.TESISAT_IL,
413        		t1.TESISAT_ILCE_KODU,
414        		t1.TESISAT_ILCE,
415        		t1.TESISAT_ADRES,
416        		t1.PSG_OP_MERKEZI_2,
417        		t1.USULSUZ_DURUMU,
418        		t1.TUK_NOK_TURU,
419        		t1.SBT_KONS_SEG_OZT,
420        		t1.SBT_KONS_SEG,
421        		t1.SBT_KONS_SEG_DET,
422        		t1.SBT_FONKS_MHTP_SEG,
423        		t1.SBT_TSST_SEG_DET,
424        		t1.SBT_OLC_VS_SEG,
425        		t1.GNCL_KONS_SEG_OZT,
426        		t1.GNCL_KONS_SEG,
427        		t1.GNCL_KONS_SEG_DET,
428        		t1.GNCL_TSST_SEG_DET,
429        		t1.GNCL_OLC_VS_SEG,
430        		t1.FONKS_MUHATAP_SEGMENT,
431        			T1.BAGLANTI_NESNESI,
432        		t1.SEG_TUK_M0,
433        		t1.SEG_TUK_M0_TRH,
434        		t1.SEG_TUK_M1,
435        		t1.SEG_TUK_M1_TRH,
436        		t1.AKTIF_TUKETIM_KWH_m24,
437        		t1.AKTIF_TUKETIM_KWH_m23,
438        		t1.AKTIF_TUKETIM_KWH_m22,
439        		t1.AKTIF_TUKETIM_KWH_m21,
440        		t1.AKTIF_TUKETIM_KWH_m20,
441        		t1.AKTIF_TUKETIM_KWH_m19,
442        		t1.AKTIF_TUKETIM_KWH_m18,
443        		t1.AKTIF_TUKETIM_KWH_m17,
444        		t1.AKTIF_TUKETIM_KWH_m16,
445        		t1.AKTIF_TUKETIM_KWH_m15,
446        		t1.AKTIF_TUKETIM_KWH_m14,
447        		t1.AKTIF_TUKETIM_KWH_m13,
448        		t1.AKTIF_TUKETIM_KWH_m12,
449        		t1.AKTIF_TUKETIM_KWH_m11,
450        		t1.AKTIF_TUKETIM_KWH_m10,
451        		t1.AKTIF_TUKETIM_KWH_m9,
452        		t1.AKTIF_TUKETIM_KWH_m8,
453        		t1.AKTIF_TUKETIM_KWH_m7,
454        		t1.AKTIF_TUKETIM_KWH_m6,
455        		t1.AKTIF_TUKETIM_KWH_m5,
456        		t1.AKTIF_TUKETIM_KWH_m4,
457        		t1.AKTIF_TUKETIM_KWH_m3,
458        		t1.AKTIF_TUKETIM_KWH_m2,
459        		t1.AKTIF_TUKETIM_KWH_m1,
460        		t1.AKTIF_TUKETIM_KWH_m0,
461        		t1.AKTIF_TUKETIM_KWH_&y2.,
462        		t1.AKTIF_TUKETIM_KWH_&y1.,
463        		t1.AKTIF_TUKETIM_KWH_&y0.
464        	FROM TMPLIB3.Musteri_Segment_Name2 t1
465        		LEFT JOIN PODSLIB1.RCP_BUT000 t2 ON (t1.MUHATAP_SATIS_UZMANI = t2.PARTNER);
NOTE: User sas(ACL Group ) connected to SPD(AIX) 5.4 server at 10.166.0.39.
19                                                         The SAS System                             11:52 Sunday, October 18, 2020

NOTE: Physical Name: TMPLIB3
 SPDS_NOTE: Libref X0000001 was successfully assigned as follows: 
            Engine:        SPDSENG 
            Physical Name: :13631976/spdsmeta1/TMPLIB3/

 SPDS_NOTE: Libref TMPLIB3 was successfully assigned as follows: 
            Engine:        SPDSENG 
            Physical Name: :13631976/spdsmeta1/TMPLIB3/

 SPDS_NOTE: Libref PODSLIB1 was successfully assigned as follows: 
            Engine:        SPDSENG 
            Physical Name: :13631976/spdsmeta2/PODSLIB1/

NOTE: Implicit SQL:  select t1.SOZLESME_NO, t1.MUSTERI_TIPI, t1.DASK_POLICE_NO, t1.IST_GRUBU_SOZLESME_KOD, t1.IST_GRUBU_SOZLESME, 
      t1.FTRYN_HZM_SGLC_KOD, t1.FTRYN_HZM_SGLC, t1.SIRKET_KODU, t1.ABONELIK_TARIHI, t1.ABONELIK_IPT_TARIHI, t1.DEGISIKLIK_TARIHI, 
      t1.SOZ_YARATMA_TARIHI, t1.TAHSILAT_STRATEJISI_KOD, t1.TAHSILAT_STRATEJISI, t1.SOZ_BASLANGIC_TARIHI, t1.SOZ_BITIS_TARIHI, 
      t1.THK_BLOKAJ_NEDENI, t1.SOZLESME_HESABI_NO, t1.BANK_ID_OTOMATIK_ODEME, t1.HESAP_SINIFI_KOD, t1.HESAP_SINIFI, t1.MUHATAP_NO, 
      t1.MUHATAP_ADI, t1.DEKLERASYON_BELGE_NO, t1.DEKLERASYON_ALINMA_TARIHI, t1.VERSIYON_BILGISI, t1.DEKLERASYON_DURUMU, 
      t1.DEK_ALINMA_SAATI, t1.BARKOD_BILGISI, t1.ONLINE_ISLEMLER_UYELIGI, t1.MUHATAP_DOGUM_TARIHI, t1.MUHATAP_OLUM_TARIHI, 
      t1.MUHATAP_TCKN, t1.MUHATAP_VKN, t1.MUHATAP_VD, t1.MUHATAP_SATIS_UZMANI, t2.TYPE, t2.NAME_FIRST, t2.NAME_LAST, t2.NAME_ORG1, 
      t2.NAME_ORG2, t2.NAME_ORG3, t2.NAME_ORG4, t1.ANA_MUSTERI_KAM, t1.MUSTERI_OLCEGI, t1.ANA_MUSTERI_NO, t1.ANA_MUSTERI_ADI, 
      t1.TESISAT, t1.TAHAKKUK_SINIFI, t1.NOMINAL_DEGER_GRUBU, t1.TARIFE_TIPI_KOD, t1.TARIFE_TIPI, t1.TARIFE_TURU, 
      t1.TESISAT_IL_KOD, t1.TESISAT_IL, t1.TESISAT_ILCE_KODU, t1.TESISAT_ILCE, t1.TESISAT_ADRES, t1.PSG_OP_MERKEZI_2, 
      t1.USULSUZ_DURUMU, t1.TUK_NOK_TURU, t1.SBT_KONS_SEG_OZT, t1.SBT_KONS_SEG, t1.SBT_KONS_SEG_DET, t1.SBT_FONKS_MHTP_SEG, 
      t1.SBT_TSST_SEG_DET, t1.SBT_OLC_VS_SEG, t1.GNCL_KONS_SEG_OZT, t1.GNCL_KONS_SEG, t1.GNCL_KONS_SEG_DET, t1.GNCL_TSST_SEG_DET, 
      t1.GNCL_OLC_VS_SEG, t1.FONKS_MUHATAP_SEGMENT, t1.BAGLANTI_NESNESI, t1.SEG_TUK_M0, t1.SEG_TUK_M0_TRH, t1.SEG_TUK_M1, 
      t1.SEG_TUK_M1_TRH, t1.AKTIF_TUKETIM_KWH_m24, t1.AKTIF_TUKETIM_KWH_m23, t1.AKTIF_TUKETIM_KWH_m22, t1.AKTIF_TUKETIM_KWH_m21, 
      t1.AKTIF_TUKETIM_KWH_m20, t1.AKTIF_TUKETIM_KWH_m19, t1.AKTIF_TUKETIM_KWH_m18, t1.AKTIF_TUKETIM_KWH_m17, 
      t1.AKTIF_TUKETIM_KWH_m16, t1.AKTIF_TUKETIM_KWH_m15, t1.AKTIF_TUKETIM_KWH_m14, t1.AKTIF_TUKETIM_KWH_m13, 
      t1.AKTIF_TUKETIM_KWH_m12, t1.AKTIF_TUKETIM_KWH_m11, t1.AKTIF_TUKETIM_KWH_m10, t1.AKTIF_TUKETIM_KWH_m9, 
      t1.AKTIF_TUKETIM_KWH_m8, t1.AKTIF_TUKETIM_KWH_m7, t1.AKTIF_TUKETIM_KWH_m6, t1.AKTIF_TUKETIM_KWH_m5, t1.AKTIF_TUKETIM_KWH_m4, 
      t1.AKTIF_TUKETIM_KWH_m3, t1.AKTIF_TUKETIM_KWH_m2, t1.AKTIF_TUKETIM_KWH_m1, t1.AKTIF_TUKETIM_KWH_m0, 
      t1.AKTIF_TUKETIM_KWH_2018, t1.AKTIF_TUKETIM_KWH_2019, t1.AKTIF_TUKETIM_KWH_2020 from TMPLIB3.MUSTERI_SEGMENT_NAME2 t1 left 
      join PODSLIB1.RCP_BUT000 t2 on t1.MUHATAP_SATIS_UZMANI = t2.PARTNER
 SPDS_NOTE: Parallel Merge Join Method Selected

 SPDS_NOTE: Libref PODSLIB1 was successfully assigned as follows: 
            Engine:        SPDSENG 
            Physical Name: :13631976/spdsmeta2/PODSLIB1/
 SPDS_NOTE: Libref TMPLIB3 was successfully assigned as follows: 
            Engine:        SPDSENG 
            Physical Name: :13631976/spdsmeta1/TMPLIB3/

NOTE: Table TMPLIB3.MUSTERI_SEGMENT_NAME3 created, with 31342222 rows and 100 columns.

466        QUIT;
NOTE: PROCEDURE SQL used (Total process time):
      real time           17:48.54
      cpu time            2:31.61
      

467        
468        proc sql;
469        	drop table TMPLIB3.Musteri_Segment_Name2;
NOTE: Table TMPLIB3.MUSTERI_SEGMENT_NAME2 has been dropped.
470        quit;
NOTE: PROCEDURE SQL used (Total process time):
      real time           0.31 seconds
20                                                         The SAS System                             11:52 Sunday, October 18, 2020

      cpu time            0.00 seconds
      

471        
472        PROC SQL;
473        	CREATE TABLE TMPLIB3.MUSTERI_SEGMENT AS
474        		SELECT t1.SOZLESME_NO,
475        			t1.MUSTERI_TIPI,
476        				T1.DASK_POLICE_NO,
477        			t1.IST_GRUBU_SOZLESME_KOD,
478        			t1.IST_GRUBU_SOZLESME,
479        			t1.FTRYN_HZM_SGLC_KOD,
480        			t1.FTRYN_HZM_SGLC,
481        			t1.SIRKET_KODU,
482        			t1.ABONELIK_TARIHI,
483        			t1.ABONELIK_IPT_TARIHI,
484        			t1.DEGISIKLIK_TARIHI,
485        			t1.SOZ_YARATMA_TARIHI,
486        			t1.TAHSILAT_STRATEJISI_KOD,
487        			t1.TAHSILAT_STRATEJISI,
488        			t1.SOZ_BASLANGIC_TARIHI,
489        			t1.SOZ_BITIS_TARIHI,
490        			t1.THK_BLOKAJ_NEDENI,
491        			t1.SOZLESME_HESABI_NO,
492        			t1.BANK_ID_OTOMATIK_ODEME,
493        			t1.HESAP_SINIFI_KOD,
494        			t1.HESAP_SINIFI,
495        			t1.MUHATAP_NO,
496        			t1.MUHATAP_ADI,
497        		    t1.DEKLERASYON_BELGE_NO, t1.DEKLERASYON_ALINMA_TARIHI,  t1.VERSIYON_BILGISI,
498        				t1.DEKLERASYON_DURUMU,
499        			t1.DEK_ALINMA_SAATI,
500        			t1.BARKOD_BILGISI,
501        			t1.ONLINE_ISLEMLER_UYELIGI,
502        			t1.MUHATAP_DOGUM_TARIHI,
503        			t1.MUHATAP_OLUM_TARIHI,
504        			t1.MUHATAP_TCKN,
505        			t1.MUHATAP_VKN,
506        			t1.MUHATAP_VD,
507        			t1.MUHATAP_SATIS_UZMANI,
508        			t1.MUHATAP_SATIS_UZMANI_ADI,
509        			t1.ANA_MUSTERI_KAM,
510        		(CASE
511        			WHEN t2.TYPE='1'
512        			THEN CATX(' ', STRIP(t2.NAME_FIRST), STRIP(t2.NAME_LAST))
513        		ELSE CATX(' ', STRIP(t2.NAME_ORG1), STRIP(t2.NAME_ORG2),STRIP(t2.NAME_ORG3),STRIP(t2.NAME_ORG4))
514        		END)
515        	AS ANA_MUSTERI_KAM_ADI,
516        		t1.MUSTERI_OLCEGI,
517        		t1.ANA_MUSTERI_NO,
518        		t1.ANA_MUSTERI_ADI,
519        		t1.TESISAT,
520        		t1.TAHAKKUK_SINIFI,
521        		t1.NOMINAL_DEGER_GRUBU,
522        		t1.TARIFE_TIPI_KOD,
523        		t1.TARIFE_TIPI,
524        		t1.TARIFE_TURU,
525        		t1.TESISAT_IL_KOD , t1.TESISAT_IL,
21                                                         The SAS System                             11:52 Sunday, October 18, 2020

526        		t1.TESISAT_ILCE_KODU,
527        		t1.TESISAT_ILCE,
528        		t1.TESISAT_ADRES,
529        		t1.PSG_OP_MERKEZI_2,
530        		t1.USULSUZ_DURUMU,
531        		t1.TUK_NOK_TURU,
532        		t1.SBT_KONS_SEG_OZT,
533        		t1.SBT_KONS_SEG,
534        		t1.SBT_KONS_SEG_DET,
535        		t1.SBT_FONKS_MHTP_SEG,
536        		t1.SBT_TSST_SEG_DET,
537        		t1.SBT_OLC_VS_SEG,
538        		t1.GNCL_KONS_SEG_OZT,
539        		t1.GNCL_KONS_SEG,
540        		t1.GNCL_KONS_SEG_DET,
541        		t1.GNCL_TSST_SEG_DET,
542        		t1.GNCL_OLC_VS_SEG,
543        		t1.FONKS_MUHATAP_SEGMENT,
544        			T1.BAGLANTI_NESNESI,
545        		t1.SEG_TUK_M0,
546        		t1.SEG_TUK_M0_TRH,
547        		t1.SEG_TUK_M1,
548        		t1.SEG_TUK_M1_TRH,
549        		t1.AKTIF_TUKETIM_KWH_m24,
550        		t1.AKTIF_TUKETIM_KWH_m23,
551        		t1.AKTIF_TUKETIM_KWH_m22,
552        		t1.AKTIF_TUKETIM_KWH_m21,
553        		t1.AKTIF_TUKETIM_KWH_m20,
554        		t1.AKTIF_TUKETIM_KWH_m19,
555        		t1.AKTIF_TUKETIM_KWH_m18,
556        		t1.AKTIF_TUKETIM_KWH_m17,
557        		t1.AKTIF_TUKETIM_KWH_m16,
558        		t1.AKTIF_TUKETIM_KWH_m15,
559        		t1.AKTIF_TUKETIM_KWH_m14,
560        		t1.AKTIF_TUKETIM_KWH_m13,
561        		t1.AKTIF_TUKETIM_KWH_m12,
562        		t1.AKTIF_TUKETIM_KWH_m11,
563        		t1.AKTIF_TUKETIM_KWH_m10,
564        		t1.AKTIF_TUKETIM_KWH_m9,
565        		t1.AKTIF_TUKETIM_KWH_m8,
566        		t1.AKTIF_TUKETIM_KWH_m7,
567        		t1.AKTIF_TUKETIM_KWH_m6,
568        		t1.AKTIF_TUKETIM_KWH_m5,
569        		t1.AKTIF_TUKETIM_KWH_m4,
570        		t1.AKTIF_TUKETIM_KWH_m3,
571        		t1.AKTIF_TUKETIM_KWH_m2,
572        		t1.AKTIF_TUKETIM_KWH_m1,
573        		t1.AKTIF_TUKETIM_KWH_m0,
574        		t1.AKTIF_TUKETIM_KWH_&y2.,
575        		t1.AKTIF_TUKETIM_KWH_&y1.,
576        		t1.AKTIF_TUKETIM_KWH_&y0.
577        	FROM TMPLIB3.Musteri_Segment_Name3 t1
578        		LEFT JOIN PODSLIB1.RCP_BUT000 t2 ON (t1.ANA_MUSTERI_KAM = t2.PARTNER);
NOTE: User sas(ACL Group ) connected to SPD(AIX) 5.4 server at 10.166.0.39.
NOTE: Physical Name: TMPLIB3
 SPDS_NOTE: Libref X0000001 was successfully assigned as follows: 
            Engine:        SPDSENG 
            Physical Name: :13631976/spdsmeta1/TMPLIB3/
22                                                         The SAS System                             11:52 Sunday, October 18, 2020


 SPDS_NOTE: Libref TMPLIB3 was successfully assigned as follows: 
            Engine:        SPDSENG 
            Physical Name: :13631976/spdsmeta1/TMPLIB3/

 SPDS_NOTE: Libref PODSLIB1 was successfully assigned as follows: 
            Engine:        SPDSENG 
            Physical Name: :13631976/spdsmeta2/PODSLIB1/

NOTE: Implicit SQL:  select t1.SOZLESME_NO, t1.MUSTERI_TIPI, t1.DASK_POLICE_NO, t1.IST_GRUBU_SOZLESME_KOD, t1.IST_GRUBU_SOZLESME, 
      t1.FTRYN_HZM_SGLC_KOD, t1.FTRYN_HZM_SGLC, t1.SIRKET_KODU, t1.ABONELIK_TARIHI, t1.ABONELIK_IPT_TARIHI, t1.DEGISIKLIK_TARIHI, 
      t1.SOZ_YARATMA_TARIHI, t1.TAHSILAT_STRATEJISI_KOD, t1.TAHSILAT_STRATEJISI, t1.SOZ_BASLANGIC_TARIHI, t1.SOZ_BITIS_TARIHI, 
      t1.THK_BLOKAJ_NEDENI, t1.SOZLESME_HESABI_NO, t1.BANK_ID_OTOMATIK_ODEME, t1.HESAP_SINIFI_KOD, t1.HESAP_SINIFI, t1.MUHATAP_NO, 
      t1.MUHATAP_ADI, t1.DEKLERASYON_BELGE_NO, t1.DEKLERASYON_ALINMA_TARIHI, t1.VERSIYON_BILGISI, t1.DEKLERASYON_DURUMU, 
      t1.DEK_ALINMA_SAATI, t1.BARKOD_BILGISI, t1.ONLINE_ISLEMLER_UYELIGI, t1.MUHATAP_DOGUM_TARIHI, t1.MUHATAP_OLUM_TARIHI, 
      t1.MUHATAP_TCKN, t1.MUHATAP_VKN, t1.MUHATAP_VD, t1.MUHATAP_SATIS_UZMANI, t1.MUHATAP_SATIS_UZMANI_ADI, t1.ANA_MUSTERI_KAM, 
      t2.TYPE, t2.NAME_FIRST, t2.NAME_LAST, t2.NAME_ORG1, t2.NAME_ORG2, t2.NAME_ORG3, t2.NAME_ORG4, t1.MUSTERI_OLCEGI, 
      t1.ANA_MUSTERI_NO, t1.ANA_MUSTERI_ADI, t1.TESISAT, t1.TAHAKKUK_SINIFI, t1.NOMINAL_DEGER_GRUBU, t1.TARIFE_TIPI_KOD, 
      t1.TARIFE_TIPI, t1.TARIFE_TURU, t1.TESISAT_IL_KOD, t1.TESISAT_IL, t1.TESISAT_ILCE_KODU, t1.TESISAT_ILCE, t1.TESISAT_ADRES, 
      t1.PSG_OP_MERKEZI_2, t1.USULSUZ_DURUMU, t1.TUK_NOK_TURU, t1.SBT_KONS_SEG_OZT, t1.SBT_KONS_SEG, t1.SBT_KONS_SEG_DET, 
      t1.SBT_FONKS_MHTP_SEG, t1.SBT_TSST_SEG_DET, t1.SBT_OLC_VS_SEG, t1.GNCL_KONS_SEG_OZT, t1.GNCL_KONS_SEG, t1.GNCL_KONS_SEG_DET, 
      t1.GNCL_TSST_SEG_DET, t1.GNCL_OLC_VS_SEG, t1.FONKS_MUHATAP_SEGMENT, t1.BAGLANTI_NESNESI, t1.SEG_TUK_M0, t1.SEG_TUK_M0_TRH, 
      t1.SEG_TUK_M1, t1.SEG_TUK_M1_TRH, t1.AKTIF_TUKETIM_KWH_m24, t1.AKTIF_TUKETIM_KWH_m23, t1.AKTIF_TUKETIM_KWH_m22, 
      t1.AKTIF_TUKETIM_KWH_m21, t1.AKTIF_TUKETIM_KWH_m20, t1.AKTIF_TUKETIM_KWH_m19, t1.AKTIF_TUKETIM_KWH_m18, 
      t1.AKTIF_TUKETIM_KWH_m17, t1.AKTIF_TUKETIM_KWH_m16, t1.AKTIF_TUKETIM_KWH_m15, t1.AKTIF_TUKETIM_KWH_m14, 
      t1.AKTIF_TUKETIM_KWH_m13, t1.AKTIF_TUKETIM_KWH_m12, t1.AKTIF_TUKETIM_KWH_m11, t1.AKTIF_TUKETIM_KWH_m10, 
      t1.AKTIF_TUKETIM_KWH_m9, t1.AKTIF_TUKETIM_KWH_m8, t1.AKTIF_TUKETIM_KWH_m7, t1.AKTIF_TUKETIM_KWH_m6, t1.AKTIF_TUKETIM_KWH_m5, 
      t1.AKTIF_TUKETIM_KWH_m4, t1.AKTIF_TUKETIM_KWH_m3, t1.AKTIF_TUKETIM_KWH_m2, t1.AKTIF_TUKETIM_KWH_m1, t1.AKTIF_TUKETIM_KWH_m0, 
      t1.AKTIF_TUKETIM_KWH_2018, t1.AKTIF_TUKETIM_KWH_2019, t1.AKTIF_TUKETIM_KWH_2020 from TMPLIB3.MUSTERI_SEGMENT_NAME3 t1 left 
      join PODSLIB1.RCP_BUT000 t2 on t1.ANA_MUSTERI_KAM = t2.PARTNER
 SPDS_NOTE: Parallel Merge Join Method Selected

 SPDS_NOTE: Libref PODSLIB1 was successfully assigned as follows: 
            Engine:        SPDSENG 
            Physical Name: :13631976/spdsmeta2/PODSLIB1/
 SPDS_NOTE: Libref TMPLIB3 was successfully assigned as follows: 
            Engine:        SPDSENG 
            Physical Name: :13631976/spdsmeta1/TMPLIB3/

NOTE: Table TMPLIB3.MUSTERI_SEGMENT created, with 31342222 rows and 101 columns.

579        QUIT;
NOTE: PROCEDURE SQL used (Total process time):
      real time           18:02.14
      cpu time            2:39.89
      

580        
581        proc sql;
582        	drop table TMPLIB3.Musteri_Segment_Name3;
NOTE: Table TMPLIB3.MUSTERI_SEGMENT_NAME3 has been dropped.
583        quit;
NOTE: PROCEDURE SQL used (Total process time):
      real time           0.28 seconds
      cpu time            0.00 seconds
      

NOTE: SAS Institute Inc., SAS Campus Drive, Cary, NC USA 27513-2414
23                                                         The SAS System                             11:52 Sunday, October 18, 2020

NOTE: The SAS System used:
      real time           49:10.32
      cpu time            9:55.40
      
