1                                                          The SAS System                             12:41 Sunday, October 18, 2020

NOTE: Unable to open SASUSER.REGSTRY. WORK.REGSTRY will be opened instead.
NOTE: All registry changes will be lost at the end of the session.

WARNING: Unable to copy SASUSER registry to WORK registry. Because of this, you will not see registry customizations during this 
         session.
ERROR: The SAS System is executing on a processor (CPU) whose model name, 
       model number, and serial number are not included in the setinit data 
       used to initialize the SAS System library in use. This is permitted if 
       this processor is a designated backup processor for a licensed CPU.
For this site, the SAS system is licensed for the following CPU serial 
numbers:
Model  **EEDPA0* Serial Number +4
ERROR: The requested node name EEDPA0 does not match the actual node name 
ERSDPA0.
NOTE: Unable to open SASUSER.PROFILE. WORK.PROFILE will be opened instead.
NOTE: All profile changes will be lost at the end of the session.
NOTE: Copyright (c) 2016 by SAS Institute Inc., Cary, NC, USA. 
NOTE: SAS (r) Proprietary Software 9.4 (TS1M6) 
      Licensed to ENERJISA -TOROSLAR - DATA MANAGEMENT ADV PROD., Site 70166440.
NOTE: This session is executing on the AIX 7.2 (AIX 64) platform.



NOTE: Analytical products:
      
      SAS/STAT 15.1
      SAS/ETS 15.1

ERROR: The SAS System is executing on a processor (CPU) whose model name, model number, and serial number are not included in the 
       setinit data used to initialize the SAS System library in use. This is permitted if this processor is a designated backup 
       processor for a licensed CPU.
For this site, the SAS system is licensed for the following CPU serial numbers:

Model  **EEDPA0* Serial Number +4
ERROR: The requested node name EEDPA0 does not match the actual node name ERSDPA0.

NOTE: Additional host information:

IBM AIX AIX 64 2 7 00C9C0374C00 

You are running SAS 9. Some SAS 8 files will be automatically converted 
by the V9 engine; others are incompatible.  Please see 
http://support.sas.com/rnd/migration/planning/platform/64bit.html

PROC MIGRATE will preserve current SAS file attributes and is 
recommended for converting all your SAS libraries from any 
SAS 8 release to SAS 9.  For details and examples, please see
http://support.sas.com/rnd/migration/index.html


This message is contained in the SAS news file, and is presented upon
initialization.  Edit the file "news" in the "misc/base" directory to
display site-specific news and information in the program log.
The command line option "-nonews" will prevent this display.




2                                                          The SAS System                             12:41 Sunday, October 18, 2020

NOTE: SAS initialization used:
      real time           0.03 seconds
      cpu time            0.02 seconds
      

NOTE: AUTOEXEC processing beginning; file is /bidm/sascodes/Musteri_Sayisi/Autoexec.sas.


NOTE: AUTOEXEC processing completed.

1          %include "/sas/sascodes/Autoexec_File/Autoexec.sas";
NOTE: This is a SPD 5.4  Engine 
      executing SAS (r) 9.4 (TS1M6) on the AIX platform.
NOTE: User sas(ACL Group ) connected to SPD(AIX) 5.4 server at 10.166.0.39.
NOTE: Libref TMPLIB3 was successfully assigned as follows: 
      Engine:        SASSPDS 
      Physical Name: :10814146/spdsmeta1/TMPLIB3/
NOTE: User sas(ACL Group ) connected to SPD(AIX) 5.4 server at 10.166.0.39.
NOTE: Libref PODSLIB3 was successfully assigned as follows: 
      Engine:        SASSPDS 
      Physical Name: :10814146/spdsmeta1/PODSLIB3/
NOTE: User sas(ACL Group ) connected to SPD(AIX) 5.4 server at 10.166.0.39.
NOTE: Libref DMLIB was successfully assigned as follows: 
      Engine:        SASSPDS 
      Physical Name: :10814146/spdsmeta1/DMLIB/
NOTE: User sas(ACL Group ) connected to SPD(AIX) 5.4 server at 10.166.0.39.
NOTE: Libref TRNLIB was successfully assigned as follows: 
      Engine:        SASSPDS 
      Physical Name: :10814146/spdsmeta1/TRNLIB/
NOTE: User sas(ACL Group ) connected to SPD(AIX) 5.4 server at 10.166.0.39.
NOTE: Libref ODSLIB3 was successfully assigned as follows: 
      Engine:        SASSPDS 
      Physical Name: :10814146/spdsmeta1/ODSLIB3/
NOTE: User sas(ACL Group ) connected to SPD(AIX) 5.4 server at 10.166.0.39.
NOTE: Libref TMPLIB4 was successfully assigned as follows: 
      Engine:        SASSPDS 
      Physical Name: :10814146/spdsmeta1/TMPLIB4/
NOTE: User sas(ACL Group ) connected to SPD(AIX) 5.4 server at 10.166.0.39.
NOTE: Libref FADM was successfully assigned as follows: 
      Engine:        SASSPDS 
      Physical Name: :10814146/spdsmeta1/FADM/
NOTE: User sas(ACL Group ) connected to SPD(AIX) 5.4 server at 10.166.0.39.
NOTE: Libref VYDM was successfully assigned as follows: 
      Engine:        SASSPDS 
      Physical Name: :10814146/spdsmeta2/VYDM/
NOTE: User sas(ACL Group ) connected to SPD(AIX) 5.4 server at 10.166.0.39.
NOTE: Libref ODSLIB was successfully assigned as follows: 
      Engine:        SASSPDS 
      Physical Name: :10814146/spdsmeta2/ODSLIB/
NOTE: User sas(ACL Group ) connected to SPD(AIX) 5.4 server at 10.166.0.39.
NOTE: Libref NEDLIB was successfully assigned as follows: 
      Engine:        SASSPDS 
      Physical Name: :10814146/spdsmeta2/NEDLIB/
NOTE: User sas(ACL Group ) connected to SPD(AIX) 5.4 server at 10.166.0.39.
NOTE: Libref SMDM was successfully assigned as follows: 
      Engine:        SASSPDS 
      Physical Name: :10814146/spdsmeta2/smdm/
NOTE: User sas(ACL Group ) connected to SPD(AIX) 5.4 server at 10.166.0.39.
3                                                          The SAS System                             12:41 Sunday, October 18, 2020

NOTE: Libref TRNLIB2 was successfully assigned as follows: 
      Engine:        SASSPDS 
      Physical Name: :10814146/spdsmeta2/TRNLIB2/
NOTE: User sas(ACL Group ) connected to SPD(AIX) 5.4 server at 10.166.0.39.
NOTE: Libref MSATMP was successfully assigned as follows: 
      Engine:        SASSPDS 
      Physical Name: :10814146/spdsmeta2/MSATMP/
NOTE: User sas(ACL Group ) connected to SPD(AIX) 5.4 server at 10.166.0.39.
NOTE: Libref OKMTMP was successfully assigned as follows: 
      Engine:        SASSPDS 
      Physical Name: :10814146/spdsmeta2/okmtmp/
NOTE: User sas(ACL Group ) connected to SPD(AIX) 5.4 server at 10.166.0.39.
NOTE: Libref MIGLIB was successfully assigned as follows: 
      Engine:        SASSPDS 
      Physical Name: :10814146/spdsmeta2/MIGLIB/
NOTE: User sas(ACL Group ) connected to SPD(AIX) 5.4 server at 10.166.0.39.
NOTE: Libref REFCPS was successfully assigned as follows: 
      Engine:        SASSPDS 
      Physical Name: :10814146/spdsmeta2/REFCPS/
NOTE: User sas(ACL Group ) connected to SPD(AIX) 5.4 server at 10.166.0.39.
NOTE: Libref EAP_ETY was successfully assigned as follows: 
      Engine:        SASSPDS 
      Physical Name: :10814146/spdsmeta2/EAP_ETY/
NOTE: User sas(ACL Group ) connected to SPD(AIX) 5.4 server at 10.166.0.39.
NOTE: Libref PODSLIB1 was successfully assigned as follows: 
      Engine:        SASSPDS 
      Physical Name: :10814146/spdsmeta2/PODSLIB1/
NOTE: User sas(ACL Group ) connected to SPD(AIX) 5.4 server at 10.166.0.39.
NOTE: Libref TMPLIB was successfully assigned as follows: 
      Engine:        SASSPDS 
      Physical Name: :10814146/spdsmeta2/tmplib/
NOTE: User sas(ACL Group ) connected to SPD(AIX) 5.4 server at 10.166.0.39.
NOTE: Libref CRLIB was successfully assigned as follows: 
      Engine:        SASSPDS 
      Physical Name: :10814146/spdsmeta2/crlib/
NOTE: User sas(ACL Group ) connected to SPD(AIX) 5.4 server at 10.166.0.39.
NOTE: Libref OKMDM was successfully assigned as follows: 
      Engine:        SASSPDS 
      Physical Name: :10814146/spdsmeta2/okmdm/
NOTE: User sas(ACL Group ) connected to SPD(AIX) 5.4 server at 10.166.0.39.
NOTE: Libref CCDM was successfully assigned as follows: 
      Engine:        SASSPDS 
      Physical Name: :10814146/spdsmeta2/CCDM/
NOTE: User sas(ACL Group ) connected to SPD(AIX) 5.4 server at 10.166.0.39.
NOTE: Libref RMCDM was successfully assigned as follows: 
      Engine:        SASSPDS 
      Physical Name: :10814146/spdsmeta2/rmcdm/
NOTE: User sas(ACL Group ) connected to SPD(AIX) 5.4 server at 10.166.0.39.
NOTE: Libref SMTMP was successfully assigned as follows: 
      Engine:        SASSPDS 
      Physical Name: :10814146/spdsmeta2/smtmp/
NOTE: User sas(ACL Group ) connected to SPD(AIX) 5.4 server at 10.166.0.39.
NOTE: Libref SOSEC was successfully assigned as follows: 
      Engine:        SASSPDS 
      Physical Name: :10814146/spdsmeta2/sosec/
NOTE: User sas(ACL Group ) connected to SPD(AIX) 5.4 server at 10.166.0.39.
NOTE: Libref PODSLIB2 was successfully assigned as follows: 
      Engine:        SASSPDS 
4                                                          The SAS System                             12:41 Sunday, October 18, 2020

      Physical Name: :10814146/spdsmeta2/PODSLIB2/
NOTE: User sas(ACL Group ) connected to SPD(AIX) 5.4 server at 10.166.0.39.
NOTE: Libref MHMDM was successfully assigned as follows: 
      Engine:        SASSPDS 
      Physical Name: :10814146/spdsmeta2/MHMDM/
NOTE: User sas(ACL Group ) connected to SPD(AIX) 5.4 server at 10.166.0.39.
NOTE: Libref CCDM2 was successfully assigned as follows: 
      Engine:        SASSPDS 
      Physical Name: :10814146/spdsmeta2/CCDM2/
NOTE: User sas(ACL Group ) connected to SPD(AIX) 5.4 server at 10.166.0.39.
NOTE: Libref RASTMP was successfully assigned as follows: 
      Engine:        SASSPDS 
      Physical Name: :10814146/spdsmeta2/rastmp/
NOTE: User sas(ACL Group ) connected to SPD(AIX) 5.4 server at 10.166.0.39.
NOTE: Libref SODM was successfully assigned as follows: 
      Engine:        SASSPDS 
      Physical Name: :10814146/spdsmeta2/sodm/
NOTE: User sas(ACL Group ) connected to SPD(AIX) 5.4 server at 10.166.0.39.
NOTE: Libref D2DLIB was successfully assigned as follows: 
      Engine:        SASSPDS 
      Physical Name: :10814146/spdsmeta2/D2DLIB/
NOTE: User sas(ACL Group ) connected to SPD(AIX) 5.4 server at 10.166.0.39.
NOTE: Libref ODSLIB2 was successfully assigned as follows: 
      Engine:        SASSPDS 
      Physical Name: :10814146/spdsmeta2/ODSLIB2/
NOTE: User sas(ACL Group ) connected to SPD(AIX) 5.4 server at 10.166.0.39.
NOTE: Libref RAPREF was successfully assigned as follows: 
      Engine:        SASSPDS 
      Physical Name: :10814146/spdsmeta2/rapref/
NOTE: User sas(ACL Group ) connected to SPD(AIX) 5.4 server at 10.166.0.39.
NOTE: Libref SOMLIB was successfully assigned as follows: 
      Engine:        SASSPDS 
      Physical Name: :10814146/spdsmeta2/SOMLIB/
NOTE: User sas(ACL Group ) connected to SPD(AIX) 5.4 server at 10.166.0.39.
NOTE: Libref PRICARC was successfully assigned as follows: 
      Engine:        SASSPDS 
      Physical Name: :10814146/spdsmeta2/PRICARC/
NOTE: User sas(ACL Group ) connected to SPD(AIX) 5.4 server at 10.166.0.39.
NOTE: Libref MIGLIB2 was successfully assigned as follows: 
      Engine:        SASSPDS 
      Physical Name: :10814146/spdsmeta2/MIGLIB2/
NOTE: User sas(ACL Group ) connected to SPD(AIX) 5.4 server at 10.166.0.39.
NOTE: Libref SOTMP was successfully assigned as follows: 
      Engine:        SASSPDS 
      Physical Name: :10814146/spdsmeta2/sotmp/
NOTE: User sas(ACL Group ) connected to SPD(AIX) 5.4 server at 10.166.0.39.
NOTE: Libref TSDM was successfully assigned as follows: 
      Engine:        SASSPDS 
      Physical Name: :10814146/spdsmeta2/TSDM/
NOTE: User sas(ACL Group ) connected to SPD(AIX) 5.4 server at 10.166.0.39.
NOTE: Libref TALDM was successfully assigned as follows: 
      Engine:        SASSPDS 
      Physical Name: :10814146/spdsmeta2/taldm/
NOTE: User sas(ACL Group ) connected to SPD(AIX) 5.4 server at 10.166.0.39.
NOTE: Libref CPSUST was successfully assigned as follows: 
      Engine:        SASSPDS 
      Physical Name: :10814146/spdsmeta2/CPSUST/
NOTE: User sas(ACL Group ) connected to SPD(AIX) 5.4 server at 10.166.0.39.
5                                                          The SAS System                             12:41 Sunday, October 18, 2020

NOTE: Libref STJVYDM was successfully assigned as follows: 
      Engine:        SASSPDS 
      Physical Name: :10814146/spdsmeta2/STJVYDM/
NOTE: User sas(ACL Group ) connected to SPD(AIX) 5.4 server at 10.166.0.39.
NOTE: Libref QLIKLIB was successfully assigned as follows: 
      Engine:        SASSPDS 
      Physical Name: :10814146/spdsmeta2/QLIKLIB/
NOTE: User sas(ACL Group ) connected to SPD(AIX) 5.4 server at 10.166.0.39.
NOTE: Libref BADM was successfully assigned as follows: 
      Engine:        SASSPDS 
      Physical Name: :10814146/spdsmeta2/badm/
NOTE: User sas(ACL Group ) connected to SPD(AIX) 5.4 server at 10.166.0.39.
NOTE: Libref EDULIB was successfully assigned as follows: 
      Engine:        SASSPDS 
      Physical Name: :10814146/spdsmeta2/edulib/
NOTE: User sas(ACL Group ) connected to SPD(AIX) 5.4 server at 10.166.0.39.
NOTE: Libref STLF was successfully assigned as follows: 
      Engine:        SASSPDS 
      Physical Name: :10814146/spdsmeta2/STLF/
NOTE: User sas(ACL Group ) connected to SPD(AIX) 5.4 server at 10.166.0.39.
NOTE: Libref DASHLIBD was successfully assigned as follows: 
      Engine:        SASSPDS 
      Physical Name: :10814146/spdsmeta2/DASHLIBD/
NOTE: User sas(ACL Group ) connected to SPD(AIX) 5.4 server at 10.166.0.39.
NOTE: Libref BFLIB was successfully assigned as follows: 
      Engine:        SASSPDS 
      Physical Name: :10814146/spdsmeta2/bflib/
NOTE: User sas(ACL Group ) connected to SPD(AIX) 5.4 server at 10.166.0.39.
NOTE: Libref BATMP was successfully assigned as follows: 
      Engine:        SASSPDS 
      Physical Name: :10814146/spdsmeta2/batmp/
NOTE: User sas(ACL Group ) connected to SPD(AIX) 5.4 server at 10.166.0.39.
NOTE: Libref SOPDM was successfully assigned as follows: 
      Engine:        SASSPDS 
      Physical Name: :10814146/spdsmeta2/sopdm/
NOTE: User sas(ACL Group ) connected to SPD(AIX) 5.4 server at 10.166.0.39.
NOTE: Libref KKLIB was successfully assigned as follows: 
      Engine:        SASSPDS 
      Physical Name: :10814146/spdsmeta2/kklib/
NOTE: User sas(ACL Group ) connected to SPD(AIX) 5.4 server at 10.166.0.39.
NOTE: Libref MHMAYEDS was successfully assigned as follows: 
      Engine:        SASSPDS 
      Physical Name: :10814146/spdsmeta2/MHMAYEDS/
NOTE: User sas(ACL Group ) connected to SPD(AIX) 5.4 server at 10.166.0.39.
NOTE: Libref MTHEO was successfully assigned as follows: 
      Engine:        SASSPDS 
      Physical Name: :10814146/spdsmeta2/MTHEO/
NOTE: User sas(ACL Group ) connected to SPD(AIX) 5.4 server at 10.166.0.39.
NOTE: Libref PRCDM was successfully assigned as follows: 
      Engine:        SASSPDS 
      Physical Name: :10814146/spdsmeta2/prcdm/
NOTE: User sas(ACL Group ) connected to SPD(AIX) 5.4 server at 10.166.0.39.
NOTE: Libref BLDM was successfully assigned as follows: 
      Engine:        SASSPDS 
      Physical Name: :10814146/spdsmeta2/bldm/
NOTE: User sas(ACL Group ) connected to SPD(AIX) 5.4 server at 10.166.0.39.
NOTE: Libref RAPTMP was successfully assigned as follows: 
      Engine:        SASSPDS 
6                                                          The SAS System                             12:41 Sunday, October 18, 2020

      Physical Name: :10814146/spdsmeta2/raptmp/
NOTE: User sas(ACL Group ) connected to SPD(AIX) 5.4 server at 10.166.0.39.
NOTE: Libref PRFTBLIB was successfully assigned as follows: 
      Engine:        SASSPDS 
      Physical Name: :10814146/spdsmeta2/prftblib/
NOTE: User sas(ACL Group ) connected to SPD(AIX) 5.4 server at 10.166.0.39.
NOTE: Libref RAPOUT was successfully assigned as follows: 
      Engine:        SASSPDS 
      Physical Name: :10814146/spdsmeta2/rapout/
NOTE: User sas(ACL Group ) connected to SPD(AIX) 5.4 server at 10.166.0.39.
NOTE: Libref RAPTEST was successfully assigned as follows: 
      Engine:        SASSPDS 
      Physical Name: :10814146/spdsmeta2/RAPTEST/
NOTE: User sas(ACL Group ) connected to SPD(AIX) 5.4 server at 10.166.0.39.
NOTE: Libref DMLIB2 was successfully assigned as follows: 
      Engine:        SASSPDS 
      Physical Name: :10814146/spdsmeta2/DMLIB2/
NOTE: User sas(ACL Group ) connected to SPD(AIX) 5.4 server at 10.166.0.39.
NOTE: Libref BCSDM was successfully assigned as follows: 
      Engine:        SASSPDS 
      Physical Name: :10814146/spdsmeta2/BCSDM/
NOTE: User sas(ACL Group ) connected to SPD(AIX) 5.4 server at 10.166.0.39.
NOTE: Libref IATMP was successfully assigned as follows: 
      Engine:        SASSPDS 
      Physical Name: :10814146/spdsmeta2/iatmp/
NOTE: User sas(ACL Group ) connected to SPD(AIX) 5.4 server at 10.166.0.39.
NOTE: Libref SOSUF was successfully assigned as follows: 
      Engine:        SASSPDS 
      Physical Name: :10814146/spdsmeta2/sosuf/
NOTE: User sas(ACL Group ) connected to SPD(AIX) 5.4 server at 10.166.0.39.
NOTE: Libref RAPARCH was successfully assigned as follows: 
      Engine:        SASSPDS 
      Physical Name: :10814146/spdsmeta2/raparch/
NOTE: User sas(ACL Group ) connected to SPD(AIX) 5.4 server at 10.166.0.39.
NOTE: Libref RMCTMP was successfully assigned as follows: 
      Engine:        SASSPDS 
      Physical Name: :10814146/spdsmeta2/rmctmp/
NOTE: User sas(ACL Group ) connected to SPD(AIX) 5.4 server at 10.166.0.39.
NOTE: Libref MTHKA was successfully assigned as follows: 
      Engine:        SASSPDS 
      Physical Name: :10814146/spdsmeta2/MTHKA/
NOTE: User sas(ACL Group ) connected to SPD(AIX) 5.4 server at 10.166.0.39.
NOTE: Libref EPYDM was successfully assigned as follows: 
      Engine:        SASSPDS 
      Physical Name: :10814146/spdsmeta2/EPYDM/
NOTE: User sas(ACL Group ) connected to SPD(AIX) 5.4 server at 10.166.0.39.
NOTE: Libref DSTDM was successfully assigned as follows: 
      Engine:        SASSPDS 
      Physical Name: :10814146/spdsmeta2/DSTDM/
NOTE: User sas(ACL Group ) connected to SPD(AIX) 5.4 server at 10.166.0.39.
NOTE: Libref DYMTMP was successfully assigned as follows: 
      Engine:        SASSPDS 
      Physical Name: :10814146/spdsmeta2/DYMTMP/
NOTE: User sas(ACL Group ) connected to SPD(AIX) 5.4 server at 10.166.0.39.
NOTE: Libref MDLIB was successfully assigned as follows: 
      Engine:        SASSPDS 
      Physical Name: :10814146/spdsmeta2/MDLIB/
NOTE: User sas(ACL Group ) connected to SPD(AIX) 5.4 server at 10.166.0.39.
7                                                          The SAS System                             12:41 Sunday, October 18, 2020

NOTE: Libref DSTTMP was successfully assigned as follows: 
      Engine:        SASSPDS 
      Physical Name: :10814146/spdsmeta2/DSTTMP/
NOTE: User sas(ACL Group ) connected to SPD(AIX) 5.4 server at 10.166.0.39.
NOTE: Libref TMPLIB2 was successfully assigned as follows: 
      Engine:        SASSPDS 
      Physical Name: :10814146/spdsmeta2/tmplib2/
NOTE: User sas(ACL Group ) connected to SPD(AIX) 5.4 server at 10.166.0.39.
NOTE: Libref PILIB was successfully assigned as follows: 
      Engine:        SASSPDS 
      Physical Name: :10814146/spdsmeta2/PILIB/
NOTE: User sas(ACL Group ) connected to SPD(AIX) 5.4 server at 10.166.0.39.
NOTE: Libref BLTMP was successfully assigned as follows: 
      Engine:        SASSPDS 
      Physical Name: :10814146/spdsmeta2/bltmp/
NOTE: User sas(ACL Group ) connected to SPD(AIX) 5.4 server at 10.166.0.39.
NOTE: Libref AUTODIAL was successfully assigned as follows: 
      Engine:        SASSPDS 
      Physical Name: :10814146/spdsmeta2/AUTODIAL/
NOTE: User sas(ACL Group ) connected to SPD(AIX) 5.4 server at 10.166.0.39.
NOTE: Libref PRICPRD was successfully assigned as follows: 
      Engine:        SASSPDS 
      Physical Name: :10814146/spdsmeta2/PRICPRD/
NOTE: User sas(ACL Group ) connected to SPD(AIX) 5.4 server at 10.166.0.39.
NOTE: Libref CPSREG was successfully assigned as follows: 
      Engine:        SASSPDS 
      Physical Name: :10814146/spdsmeta2/CPSREG/
NOTE: User sas(ACL Group ) connected to SPD(AIX) 5.4 server at 10.166.0.39.
NOTE: Libref CXDM was successfully assigned as follows: 
      Engine:        SASSPDS 
      Physical Name: :10814146/spdsmeta2/CXDM/
NOTE: User sas(ACL Group ) connected to SPD(AIX) 5.4 server at 10.166.0.39.
NOTE: Libref CPSFRC was successfully assigned as follows: 
      Engine:        SASSPDS 
      Physical Name: :10814146/spdsmeta2/CPSFRC/
NOTE: User sas(ACL Group ) connected to SPD(AIX) 5.4 server at 10.166.0.39.
NOTE: Libref SDLIB was successfully assigned as follows: 
      Engine:        SASSPDS 
      Physical Name: :10814146/spdsmeta2/SDLIB/
NOTE: User sas(ACL Group ) connected to SPD(AIX) 5.4 server at 10.166.0.39.
NOTE: Libref CMPDM was successfully assigned as follows: 
      Engine:        SASSPDS 
      Physical Name: :10814146/spdsmeta2/CMPDM/
NOTE: User sas(ACL Group ) connected to SPD(AIX) 5.4 server at 10.166.0.39.
NOTE: Libref PMDM was successfully assigned as follows: 
      Engine:        SASSPDS 
      Physical Name: :10814146/spdsmeta2/PMDM/
NOTE: User sas(ACL Group ) connected to SPD(AIX) 5.4 server at 10.166.0.39.
NOTE: Libref MSADM was successfully assigned as follows: 
      Engine:        SASSPDS 
      Physical Name: :10814146/spdsmeta2/MSADM/
NOTE: User sas(ACL Group ) connected to SPD(AIX) 5.4 server at 10.166.0.39.
NOTE: Libref FPCLIB was successfully assigned as follows: 
      Engine:        SASSPDS 
      Physical Name: :10814146/spdsmeta2/fpclib/
NOTE: User sas(ACL Group ) connected to SPD(AIX) 5.4 server at 10.166.0.39.
NOTE: Libref DBALIB was successfully assigned as follows: 
      Engine:        SASSPDS 
8                                                          The SAS System                             12:41 Sunday, October 18, 2020

      Physical Name: :10814146/spdsmeta2/DBALIB/
NOTE: User sas(ACL Group ) connected to SPD(AIX) 5.4 server at 10.166.0.39.
NOTE: Libref CPSHRLY was successfully assigned as follows: 
      Engine:        SASSPDS 
      Physical Name: :10814146/spdsmeta2/CPSHRLY/
NOTE: User sas(ACL Group ) connected to SPD(AIX) 5.4 server at 10.166.0.39.
NOTE: Libref PRCDM2 was successfully assigned as follows: 
      Engine:        SASSPDS 
      Physical Name: :10814146/spdsmeta2/PRCDM2/
NOTE: User sas(ACL Group ) connected to SPD(AIX) 5.4 server at 10.166.0.39.
NOTE: Libref ARCLIB was successfully assigned as follows: 
      Engine:        SASSPDS 
      Physical Name: :10814146/spdsmeta2/ARCLIB/
NOTE: User sas(ACL Group ) connected to SPD(AIX) 5.4 server at 10.166.0.39.
NOTE: Libref QL_SALES was successfully assigned as follows: 
      Engine:        SASSPDS 
      Physical Name: :10814146/spdsmeta2/QL_SALES/
NOTE: User sas(ACL Group ) connected to SPD(AIX) 5.4 server at 10.166.0.39.
NOTE: Libref ETSDM was successfully assigned as follows: 
      Engine:        SASSPDS 
      Physical Name: :10814146/spdsmeta2/etsdm/
NOTE: User sas(ACL Group ) connected to SPD(AIX) 5.4 server at 10.166.0.39.
NOTE: Libref EPYTMP was successfully assigned as follows: 
      Engine:        SASSPDS 
      Physical Name: :10814146/spdsmeta2/EPYTMP/
NOTE: User sas(ACL Group ) connected to SPD(AIX) 5.4 server at 10.166.0.39.
NOTE: Libref HRDM was successfully assigned as follows: 
      Engine:        SASSPDS 
      Physical Name: :10814146/spdsmeta2/HRDM/
NOTE: User sas(ACL Group ) connected to SPD(AIX) 5.4 server at 10.166.0.39.
NOTE: Libref CNPRCTMP was successfully assigned as follows: 
      Engine:        SASSPDS 
      Physical Name: :10814146/spdsmeta2/cnprctmp/
NOTE: User sas(ACL Group ) connected to SPD(AIX) 5.4 server at 10.166.0.39.
NOTE: Libref DI_SMDM was successfully assigned as follows: 
      Engine:        SASSPDS 
      Physical Name: :10814146/spdsmeta2/DI_SMDM/
NOTE: User sas(ACL Group ) connected to SPD(AIX) 5.4 server at 10.166.0.39.
NOTE: Libref PREFLIB was successfully assigned as follows: 
      Engine:        SASSPDS 
      Physical Name: :10814146/spdsmeta2/PREFLIB/
NOTE: User sas(ACL Group ) connected to SPD(AIX) 5.4 server at 10.166.0.39.
NOTE: Libref TRNLIB3 was successfully assigned as follows: 
      Engine:        SASSPDS 
      Physical Name: :10814146/spdsmeta2/TRNLIB3/
NOTE: User sas(ACL Group ) connected to SPD(AIX) 5.4 server at 10.166.0.39.
NOTE: Libref TMPLIB33 was successfully assigned as follows: 
      Engine:        SASSPDS 
      Physical Name: :10814146/spdsmeta2/TMPLIB3/
NOTE: User sas(ACL Group ) connected to SPD(AIX) 5.4 server at 10.166.0.39.
NOTE: Libref SHFDM was successfully assigned as follows: 
      Engine:        SASSPDS 
      Physical Name: :10814146/spdsmeta2/SHFDM/
NOTE: User sas(ACL Group ) connected to SPD(AIX) 5.4 server at 10.166.0.39.
NOTE: Libref SPDM was successfully assigned as follows: 
      Engine:        SASSPDS 
      Physical Name: :10814146/spdsmeta2/SPDM/
NOTE: User sas(ACL Group ) connected to SPD(AIX) 5.4 server at 10.166.0.39.
9                                                          The SAS System                             12:41 Sunday, October 18, 2020

NOTE: Libref SSIMDM was successfully assigned as follows: 
      Engine:        SASSPDS 
      Physical Name: :10814146/spdsmeta2/SSIMDM/
NOTE: User sas(ACL Group ) connected to SPD(AIX) 5.4 server at 10.166.0.39.
NOTE: Libref TKDM was successfully assigned as follows: 
      Engine:        SASSPDS 
      Physical Name: :10814146/spdsmeta2/TKDM/
NOTE: User sas(ACL Group ) connected to SPD(AIX) 5.4 server at 10.166.0.39.
NOTE: Libref EAP_PR was successfully assigned as follows: 
      Engine:        SASSPDS 
      Physical Name: :10814146/spdsmeta2/EAP_PR/
NOTE: User sas(ACL Group ) connected to SPD(AIX) 5.4 server at 10.166.0.39.
NOTE: Libref EAP_PAY was successfully assigned as follows: 
      Engine:        SASSPDS 
      Physical Name: :10814146/spdsmeta2/EAP_PAY/
NOTE: User sas(ACL Group ) connected to SPD(AIX) 5.4 server at 10.166.0.39.
NOTE: Libref KMHMDM was successfully assigned as follows: 
      Engine:        SASSPDS 
      Physical Name: :10814146/spdsmeta2/KMHMDM/
NOTE: User sas(ACL Group ) connected to SPD(AIX) 5.4 server at 10.166.0.39.
NOTE: Libref QVYDM was successfully assigned as follows: 
      Engine:        SASSPDS 
      Physical Name: :10814146/spdsmeta2/QVYDM/
NOTE: User sas(ACL Group ) connected to SPD(AIX) 5.4 server at 10.166.0.39.
NOTE: Libref VYDMKVKK was successfully assigned as follows: 
      Engine:        SASSPDS 
      Physical Name: :10814146/spdsmeta2/VYDMKVKK/
NOTE: User sas(ACL Group ) connected to SPD(AIX) 5.4 server at 10.166.0.39.
NOTE: Libref OGMTMP was successfully assigned as follows: 
      Engine:        SASSPDS 
      Physical Name: :10814146/spdsmeta2/OGMTMP/
NOTE: User sas(ACL Group ) connected to SPD(AIX) 5.4 server at 10.166.0.39.
NOTE: Libref OGMDM was successfully assigned as follows: 
      Engine:        SASSPDS 
      Physical Name: :10814146/spdsmeta2/OGMDM/
NOTE: User sas(ACL Group ) connected to SPD(AIX) 5.4 server at 10.166.0.39.
NOTE: Libref PRCTMP was successfully assigned as follows: 
      Engine:        SASSPDS 
      Physical Name: :10814146/spdsmeta2/prctmp/
NOTE: User sas(ACL Group ) connected to SPD(AIX) 5.4 server at 10.166.0.39.
NOTE: Libref CNPRCDM was successfully assigned as follows: 
      Engine:        SASSPDS 
      Physical Name: :10814146/spdsmeta2/cnprcdm/
NOTE: User sas(ACL Group ) connected to SPD(AIX) 5.4 server at 10.166.0.39.
NOTE: Libref IADM was successfully assigned as follows: 
      Engine:        SASSPDS 
      Physical Name: :10814146/spdsmeta2/iadm/
NOTE: User sas(ACL Group ) connected to SPD(AIX) 5.4 server at 10.166.0.39.
NOTE: Libref SMTMP2 was successfully assigned as follows: 
      Engine:        SASSPDS 
      Physical Name: :10814146/spdsmeta2/smtmp2/
NOTE: User sas(ACL Group ) connected to SPD(AIX) 5.4 server at 10.166.0.39.
NOTE: Libref ETSTMP was successfully assigned as follows: 
      Engine:        SASSPDS 
      Physical Name: :10814146/spdsmeta2/etstmp/
NOTE: User sas(ACL Group ) connected to SPD(AIX) 5.4 server at 10.166.0.39.
NOTE: Libref BITMP was successfully assigned as follows: 
      Engine:        SASSPDS 
10                                                         The SAS System                             12:41 Sunday, October 18, 2020

      Physical Name: :10814146/spdsmeta2/bitmp/
NOTE: User sas(ACL Group ) connected to SPD(AIX) 5.4 server at 10.166.0.39.
NOTE: Libref BIDM was successfully assigned as follows: 
      Engine:        SASSPDS 
      Physical Name: :10814146/spdsmeta2/bidm/
NOTE: User sas(ACL Group ) connected to SPD(AIX) 5.4 server at 10.166.0.39.
NOTE: Libref HSLIB was successfully assigned as follows: 
      Engine:        SASSPDS 
      Physical Name: :10814146/spdsmeta2/hslib/
NOTE: User sas(ACL Group ) connected to SPD(AIX) 5.4 server at 10.166.0.39.
NOTE: Libref RASDM was successfully assigned as follows: 
      Engine:        SASSPDS 
      Physical Name: :10814146/spdsmeta2/rasdm/
NOTE: User sas(ACL Group ) connected to SPD(AIX) 5.4 server at 10.166.0.39.
NOTE: Libref RAPVAS was successfully assigned as follows: 
      Engine:        SASSPDS 
      Physical Name: :10814146/spdsmeta2/rapvas/
NOTE: User sas(ACL Group ) connected to SPD(AIX) 5.4 server at 10.166.0.39.
NOTE: Libref FPCTMP was successfully assigned as follows: 
      Engine:        SASSPDS 
      Physical Name: :10814146/spdsmeta2/fpctmp/
NOTE: User sas(ACL Group ) connected to SPD(AIX) 5.4 server at 10.166.0.39.
NOTE: Libref FRCPRD was successfully assigned as follows: 
      Engine:        SASSPDS 
      Physical Name: :10814146/spdsmeta2/FRCPRD/
NOTE: User sas(ACL Group ) connected to SPD(AIX) 5.4 server at 10.166.0.39.
NOTE: Libref FRCARC was successfully assigned as follows: 
      Engine:        SASSPDS 
      Physical Name: :10814146/spdsmeta2/FRCARC/
NOTE: User sas(ACL Group ) connected to SPD(AIX) 5.4 server at 10.166.0.39.
NOTE: Libref PRCHPRD was successfully assigned as follows: 
      Engine:        SASSPDS 
      Physical Name: :10814146/spdsmeta2/PRCHPRD/
NOTE: User sas(ACL Group ) connected to SPD(AIX) 5.4 server at 10.166.0.39.
NOTE: Libref PRCHARC was successfully assigned as follows: 
      Engine:        SASSPDS 
      Physical Name: :10814146/spdsmeta2/PRCHARC/
NOTE: User sas(ACL Group ) connected to SPD(AIX) 5.4 server at 10.166.0.39.
NOTE: Libref HDGPRD was successfully assigned as follows: 
      Engine:        SASSPDS 
      Physical Name: :10814146/spdsmeta2/HDGPRD/
NOTE: User sas(ACL Group ) connected to SPD(AIX) 5.4 server at 10.166.0.39.
NOTE: Libref HDGARC was successfully assigned as follows: 
      Engine:        SASSPDS 
      Physical Name: :10814146/spdsmeta2/HDGARC/
NOTE: User sas(ACL Group ) connected to SPD(AIX) 5.4 server at 10.166.0.39.
NOTE: Libref PILIB2 was successfully assigned as follows: 
      Engine:        SASSPDS 
      Physical Name: :10814146/spdsmeta2/PILIB2/
NOTE: User sas(ACL Group ) connected to SPD(AIX) 5.4 server at 10.166.0.39.
NOTE: Libref MTHSO was successfully assigned as follows: 
      Engine:        SASSPDS 
      Physical Name: :10814146/spdsmeta2/MTHSO/
NOTE: User sas(ACL Group ) connected to SPD(AIX) 5.4 server at 10.166.0.39.
NOTE: Libref MTHMA was successfully assigned as follows: 
      Engine:        SASSPDS 
      Physical Name: :10814146/spdsmeta2/MTHMA/
NOTE: User sas(ACL Group ) connected to SPD(AIX) 5.4 server at 10.166.0.39.
11                                                         The SAS System                             12:41 Sunday, October 18, 2020

NOTE: Libref MTHTMP was successfully assigned as follows: 
      Engine:        SASSPDS 
      Physical Name: :10814146/spdsmeta2/MTHTMP/
NOTE: User sas(ACL Group ) connected to SPD(AIX) 5.4 server at 10.166.0.39.
NOTE: Libref DYMDM was successfully assigned as follows: 
      Engine:        SASSPDS 
      Physical Name: :10814146/spdsmeta2/DYMDM/
NOTE: User sas(ACL Group ) connected to SPD(AIX) 5.4 server at 10.166.0.39.
NOTE: Libref CSSLIB was successfully assigned as follows: 
      Engine:        SASSPDS 
      Physical Name: :10814146/spdsmeta2/CSSLIB/
NOTE: User sas(ACL Group ) connected to SPD(AIX) 5.4 server at 10.166.0.39.
NOTE: Libref SAHOL was successfully assigned as follows: 
      Engine:        SASSPDS 
      Physical Name: :10814146/spdsmeta2/SAHOL/
NOTE: User sas(ACL Group ) connected to SPD(AIX) 5.4 server at 10.166.0.39.
NOTE: Libref MKVR was successfully assigned as follows: 
      Engine:        SASSPDS 
      Physical Name: :10814146/spdsmeta2/MKVR/
137        
138        
139        PROC SQL;
140        	CREATE TABLE TMPLIB3.SEGMENT_MUSTERI_V2_4 AS
141        		SELECT t1.SOZLESME_NO,
142        			t1.SBT_KONS_SEG_OZT,
143        			t1.SBT_KONS_SEG,
144        			t1.SBT_KONS_SEG_DET,
145        			t1.SBT_FONKS_MHTP_SEG,
146        			t1.SBT_TSST_SEG_DET,
147        			t1.SBT_OLC_VS_SEG,
148        			t1.GNCL_KONS_SEG_OZT,
149        			t1.GNCL_KONS_SEG,
150        			t1.GNCL_KONS_SEG_DET,
151        			t1.GNCL_TSST_SEG_DET,
152        			t1.GNCL_OLC_VS_SEG,
153        			t1.FONKS_MUHATAP_SEGMENT
154        		FROM TMPLIB3.MUSTERI_SEGMENT t1;
NOTE: Table TMPLIB3.SEGMENT_MUSTERI_V2_4 created, with 31342222 rows and 13 columns.

155        QUIT;
NOTE: PROCEDURE SQL used (Total process time):
      real time           8:30.16
      cpu time            9.78 seconds
      

156        
157        PROC SQL;
158        	CREATE TABLE TMPLIB3.SEGMENT_MUSTERI_V2_4F1 AS
159        		SELECT DISTINCT t1.SOZLESME_NO,
160        			t1.SBT_KONS_SEG_OZT,
161        			t1.SBT_KONS_SEG,
162        			t1.SBT_KONS_SEG_DET,
163        			t1.SBT_FONKS_MHTP_SEG,
164        			t1.SBT_TSST_SEG_DET,
165        			t1.SBT_OLC_VS_SEG,
166        			t1.GNCL_KONS_SEG_OZT,
167        			t1.GNCL_KONS_SEG,
168        			t1.GNCL_KONS_SEG_DET,
12                                                         The SAS System                             12:41 Sunday, October 18, 2020

169        			t1.GNCL_TSST_SEG_DET,
170        			t1.GNCL_OLC_VS_SEG,
171        			t1.FONKS_MUHATAP_SEGMENT,
172        			t2.TXTSH AS SBT_KONS_SEG_OZT_SH,
173        			t2.TXTLG AS SBT_KONS_SEG_OZT_LG,
174        			t3.TXTSH AS GNCL_KONS_SEG_OZT_SH,
175        			t3.TXTLG AS GNCL_KONS_SEG_OZT_LG
176        		FROM TMPLIB3.SEGMENT_MUSTERI_V2_4 t1
177        			LEFT JOIN PODSLIB1.RWP_TZKS_OZET t2 ON (t1.SBT_KONS_SEG_OZT = t2._BIC_ZKS_OZET AND (t2.LANGU='T'))
178        			LEFT JOIN PODSLIB1.RWP_TZKS_OZET t3 ON (t1.GNCL_KONS_SEG_OZT = t3._BIC_ZKS_OZET AND (t3.LANGU='T'));
NOTE: User sas(ACL Group ) connected to SPD(AIX) 5.4 server at 10.166.0.39.
NOTE: Physical Name: TMPLIB3
 SPDS_NOTE: User sas(ACL Group ) connected to SPD(AIX) 5.4  Server at 10.166.0.39.
 SPDS_NOTE: Libref X0000001 was successfully assigned as follows: 
            Engine:        SPDSENG 
            Physical Name: :12779998/spdsmeta1/TMPLIB3/

 SPDS_NOTE: Libref TMPLIB3 was successfully assigned as follows: 
            Engine:        SPDSENG 
            Physical Name: :12779998/spdsmeta1/TMPLIB3/

 SPDS_NOTE: Libref PODSLIB1 was successfully assigned as follows: 
            Engine:        SPDSENG 
            Physical Name: :12779998/spdsmeta2/PODSLIB1/

NOTE: Implicit SQL:  select distinct t1.SOZLESME_NO, t1.SBT_KONS_SEG_OZT, t1.SBT_KONS_SEG, t1.SBT_KONS_SEG_DET, 
      t1.SBT_FONKS_MHTP_SEG, t1.SBT_TSST_SEG_DET, t1.SBT_OLC_VS_SEG, t1.GNCL_KONS_SEG_OZT, t1.GNCL_KONS_SEG, t1.GNCL_KONS_SEG_DET, 
      t1.GNCL_TSST_SEG_DET, t1.GNCL_OLC_VS_SEG, t1.FONKS_MUHATAP_SEGMENT, t2.TXTSH as SBT_KONS_SEG_OZT_SH, t2.TXTLG as 
      SBT_KONS_SEG_OZT_LG, t3.TXTSH as GNCL_KONS_SEG_OZT_SH, t3.TXTLG as GNCL_KONS_SEG_OZT_LG from TMPLIB3.SEGMENT_MUSTERI_V2_4 t1 
      left join PODSLIB1.RWP_TZKS_OZET t2 on (t1.SBT_KONS_SEG_OZT = t2._BIC_ZKS_OZET) and ((t2.LANGU = 'T')) left join 
      PODSLIB1.RWP_TZKS_OZET t3 on (t1.GNCL_KONS_SEG_OZT = t3._BIC_ZKS_OZET) and ((t3.LANGU = 'T'))
 SPDS_NOTE: Parallel Merge Join Method Selected

 SPDS_NOTE: Libref PODSLIB1 was successfully assigned as follows: 
            Engine:        SPDSENG 
            Physical Name: :12779998/spdsmeta2/PODSLIB1/
 SPDS_NOTE: Libref TMPLIB3 was successfully assigned as follows: 
            Engine:        SPDSENG 
            Physical Name: :12779998/spdsmeta1/TMPLIB3/

NOTE: Table TMPLIB3.SEGMENT_MUSTERI_V2_4F1 created, with 31342218 rows and 17 columns.

179        QUIT;
NOTE: PROCEDURE SQL used (Total process time):
      real time           14:55.10
      cpu time            17.38 seconds
      

180        
181        proc sql;
182        	drop table TMPLIB3.SEGMENT_MUSTERI_V2_4;
NOTE: Table TMPLIB3.SEGMENT_MUSTERI_V2_4 has been dropped.
183        run;
NOTE: PROC SQL statements are executed immediately; The RUN statement has no effect.
184        
NOTE: PROCEDURE SQL used (Total process time):
      real time           0.01 seconds
      cpu time            0.00 seconds
13                                                         The SAS System                             12:41 Sunday, October 18, 2020

      

185        PROC SQL;
186        	CREATE TABLE TMPLIB3.SEGMENT_MUSTERI_V2_4F2 AS
187        		SELECT DISTINCT t1.SOZLESME_NO,
188        			t1.SBT_KONS_SEG_OZT,
189        			t1.SBT_KONS_SEG,
190        			t1.SBT_KONS_SEG_DET,
191        			t1.SBT_FONKS_MHTP_SEG,
192        			t1.SBT_TSST_SEG_DET,
193        			t1.SBT_OLC_VS_SEG,
194        			t1.GNCL_KONS_SEG_OZT,
195        			t1.GNCL_KONS_SEG,
196        			t1.GNCL_KONS_SEG_DET,
197        			t1.GNCL_TSST_SEG_DET,
198        			t1.GNCL_OLC_VS_SEG,
199        			t1.FONKS_MUHATAP_SEGMENT,
200        			t1.SBT_KONS_SEG_OZT_SH,
201        			t1.SBT_KONS_SEG_OZT_LG,
202        			t1.GNCL_KONS_SEG_OZT_SH,
203        			t1.GNCL_KONS_SEG_OZT_LG,
204        			t2.TXTSH AS SBT_KONS_SEG_SH,
205        			t2.TXTLG AS SBT_KONS_SEG_LG,
206        			t4.TXTSH AS GNCL_KONS_SEG_SH,
207        			t4.TXTLG AS GNCL_KONS_SEG_LG
208        		FROM TMPLIB3.SEGMENT_MUSTERI_V2_4F1 t1
209        			LEFT JOIN PODSLIB1.RWP_TZZKONSEGM t2 ON (t1.SBT_KONS_SEG = t2._BIC_ZZKONSEGM AND (t2.LANGU='T'))
210        /*			LEFT JOIN PODSLIB1.RWP_TZZKONSEGM t3 ON (t1. = t3._BIC_ZZKONSEGM AND (t3.LANGU='T'))*/
211        			LEFT JOIN PODSLIB1.RWP_TZZKONSEGM t4 ON (t1.GNCL_KONS_SEG = t4._BIC_ZZKONSEGM AND (t4.LANGU='T'))
212        /*			LEFT JOIN PODSLIB1.RWP_TZZKONSEGM t5 ON (t1. = t5._BIC_ZZKONSEGM AND (t5.LANGU='T'))*/
213        ;
NOTE: User sas(ACL Group ) connected to SPD(AIX) 5.4 server at 10.166.0.39.
NOTE: Physical Name: TMPLIB3
 SPDS_NOTE: Libref X0000001 was successfully assigned as follows: 
            Engine:        SPDSENG 
            Physical Name: :12779998/spdsmeta1/TMPLIB3/

 SPDS_NOTE: Libref TMPLIB3 was successfully assigned as follows: 
            Engine:        SPDSENG 
            Physical Name: :12779998/spdsmeta1/TMPLIB3/

 SPDS_NOTE: Libref PODSLIB1 was successfully assigned as follows: 
            Engine:        SPDSENG 
            Physical Name: :12779998/spdsmeta2/PODSLIB1/

NOTE: Implicit SQL:  select distinct t1.SOZLESME_NO, t1.SBT_KONS_SEG_OZT, t1.SBT_KONS_SEG, t1.SBT_KONS_SEG_DET, 
      t1.SBT_FONKS_MHTP_SEG, t1.SBT_TSST_SEG_DET, t1.SBT_OLC_VS_SEG, t1.GNCL_KONS_SEG_OZT, t1.GNCL_KONS_SEG, t1.GNCL_KONS_SEG_DET, 
      t1.GNCL_TSST_SEG_DET, t1.GNCL_OLC_VS_SEG, t1.FONKS_MUHATAP_SEGMENT, t1.SBT_KONS_SEG_OZT_SH, t1.SBT_KONS_SEG_OZT_LG, 
      t1.GNCL_KONS_SEG_OZT_SH, t1.GNCL_KONS_SEG_OZT_LG, t2.TXTSH as SBT_KONS_SEG_SH, t2.TXTLG as SBT_KONS_SEG_LG, t4.TXTSH as 
      GNCL_KONS_SEG_SH, t4.TXTLG as GNCL_KONS_SEG_LG from TMPLIB3.SEGMENT_MUSTERI_V2_4F1 t1 left join PODSLIB1.RWP_TZZKONSEGM t2 on 
      (t1.SBT_KONS_SEG = t2._BIC_ZZKONSEGM) and ((t2.LANGU = 'T')) left join PODSLIB1.RWP_TZZKONSEGM t4 on (t1.GNCL_KONS_SEG = 
      t4._BIC_ZZKONSEGM) and ((t4.LANGU = 'T'))
 SPDS_NOTE: Parallel Merge Join Method Selected

 SPDS_NOTE: Libref PODSLIB1 was successfully assigned as follows: 
            Engine:        SPDSENG 
            Physical Name: :12779998/spdsmeta2/PODSLIB1/
 SPDS_NOTE: Libref TMPLIB3 was successfully assigned as follows: 
14                                                         The SAS System                             12:41 Sunday, October 18, 2020

            Engine:        SPDSENG 
            Physical Name: :12779998/spdsmeta1/TMPLIB3/

NOTE: Table TMPLIB3.SEGMENT_MUSTERI_V2_4F2 created, with 31342218 rows and 21 columns.

214        QUIT;
NOTE: PROCEDURE SQL used (Total process time):
      real time           27:10.25
      cpu time            29.65 seconds
      

215        
216        proc sql;
217        	drop table 	 TMPLIB3.SEGMENT_MUSTERI_V2_4F1;
NOTE: Table TMPLIB3.SEGMENT_MUSTERI_V2_4F1 has been dropped.
218        run;
NOTE: PROC SQL statements are executed immediately; The RUN statement has no effect.
219        
NOTE: PROCEDURE SQL used (Total process time):
      real time           0.03 seconds
      cpu time            0.00 seconds
      

220        PROC SQL;
221        	CREATE TABLE TMPLIB3.SEGMENT_MUSTERI_V2_4F31 AS
222        		SELECT DISTINCT t1.SOZLESME_NO,
223        			t1.SBT_KONS_SEG_OZT,
224        			t1.SBT_KONS_SEG,
225        			t1.SBT_KONS_SEG_DET,
226        			t1.SBT_FONKS_MHTP_SEG,
227        			t1.SBT_TSST_SEG_DET,
228        			t1.SBT_OLC_VS_SEG,
229        			t1.GNCL_KONS_SEG_OZT,
230        			t1.GNCL_KONS_SEG,
231        			t1.GNCL_KONS_SEG_DET,
232        			t1.GNCL_TSST_SEG_DET,
233        			t1.GNCL_OLC_VS_SEG,
234        			t1.FONKS_MUHATAP_SEGMENT,
235        			t1.SBT_KONS_SEG_OZT_SH,
236        			t1.SBT_KONS_SEG_OZT_LG,
237        			t1.GNCL_KONS_SEG_OZT_SH,
238        			t1.GNCL_KONS_SEG_OZT_LG,
239        			t1.SBT_KONS_SEG_SH,
240        			t1.SBT_KONS_SEG_LG,
241        			t1.GNCL_KONS_SEG_SH,
242        			t1.GNCL_KONS_SEG_LG,
243        			t2.TXTSH AS SBT_KONS_SEG_DET_SH,
244        			t2.TXTLG AS SBT_KONS_SEG_DET_LG,
245        			t4.TXTSH AS SBT_TSST_SEG_DET_SH,
246        			t4.TXTLG AS SBT_TSST_SEG_DET_LG
247        		FROM TMPLIB3.SEGMENT_MUSTERI_V2_4F2 t1
248        			LEFT JOIN PODSLIB1.RWP_TZKS_DETAY t2 ON (t1.SBT_KONS_SEG_DET = t2._BIC_ZKS_DETAY AND (t2.LANGU='T'))
249        /*			LEFT JOIN PODSLIB1.RWP_TZKS_DETAY t3 ON (t1. = t3._BIC_ZKS_DETAY AND (t3.LANGU='T'))*/
250        			LEFT JOIN PODSLIB1.RWP_TZKS_DETAY t4 ON (t1.SBT_TSST_SEG_DET = t4._BIC_ZKS_DETAY AND (t4.LANGU='T'))
251        	;
NOTE: User sas(ACL Group ) connected to SPD(AIX) 5.4 server at 10.166.0.39.
NOTE: Physical Name: TMPLIB3
 SPDS_NOTE: Libref X0000001 was successfully assigned as follows: 
15                                                         The SAS System                             12:41 Sunday, October 18, 2020

            Engine:        SPDSENG 
            Physical Name: :12779998/spdsmeta1/TMPLIB3/

 SPDS_NOTE: Libref TMPLIB3 was successfully assigned as follows: 
            Engine:        SPDSENG 
            Physical Name: :12779998/spdsmeta1/TMPLIB3/

 SPDS_NOTE: Libref PODSLIB1 was successfully assigned as follows: 
            Engine:        SPDSENG 
            Physical Name: :12779998/spdsmeta2/PODSLIB1/

NOTE: Implicit SQL:  select distinct t1.SOZLESME_NO, t1.SBT_KONS_SEG_OZT, t1.SBT_KONS_SEG, t1.SBT_KONS_SEG_DET, 
      t1.SBT_FONKS_MHTP_SEG, t1.SBT_TSST_SEG_DET, t1.SBT_OLC_VS_SEG, t1.GNCL_KONS_SEG_OZT, t1.GNCL_KONS_SEG, t1.GNCL_KONS_SEG_DET, 
      t1.GNCL_TSST_SEG_DET, t1.GNCL_OLC_VS_SEG, t1.FONKS_MUHATAP_SEGMENT, t1.SBT_KONS_SEG_OZT_SH, t1.SBT_KONS_SEG_OZT_LG, 
      t1.GNCL_KONS_SEG_OZT_SH, t1.GNCL_KONS_SEG_OZT_LG, t1.SBT_KONS_SEG_SH, t1.SBT_KONS_SEG_LG, t1.GNCL_KONS_SEG_SH, 
      t1.GNCL_KONS_SEG_LG, t2.TXTSH as SBT_KONS_SEG_DET_SH, t2.TXTLG as SBT_KONS_SEG_DET_LG, t4.TXTSH as SBT_TSST_SEG_DET_SH, 
      t4.TXTLG as SBT_TSST_SEG_DET_LG from TMPLIB3.SEGMENT_MUSTERI_V2_4F2 t1 left join PODSLIB1.RWP_TZKS_DETAY t2 on 
      (t1.SBT_KONS_SEG_DET = t2._BIC_ZKS_DETAY) and ((t2.LANGU = 'T')) left join PODSLIB1.RWP_TZKS_DETAY t4 on (t1.SBT_TSST_SEG_DET 
      = t4._BIC_ZKS_DETAY) and ((t4.LANGU = 'T'))
 SPDS_NOTE: Parallel Merge Join Method Selected

 SPDS_NOTE: Libref PODSLIB1 was successfully assigned as follows: 
            Engine:        SPDSENG 
            Physical Name: :12779998/spdsmeta2/PODSLIB1/
 SPDS_NOTE: Libref TMPLIB3 was successfully assigned as follows: 
            Engine:        SPDSENG 
            Physical Name: :12779998/spdsmeta1/TMPLIB3/

NOTE: Table TMPLIB3.SEGMENT_MUSTERI_V2_4F31 created, with 31342218 rows and 25 columns.

252        QUIT;
NOTE: PROCEDURE SQL used (Total process time):
      real time           33:43.59
      cpu time            41.60 seconds
      

253        
254        proc sql;
255        	drop table 	 TMPLIB3.SEGMENT_MUSTERI_V2_4F2;
NOTE: Table TMPLIB3.SEGMENT_MUSTERI_V2_4F2 has been dropped.
256        run;
NOTE: PROC SQL statements are executed immediately; The RUN statement has no effect.
257        
NOTE: PROCEDURE SQL used (Total process time):
      real time           0.03 seconds
      cpu time            0.00 seconds
      

258        PROC SQL;
259        	CREATE TABLE TMPLIB3.SEGMENT_MUSTERI_V2_4F32 AS
260        		SELECT DISTINCT
261        			t1.SOZLESME_NO,
262        			t1.SBT_KONS_SEG_OZT,
263        			t1.SBT_KONS_SEG,
264        			t1.SBT_KONS_SEG_DET,
265        			t1.SBT_FONKS_MHTP_SEG,
266        			t1.SBT_TSST_SEG_DET,
267        			t1.SBT_OLC_VS_SEG,
16                                                         The SAS System                             12:41 Sunday, October 18, 2020

268        			t1.GNCL_KONS_SEG_OZT,
269        			t1.GNCL_KONS_SEG,
270        			t1.GNCL_KONS_SEG_DET,
271        			t1.GNCL_TSST_SEG_DET,
272        			t1.GNCL_OLC_VS_SEG,
273        			t1.FONKS_MUHATAP_SEGMENT,
274        			t1.SBT_KONS_SEG_OZT_SH,
275        			t1.SBT_KONS_SEG_OZT_LG,
276        			t1.GNCL_KONS_SEG_OZT_SH,
277        			t1.GNCL_KONS_SEG_OZT_LG,
278        			t1.SBT_KONS_SEG_SH,
279        			t1.SBT_KONS_SEG_LG,
280        			t1.GNCL_KONS_SEG_SH,
281        			t1.GNCL_KONS_SEG_LG,
282        			t1.SBT_KONS_SEG_DET_SH,
283        			t1.SBT_KONS_SEG_DET_LG,
284        			t1.SBT_TSST_SEG_DET_SH,
285        			t1.SBT_TSST_SEG_DET_LG,
286        			t5.TXTSH AS GNCL_KONS_SEG_DET_SH,
287        			t5.TXTLG AS GNCL_KONS_SEG_DET_LG,
288        			t7.TXTSH AS GNCL_TSST_SEG_DET_SH,
289        			t7.TXTLG AS GNCL_TSST_SEG_DET_LG
290        		FROM TMPLIB3.SEGMENT_MUSTERI_V2_4F31 t1
291        		LEFT JOIN PODSLIB1.RWP_TZKS_DETAY t5 ON (t1.GNCL_KONS_SEG_DET = t5._BIC_ZKS_DETAY AND (t5.LANGU='T'))
292        /*		LEFT JOIN PODSLIB1.RWP_TZKS_DETAY t6 ON (t1. = t6._BIC_ZKS_DETAY AND (t6.LANGU='T'))*/
293        		LEFT JOIN PODSLIB1.RWP_TZKS_DETAY t7 ON (t1.GNCL_TSST_SEG_DET = t7._BIC_ZKS_DETAY AND (t7.LANGU='T'))
294        	;
NOTE: User sas(ACL Group ) connected to SPD(AIX) 5.4 server at 10.166.0.39.
NOTE: Physical Name: TMPLIB3
 SPDS_NOTE: Libref X0000001 was successfully assigned as follows: 
            Engine:        SPDSENG 
            Physical Name: :12779998/spdsmeta1/TMPLIB3/

 SPDS_NOTE: Libref TMPLIB3 was successfully assigned as follows: 
            Engine:        SPDSENG 
            Physical Name: :12779998/spdsmeta1/TMPLIB3/

 SPDS_NOTE: Libref PODSLIB1 was successfully assigned as follows: 
            Engine:        SPDSENG 
            Physical Name: :12779998/spdsmeta2/PODSLIB1/

NOTE: Implicit SQL:  select distinct t1.SOZLESME_NO, t1.SBT_KONS_SEG_OZT, t1.SBT_KONS_SEG, t1.SBT_KONS_SEG_DET, 
      t1.SBT_FONKS_MHTP_SEG, t1.SBT_TSST_SEG_DET, t1.SBT_OLC_VS_SEG, t1.GNCL_KONS_SEG_OZT, t1.GNCL_KONS_SEG, t1.GNCL_KONS_SEG_DET, 
      t1.GNCL_TSST_SEG_DET, t1.GNCL_OLC_VS_SEG, t1.FONKS_MUHATAP_SEGMENT, t1.SBT_KONS_SEG_OZT_SH, t1.SBT_KONS_SEG_OZT_LG, 
      t1.GNCL_KONS_SEG_OZT_SH, t1.GNCL_KONS_SEG_OZT_LG, t1.SBT_KONS_SEG_SH, t1.SBT_KONS_SEG_LG, t1.GNCL_KONS_SEG_SH, 
      t1.GNCL_KONS_SEG_LG, t1.SBT_KONS_SEG_DET_SH, t1.SBT_KONS_SEG_DET_LG, t1.SBT_TSST_SEG_DET_SH, t1.SBT_TSST_SEG_DET_LG, t5.TXTSH 
      as GNCL_KONS_SEG_DET_SH, t5.TXTLG as GNCL_KONS_SEG_DET_LG, t7.TXTSH as GNCL_TSST_SEG_DET_SH, t7.TXTLG as GNCL_TSST_SEG_DET_LG 
      from TMPLIB3.SEGMENT_MUSTERI_V2_4F31 t1 left join PODSLIB1.RWP_TZKS_DETAY t5 on (t1.GNCL_KONS_SEG_DET = t5._BIC_ZKS_DETAY) 
      and ((t5.LANGU = 'T')) left join PODSLIB1.RWP_TZKS_DETAY t7 on (t1.GNCL_TSST_SEG_DET = t7._BIC_ZKS_DETAY) and ((t7.LANGU = 
      'T'))
 SPDS_NOTE: Parallel Merge Join Method Selected

 SPDS_NOTE: Libref PODSLIB1 was successfully assigned as follows: 
            Engine:        SPDSENG 
            Physical Name: :12779998/spdsmeta2/PODSLIB1/
 SPDS_NOTE: Libref TMPLIB3 was successfully assigned as follows: 
            Engine:        SPDSENG 
            Physical Name: :12779998/spdsmeta1/TMPLIB3/
17                                                         The SAS System                             12:41 Sunday, October 18, 2020


NOTE: Table TMPLIB3.SEGMENT_MUSTERI_V2_4F32 created, with 31342218 rows and 29 columns.

295        QUIT;
NOTE: PROCEDURE SQL used (Total process time):
      real time           40:39.18
      cpu time            52.68 seconds
      

296        
297        proc sql;
298        	drop table 	 TMPLIB3.SEGMENT_MUSTERI_V2_4F31;
NOTE: Table TMPLIB3.SEGMENT_MUSTERI_V2_4F31 has been dropped.
299        run;
NOTE: PROC SQL statements are executed immediately; The RUN statement has no effect.
300        
NOTE: PROCEDURE SQL used (Total process time):
      real time           0.07 seconds
      cpu time            0.00 seconds
      

301        PROC SQL;
302        	CREATE TABLE TMPLIB3.SEGMENT_MUSTERI_V2_5 AS
303        		SELECT DISTINCT t1.SOZLESME_NO,
304        			t1.SBT_KONS_SEG_OZT,
305        			t1.SBT_KONS_SEG,
306        			t1.SBT_KONS_SEG_DET,
307        			t1.SBT_FONKS_MHTP_SEG,
308        			t3.TXTSH AS SBT_FONKS_MHTP_SEG_SH,
309        			t3.TXTLG AS SBT_FONKS_MHTP_SEG_LG,
310        			t1.SBT_TSST_SEG_DET,
311        			t1.SBT_OLC_VS_SEG,
312        			t1.GNCL_KONS_SEG_OZT,
313        			t1.GNCL_KONS_SEG,
314        			t1.GNCL_KONS_SEG_DET,
315        			t1.GNCL_TSST_SEG_DET,
316        			t1.GNCL_OLC_VS_SEG,
317        			t1.FONKS_MUHATAP_SEGMENT,
318        			t1.SBT_KONS_SEG_OZT_SH,
319        			t1.SBT_KONS_SEG_OZT_LG,
320        			t1.GNCL_KONS_SEG_OZT_SH,
321        			t1.GNCL_KONS_SEG_OZT_LG,
322        			t1.SBT_KONS_SEG_SH,
323        			t1.SBT_KONS_SEG_LG,
324        			t1.GNCL_KONS_SEG_SH,
325        			t1.GNCL_KONS_SEG_LG,
326        			t1.SBT_KONS_SEG_DET_SH,
327        			t1.SBT_KONS_SEG_DET_LG,
328        			t1.SBT_TSST_SEG_DET_SH,
329        			t1.SBT_TSST_SEG_DET_LG,
330        			t1.GNCL_KONS_SEG_DET_SH,
331        			t1.GNCL_KONS_SEG_DET_LG,
332        			t1.GNCL_TSST_SEG_DET_SH,
333        			t1.GNCL_TSST_SEG_DET_LG,
334        			t2.TXTSH AS FONKS_MUHATAP_SEGMENT_SH,
335        			t2.TXTLG AS FONKS_MUHATAP_SEGMENT_LG
336        		FROM TMPLIB3.SEGMENT_MUSTERI_V2_4F32 t1
337        			LEFT JOIN PODSLIB1.RWP_TZFS_SEG1 t2 ON (t1.FONKS_MUHATAP_SEGMENT = t2._BIC_ZFS_SEG1 AND (t2.LANGU='T'))
18                                                         The SAS System                             12:41 Sunday, October 18, 2020

338        			LEFT JOIN PODSLIB1.RWP_TZFS_SEG1 t3 ON (t1.SBT_FONKS_MHTP_SEG = t3._BIC_ZFS_SEG1 AND (t3.LANGU='T'))
339        	;
NOTE: User sas(ACL Group ) connected to SPD(AIX) 5.4 server at 10.166.0.39.
NOTE: Physical Name: TMPLIB3
 SPDS_NOTE: Libref X0000001 was successfully assigned as follows: 
            Engine:        SPDSENG 
            Physical Name: :12779998/spdsmeta1/TMPLIB3/

 SPDS_NOTE: Libref TMPLIB3 was successfully assigned as follows: 
            Engine:        SPDSENG 
            Physical Name: :12779998/spdsmeta1/TMPLIB3/

 SPDS_NOTE: Libref PODSLIB1 was successfully assigned as follows: 
            Engine:        SPDSENG 
            Physical Name: :12779998/spdsmeta2/PODSLIB1/

NOTE: Implicit SQL:  select distinct t1.SOZLESME_NO, t1.SBT_KONS_SEG_OZT, t1.SBT_KONS_SEG, t1.SBT_KONS_SEG_DET, 
      t1.SBT_FONKS_MHTP_SEG, t3.TXTSH as SBT_FONKS_MHTP_SEG_SH, t3.TXTLG as SBT_FONKS_MHTP_SEG_LG, t1.SBT_TSST_SEG_DET, 
      t1.SBT_OLC_VS_SEG, t1.GNCL_KONS_SEG_OZT, t1.GNCL_KONS_SEG, t1.GNCL_KONS_SEG_DET, t1.GNCL_TSST_SEG_DET, t1.GNCL_OLC_VS_SEG, 
      t1.FONKS_MUHATAP_SEGMENT, t1.SBT_KONS_SEG_OZT_SH, t1.SBT_KONS_SEG_OZT_LG, t1.GNCL_KONS_SEG_OZT_SH, t1.GNCL_KONS_SEG_OZT_LG, 
      t1.SBT_KONS_SEG_SH, t1.SBT_KONS_SEG_LG, t1.GNCL_KONS_SEG_SH, t1.GNCL_KONS_SEG_LG, t1.SBT_KONS_SEG_DET_SH, 
      t1.SBT_KONS_SEG_DET_LG, t1.SBT_TSST_SEG_DET_SH, t1.SBT_TSST_SEG_DET_LG, t1.GNCL_KONS_SEG_DET_SH, t1.GNCL_KONS_SEG_DET_LG, 
      t1.GNCL_TSST_SEG_DET_SH, t1.GNCL_TSST_SEG_DET_LG, t2.TXTSH as FONKS_MUHATAP_SEGMENT_SH, t2.TXTLG as FONKS_MUHATAP_SEGMENT_LG 
      from TMPLIB3.SEGMENT_MUSTERI_V2_4F32 t1 left join PODSLIB1.RWP_TZFS_SEG1 t2 on (t1.FONKS_MUHATAP_SEGMENT = t2._BIC_ZFS_SEG1) 
      and ((t2.LANGU = 'T')) left join PODSLIB1.RWP_TZFS_SEG1 t3 on (t1.SBT_FONKS_MHTP_SEG = t3._BIC_ZFS_SEG1) and ((t3.LANGU = 
      'T'))
 SPDS_NOTE: Parallel Merge Join Method Selected

 SPDS_NOTE: Libref PODSLIB1 was successfully assigned as follows: 
            Engine:        SPDSENG 
            Physical Name: :12779998/spdsmeta2/PODSLIB1/
 SPDS_NOTE: Libref TMPLIB3 was successfully assigned as follows: 
            Engine:        SPDSENG 
            Physical Name: :12779998/spdsmeta1/TMPLIB3/

NOTE: Table TMPLIB3.SEGMENT_MUSTERI_V2_5 created, with 31342218 rows and 33 columns.

340        QUIT;
NOTE: PROCEDURE SQL used (Total process time):
      real time           48:21.75
      cpu time            1:01.89
      

341        
342        proc sql;
343        	drop table 	 TMPLIB3.SEGMENT_MUSTERI_V2_4F32;
NOTE: Table TMPLIB3.SEGMENT_MUSTERI_V2_4F32 has been dropped.
344        run;
NOTE: PROC SQL statements are executed immediately; The RUN statement has no effect.
NOTE: PROCEDURE SQL used (Total process time):
      real time           0.06 seconds
      cpu time            0.00 seconds
      

NOTE: SAS Institute Inc., SAS Campus Drive, Cary, NC USA 27513-2414
NOTE: The SAS System used:
      real time           2:53:47.76
      cpu time            3:33.38
19                                                         The SAS System                             12:41 Sunday, October 18, 2020

      
