1                                                          The SAS System                             13:59 Sunday, October 11, 2020

ERROR: The SAS System is executing on a processor (CPU) whose model name, 
       model number, and serial number are not included in the setinit data 
       used to initialize the SAS System library in use. This is permitted if 
       this processor is a designated backup processor for a licensed CPU.
For this site, the SAS system is licensed for the following CPU serial 
numbers:
Model  **EEDPA0* Serial Number +4
ERROR: The requested node name EEDPA0 does not match the actual node name 
ERSDPA0.
NOTE: Unable to open SASUSER.PROFILE. WORK.PROFILE will be opened instead.
NOTE: All profile changes will be lost at the end of the session.
NOTE: Copyright (c) 2016 by SAS Institute Inc., Cary, NC, USA. 
NOTE: SAS (r) Proprietary Software 9.4 (TS1M6) 
      Licensed to ENERJISA -TOROSLAR - DATA MANAGEMENT ADV PROD., Site 70166440.
NOTE: This session is executing on the AIX 7.2 (AIX 64) platform.



NOTE: Analytical products:
      
      SAS/STAT 15.1
      SAS/ETS 15.1

ERROR: The SAS System is executing on a processor (CPU) whose model name, model number, and serial number are not included in the 
       setinit data used to initialize the SAS System library in use. This is permitted if this processor is a designated backup 
       processor for a licensed CPU.
For this site, the SAS system is licensed for the following CPU serial numbers:

Model  **EEDPA0* Serial Number +4
ERROR: The requested node name EEDPA0 does not match the actual node name ERSDPA0.

NOTE: Additional host information:

IBM AIX AIX 64 2 7 00C9C0374C00 

You are running SAS 9. Some SAS 8 files will be automatically converted 
by the V9 engine; others are incompatible.  Please see 
http://support.sas.com/rnd/migration/planning/platform/64bit.html

PROC MIGRATE will preserve current SAS file attributes and is 
recommended for converting all your SAS libraries from any 
SAS 8 release to SAS 9.  For details and examples, please see
http://support.sas.com/rnd/migration/index.html


This message is contained in the SAS news file, and is presented upon
initialization.  Edit the file "news" in the "misc/base" directory to
display site-specific news and information in the program log.
The command line option "-nonews" will prevent this display.




NOTE: SAS initialization used:
      real time           0.03 seconds
      cpu time            0.00 seconds
      

2                                                          The SAS System                             13:59 Sunday, October 11, 2020

NOTE: AUTOEXEC processing beginning; file is /bidm/sascodes/Musteri_Sayisi/Autoexec.sas.


NOTE: AUTOEXEC processing completed.

1          %include "/sas/sascodes/Autoexec_File/Autoexec.sas";
NOTE: This is a SPD 5.4  Engine 
      executing SAS (r) 9.4 (TS1M6) on the AIX platform.
NOTE: User sas(ACL Group ) connected to SPD(AIX) 5.4 server at 10.166.0.39.
NOTE: Libref TMPLIB3 was successfully assigned as follows: 
      Engine:        SASSPDS 
      Physical Name: :8061710/spdsmeta1/TMPLIB3/
NOTE: User sas(ACL Group ) connected to SPD(AIX) 5.4 server at 10.166.0.39.
NOTE: Libref PODSLIB3 was successfully assigned as follows: 
      Engine:        SASSPDS 
      Physical Name: :8061710/spdsmeta1/PODSLIB3/
NOTE: User sas(ACL Group ) connected to SPD(AIX) 5.4 server at 10.166.0.39.
NOTE: Libref DMLIB was successfully assigned as follows: 
      Engine:        SASSPDS 
      Physical Name: :8061710/spdsmeta1/DMLIB/
NOTE: User sas(ACL Group ) connected to SPD(AIX) 5.4 server at 10.166.0.39.
NOTE: Libref TRNLIB was successfully assigned as follows: 
      Engine:        SASSPDS 
      Physical Name: :8061710/spdsmeta1/TRNLIB/
NOTE: User sas(ACL Group ) connected to SPD(AIX) 5.4 server at 10.166.0.39.
NOTE: Libref ODSLIB3 was successfully assigned as follows: 
      Engine:        SASSPDS 
      Physical Name: :8061710/spdsmeta1/ODSLIB3/
NOTE: User sas(ACL Group ) connected to SPD(AIX) 5.4 server at 10.166.0.39.
NOTE: Libref TMPLIB4 was successfully assigned as follows: 
      Engine:        SASSPDS 
      Physical Name: :8061710/spdsmeta1/TMPLIB4/
NOTE: User sas(ACL Group ) connected to SPD(AIX) 5.4 server at 10.166.0.39.
NOTE: Libref FADM was successfully assigned as follows: 
      Engine:        SASSPDS 
      Physical Name: :8061710/spdsmeta1/FADM/
NOTE: User sas(ACL Group ) connected to SPD(AIX) 5.4 server at 10.166.0.39.
NOTE: Libref VYDM was successfully assigned as follows: 
      Engine:        SASSPDS 
      Physical Name: :8061710/spdsmeta2/VYDM/
NOTE: User sas(ACL Group ) connected to SPD(AIX) 5.4 server at 10.166.0.39.
NOTE: Libref ODSLIB was successfully assigned as follows: 
      Engine:        SASSPDS 
      Physical Name: :8061710/spdsmeta2/ODSLIB/
NOTE: User sas(ACL Group ) connected to SPD(AIX) 5.4 server at 10.166.0.39.
NOTE: Libref NEDLIB was successfully assigned as follows: 
      Engine:        SASSPDS 
      Physical Name: :8061710/spdsmeta2/NEDLIB/
NOTE: User sas(ACL Group ) connected to SPD(AIX) 5.4 server at 10.166.0.39.
NOTE: Libref SMDM was successfully assigned as follows: 
      Engine:        SASSPDS 
      Physical Name: :8061710/spdsmeta2/smdm/
NOTE: User sas(ACL Group ) connected to SPD(AIX) 5.4 server at 10.166.0.39.
NOTE: Libref TRNLIB2 was successfully assigned as follows: 
      Engine:        SASSPDS 
      Physical Name: :8061710/spdsmeta2/TRNLIB2/
NOTE: User sas(ACL Group ) connected to SPD(AIX) 5.4 server at 10.166.0.39.
NOTE: Libref MSATMP was successfully assigned as follows: 
3                                                          The SAS System                             13:59 Sunday, October 11, 2020

      Engine:        SASSPDS 
      Physical Name: :8061710/spdsmeta2/MSATMP/
NOTE: User sas(ACL Group ) connected to SPD(AIX) 5.4 server at 10.166.0.39.
NOTE: Libref OKMTMP was successfully assigned as follows: 
      Engine:        SASSPDS 
      Physical Name: :8061710/spdsmeta2/okmtmp/
NOTE: User sas(ACL Group ) connected to SPD(AIX) 5.4 server at 10.166.0.39.
NOTE: Libref MIGLIB was successfully assigned as follows: 
      Engine:        SASSPDS 
      Physical Name: :8061710/spdsmeta2/MIGLIB/
NOTE: User sas(ACL Group ) connected to SPD(AIX) 5.4 server at 10.166.0.39.
NOTE: Libref REFCPS was successfully assigned as follows: 
      Engine:        SASSPDS 
      Physical Name: :8061710/spdsmeta2/REFCPS/
NOTE: User sas(ACL Group ) connected to SPD(AIX) 5.4 server at 10.166.0.39.
NOTE: Libref EAP_ETY was successfully assigned as follows: 
      Engine:        SASSPDS 
      Physical Name: :8061710/spdsmeta2/EAP_ETY/
NOTE: User sas(ACL Group ) connected to SPD(AIX) 5.4 server at 10.166.0.39.
NOTE: Libref PODSLIB1 was successfully assigned as follows: 
      Engine:        SASSPDS 
      Physical Name: :8061710/spdsmeta2/PODSLIB1/
NOTE: User sas(ACL Group ) connected to SPD(AIX) 5.4 server at 10.166.0.39.
NOTE: Libref TMPLIB was successfully assigned as follows: 
      Engine:        SASSPDS 
      Physical Name: :8061710/spdsmeta2/tmplib/
NOTE: User sas(ACL Group ) connected to SPD(AIX) 5.4 server at 10.166.0.39.
NOTE: Libref CRLIB was successfully assigned as follows: 
      Engine:        SASSPDS 
      Physical Name: :8061710/spdsmeta2/crlib/
NOTE: User sas(ACL Group ) connected to SPD(AIX) 5.4 server at 10.166.0.39.
NOTE: Libref OKMDM was successfully assigned as follows: 
      Engine:        SASSPDS 
      Physical Name: :8061710/spdsmeta2/okmdm/
NOTE: User sas(ACL Group ) connected to SPD(AIX) 5.4 server at 10.166.0.39.
NOTE: Libref CCDM was successfully assigned as follows: 
      Engine:        SASSPDS 
      Physical Name: :8061710/spdsmeta2/CCDM/
NOTE: User sas(ACL Group ) connected to SPD(AIX) 5.4 server at 10.166.0.39.
NOTE: Libref RMCDM was successfully assigned as follows: 
      Engine:        SASSPDS 
      Physical Name: :8061710/spdsmeta2/rmcdm/
NOTE: User sas(ACL Group ) connected to SPD(AIX) 5.4 server at 10.166.0.39.
NOTE: Libref SMTMP was successfully assigned as follows: 
      Engine:        SASSPDS 
      Physical Name: :8061710/spdsmeta2/smtmp/
NOTE: User sas(ACL Group ) connected to SPD(AIX) 5.4 server at 10.166.0.39.
NOTE: Libref SOSEC was successfully assigned as follows: 
      Engine:        SASSPDS 
      Physical Name: :8061710/spdsmeta2/sosec/
NOTE: User sas(ACL Group ) connected to SPD(AIX) 5.4 server at 10.166.0.39.
NOTE: Libref PODSLIB2 was successfully assigned as follows: 
      Engine:        SASSPDS 
      Physical Name: :8061710/spdsmeta2/PODSLIB2/
NOTE: User sas(ACL Group ) connected to SPD(AIX) 5.4 server at 10.166.0.39.
NOTE: Libref MHMDM was successfully assigned as follows: 
      Engine:        SASSPDS 
      Physical Name: :8061710/spdsmeta2/MHMDM/
4                                                          The SAS System                             13:59 Sunday, October 11, 2020

NOTE: User sas(ACL Group ) connected to SPD(AIX) 5.4 server at 10.166.0.39.
NOTE: Libref CCDM2 was successfully assigned as follows: 
      Engine:        SASSPDS 
      Physical Name: :8061710/spdsmeta2/CCDM2/
NOTE: User sas(ACL Group ) connected to SPD(AIX) 5.4 server at 10.166.0.39.
NOTE: Libref RASTMP was successfully assigned as follows: 
      Engine:        SASSPDS 
      Physical Name: :8061710/spdsmeta2/rastmp/
NOTE: User sas(ACL Group ) connected to SPD(AIX) 5.4 server at 10.166.0.39.
NOTE: Libref SODM was successfully assigned as follows: 
      Engine:        SASSPDS 
      Physical Name: :8061710/spdsmeta2/sodm/
NOTE: User sas(ACL Group ) connected to SPD(AIX) 5.4 server at 10.166.0.39.
NOTE: Libref D2DLIB was successfully assigned as follows: 
      Engine:        SASSPDS 
      Physical Name: :8061710/spdsmeta2/D2DLIB/
NOTE: User sas(ACL Group ) connected to SPD(AIX) 5.4 server at 10.166.0.39.
NOTE: Libref ODSLIB2 was successfully assigned as follows: 
      Engine:        SASSPDS 
      Physical Name: :8061710/spdsmeta2/ODSLIB2/
NOTE: User sas(ACL Group ) connected to SPD(AIX) 5.4 server at 10.166.0.39.
NOTE: Libref RAPREF was successfully assigned as follows: 
      Engine:        SASSPDS 
      Physical Name: :8061710/spdsmeta2/rapref/
NOTE: User sas(ACL Group ) connected to SPD(AIX) 5.4 server at 10.166.0.39.
NOTE: Libref SOMLIB was successfully assigned as follows: 
      Engine:        SASSPDS 
      Physical Name: :8061710/spdsmeta2/SOMLIB/
NOTE: User sas(ACL Group ) connected to SPD(AIX) 5.4 server at 10.166.0.39.
NOTE: Libref PRICARC was successfully assigned as follows: 
      Engine:        SASSPDS 
      Physical Name: :8061710/spdsmeta2/PRICARC/
NOTE: User sas(ACL Group ) connected to SPD(AIX) 5.4 server at 10.166.0.39.
NOTE: Libref MIGLIB2 was successfully assigned as follows: 
      Engine:        SASSPDS 
      Physical Name: :8061710/spdsmeta2/MIGLIB2/
NOTE: User sas(ACL Group ) connected to SPD(AIX) 5.4 server at 10.166.0.39.
NOTE: Libref SOTMP was successfully assigned as follows: 
      Engine:        SASSPDS 
      Physical Name: :8061710/spdsmeta2/sotmp/
NOTE: User sas(ACL Group ) connected to SPD(AIX) 5.4 server at 10.166.0.39.
NOTE: Libref TSDM was successfully assigned as follows: 
      Engine:        SASSPDS 
      Physical Name: :8061710/spdsmeta2/TSDM/
NOTE: User sas(ACL Group ) connected to SPD(AIX) 5.4 server at 10.166.0.39.
NOTE: Libref TALDM was successfully assigned as follows: 
      Engine:        SASSPDS 
      Physical Name: :8061710/spdsmeta2/taldm/
NOTE: User sas(ACL Group ) connected to SPD(AIX) 5.4 server at 10.166.0.39.
NOTE: Libref CPSUST was successfully assigned as follows: 
      Engine:        SASSPDS 
      Physical Name: :8061710/spdsmeta2/CPSUST/
NOTE: User sas(ACL Group ) connected to SPD(AIX) 5.4 server at 10.166.0.39.
NOTE: Libref STJVYDM was successfully assigned as follows: 
      Engine:        SASSPDS 
      Physical Name: :8061710/spdsmeta2/STJVYDM/
NOTE: User sas(ACL Group ) connected to SPD(AIX) 5.4 server at 10.166.0.39.
NOTE: Libref QLIKLIB was successfully assigned as follows: 
5                                                          The SAS System                             13:59 Sunday, October 11, 2020

      Engine:        SASSPDS 
      Physical Name: :8061710/spdsmeta2/QLIKLIB/
NOTE: User sas(ACL Group ) connected to SPD(AIX) 5.4 server at 10.166.0.39.
NOTE: Libref BADM was successfully assigned as follows: 
      Engine:        SASSPDS 
      Physical Name: :8061710/spdsmeta2/badm/
NOTE: User sas(ACL Group ) connected to SPD(AIX) 5.4 server at 10.166.0.39.
NOTE: Libref EDULIB was successfully assigned as follows: 
      Engine:        SASSPDS 
      Physical Name: :8061710/spdsmeta2/edulib/
NOTE: User sas(ACL Group ) connected to SPD(AIX) 5.4 server at 10.166.0.39.
NOTE: Libref STLF was successfully assigned as follows: 
      Engine:        SASSPDS 
      Physical Name: :8061710/spdsmeta2/STLF/
NOTE: User sas(ACL Group ) connected to SPD(AIX) 5.4 server at 10.166.0.39.
NOTE: Libref DASHLIBD was successfully assigned as follows: 
      Engine:        SASSPDS 
      Physical Name: :8061710/spdsmeta2/DASHLIBD/
NOTE: User sas(ACL Group ) connected to SPD(AIX) 5.4 server at 10.166.0.39.
NOTE: Libref BFLIB was successfully assigned as follows: 
      Engine:        SASSPDS 
      Physical Name: :8061710/spdsmeta2/bflib/
NOTE: User sas(ACL Group ) connected to SPD(AIX) 5.4 server at 10.166.0.39.
NOTE: Libref BATMP was successfully assigned as follows: 
      Engine:        SASSPDS 
      Physical Name: :8061710/spdsmeta2/batmp/
NOTE: User sas(ACL Group ) connected to SPD(AIX) 5.4 server at 10.166.0.39.
NOTE: Libref SOPDM was successfully assigned as follows: 
      Engine:        SASSPDS 
      Physical Name: :8061710/spdsmeta2/sopdm/
NOTE: User sas(ACL Group ) connected to SPD(AIX) 5.4 server at 10.166.0.39.
NOTE: Libref KKLIB was successfully assigned as follows: 
      Engine:        SASSPDS 
      Physical Name: :8061710/spdsmeta2/kklib/
NOTE: User sas(ACL Group ) connected to SPD(AIX) 5.4 server at 10.166.0.39.
NOTE: Libref MHMAYEDS was successfully assigned as follows: 
      Engine:        SASSPDS 
      Physical Name: :8061710/spdsmeta2/MHMAYEDS/
NOTE: User sas(ACL Group ) connected to SPD(AIX) 5.4 server at 10.166.0.39.
NOTE: Libref MTHEO was successfully assigned as follows: 
      Engine:        SASSPDS 
      Physical Name: :8061710/spdsmeta2/MTHEO/
NOTE: User sas(ACL Group ) connected to SPD(AIX) 5.4 server at 10.166.0.39.
NOTE: Libref PRCDM was successfully assigned as follows: 
      Engine:        SASSPDS 
      Physical Name: :8061710/spdsmeta2/prcdm/
NOTE: User sas(ACL Group ) connected to SPD(AIX) 5.4 server at 10.166.0.39.
NOTE: Libref BLDM was successfully assigned as follows: 
      Engine:        SASSPDS 
      Physical Name: :8061710/spdsmeta2/bldm/
NOTE: User sas(ACL Group ) connected to SPD(AIX) 5.4 server at 10.166.0.39.
NOTE: Libref RAPTMP was successfully assigned as follows: 
      Engine:        SASSPDS 
      Physical Name: :8061710/spdsmeta2/raptmp/
NOTE: User sas(ACL Group ) connected to SPD(AIX) 5.4 server at 10.166.0.39.
NOTE: Libref PRFTBLIB was successfully assigned as follows: 
      Engine:        SASSPDS 
      Physical Name: :8061710/spdsmeta2/prftblib/
6                                                          The SAS System                             13:59 Sunday, October 11, 2020

NOTE: User sas(ACL Group ) connected to SPD(AIX) 5.4 server at 10.166.0.39.
NOTE: Libref RAPOUT was successfully assigned as follows: 
      Engine:        SASSPDS 
      Physical Name: :8061710/spdsmeta2/rapout/
NOTE: User sas(ACL Group ) connected to SPD(AIX) 5.4 server at 10.166.0.39.
NOTE: Libref RAPTEST was successfully assigned as follows: 
      Engine:        SASSPDS 
      Physical Name: :8061710/spdsmeta2/RAPTEST/
NOTE: User sas(ACL Group ) connected to SPD(AIX) 5.4 server at 10.166.0.39.
NOTE: Libref DMLIB2 was successfully assigned as follows: 
      Engine:        SASSPDS 
      Physical Name: :8061710/spdsmeta2/DMLIB2/
NOTE: User sas(ACL Group ) connected to SPD(AIX) 5.4 server at 10.166.0.39.
NOTE: Libref BCSDM was successfully assigned as follows: 
      Engine:        SASSPDS 
      Physical Name: :8061710/spdsmeta2/BCSDM/
NOTE: User sas(ACL Group ) connected to SPD(AIX) 5.4 server at 10.166.0.39.
NOTE: Libref IATMP was successfully assigned as follows: 
      Engine:        SASSPDS 
      Physical Name: :8061710/spdsmeta2/iatmp/
NOTE: User sas(ACL Group ) connected to SPD(AIX) 5.4 server at 10.166.0.39.
NOTE: Libref SOSUF was successfully assigned as follows: 
      Engine:        SASSPDS 
      Physical Name: :8061710/spdsmeta2/sosuf/
NOTE: User sas(ACL Group ) connected to SPD(AIX) 5.4 server at 10.166.0.39.
NOTE: Libref RAPARCH was successfully assigned as follows: 
      Engine:        SASSPDS 
      Physical Name: :8061710/spdsmeta2/raparch/
NOTE: User sas(ACL Group ) connected to SPD(AIX) 5.4 server at 10.166.0.39.
NOTE: Libref RMCTMP was successfully assigned as follows: 
      Engine:        SASSPDS 
      Physical Name: :8061710/spdsmeta2/rmctmp/
NOTE: User sas(ACL Group ) connected to SPD(AIX) 5.4 server at 10.166.0.39.
NOTE: Libref MTHKA was successfully assigned as follows: 
      Engine:        SASSPDS 
      Physical Name: :8061710/spdsmeta2/MTHKA/
NOTE: User sas(ACL Group ) connected to SPD(AIX) 5.4 server at 10.166.0.39.
NOTE: Libref EPYDM was successfully assigned as follows: 
      Engine:        SASSPDS 
      Physical Name: :8061710/spdsmeta2/EPYDM/
NOTE: User sas(ACL Group ) connected to SPD(AIX) 5.4 server at 10.166.0.39.
NOTE: Libref DSTDM was successfully assigned as follows: 
      Engine:        SASSPDS 
      Physical Name: :8061710/spdsmeta2/DSTDM/
NOTE: User sas(ACL Group ) connected to SPD(AIX) 5.4 server at 10.166.0.39.
NOTE: Libref DYMTMP was successfully assigned as follows: 
      Engine:        SASSPDS 
      Physical Name: :8061710/spdsmeta2/DYMTMP/
NOTE: User sas(ACL Group ) connected to SPD(AIX) 5.4 server at 10.166.0.39.
NOTE: Libref MDLIB was successfully assigned as follows: 
      Engine:        SASSPDS 
      Physical Name: :8061710/spdsmeta2/MDLIB/
NOTE: User sas(ACL Group ) connected to SPD(AIX) 5.4 server at 10.166.0.39.
NOTE: Libref DSTTMP was successfully assigned as follows: 
      Engine:        SASSPDS 
      Physical Name: :8061710/spdsmeta2/DSTTMP/
NOTE: User sas(ACL Group ) connected to SPD(AIX) 5.4 server at 10.166.0.39.
NOTE: Libref TMPLIB2 was successfully assigned as follows: 
7                                                          The SAS System                             13:59 Sunday, October 11, 2020

      Engine:        SASSPDS 
      Physical Name: :8061710/spdsmeta2/tmplib2/
NOTE: User sas(ACL Group ) connected to SPD(AIX) 5.4 server at 10.166.0.39.
NOTE: Libref PILIB was successfully assigned as follows: 
      Engine:        SASSPDS 
      Physical Name: :8061710/spdsmeta2/PILIB/
NOTE: User sas(ACL Group ) connected to SPD(AIX) 5.4 server at 10.166.0.39.
NOTE: Libref BLTMP was successfully assigned as follows: 
      Engine:        SASSPDS 
      Physical Name: :8061710/spdsmeta2/bltmp/
NOTE: User sas(ACL Group ) connected to SPD(AIX) 5.4 server at 10.166.0.39.
NOTE: Libref AUTODIAL was successfully assigned as follows: 
      Engine:        SASSPDS 
      Physical Name: :8061710/spdsmeta2/AUTODIAL/
NOTE: User sas(ACL Group ) connected to SPD(AIX) 5.4 server at 10.166.0.39.
NOTE: Libref PRICPRD was successfully assigned as follows: 
      Engine:        SASSPDS 
      Physical Name: :8061710/spdsmeta2/PRICPRD/
NOTE: User sas(ACL Group ) connected to SPD(AIX) 5.4 server at 10.166.0.39.
NOTE: Libref CPSREG was successfully assigned as follows: 
      Engine:        SASSPDS 
      Physical Name: :8061710/spdsmeta2/CPSREG/
NOTE: User sas(ACL Group ) connected to SPD(AIX) 5.4 server at 10.166.0.39.
NOTE: Libref CXDM was successfully assigned as follows: 
      Engine:        SASSPDS 
      Physical Name: :8061710/spdsmeta2/CXDM/
NOTE: User sas(ACL Group ) connected to SPD(AIX) 5.4 server at 10.166.0.39.
NOTE: Libref CPSFRC was successfully assigned as follows: 
      Engine:        SASSPDS 
      Physical Name: :8061710/spdsmeta2/CPSFRC/
NOTE: User sas(ACL Group ) connected to SPD(AIX) 5.4 server at 10.166.0.39.
NOTE: Libref SDLIB was successfully assigned as follows: 
      Engine:        SASSPDS 
      Physical Name: :8061710/spdsmeta2/SDLIB/
NOTE: User sas(ACL Group ) connected to SPD(AIX) 5.4 server at 10.166.0.39.
NOTE: Libref CMPDM was successfully assigned as follows: 
      Engine:        SASSPDS 
      Physical Name: :8061710/spdsmeta2/CMPDM/
NOTE: User sas(ACL Group ) connected to SPD(AIX) 5.4 server at 10.166.0.39.
NOTE: Libref PMDM was successfully assigned as follows: 
      Engine:        SASSPDS 
      Physical Name: :8061710/spdsmeta2/PMDM/
NOTE: User sas(ACL Group ) connected to SPD(AIX) 5.4 server at 10.166.0.39.
NOTE: Libref MSADM was successfully assigned as follows: 
      Engine:        SASSPDS 
      Physical Name: :8061710/spdsmeta2/MSADM/
NOTE: User sas(ACL Group ) connected to SPD(AIX) 5.4 server at 10.166.0.39.
NOTE: Libref FPCLIB was successfully assigned as follows: 
      Engine:        SASSPDS 
      Physical Name: :8061710/spdsmeta2/fpclib/
NOTE: User sas(ACL Group ) connected to SPD(AIX) 5.4 server at 10.166.0.39.
NOTE: Libref DBALIB was successfully assigned as follows: 
      Engine:        SASSPDS 
      Physical Name: :8061710/spdsmeta2/DBALIB/
NOTE: User sas(ACL Group ) connected to SPD(AIX) 5.4 server at 10.166.0.39.
NOTE: Libref CPSHRLY was successfully assigned as follows: 
      Engine:        SASSPDS 
      Physical Name: :8061710/spdsmeta2/CPSHRLY/
8                                                          The SAS System                             13:59 Sunday, October 11, 2020

NOTE: User sas(ACL Group ) connected to SPD(AIX) 5.4 server at 10.166.0.39.
NOTE: Libref PRCDM2 was successfully assigned as follows: 
      Engine:        SASSPDS 
      Physical Name: :8061710/spdsmeta2/PRCDM2/
NOTE: User sas(ACL Group ) connected to SPD(AIX) 5.4 server at 10.166.0.39.
NOTE: Libref ARCLIB was successfully assigned as follows: 
      Engine:        SASSPDS 
      Physical Name: :8061710/spdsmeta2/ARCLIB/
NOTE: User sas(ACL Group ) connected to SPD(AIX) 5.4 server at 10.166.0.39.
NOTE: Libref QL_SALES was successfully assigned as follows: 
      Engine:        SASSPDS 
      Physical Name: :8061710/spdsmeta2/QL_SALES/
NOTE: User sas(ACL Group ) connected to SPD(AIX) 5.4 server at 10.166.0.39.
NOTE: Libref ETSDM was successfully assigned as follows: 
      Engine:        SASSPDS 
      Physical Name: :8061710/spdsmeta2/etsdm/
NOTE: User sas(ACL Group ) connected to SPD(AIX) 5.4 server at 10.166.0.39.
NOTE: Libref EPYTMP was successfully assigned as follows: 
      Engine:        SASSPDS 
      Physical Name: :8061710/spdsmeta2/EPYTMP/
NOTE: User sas(ACL Group ) connected to SPD(AIX) 5.4 server at 10.166.0.39.
NOTE: Libref HRDM was successfully assigned as follows: 
      Engine:        SASSPDS 
      Physical Name: :8061710/spdsmeta2/HRDM/
NOTE: User sas(ACL Group ) connected to SPD(AIX) 5.4 server at 10.166.0.39.
NOTE: Libref CNPRCTMP was successfully assigned as follows: 
      Engine:        SASSPDS 
      Physical Name: :8061710/spdsmeta2/cnprctmp/
NOTE: User sas(ACL Group ) connected to SPD(AIX) 5.4 server at 10.166.0.39.
NOTE: Libref DI_SMDM was successfully assigned as follows: 
      Engine:        SASSPDS 
      Physical Name: :8061710/spdsmeta2/DI_SMDM/
NOTE: User sas(ACL Group ) connected to SPD(AIX) 5.4 server at 10.166.0.39.
NOTE: Libref PREFLIB was successfully assigned as follows: 
      Engine:        SASSPDS 
      Physical Name: :8061710/spdsmeta2/PREFLIB/
NOTE: User sas(ACL Group ) connected to SPD(AIX) 5.4 server at 10.166.0.39.
NOTE: Libref TRNLIB3 was successfully assigned as follows: 
      Engine:        SASSPDS 
      Physical Name: :8061710/spdsmeta2/TRNLIB3/
NOTE: User sas(ACL Group ) connected to SPD(AIX) 5.4 server at 10.166.0.39.
NOTE: Libref TMPLIB33 was successfully assigned as follows: 
      Engine:        SASSPDS 
      Physical Name: :8061710/spdsmeta2/TMPLIB3/
NOTE: User sas(ACL Group ) connected to SPD(AIX) 5.4 server at 10.166.0.39.
NOTE: Libref SHFDM was successfully assigned as follows: 
      Engine:        SASSPDS 
      Physical Name: :8061710/spdsmeta2/SHFDM/
NOTE: User sas(ACL Group ) connected to SPD(AIX) 5.4 server at 10.166.0.39.
NOTE: Libref SPDM was successfully assigned as follows: 
      Engine:        SASSPDS 
      Physical Name: :8061710/spdsmeta2/SPDM/
NOTE: User sas(ACL Group ) connected to SPD(AIX) 5.4 server at 10.166.0.39.
NOTE: Libref SSIMDM was successfully assigned as follows: 
      Engine:        SASSPDS 
      Physical Name: :8061710/spdsmeta2/SSIMDM/
NOTE: User sas(ACL Group ) connected to SPD(AIX) 5.4 server at 10.166.0.39.
NOTE: Libref TKDM was successfully assigned as follows: 
9                                                          The SAS System                             13:59 Sunday, October 11, 2020

      Engine:        SASSPDS 
      Physical Name: :8061710/spdsmeta2/TKDM/
NOTE: User sas(ACL Group ) connected to SPD(AIX) 5.4 server at 10.166.0.39.
NOTE: Libref EAP_PR was successfully assigned as follows: 
      Engine:        SASSPDS 
      Physical Name: :8061710/spdsmeta2/EAP_PR/
NOTE: User sas(ACL Group ) connected to SPD(AIX) 5.4 server at 10.166.0.39.
NOTE: Libref EAP_PAY was successfully assigned as follows: 
      Engine:        SASSPDS 
      Physical Name: :8061710/spdsmeta2/EAP_PAY/
NOTE: User sas(ACL Group ) connected to SPD(AIX) 5.4 server at 10.166.0.39.
NOTE: Libref KMHMDM was successfully assigned as follows: 
      Engine:        SASSPDS 
      Physical Name: :8061710/spdsmeta2/KMHMDM/
NOTE: User sas(ACL Group ) connected to SPD(AIX) 5.4 server at 10.166.0.39.
NOTE: Libref QVYDM was successfully assigned as follows: 
      Engine:        SASSPDS 
      Physical Name: :8061710/spdsmeta2/QVYDM/
NOTE: User sas(ACL Group ) connected to SPD(AIX) 5.4 server at 10.166.0.39.
NOTE: Libref VYDMKVKK was successfully assigned as follows: 
      Engine:        SASSPDS 
      Physical Name: :8061710/spdsmeta2/VYDMKVKK/
NOTE: User sas(ACL Group ) connected to SPD(AIX) 5.4 server at 10.166.0.39.
NOTE: Libref OGMTMP was successfully assigned as follows: 
      Engine:        SASSPDS 
      Physical Name: :8061710/spdsmeta2/OGMTMP/
NOTE: User sas(ACL Group ) connected to SPD(AIX) 5.4 server at 10.166.0.39.
NOTE: Libref OGMDM was successfully assigned as follows: 
      Engine:        SASSPDS 
      Physical Name: :8061710/spdsmeta2/OGMDM/
NOTE: User sas(ACL Group ) connected to SPD(AIX) 5.4 server at 10.166.0.39.
NOTE: Libref PRCTMP was successfully assigned as follows: 
      Engine:        SASSPDS 
      Physical Name: :8061710/spdsmeta2/prctmp/
NOTE: User sas(ACL Group ) connected to SPD(AIX) 5.4 server at 10.166.0.39.
NOTE: Libref CNPRCDM was successfully assigned as follows: 
      Engine:        SASSPDS 
      Physical Name: :8061710/spdsmeta2/cnprcdm/
NOTE: User sas(ACL Group ) connected to SPD(AIX) 5.4 server at 10.166.0.39.
NOTE: Libref IADM was successfully assigned as follows: 
      Engine:        SASSPDS 
      Physical Name: :8061710/spdsmeta2/iadm/
NOTE: User sas(ACL Group ) connected to SPD(AIX) 5.4 server at 10.166.0.39.
NOTE: Libref SMTMP2 was successfully assigned as follows: 
      Engine:        SASSPDS 
      Physical Name: :8061710/spdsmeta2/smtmp2/
NOTE: User sas(ACL Group ) connected to SPD(AIX) 5.4 server at 10.166.0.39.
NOTE: Libref ETSTMP was successfully assigned as follows: 
      Engine:        SASSPDS 
      Physical Name: :8061710/spdsmeta2/etstmp/
NOTE: User sas(ACL Group ) connected to SPD(AIX) 5.4 server at 10.166.0.39.
NOTE: Libref BITMP was successfully assigned as follows: 
      Engine:        SASSPDS 
      Physical Name: :8061710/spdsmeta2/bitmp/
NOTE: User sas(ACL Group ) connected to SPD(AIX) 5.4 server at 10.166.0.39.
NOTE: Libref BIDM was successfully assigned as follows: 
      Engine:        SASSPDS 
      Physical Name: :8061710/spdsmeta2/bidm/
10                                                         The SAS System                             13:59 Sunday, October 11, 2020

NOTE: User sas(ACL Group ) connected to SPD(AIX) 5.4 server at 10.166.0.39.
NOTE: Libref HSLIB was successfully assigned as follows: 
      Engine:        SASSPDS 
      Physical Name: :8061710/spdsmeta2/hslib/
NOTE: User sas(ACL Group ) connected to SPD(AIX) 5.4 server at 10.166.0.39.
NOTE: Libref RASDM was successfully assigned as follows: 
      Engine:        SASSPDS 
      Physical Name: :8061710/spdsmeta2/rasdm/
NOTE: User sas(ACL Group ) connected to SPD(AIX) 5.4 server at 10.166.0.39.
NOTE: Libref RAPVAS was successfully assigned as follows: 
      Engine:        SASSPDS 
      Physical Name: :8061710/spdsmeta2/rapvas/
NOTE: User sas(ACL Group ) connected to SPD(AIX) 5.4 server at 10.166.0.39.
NOTE: Libref FPCTMP was successfully assigned as follows: 
      Engine:        SASSPDS 
      Physical Name: :8061710/spdsmeta2/fpctmp/
NOTE: User sas(ACL Group ) connected to SPD(AIX) 5.4 server at 10.166.0.39.
NOTE: Libref FRCPRD was successfully assigned as follows: 
      Engine:        SASSPDS 
      Physical Name: :8061710/spdsmeta2/FRCPRD/
NOTE: User sas(ACL Group ) connected to SPD(AIX) 5.4 server at 10.166.0.39.
NOTE: Libref FRCARC was successfully assigned as follows: 
      Engine:        SASSPDS 
      Physical Name: :8061710/spdsmeta2/FRCARC/
NOTE: User sas(ACL Group ) connected to SPD(AIX) 5.4 server at 10.166.0.39.
NOTE: Libref PRCHPRD was successfully assigned as follows: 
      Engine:        SASSPDS 
      Physical Name: :8061710/spdsmeta2/PRCHPRD/
NOTE: User sas(ACL Group ) connected to SPD(AIX) 5.4 server at 10.166.0.39.
NOTE: Libref PRCHARC was successfully assigned as follows: 
      Engine:        SASSPDS 
      Physical Name: :8061710/spdsmeta2/PRCHARC/
NOTE: User sas(ACL Group ) connected to SPD(AIX) 5.4 server at 10.166.0.39.
NOTE: Libref HDGPRD was successfully assigned as follows: 
      Engine:        SASSPDS 
      Physical Name: :8061710/spdsmeta2/HDGPRD/
NOTE: User sas(ACL Group ) connected to SPD(AIX) 5.4 server at 10.166.0.39.
NOTE: Libref HDGARC was successfully assigned as follows: 
      Engine:        SASSPDS 
      Physical Name: :8061710/spdsmeta2/HDGARC/
NOTE: User sas(ACL Group ) connected to SPD(AIX) 5.4 server at 10.166.0.39.
NOTE: Libref PILIB2 was successfully assigned as follows: 
      Engine:        SASSPDS 
      Physical Name: :8061710/spdsmeta2/PILIB2/
NOTE: User sas(ACL Group ) connected to SPD(AIX) 5.4 server at 10.166.0.39.
NOTE: Libref MTHSO was successfully assigned as follows: 
      Engine:        SASSPDS 
      Physical Name: :8061710/spdsmeta2/MTHSO/
NOTE: User sas(ACL Group ) connected to SPD(AIX) 5.4 server at 10.166.0.39.
NOTE: Libref MTHMA was successfully assigned as follows: 
      Engine:        SASSPDS 
      Physical Name: :8061710/spdsmeta2/MTHMA/
NOTE: User sas(ACL Group ) connected to SPD(AIX) 5.4 server at 10.166.0.39.
NOTE: Libref MTHTMP was successfully assigned as follows: 
      Engine:        SASSPDS 
      Physical Name: :8061710/spdsmeta2/MTHTMP/
NOTE: User sas(ACL Group ) connected to SPD(AIX) 5.4 server at 10.166.0.39.
NOTE: Libref DYMDM was successfully assigned as follows: 
11                                                         The SAS System                             13:59 Sunday, October 11, 2020

      Engine:        SASSPDS 
      Physical Name: :8061710/spdsmeta2/DYMDM/
NOTE: User sas(ACL Group ) connected to SPD(AIX) 5.4 server at 10.166.0.39.
NOTE: Libref CSSLIB was successfully assigned as follows: 
      Engine:        SASSPDS 
      Physical Name: :8061710/spdsmeta2/CSSLIB/
NOTE: User sas(ACL Group ) connected to SPD(AIX) 5.4 server at 10.166.0.39.
NOTE: Libref SAHOL was successfully assigned as follows: 
      Engine:        SASSPDS 
      Physical Name: :8061710/spdsmeta2/SAHOL/
NOTE: User sas(ACL Group ) connected to SPD(AIX) 5.4 server at 10.166.0.39.
NOTE: Libref MKVR was successfully assigned as follows: 
      Engine:        SASSPDS 
      Physical Name: :8061710/spdsmeta2/MKVR/
137        
138        %let tolist="risk.salesco@enerjisa.com" "Operasyonel.Gelisim@enerjisa.com" "veri.yonetimi@enerjisa.com"
138      ! "operasyon.kontrol@enerjisa.com" "Pinar.CATALKAYA@enerjisa.com" "Ezgi.INAL@enerjisa.com" "Tulay.AKGUN@enerjisa.com"
138      ! "alacakyonetimi.bireysel@enerjisa.com" "alacakyonetimi.kurumsal@enerjisa.com" "alacakyonetimi@enerjisa.com"
138      ! "isemriyonetimi@enerjisa.com" "fatura_siparis_teslimat@enerjisa.com" "Sinem.BABUR@enerjisa.com" "Nur.ORKAN@enerjisa.com"
138      ! "aysun.tabak@eedas.com.tr" "EceCeren.TAN@eedas.com.tr" "Firat.VAROL@baskentedas.com.tr" "Faruk.altok@enerjisa.com"
138      ! "Seda.gur@enerjisa.com" "Harun.savas@enerjisa.com" "Sevil.unal@enerjisa.com" "Cemil.caliskan@enerjisa.com"
138      ! "Alper.KURU@enerjisa.com" "irem.parildar@enerjisa.com" "semih.yuvarlak@enerjisa.com" "yasemin.celikyurekli@enerjisa.com"
138      ! "pricingfreemarket@enerjisa.com" "Meric.CEVIK@enerjisa.com" "Serkan.SARAL@enerjisa.com" "ELIF.SULUN@enerjisa.com"
138      ! "Ipek.ALTINTASKOKLU@enerjisa.com" "fatma.ozdes@enerjisa.com";
139        %let tolist2="BIScheduling@enerjisa.com";
140        %let MailSubject1 = %STR(BI Info: Musteri Sayisi Tablosu);
141        /* SEND INFORMATION E-MAIL */
142        filename mymail email
143        from="BI-Inform@enerjisa.com"
144        to=(&tolist2.)
145        bcc=(&tolist.)
146        subject = "&MailSubject1";
147        
148        data _null_;
149                file mymail;
150           put 'Merhaba,';
151           put ' ';
152           put 'MUSTERI_SAYISI tablosu guncellenmistir.';
153           put ' ';
154           put 'Bilgilerinize,';
155           put ' ';
156           put 'BI Team';
157        run;

NOTE: The file MYMAIL is:
      E-Mail Access Device

Message sent
      To:          "BIScheduling@enerjisa.com"
      Cc:          
      Bcc:         "risk.salesco@enerjisa.com" "Operasyonel.Gelisim@enerjisa.com" "veri.yonetimi@enerjisa.com" 
"operasyon.kontrol@enerjisa.com" "Pinar.CATALKAYA@enerjisa.com" "Ezgi.INAL@enerjisa.com" "Tulay.AKGUN@enerjisa.com" 
"alacakyonetimi.bireysel@enerjisa.com" "alacakyonetimi.kurumsal@enerjisa.com" "alacakyonetimi@enerjisa.com" 
"isemriyonetimi@enerjisa.com" "fatura_siparis_teslimat@enerjisa.com" "Sinem.BABUR@enerjisa.com" "Nur.ORKAN@enerjisa.com" 
"aysun.tabak@eedas.com.tr" "EceCeren.TAN@eedas.com.tr" "Firat.VAROL@baskentedas.com.tr" "Faruk.altok@enerjisa.com" 
"Seda.gur@enerjisa.com" "Harun.savas@enerjisa.com" "Sevil.unal@enerjisa.com" "Cemil.caliskan@enerjisa.com" 
"Alper.KURU@enerjisa.com" "irem.parildar@enerjisa.com" "semih.yuvarlak@enerjisa.com" "yasemin.celikyurekli@enerjisa.com" 
"pricingfreemarket@enerjisa.com" "Meric.CEVIK@enerjisa.com" "Serkan.SARAL@enerjisa.com" "ELIF.SULUN@enerjisa.com" 
12                                                         The SAS System                             13:59 Sunday, October 11, 2020

"Ipek.ALTINTASKOKLU@enerjisa.com" "fatma.ozdes@enerjisa.com"
      Subject:     BI Info: Musteri Sayisi Tablosu
      Attachments: 
NOTE: 7 records were written to the file MYMAIL.
      The minimum record length was 1.
      The maximum record length was 39.
NOTE: DATA statement used (Total process time):
      real time           0.31 seconds
      cpu time            0.00 seconds
      

NOTE: SAS Institute Inc., SAS Campus Drive, Cary, NC USA 27513-2414
NOTE: The SAS System used:
      real time           22.58 seconds
      cpu time            0.40 seconds
      
